<html>
<head>
<title>TestNG:  getAllProductsLoadTest</title>
<link href="../testng.css" rel="stylesheet" type="text/css" />
<link href="../my-testng.css" rel="stylesheet" type="text/css" />

<style type="text/css">
.log { display: none;} 
.stack-trace { display: none;} 
</style>
<script type="text/javascript">
<!--
function flip(e) {
  current = e.style.display;
  if (current == 'block') {
    e.style.display = 'none';
    return 0;
  }
  else {
    e.style.display = 'block';
    return 1;
  }
}

function toggleBox(szDivId, elem, msg1, msg2)
{
  var res = -1;  if (document.getElementById) {
    res = flip(document.getElementById(szDivId));
  }
  else if (document.all) {
    // this is the way old msie versions work
    res = flip(document.all[szDivId]);
  }
  if(elem) {
    if(res == 0) elem.innerHTML = msg1; else elem.innerHTML = msg2;
  }

}

function toggleAllBoxes() {
  if (document.getElementsByTagName) {
    d = document.getElementsByTagName('div');
    for (i = 0; i < d.length; i++) {
      if (d[i].className == 'log') {
        flip(d[i]);
      }
    }
  }
}

// -->
</script>

</head>
<body>
<h2 align='center'>getAllProductsLoadTest</h2><table border='1' align="center">
<tr>
<td>Tests passed/Failed/Skipped:</td><td>33/67/0</td>
</tr><tr>
<td>Started on:</td><td>Mon Nov 25 18:03:52 IST 2019</td>
</tr>
<tr><td>Total time:</td><td>6 seconds (6728 ms)</td>
</tr><tr>
<td>Included groups:</td><td></td>
</tr><tr>
<td>Excluded groups:</td><td></td>
</tr>
</table><p/>
<small><i>(Hover the method name to see the test class name)</i></small><p/>
<table width='100%' border='1' class='invocation-failed'>
<tr><td colspan='4' align='center'><b>FAILED TESTS</b></td></tr>
<tr><td><b>Test method</b></td>
<td width="30%"><b>Exception</b></td>
<td width="10%"><b>Time (seconds)</b></td>
<td><b>Instance</b></td>
</tr>
<tr>
<td title='in.shark.online.web.test.catalogue.master.TestGetAllProductsApiTestNg.testGetAllProductstLoad()'><b>testGetAllProductstLoad</b><br>Test class: in.shark.online.web.test.catalogue.master.TestGetAllProductsApiTestNg<br>Parameters: 1234567, /api/catalogue-master/getAllProducts, 1, 500</td>
<td><div><pre>java.lang.AssertionError: Response time of GetAllProducts call more than: 500 expected [true] but found [false]
	at in.shark.online.web.test.catalogue.master.TestGetAllProductsApiTestNg.testGetAllProductstLoad(TestGetAllProductsApiTestNg.java:71)
	at org.springframework.test.context.testng.AbstractTestNGSpringContextTests.run(AbstractTestNGSpringContextTests.java:180)
	at java.util.concurrent.FutureTask.run(FutureTask.java:266)
	at java.util.concurrent.ThreadPoolExecutor.runWorker(ThreadPoolExecutor.java:1149)
	at java.util.concurrent.ThreadPoolExecutor$Worker.run(ThreadPoolExecutor.java:624)
	at java.lang.Thread.run(Thread.java:748)
... Removed 20 stack frames</pre></div><a href='#' onClick='toggleBox("stack-trace430574377", this, "Click to show all stack frames", "Click to hide stack frames")'>Click to show all stack frames</a>
<div class='stack-trace' id='stack-trace430574377'><pre>java.lang.AssertionError: Response time of GetAllProducts call more than: 500 expected [true] but found [false]
	at org.testng.Assert.fail(Assert.java:94)
	at org.testng.Assert.failNotEquals(Assert.java:494)
	at org.testng.Assert.assertTrue(Assert.java:42)
	at in.shark.online.web.test.catalogue.master.TestGetAllProductsApiTestNg.testGetAllProductstLoad(TestGetAllProductsApiTestNg.java:71)
	at sun.reflect.NativeMethodAccessorImpl.invoke0(Native Method)
	at sun.reflect.NativeMethodAccessorImpl.invoke(NativeMethodAccessorImpl.java:62)
	at sun.reflect.DelegatingMethodAccessorImpl.invoke(DelegatingMethodAccessorImpl.java:43)
	at java.lang.reflect.Method.invoke(Method.java:498)
	at org.testng.internal.MethodInvocationHelper.invokeMethod(MethodInvocationHelper.java:80)
	at org.testng.internal.MethodInvocationHelper$1.runTestMethod(MethodInvocationHelper.java:182)
	at org.springframework.test.context.testng.AbstractTestNGSpringContextTests.run(AbstractTestNGSpringContextTests.java:180)
	at sun.reflect.NativeMethodAccessorImpl.invoke0(Native Method)
	at sun.reflect.NativeMethodAccessorImpl.invoke(NativeMethodAccessorImpl.java:62)
	at sun.reflect.DelegatingMethodAccessorImpl.invoke(DelegatingMethodAccessorImpl.java:43)
	at java.lang.reflect.Method.invoke(Method.java:498)
	at org.testng.internal.MethodInvocationHelper.invokeHookable(MethodInvocationHelper.java:194)
	at org.testng.internal.Invoker.invokeMethod(Invoker.java:707)
	at org.testng.internal.Invoker.invokeTestMethod(Invoker.java:901)
	at org.testng.internal.Invoker.invokeTestMethods(Invoker.java:1231)
	at org.testng.internal.TestMethodWorker.invokeTestMethods(TestMethodWorker.java:127)
	at org.testng.internal.TestMethodWorker.run(TestMethodWorker.java:111)
	at org.testng.internal.thread.ThreadUtil$2.call(ThreadUtil.java:64)
	at java.util.concurrent.FutureTask.run(FutureTask.java:266)
	at java.util.concurrent.ThreadPoolExecutor.runWorker(ThreadPoolExecutor.java:1149)
	at java.util.concurrent.ThreadPoolExecutor$Worker.run(ThreadPoolExecutor.java:624)
	at java.lang.Thread.run(Thread.java:748)
</pre></div></td>
<td>0</td>
<td>in.shark.online.web.test.catalogue.master.TestGetAllProductsApiTestNg@1dac5ef</td></tr>
<tr>
<td title='in.shark.online.web.test.catalogue.master.TestGetAllProductsApiTestNg.testGetAllProductstLoad()'><b>testGetAllProductstLoad</b><br>Test class: in.shark.online.web.test.catalogue.master.TestGetAllProductsApiTestNg<br>Parameters: 1234567, /api/catalogue-master/getAllProducts, 1, 500</td>
<td><div><pre>java.lang.AssertionError: Response time of GetAllProducts call more than: 500 expected [true] but found [false]
	at in.shark.online.web.test.catalogue.master.TestGetAllProductsApiTestNg.testGetAllProductstLoad(TestGetAllProductsApiTestNg.java:71)
	at org.springframework.test.context.testng.AbstractTestNGSpringContextTests.run(AbstractTestNGSpringContextTests.java:180)
	at java.util.concurrent.FutureTask.run(FutureTask.java:266)
	at java.util.concurrent.ThreadPoolExecutor.runWorker(ThreadPoolExecutor.java:1149)
	at java.util.concurrent.ThreadPoolExecutor$Worker.run(ThreadPoolExecutor.java:624)
	at java.lang.Thread.run(Thread.java:748)
... Removed 20 stack frames</pre></div><a href='#' onClick='toggleBox("stack-trace1449414861", this, "Click to show all stack frames", "Click to hide stack frames")'>Click to show all stack frames</a>
<div class='stack-trace' id='stack-trace1449414861'><pre>java.lang.AssertionError: Response time of GetAllProducts call more than: 500 expected [true] but found [false]
	at org.testng.Assert.fail(Assert.java:94)
	at org.testng.Assert.failNotEquals(Assert.java:494)
	at org.testng.Assert.assertTrue(Assert.java:42)
	at in.shark.online.web.test.catalogue.master.TestGetAllProductsApiTestNg.testGetAllProductstLoad(TestGetAllProductsApiTestNg.java:71)
	at sun.reflect.NativeMethodAccessorImpl.invoke0(Native Method)
	at sun.reflect.NativeMethodAccessorImpl.invoke(NativeMethodAccessorImpl.java:62)
	at sun.reflect.DelegatingMethodAccessorImpl.invoke(DelegatingMethodAccessorImpl.java:43)
	at java.lang.reflect.Method.invoke(Method.java:498)
	at org.testng.internal.MethodInvocationHelper.invokeMethod(MethodInvocationHelper.java:80)
	at org.testng.internal.MethodInvocationHelper$1.runTestMethod(MethodInvocationHelper.java:182)
	at org.springframework.test.context.testng.AbstractTestNGSpringContextTests.run(AbstractTestNGSpringContextTests.java:180)
	at sun.reflect.NativeMethodAccessorImpl.invoke0(Native Method)
	at sun.reflect.NativeMethodAccessorImpl.invoke(NativeMethodAccessorImpl.java:62)
	at sun.reflect.DelegatingMethodAccessorImpl.invoke(DelegatingMethodAccessorImpl.java:43)
	at java.lang.reflect.Method.invoke(Method.java:498)
	at org.testng.internal.MethodInvocationHelper.invokeHookable(MethodInvocationHelper.java:194)
	at org.testng.internal.Invoker.invokeMethod(Invoker.java:707)
	at org.testng.internal.Invoker.invokeTestMethod(Invoker.java:901)
	at org.testng.internal.Invoker.invokeTestMethods(Invoker.java:1231)
	at org.testng.internal.TestMethodWorker.invokeTestMethods(TestMethodWorker.java:127)
	at org.testng.internal.TestMethodWorker.run(TestMethodWorker.java:111)
	at org.testng.internal.thread.ThreadUtil$2.call(ThreadUtil.java:64)
	at java.util.concurrent.FutureTask.run(FutureTask.java:266)
	at java.util.concurrent.ThreadPoolExecutor.runWorker(ThreadPoolExecutor.java:1149)
	at java.util.concurrent.ThreadPoolExecutor$Worker.run(ThreadPoolExecutor.java:624)
	at java.lang.Thread.run(Thread.java:748)
</pre></div></td>
<td>0</td>
<td>in.shark.online.web.test.catalogue.master.TestGetAllProductsApiTestNg@1dac5ef</td></tr>
<tr>
<td title='in.shark.online.web.test.catalogue.master.TestGetAllProductsApiTestNg.testGetAllProductstLoad()'><b>testGetAllProductstLoad</b><br>Test class: in.shark.online.web.test.catalogue.master.TestGetAllProductsApiTestNg<br>Parameters: 1234567, /api/catalogue-master/getAllProducts, 1, 500</td>
<td><div><pre>java.lang.AssertionError: Response time of GetAllProducts call more than: 500 expected [true] but found [false]
	at in.shark.online.web.test.catalogue.master.TestGetAllProductsApiTestNg.testGetAllProductstLoad(TestGetAllProductsApiTestNg.java:71)
	at org.springframework.test.context.testng.AbstractTestNGSpringContextTests.run(AbstractTestNGSpringContextTests.java:180)
	at java.util.concurrent.FutureTask.run(FutureTask.java:266)
	at java.util.concurrent.ThreadPoolExecutor.runWorker(ThreadPoolExecutor.java:1149)
	at java.util.concurrent.ThreadPoolExecutor$Worker.run(ThreadPoolExecutor.java:624)
	at java.lang.Thread.run(Thread.java:748)
... Removed 20 stack frames</pre></div><a href='#' onClick='toggleBox("stack-trace2077836933", this, "Click to show all stack frames", "Click to hide stack frames")'>Click to show all stack frames</a>
<div class='stack-trace' id='stack-trace2077836933'><pre>java.lang.AssertionError: Response time of GetAllProducts call more than: 500 expected [true] but found [false]
	at org.testng.Assert.fail(Assert.java:94)
	at org.testng.Assert.failNotEquals(Assert.java:494)
	at org.testng.Assert.assertTrue(Assert.java:42)
	at in.shark.online.web.test.catalogue.master.TestGetAllProductsApiTestNg.testGetAllProductstLoad(TestGetAllProductsApiTestNg.java:71)
	at sun.reflect.NativeMethodAccessorImpl.invoke0(Native Method)
	at sun.reflect.NativeMethodAccessorImpl.invoke(NativeMethodAccessorImpl.java:62)
	at sun.reflect.DelegatingMethodAccessorImpl.invoke(DelegatingMethodAccessorImpl.java:43)
	at java.lang.reflect.Method.invoke(Method.java:498)
	at org.testng.internal.MethodInvocationHelper.invokeMethod(MethodInvocationHelper.java:80)
	at org.testng.internal.MethodInvocationHelper$1.runTestMethod(MethodInvocationHelper.java:182)
	at org.springframework.test.context.testng.AbstractTestNGSpringContextTests.run(AbstractTestNGSpringContextTests.java:180)
	at sun.reflect.NativeMethodAccessorImpl.invoke0(Native Method)
	at sun.reflect.NativeMethodAccessorImpl.invoke(NativeMethodAccessorImpl.java:62)
	at sun.reflect.DelegatingMethodAccessorImpl.invoke(DelegatingMethodAccessorImpl.java:43)
	at java.lang.reflect.Method.invoke(Method.java:498)
	at org.testng.internal.MethodInvocationHelper.invokeHookable(MethodInvocationHelper.java:194)
	at org.testng.internal.Invoker.invokeMethod(Invoker.java:707)
	at org.testng.internal.Invoker.invokeTestMethod(Invoker.java:901)
	at org.testng.internal.Invoker.invokeTestMethods(Invoker.java:1231)
	at org.testng.internal.TestMethodWorker.invokeTestMethods(TestMethodWorker.java:127)
	at org.testng.internal.TestMethodWorker.run(TestMethodWorker.java:111)
	at org.testng.internal.thread.ThreadUtil$2.call(ThreadUtil.java:64)
	at java.util.concurrent.FutureTask.run(FutureTask.java:266)
	at java.util.concurrent.ThreadPoolExecutor.runWorker(ThreadPoolExecutor.java:1149)
	at java.util.concurrent.ThreadPoolExecutor$Worker.run(ThreadPoolExecutor.java:624)
	at java.lang.Thread.run(Thread.java:748)
</pre></div></td>
<td>0</td>
<td>in.shark.online.web.test.catalogue.master.TestGetAllProductsApiTestNg@1dac5ef</td></tr>
<tr>
<td title='in.shark.online.web.test.catalogue.master.TestGetAllProductsApiTestNg.testGetAllProductstLoad()'><b>testGetAllProductstLoad</b><br>Test class: in.shark.online.web.test.catalogue.master.TestGetAllProductsApiTestNg<br>Parameters: 1234567, /api/catalogue-master/getAllProducts, 1, 500</td>
<td><div><pre>java.lang.AssertionError: Response time of GetAllProducts call more than: 500 expected [true] but found [false]
	at in.shark.online.web.test.catalogue.master.TestGetAllProductsApiTestNg.testGetAllProductstLoad(TestGetAllProductsApiTestNg.java:71)
	at org.springframework.test.context.testng.AbstractTestNGSpringContextTests.run(AbstractTestNGSpringContextTests.java:180)
	at java.util.concurrent.FutureTask.run(FutureTask.java:266)
	at java.util.concurrent.ThreadPoolExecutor.runWorker(ThreadPoolExecutor.java:1149)
	at java.util.concurrent.ThreadPoolExecutor$Worker.run(ThreadPoolExecutor.java:624)
	at java.lang.Thread.run(Thread.java:748)
... Removed 20 stack frames</pre></div><a href='#' onClick='toggleBox("stack-trace1724437699", this, "Click to show all stack frames", "Click to hide stack frames")'>Click to show all stack frames</a>
<div class='stack-trace' id='stack-trace1724437699'><pre>java.lang.AssertionError: Response time of GetAllProducts call more than: 500 expected [true] but found [false]
	at org.testng.Assert.fail(Assert.java:94)
	at org.testng.Assert.failNotEquals(Assert.java:494)
	at org.testng.Assert.assertTrue(Assert.java:42)
	at in.shark.online.web.test.catalogue.master.TestGetAllProductsApiTestNg.testGetAllProductstLoad(TestGetAllProductsApiTestNg.java:71)
	at sun.reflect.NativeMethodAccessorImpl.invoke0(Native Method)
	at sun.reflect.NativeMethodAccessorImpl.invoke(NativeMethodAccessorImpl.java:62)
	at sun.reflect.DelegatingMethodAccessorImpl.invoke(DelegatingMethodAccessorImpl.java:43)
	at java.lang.reflect.Method.invoke(Method.java:498)
	at org.testng.internal.MethodInvocationHelper.invokeMethod(MethodInvocationHelper.java:80)
	at org.testng.internal.MethodInvocationHelper$1.runTestMethod(MethodInvocationHelper.java:182)
	at org.springframework.test.context.testng.AbstractTestNGSpringContextTests.run(AbstractTestNGSpringContextTests.java:180)
	at sun.reflect.NativeMethodAccessorImpl.invoke0(Native Method)
	at sun.reflect.NativeMethodAccessorImpl.invoke(NativeMethodAccessorImpl.java:62)
	at sun.reflect.DelegatingMethodAccessorImpl.invoke(DelegatingMethodAccessorImpl.java:43)
	at java.lang.reflect.Method.invoke(Method.java:498)
	at org.testng.internal.MethodInvocationHelper.invokeHookable(MethodInvocationHelper.java:194)
	at org.testng.internal.Invoker.invokeMethod(Invoker.java:707)
	at org.testng.internal.Invoker.invokeTestMethod(Invoker.java:901)
	at org.testng.internal.Invoker.invokeTestMethods(Invoker.java:1231)
	at org.testng.internal.TestMethodWorker.invokeTestMethods(TestMethodWorker.java:127)
	at org.testng.internal.TestMethodWorker.run(TestMethodWorker.java:111)
	at org.testng.internal.thread.ThreadUtil$2.call(ThreadUtil.java:64)
	at java.util.concurrent.FutureTask.run(FutureTask.java:266)
	at java.util.concurrent.ThreadPoolExecutor.runWorker(ThreadPoolExecutor.java:1149)
	at java.util.concurrent.ThreadPoolExecutor$Worker.run(ThreadPoolExecutor.java:624)
	at java.lang.Thread.run(Thread.java:748)
</pre></div></td>
<td>0</td>
<td>in.shark.online.web.test.catalogue.master.TestGetAllProductsApiTestNg@1dac5ef</td></tr>
<tr>
<td title='in.shark.online.web.test.catalogue.master.TestGetAllProductsApiTestNg.testGetAllProductstLoad()'><b>testGetAllProductstLoad</b><br>Test class: in.shark.online.web.test.catalogue.master.TestGetAllProductsApiTestNg<br>Parameters: 1234567, /api/catalogue-master/getAllProducts, 1, 500</td>
<td><div><pre>java.lang.AssertionError: Response time of GetAllProducts call more than: 500 expected [true] but found [false]
	at in.shark.online.web.test.catalogue.master.TestGetAllProductsApiTestNg.testGetAllProductstLoad(TestGetAllProductsApiTestNg.java:71)
	at org.springframework.test.context.testng.AbstractTestNGSpringContextTests.run(AbstractTestNGSpringContextTests.java:180)
	at java.util.concurrent.FutureTask.run(FutureTask.java:266)
	at java.util.concurrent.ThreadPoolExecutor.runWorker(ThreadPoolExecutor.java:1149)
	at java.util.concurrent.ThreadPoolExecutor$Worker.run(ThreadPoolExecutor.java:624)
	at java.lang.Thread.run(Thread.java:748)
... Removed 20 stack frames</pre></div><a href='#' onClick='toggleBox("stack-trace1232654607", this, "Click to show all stack frames", "Click to hide stack frames")'>Click to show all stack frames</a>
<div class='stack-trace' id='stack-trace1232654607'><pre>java.lang.AssertionError: Response time of GetAllProducts call more than: 500 expected [true] but found [false]
	at org.testng.Assert.fail(Assert.java:94)
	at org.testng.Assert.failNotEquals(Assert.java:494)
	at org.testng.Assert.assertTrue(Assert.java:42)
	at in.shark.online.web.test.catalogue.master.TestGetAllProductsApiTestNg.testGetAllProductstLoad(TestGetAllProductsApiTestNg.java:71)
	at sun.reflect.NativeMethodAccessorImpl.invoke0(Native Method)
	at sun.reflect.NativeMethodAccessorImpl.invoke(NativeMethodAccessorImpl.java:62)
	at sun.reflect.DelegatingMethodAccessorImpl.invoke(DelegatingMethodAccessorImpl.java:43)
	at java.lang.reflect.Method.invoke(Method.java:498)
	at org.testng.internal.MethodInvocationHelper.invokeMethod(MethodInvocationHelper.java:80)
	at org.testng.internal.MethodInvocationHelper$1.runTestMethod(MethodInvocationHelper.java:182)
	at org.springframework.test.context.testng.AbstractTestNGSpringContextTests.run(AbstractTestNGSpringContextTests.java:180)
	at sun.reflect.NativeMethodAccessorImpl.invoke0(Native Method)
	at sun.reflect.NativeMethodAccessorImpl.invoke(NativeMethodAccessorImpl.java:62)
	at sun.reflect.DelegatingMethodAccessorImpl.invoke(DelegatingMethodAccessorImpl.java:43)
	at java.lang.reflect.Method.invoke(Method.java:498)
	at org.testng.internal.MethodInvocationHelper.invokeHookable(MethodInvocationHelper.java:194)
	at org.testng.internal.Invoker.invokeMethod(Invoker.java:707)
	at org.testng.internal.Invoker.invokeTestMethod(Invoker.java:901)
	at org.testng.internal.Invoker.invokeTestMethods(Invoker.java:1231)
	at org.testng.internal.TestMethodWorker.invokeTestMethods(TestMethodWorker.java:127)
	at org.testng.internal.TestMethodWorker.run(TestMethodWorker.java:111)
	at org.testng.internal.thread.ThreadUtil$2.call(ThreadUtil.java:64)
	at java.util.concurrent.FutureTask.run(FutureTask.java:266)
	at java.util.concurrent.ThreadPoolExecutor.runWorker(ThreadPoolExecutor.java:1149)
	at java.util.concurrent.ThreadPoolExecutor$Worker.run(ThreadPoolExecutor.java:624)
	at java.lang.Thread.run(Thread.java:748)
</pre></div></td>
<td>0</td>
<td>in.shark.online.web.test.catalogue.master.TestGetAllProductsApiTestNg@1dac5ef</td></tr>
<tr>
<td title='in.shark.online.web.test.catalogue.master.TestGetAllProductsApiTestNg.testGetAllProductstLoad()'><b>testGetAllProductstLoad</b><br>Test class: in.shark.online.web.test.catalogue.master.TestGetAllProductsApiTestNg<br>Parameters: 1234567, /api/catalogue-master/getAllProducts, 1, 500</td>
<td><div><pre>java.lang.AssertionError: Response time of GetAllProducts call more than: 500 expected [true] but found [false]
	at in.shark.online.web.test.catalogue.master.TestGetAllProductsApiTestNg.testGetAllProductstLoad(TestGetAllProductsApiTestNg.java:71)
	at org.springframework.test.context.testng.AbstractTestNGSpringContextTests.run(AbstractTestNGSpringContextTests.java:180)
	at java.util.concurrent.FutureTask.run(FutureTask.java:266)
	at java.util.concurrent.ThreadPoolExecutor.runWorker(ThreadPoolExecutor.java:1149)
	at java.util.concurrent.ThreadPoolExecutor$Worker.run(ThreadPoolExecutor.java:624)
	at java.lang.Thread.run(Thread.java:748)
... Removed 20 stack frames</pre></div><a href='#' onClick='toggleBox("stack-trace1071246724", this, "Click to show all stack frames", "Click to hide stack frames")'>Click to show all stack frames</a>
<div class='stack-trace' id='stack-trace1071246724'><pre>java.lang.AssertionError: Response time of GetAllProducts call more than: 500 expected [true] but found [false]
	at org.testng.Assert.fail(Assert.java:94)
	at org.testng.Assert.failNotEquals(Assert.java:494)
	at org.testng.Assert.assertTrue(Assert.java:42)
	at in.shark.online.web.test.catalogue.master.TestGetAllProductsApiTestNg.testGetAllProductstLoad(TestGetAllProductsApiTestNg.java:71)
	at sun.reflect.NativeMethodAccessorImpl.invoke0(Native Method)
	at sun.reflect.NativeMethodAccessorImpl.invoke(NativeMethodAccessorImpl.java:62)
	at sun.reflect.DelegatingMethodAccessorImpl.invoke(DelegatingMethodAccessorImpl.java:43)
	at java.lang.reflect.Method.invoke(Method.java:498)
	at org.testng.internal.MethodInvocationHelper.invokeMethod(MethodInvocationHelper.java:80)
	at org.testng.internal.MethodInvocationHelper$1.runTestMethod(MethodInvocationHelper.java:182)
	at org.springframework.test.context.testng.AbstractTestNGSpringContextTests.run(AbstractTestNGSpringContextTests.java:180)
	at sun.reflect.NativeMethodAccessorImpl.invoke0(Native Method)
	at sun.reflect.NativeMethodAccessorImpl.invoke(NativeMethodAccessorImpl.java:62)
	at sun.reflect.DelegatingMethodAccessorImpl.invoke(DelegatingMethodAccessorImpl.java:43)
	at java.lang.reflect.Method.invoke(Method.java:498)
	at org.testng.internal.MethodInvocationHelper.invokeHookable(MethodInvocationHelper.java:194)
	at org.testng.internal.Invoker.invokeMethod(Invoker.java:707)
	at org.testng.internal.Invoker.invokeTestMethod(Invoker.java:901)
	at org.testng.internal.Invoker.invokeTestMethods(Invoker.java:1231)
	at org.testng.internal.TestMethodWorker.invokeTestMethods(TestMethodWorker.java:127)
	at org.testng.internal.TestMethodWorker.run(TestMethodWorker.java:111)
	at org.testng.internal.thread.ThreadUtil$2.call(ThreadUtil.java:64)
	at java.util.concurrent.FutureTask.run(FutureTask.java:266)
	at java.util.concurrent.ThreadPoolExecutor.runWorker(ThreadPoolExecutor.java:1149)
	at java.util.concurrent.ThreadPoolExecutor$Worker.run(ThreadPoolExecutor.java:624)
	at java.lang.Thread.run(Thread.java:748)
</pre></div></td>
<td>0</td>
<td>in.shark.online.web.test.catalogue.master.TestGetAllProductsApiTestNg@1dac5ef</td></tr>
<tr>
<td title='in.shark.online.web.test.catalogue.master.TestGetAllProductsApiTestNg.testGetAllProductstLoad()'><b>testGetAllProductstLoad</b><br>Test class: in.shark.online.web.test.catalogue.master.TestGetAllProductsApiTestNg<br>Parameters: 1234567, /api/catalogue-master/getAllProducts, 1, 500</td>
<td><div><pre>java.lang.AssertionError: Response time of GetAllProducts call more than: 500 expected [true] but found [false]
	at in.shark.online.web.test.catalogue.master.TestGetAllProductsApiTestNg.testGetAllProductstLoad(TestGetAllProductsApiTestNg.java:71)
	at org.springframework.test.context.testng.AbstractTestNGSpringContextTests.run(AbstractTestNGSpringContextTests.java:180)
	at java.util.concurrent.FutureTask.run(FutureTask.java:266)
	at java.util.concurrent.ThreadPoolExecutor.runWorker(ThreadPoolExecutor.java:1149)
	at java.util.concurrent.ThreadPoolExecutor$Worker.run(ThreadPoolExecutor.java:624)
	at java.lang.Thread.run(Thread.java:748)
... Removed 20 stack frames</pre></div><a href='#' onClick='toggleBox("stack-trace755156698", this, "Click to show all stack frames", "Click to hide stack frames")'>Click to show all stack frames</a>
<div class='stack-trace' id='stack-trace755156698'><pre>java.lang.AssertionError: Response time of GetAllProducts call more than: 500 expected [true] but found [false]
	at org.testng.Assert.fail(Assert.java:94)
	at org.testng.Assert.failNotEquals(Assert.java:494)
	at org.testng.Assert.assertTrue(Assert.java:42)
	at in.shark.online.web.test.catalogue.master.TestGetAllProductsApiTestNg.testGetAllProductstLoad(TestGetAllProductsApiTestNg.java:71)
	at sun.reflect.NativeMethodAccessorImpl.invoke0(Native Method)
	at sun.reflect.NativeMethodAccessorImpl.invoke(NativeMethodAccessorImpl.java:62)
	at sun.reflect.DelegatingMethodAccessorImpl.invoke(DelegatingMethodAccessorImpl.java:43)
	at java.lang.reflect.Method.invoke(Method.java:498)
	at org.testng.internal.MethodInvocationHelper.invokeMethod(MethodInvocationHelper.java:80)
	at org.testng.internal.MethodInvocationHelper$1.runTestMethod(MethodInvocationHelper.java:182)
	at org.springframework.test.context.testng.AbstractTestNGSpringContextTests.run(AbstractTestNGSpringContextTests.java:180)
	at sun.reflect.NativeMethodAccessorImpl.invoke0(Native Method)
	at sun.reflect.NativeMethodAccessorImpl.invoke(NativeMethodAccessorImpl.java:62)
	at sun.reflect.DelegatingMethodAccessorImpl.invoke(DelegatingMethodAccessorImpl.java:43)
	at java.lang.reflect.Method.invoke(Method.java:498)
	at org.testng.internal.MethodInvocationHelper.invokeHookable(MethodInvocationHelper.java:194)
	at org.testng.internal.Invoker.invokeMethod(Invoker.java:707)
	at org.testng.internal.Invoker.invokeTestMethod(Invoker.java:901)
	at org.testng.internal.Invoker.invokeTestMethods(Invoker.java:1231)
	at org.testng.internal.TestMethodWorker.invokeTestMethods(TestMethodWorker.java:127)
	at org.testng.internal.TestMethodWorker.run(TestMethodWorker.java:111)
	at org.testng.internal.thread.ThreadUtil$2.call(ThreadUtil.java:64)
	at java.util.concurrent.FutureTask.run(FutureTask.java:266)
	at java.util.concurrent.ThreadPoolExecutor.runWorker(ThreadPoolExecutor.java:1149)
	at java.util.concurrent.ThreadPoolExecutor$Worker.run(ThreadPoolExecutor.java:624)
	at java.lang.Thread.run(Thread.java:748)
</pre></div></td>
<td>1</td>
<td>in.shark.online.web.test.catalogue.master.TestGetAllProductsApiTestNg@1dac5ef</td></tr>
<tr>
<td title='in.shark.online.web.test.catalogue.master.TestGetAllProductsApiTestNg.testGetAllProductstLoad()'><b>testGetAllProductstLoad</b><br>Test class: in.shark.online.web.test.catalogue.master.TestGetAllProductsApiTestNg<br>Parameters: 1234567, /api/catalogue-master/getAllProducts, 1, 500</td>
<td><div><pre>java.lang.AssertionError: Response time of GetAllProducts call more than: 500 expected [true] but found [false]
	at in.shark.online.web.test.catalogue.master.TestGetAllProductsApiTestNg.testGetAllProductstLoad(TestGetAllProductsApiTestNg.java:71)
	at org.springframework.test.context.testng.AbstractTestNGSpringContextTests.run(AbstractTestNGSpringContextTests.java:180)
	at java.util.concurrent.FutureTask.run(FutureTask.java:266)
	at java.util.concurrent.ThreadPoolExecutor.runWorker(ThreadPoolExecutor.java:1149)
	at java.util.concurrent.ThreadPoolExecutor$Worker.run(ThreadPoolExecutor.java:624)
	at java.lang.Thread.run(Thread.java:748)
... Removed 20 stack frames</pre></div><a href='#' onClick='toggleBox("stack-trace1834681888", this, "Click to show all stack frames", "Click to hide stack frames")'>Click to show all stack frames</a>
<div class='stack-trace' id='stack-trace1834681888'><pre>java.lang.AssertionError: Response time of GetAllProducts call more than: 500 expected [true] but found [false]
	at org.testng.Assert.fail(Assert.java:94)
	at org.testng.Assert.failNotEquals(Assert.java:494)
	at org.testng.Assert.assertTrue(Assert.java:42)
	at in.shark.online.web.test.catalogue.master.TestGetAllProductsApiTestNg.testGetAllProductstLoad(TestGetAllProductsApiTestNg.java:71)
	at sun.reflect.NativeMethodAccessorImpl.invoke0(Native Method)
	at sun.reflect.NativeMethodAccessorImpl.invoke(NativeMethodAccessorImpl.java:62)
	at sun.reflect.DelegatingMethodAccessorImpl.invoke(DelegatingMethodAccessorImpl.java:43)
	at java.lang.reflect.Method.invoke(Method.java:498)
	at org.testng.internal.MethodInvocationHelper.invokeMethod(MethodInvocationHelper.java:80)
	at org.testng.internal.MethodInvocationHelper$1.runTestMethod(MethodInvocationHelper.java:182)
	at org.springframework.test.context.testng.AbstractTestNGSpringContextTests.run(AbstractTestNGSpringContextTests.java:180)
	at sun.reflect.NativeMethodAccessorImpl.invoke0(Native Method)
	at sun.reflect.NativeMethodAccessorImpl.invoke(NativeMethodAccessorImpl.java:62)
	at sun.reflect.DelegatingMethodAccessorImpl.invoke(DelegatingMethodAccessorImpl.java:43)
	at java.lang.reflect.Method.invoke(Method.java:498)
	at org.testng.internal.MethodInvocationHelper.invokeHookable(MethodInvocationHelper.java:194)
	at org.testng.internal.Invoker.invokeMethod(Invoker.java:707)
	at org.testng.internal.Invoker.invokeTestMethod(Invoker.java:901)
	at org.testng.internal.Invoker.invokeTestMethods(Invoker.java:1231)
	at org.testng.internal.TestMethodWorker.invokeTestMethods(TestMethodWorker.java:127)
	at org.testng.internal.TestMethodWorker.run(TestMethodWorker.java:111)
	at org.testng.internal.thread.ThreadUtil$2.call(ThreadUtil.java:64)
	at java.util.concurrent.FutureTask.run(FutureTask.java:266)
	at java.util.concurrent.ThreadPoolExecutor.runWorker(ThreadPoolExecutor.java:1149)
	at java.util.concurrent.ThreadPoolExecutor$Worker.run(ThreadPoolExecutor.java:624)
	at java.lang.Thread.run(Thread.java:748)
</pre></div></td>
<td>0</td>
<td>in.shark.online.web.test.catalogue.master.TestGetAllProductsApiTestNg@1dac5ef</td></tr>
<tr>
<td title='in.shark.online.web.test.catalogue.master.TestGetAllProductsApiTestNg.testGetAllProductstLoad()'><b>testGetAllProductstLoad</b><br>Test class: in.shark.online.web.test.catalogue.master.TestGetAllProductsApiTestNg<br>Parameters: 1234567, /api/catalogue-master/getAllProducts, 1, 500</td>
<td><div><pre>java.lang.AssertionError: Response time of GetAllProducts call more than: 500 expected [true] but found [false]
	at in.shark.online.web.test.catalogue.master.TestGetAllProductsApiTestNg.testGetAllProductstLoad(TestGetAllProductsApiTestNg.java:71)
	at org.springframework.test.context.testng.AbstractTestNGSpringContextTests.run(AbstractTestNGSpringContextTests.java:180)
	at java.util.concurrent.FutureTask.run(FutureTask.java:266)
	at java.util.concurrent.ThreadPoolExecutor.runWorker(ThreadPoolExecutor.java:1149)
	at java.util.concurrent.ThreadPoolExecutor$Worker.run(ThreadPoolExecutor.java:624)
	at java.lang.Thread.run(Thread.java:748)
... Removed 20 stack frames</pre></div><a href='#' onClick='toggleBox("stack-trace1265779641", this, "Click to show all stack frames", "Click to hide stack frames")'>Click to show all stack frames</a>
<div class='stack-trace' id='stack-trace1265779641'><pre>java.lang.AssertionError: Response time of GetAllProducts call more than: 500 expected [true] but found [false]
	at org.testng.Assert.fail(Assert.java:94)
	at org.testng.Assert.failNotEquals(Assert.java:494)
	at org.testng.Assert.assertTrue(Assert.java:42)
	at in.shark.online.web.test.catalogue.master.TestGetAllProductsApiTestNg.testGetAllProductstLoad(TestGetAllProductsApiTestNg.java:71)
	at sun.reflect.NativeMethodAccessorImpl.invoke0(Native Method)
	at sun.reflect.NativeMethodAccessorImpl.invoke(NativeMethodAccessorImpl.java:62)
	at sun.reflect.DelegatingMethodAccessorImpl.invoke(DelegatingMethodAccessorImpl.java:43)
	at java.lang.reflect.Method.invoke(Method.java:498)
	at org.testng.internal.MethodInvocationHelper.invokeMethod(MethodInvocationHelper.java:80)
	at org.testng.internal.MethodInvocationHelper$1.runTestMethod(MethodInvocationHelper.java:182)
	at org.springframework.test.context.testng.AbstractTestNGSpringContextTests.run(AbstractTestNGSpringContextTests.java:180)
	at sun.reflect.NativeMethodAccessorImpl.invoke0(Native Method)
	at sun.reflect.NativeMethodAccessorImpl.invoke(NativeMethodAccessorImpl.java:62)
	at sun.reflect.DelegatingMethodAccessorImpl.invoke(DelegatingMethodAccessorImpl.java:43)
	at java.lang.reflect.Method.invoke(Method.java:498)
	at org.testng.internal.MethodInvocationHelper.invokeHookable(MethodInvocationHelper.java:194)
	at org.testng.internal.Invoker.invokeMethod(Invoker.java:707)
	at org.testng.internal.Invoker.invokeTestMethod(Invoker.java:901)
	at org.testng.internal.Invoker.invokeTestMethods(Invoker.java:1231)
	at org.testng.internal.TestMethodWorker.invokeTestMethods(TestMethodWorker.java:127)
	at org.testng.internal.TestMethodWorker.run(TestMethodWorker.java:111)
	at org.testng.internal.thread.ThreadUtil$2.call(ThreadUtil.java:64)
	at java.util.concurrent.FutureTask.run(FutureTask.java:266)
	at java.util.concurrent.ThreadPoolExecutor.runWorker(ThreadPoolExecutor.java:1149)
	at java.util.concurrent.ThreadPoolExecutor$Worker.run(ThreadPoolExecutor.java:624)
	at java.lang.Thread.run(Thread.java:748)
</pre></div></td>
<td>1</td>
<td>in.shark.online.web.test.catalogue.master.TestGetAllProductsApiTestNg@1dac5ef</td></tr>
<tr>
<td title='in.shark.online.web.test.catalogue.master.TestGetAllProductsApiTestNg.testGetAllProductstLoad()'><b>testGetAllProductstLoad</b><br>Test class: in.shark.online.web.test.catalogue.master.TestGetAllProductsApiTestNg<br>Parameters: 1234567, /api/catalogue-master/getAllProducts, 1, 500</td>
<td><div><pre>java.lang.AssertionError: Response time of GetAllProducts call more than: 500 expected [true] but found [false]
	at in.shark.online.web.test.catalogue.master.TestGetAllProductsApiTestNg.testGetAllProductstLoad(TestGetAllProductsApiTestNg.java:71)
	at org.springframework.test.context.testng.AbstractTestNGSpringContextTests.run(AbstractTestNGSpringContextTests.java:180)
	at java.util.concurrent.FutureTask.run(FutureTask.java:266)
	at java.util.concurrent.ThreadPoolExecutor.runWorker(ThreadPoolExecutor.java:1149)
	at java.util.concurrent.ThreadPoolExecutor$Worker.run(ThreadPoolExecutor.java:624)
	at java.lang.Thread.run(Thread.java:748)
... Removed 20 stack frames</pre></div><a href='#' onClick='toggleBox("stack-trace1799982605", this, "Click to show all stack frames", "Click to hide stack frames")'>Click to show all stack frames</a>
<div class='stack-trace' id='stack-trace1799982605'><pre>java.lang.AssertionError: Response time of GetAllProducts call more than: 500 expected [true] but found [false]
	at org.testng.Assert.fail(Assert.java:94)
	at org.testng.Assert.failNotEquals(Assert.java:494)
	at org.testng.Assert.assertTrue(Assert.java:42)
	at in.shark.online.web.test.catalogue.master.TestGetAllProductsApiTestNg.testGetAllProductstLoad(TestGetAllProductsApiTestNg.java:71)
	at sun.reflect.NativeMethodAccessorImpl.invoke0(Native Method)
	at sun.reflect.NativeMethodAccessorImpl.invoke(NativeMethodAccessorImpl.java:62)
	at sun.reflect.DelegatingMethodAccessorImpl.invoke(DelegatingMethodAccessorImpl.java:43)
	at java.lang.reflect.Method.invoke(Method.java:498)
	at org.testng.internal.MethodInvocationHelper.invokeMethod(MethodInvocationHelper.java:80)
	at org.testng.internal.MethodInvocationHelper$1.runTestMethod(MethodInvocationHelper.java:182)
	at org.springframework.test.context.testng.AbstractTestNGSpringContextTests.run(AbstractTestNGSpringContextTests.java:180)
	at sun.reflect.NativeMethodAccessorImpl.invoke0(Native Method)
	at sun.reflect.NativeMethodAccessorImpl.invoke(NativeMethodAccessorImpl.java:62)
	at sun.reflect.DelegatingMethodAccessorImpl.invoke(DelegatingMethodAccessorImpl.java:43)
	at java.lang.reflect.Method.invoke(Method.java:498)
	at org.testng.internal.MethodInvocationHelper.invokeHookable(MethodInvocationHelper.java:194)
	at org.testng.internal.Invoker.invokeMethod(Invoker.java:707)
	at org.testng.internal.Invoker.invokeTestMethod(Invoker.java:901)
	at org.testng.internal.Invoker.invokeTestMethods(Invoker.java:1231)
	at org.testng.internal.TestMethodWorker.invokeTestMethods(TestMethodWorker.java:127)
	at org.testng.internal.TestMethodWorker.run(TestMethodWorker.java:111)
	at org.testng.internal.thread.ThreadUtil$2.call(ThreadUtil.java:64)
	at java.util.concurrent.FutureTask.run(FutureTask.java:266)
	at java.util.concurrent.ThreadPoolExecutor.runWorker(ThreadPoolExecutor.java:1149)
	at java.util.concurrent.ThreadPoolExecutor$Worker.run(ThreadPoolExecutor.java:624)
	at java.lang.Thread.run(Thread.java:748)
</pre></div></td>
<td>1</td>
<td>in.shark.online.web.test.catalogue.master.TestGetAllProductsApiTestNg@1dac5ef</td></tr>
<tr>
<td title='in.shark.online.web.test.catalogue.master.TestGetAllProductsApiTestNg.testGetAllProductstLoad()'><b>testGetAllProductstLoad</b><br>Test class: in.shark.online.web.test.catalogue.master.TestGetAllProductsApiTestNg<br>Parameters: 1234567, /api/catalogue-master/getAllProducts, 1, 500</td>
<td><div><pre>java.lang.AssertionError: Response time of GetAllProducts call more than: 500 expected [true] but found [false]
	at in.shark.online.web.test.catalogue.master.TestGetAllProductsApiTestNg.testGetAllProductstLoad(TestGetAllProductsApiTestNg.java:71)
	at org.springframework.test.context.testng.AbstractTestNGSpringContextTests.run(AbstractTestNGSpringContextTests.java:180)
	at java.util.concurrent.FutureTask.run(FutureTask.java:266)
	at java.util.concurrent.ThreadPoolExecutor.runWorker(ThreadPoolExecutor.java:1149)
	at java.util.concurrent.ThreadPoolExecutor$Worker.run(ThreadPoolExecutor.java:624)
	at java.lang.Thread.run(Thread.java:748)
... Removed 20 stack frames</pre></div><a href='#' onClick='toggleBox("stack-trace783846374", this, "Click to show all stack frames", "Click to hide stack frames")'>Click to show all stack frames</a>
<div class='stack-trace' id='stack-trace783846374'><pre>java.lang.AssertionError: Response time of GetAllProducts call more than: 500 expected [true] but found [false]
	at org.testng.Assert.fail(Assert.java:94)
	at org.testng.Assert.failNotEquals(Assert.java:494)
	at org.testng.Assert.assertTrue(Assert.java:42)
	at in.shark.online.web.test.catalogue.master.TestGetAllProductsApiTestNg.testGetAllProductstLoad(TestGetAllProductsApiTestNg.java:71)
	at sun.reflect.NativeMethodAccessorImpl.invoke0(Native Method)
	at sun.reflect.NativeMethodAccessorImpl.invoke(NativeMethodAccessorImpl.java:62)
	at sun.reflect.DelegatingMethodAccessorImpl.invoke(DelegatingMethodAccessorImpl.java:43)
	at java.lang.reflect.Method.invoke(Method.java:498)
	at org.testng.internal.MethodInvocationHelper.invokeMethod(MethodInvocationHelper.java:80)
	at org.testng.internal.MethodInvocationHelper$1.runTestMethod(MethodInvocationHelper.java:182)
	at org.springframework.test.context.testng.AbstractTestNGSpringContextTests.run(AbstractTestNGSpringContextTests.java:180)
	at sun.reflect.NativeMethodAccessorImpl.invoke0(Native Method)
	at sun.reflect.NativeMethodAccessorImpl.invoke(NativeMethodAccessorImpl.java:62)
	at sun.reflect.DelegatingMethodAccessorImpl.invoke(DelegatingMethodAccessorImpl.java:43)
	at java.lang.reflect.Method.invoke(Method.java:498)
	at org.testng.internal.MethodInvocationHelper.invokeHookable(MethodInvocationHelper.java:194)
	at org.testng.internal.Invoker.invokeMethod(Invoker.java:707)
	at org.testng.internal.Invoker.invokeTestMethod(Invoker.java:901)
	at org.testng.internal.Invoker.invokeTestMethods(Invoker.java:1231)
	at org.testng.internal.TestMethodWorker.invokeTestMethods(TestMethodWorker.java:127)
	at org.testng.internal.TestMethodWorker.run(TestMethodWorker.java:111)
	at org.testng.internal.thread.ThreadUtil$2.call(ThreadUtil.java:64)
	at java.util.concurrent.FutureTask.run(FutureTask.java:266)
	at java.util.concurrent.ThreadPoolExecutor.runWorker(ThreadPoolExecutor.java:1149)
	at java.util.concurrent.ThreadPoolExecutor$Worker.run(ThreadPoolExecutor.java:624)
	at java.lang.Thread.run(Thread.java:748)
</pre></div></td>
<td>0</td>
<td>in.shark.online.web.test.catalogue.master.TestGetAllProductsApiTestNg@1dac5ef</td></tr>
<tr>
<td title='in.shark.online.web.test.catalogue.master.TestGetAllProductsApiTestNg.testGetAllProductstLoad()'><b>testGetAllProductstLoad</b><br>Test class: in.shark.online.web.test.catalogue.master.TestGetAllProductsApiTestNg<br>Parameters: 1234567, /api/catalogue-master/getAllProducts, 1, 500</td>
<td><div><pre>java.lang.AssertionError: Response time of GetAllProducts call more than: 500 expected [true] but found [false]
	at in.shark.online.web.test.catalogue.master.TestGetAllProductsApiTestNg.testGetAllProductstLoad(TestGetAllProductsApiTestNg.java:71)
	at org.springframework.test.context.testng.AbstractTestNGSpringContextTests.run(AbstractTestNGSpringContextTests.java:180)
	at java.util.concurrent.FutureTask.run(FutureTask.java:266)
	at java.util.concurrent.ThreadPoolExecutor.runWorker(ThreadPoolExecutor.java:1149)
	at java.util.concurrent.ThreadPoolExecutor$Worker.run(ThreadPoolExecutor.java:624)
	at java.lang.Thread.run(Thread.java:748)
... Removed 20 stack frames</pre></div><a href='#' onClick='toggleBox("stack-trace1311177657", this, "Click to show all stack frames", "Click to hide stack frames")'>Click to show all stack frames</a>
<div class='stack-trace' id='stack-trace1311177657'><pre>java.lang.AssertionError: Response time of GetAllProducts call more than: 500 expected [true] but found [false]
	at org.testng.Assert.fail(Assert.java:94)
	at org.testng.Assert.failNotEquals(Assert.java:494)
	at org.testng.Assert.assertTrue(Assert.java:42)
	at in.shark.online.web.test.catalogue.master.TestGetAllProductsApiTestNg.testGetAllProductstLoad(TestGetAllProductsApiTestNg.java:71)
	at sun.reflect.NativeMethodAccessorImpl.invoke0(Native Method)
	at sun.reflect.NativeMethodAccessorImpl.invoke(NativeMethodAccessorImpl.java:62)
	at sun.reflect.DelegatingMethodAccessorImpl.invoke(DelegatingMethodAccessorImpl.java:43)
	at java.lang.reflect.Method.invoke(Method.java:498)
	at org.testng.internal.MethodInvocationHelper.invokeMethod(MethodInvocationHelper.java:80)
	at org.testng.internal.MethodInvocationHelper$1.runTestMethod(MethodInvocationHelper.java:182)
	at org.springframework.test.context.testng.AbstractTestNGSpringContextTests.run(AbstractTestNGSpringContextTests.java:180)
	at sun.reflect.NativeMethodAccessorImpl.invoke0(Native Method)
	at sun.reflect.NativeMethodAccessorImpl.invoke(NativeMethodAccessorImpl.java:62)
	at sun.reflect.DelegatingMethodAccessorImpl.invoke(DelegatingMethodAccessorImpl.java:43)
	at java.lang.reflect.Method.invoke(Method.java:498)
	at org.testng.internal.MethodInvocationHelper.invokeHookable(MethodInvocationHelper.java:194)
	at org.testng.internal.Invoker.invokeMethod(Invoker.java:707)
	at org.testng.internal.Invoker.invokeTestMethod(Invoker.java:901)
	at org.testng.internal.Invoker.invokeTestMethods(Invoker.java:1231)
	at org.testng.internal.TestMethodWorker.invokeTestMethods(TestMethodWorker.java:127)
	at org.testng.internal.TestMethodWorker.run(TestMethodWorker.java:111)
	at org.testng.internal.thread.ThreadUtil$2.call(ThreadUtil.java:64)
	at java.util.concurrent.FutureTask.run(FutureTask.java:266)
	at java.util.concurrent.ThreadPoolExecutor.runWorker(ThreadPoolExecutor.java:1149)
	at java.util.concurrent.ThreadPoolExecutor$Worker.run(ThreadPoolExecutor.java:624)
	at java.lang.Thread.run(Thread.java:748)
</pre></div></td>
<td>1</td>
<td>in.shark.online.web.test.catalogue.master.TestGetAllProductsApiTestNg@1dac5ef</td></tr>
<tr>
<td title='in.shark.online.web.test.catalogue.master.TestGetAllProductsApiTestNg.testGetAllProductstLoad()'><b>testGetAllProductstLoad</b><br>Test class: in.shark.online.web.test.catalogue.master.TestGetAllProductsApiTestNg<br>Parameters: 1234567, /api/catalogue-master/getAllProducts, 1, 500</td>
<td><div><pre>java.lang.AssertionError: Response time of GetAllProducts call more than: 500 expected [true] but found [false]
	at in.shark.online.web.test.catalogue.master.TestGetAllProductsApiTestNg.testGetAllProductstLoad(TestGetAllProductsApiTestNg.java:71)
	at org.springframework.test.context.testng.AbstractTestNGSpringContextTests.run(AbstractTestNGSpringContextTests.java:180)
	at java.util.concurrent.FutureTask.run(FutureTask.java:266)
	at java.util.concurrent.ThreadPoolExecutor.runWorker(ThreadPoolExecutor.java:1149)
	at java.util.concurrent.ThreadPoolExecutor$Worker.run(ThreadPoolExecutor.java:624)
	at java.lang.Thread.run(Thread.java:748)
... Removed 18 stack frames</pre></div><a href='#' onClick='toggleBox("stack-trace658070974", this, "Click to show all stack frames", "Click to hide stack frames")'>Click to show all stack frames</a>
<div class='stack-trace' id='stack-trace658070974'><pre>java.lang.AssertionError: Response time of GetAllProducts call more than: 500 expected [true] but found [false]
	at org.testng.Assert.fail(Assert.java:94)
	at org.testng.Assert.failNotEquals(Assert.java:494)
	at org.testng.Assert.assertTrue(Assert.java:42)
	at in.shark.online.web.test.catalogue.master.TestGetAllProductsApiTestNg.testGetAllProductstLoad(TestGetAllProductsApiTestNg.java:71)
	at sun.reflect.GeneratedMethodAccessor21.invoke(Unknown Source)
	at sun.reflect.DelegatingMethodAccessorImpl.invoke(DelegatingMethodAccessorImpl.java:43)
	at java.lang.reflect.Method.invoke(Method.java:498)
	at org.testng.internal.MethodInvocationHelper.invokeMethod(MethodInvocationHelper.java:80)
	at org.testng.internal.MethodInvocationHelper$1.runTestMethod(MethodInvocationHelper.java:182)
	at org.springframework.test.context.testng.AbstractTestNGSpringContextTests.run(AbstractTestNGSpringContextTests.java:180)
	at sun.reflect.GeneratedMethodAccessor20.invoke(Unknown Source)
	at sun.reflect.DelegatingMethodAccessorImpl.invoke(DelegatingMethodAccessorImpl.java:43)
	at java.lang.reflect.Method.invoke(Method.java:498)
	at org.testng.internal.MethodInvocationHelper.invokeHookable(MethodInvocationHelper.java:194)
	at org.testng.internal.Invoker.invokeMethod(Invoker.java:707)
	at org.testng.internal.Invoker.invokeTestMethod(Invoker.java:901)
	at org.testng.internal.Invoker.invokeTestMethods(Invoker.java:1231)
	at org.testng.internal.TestMethodWorker.invokeTestMethods(TestMethodWorker.java:127)
	at org.testng.internal.TestMethodWorker.run(TestMethodWorker.java:111)
	at org.testng.internal.thread.ThreadUtil$2.call(ThreadUtil.java:64)
	at java.util.concurrent.FutureTask.run(FutureTask.java:266)
	at java.util.concurrent.ThreadPoolExecutor.runWorker(ThreadPoolExecutor.java:1149)
	at java.util.concurrent.ThreadPoolExecutor$Worker.run(ThreadPoolExecutor.java:624)
	at java.lang.Thread.run(Thread.java:748)
</pre></div></td>
<td>0</td>
<td>in.shark.online.web.test.catalogue.master.TestGetAllProductsApiTestNg@1dac5ef</td></tr>
<tr>
<td title='in.shark.online.web.test.catalogue.master.TestGetAllProductsApiTestNg.testGetAllProductstLoad()'><b>testGetAllProductstLoad</b><br>Test class: in.shark.online.web.test.catalogue.master.TestGetAllProductsApiTestNg<br>Parameters: 1234567, /api/catalogue-master/getAllProducts, 1, 500</td>
<td><div><pre>java.lang.AssertionError: Response time of GetAllProducts call more than: 500 expected [true] but found [false]
	at in.shark.online.web.test.catalogue.master.TestGetAllProductsApiTestNg.testGetAllProductstLoad(TestGetAllProductsApiTestNg.java:71)
	at org.springframework.test.context.testng.AbstractTestNGSpringContextTests.run(AbstractTestNGSpringContextTests.java:180)
	at java.util.concurrent.FutureTask.run(FutureTask.java:266)
	at java.util.concurrent.ThreadPoolExecutor.runWorker(ThreadPoolExecutor.java:1149)
	at java.util.concurrent.ThreadPoolExecutor$Worker.run(ThreadPoolExecutor.java:624)
	at java.lang.Thread.run(Thread.java:748)
... Removed 18 stack frames</pre></div><a href='#' onClick='toggleBox("stack-trace1043911460", this, "Click to show all stack frames", "Click to hide stack frames")'>Click to show all stack frames</a>
<div class='stack-trace' id='stack-trace1043911460'><pre>java.lang.AssertionError: Response time of GetAllProducts call more than: 500 expected [true] but found [false]
	at org.testng.Assert.fail(Assert.java:94)
	at org.testng.Assert.failNotEquals(Assert.java:494)
	at org.testng.Assert.assertTrue(Assert.java:42)
	at in.shark.online.web.test.catalogue.master.TestGetAllProductsApiTestNg.testGetAllProductstLoad(TestGetAllProductsApiTestNg.java:71)
	at sun.reflect.GeneratedMethodAccessor21.invoke(Unknown Source)
	at sun.reflect.DelegatingMethodAccessorImpl.invoke(DelegatingMethodAccessorImpl.java:43)
	at java.lang.reflect.Method.invoke(Method.java:498)
	at org.testng.internal.MethodInvocationHelper.invokeMethod(MethodInvocationHelper.java:80)
	at org.testng.internal.MethodInvocationHelper$1.runTestMethod(MethodInvocationHelper.java:182)
	at org.springframework.test.context.testng.AbstractTestNGSpringContextTests.run(AbstractTestNGSpringContextTests.java:180)
	at sun.reflect.GeneratedMethodAccessor20.invoke(Unknown Source)
	at sun.reflect.DelegatingMethodAccessorImpl.invoke(DelegatingMethodAccessorImpl.java:43)
	at java.lang.reflect.Method.invoke(Method.java:498)
	at org.testng.internal.MethodInvocationHelper.invokeHookable(MethodInvocationHelper.java:194)
	at org.testng.internal.Invoker.invokeMethod(Invoker.java:707)
	at org.testng.internal.Invoker.invokeTestMethod(Invoker.java:901)
	at org.testng.internal.Invoker.invokeTestMethods(Invoker.java:1231)
	at org.testng.internal.TestMethodWorker.invokeTestMethods(TestMethodWorker.java:127)
	at org.testng.internal.TestMethodWorker.run(TestMethodWorker.java:111)
	at org.testng.internal.thread.ThreadUtil$2.call(ThreadUtil.java:64)
	at java.util.concurrent.FutureTask.run(FutureTask.java:266)
	at java.util.concurrent.ThreadPoolExecutor.runWorker(ThreadPoolExecutor.java:1149)
	at java.util.concurrent.ThreadPoolExecutor$Worker.run(ThreadPoolExecutor.java:624)
	at java.lang.Thread.run(Thread.java:748)
</pre></div></td>
<td>0</td>
<td>in.shark.online.web.test.catalogue.master.TestGetAllProductsApiTestNg@1dac5ef</td></tr>
<tr>
<td title='in.shark.online.web.test.catalogue.master.TestGetAllProductsApiTestNg.testGetAllProductstLoad()'><b>testGetAllProductstLoad</b><br>Test class: in.shark.online.web.test.catalogue.master.TestGetAllProductsApiTestNg<br>Parameters: 1234567, /api/catalogue-master/getAllProducts, 1, 500</td>
<td><div><pre>java.lang.AssertionError: Response time of GetAllProducts call more than: 500 expected [true] but found [false]
	at in.shark.online.web.test.catalogue.master.TestGetAllProductsApiTestNg.testGetAllProductstLoad(TestGetAllProductsApiTestNg.java:71)
	at org.springframework.test.context.testng.AbstractTestNGSpringContextTests.run(AbstractTestNGSpringContextTests.java:180)
	at java.util.concurrent.FutureTask.run(FutureTask.java:266)
	at java.util.concurrent.ThreadPoolExecutor.runWorker(ThreadPoolExecutor.java:1149)
	at java.util.concurrent.ThreadPoolExecutor$Worker.run(ThreadPoolExecutor.java:624)
	at java.lang.Thread.run(Thread.java:748)
... Removed 18 stack frames</pre></div><a href='#' onClick='toggleBox("stack-trace1756694550", this, "Click to show all stack frames", "Click to hide stack frames")'>Click to show all stack frames</a>
<div class='stack-trace' id='stack-trace1756694550'><pre>java.lang.AssertionError: Response time of GetAllProducts call more than: 500 expected [true] but found [false]
	at org.testng.Assert.fail(Assert.java:94)
	at org.testng.Assert.failNotEquals(Assert.java:494)
	at org.testng.Assert.assertTrue(Assert.java:42)
	at in.shark.online.web.test.catalogue.master.TestGetAllProductsApiTestNg.testGetAllProductstLoad(TestGetAllProductsApiTestNg.java:71)
	at sun.reflect.GeneratedMethodAccessor21.invoke(Unknown Source)
	at sun.reflect.DelegatingMethodAccessorImpl.invoke(DelegatingMethodAccessorImpl.java:43)
	at java.lang.reflect.Method.invoke(Method.java:498)
	at org.testng.internal.MethodInvocationHelper.invokeMethod(MethodInvocationHelper.java:80)
	at org.testng.internal.MethodInvocationHelper$1.runTestMethod(MethodInvocationHelper.java:182)
	at org.springframework.test.context.testng.AbstractTestNGSpringContextTests.run(AbstractTestNGSpringContextTests.java:180)
	at sun.reflect.GeneratedMethodAccessor20.invoke(Unknown Source)
	at sun.reflect.DelegatingMethodAccessorImpl.invoke(DelegatingMethodAccessorImpl.java:43)
	at java.lang.reflect.Method.invoke(Method.java:498)
	at org.testng.internal.MethodInvocationHelper.invokeHookable(MethodInvocationHelper.java:194)
	at org.testng.internal.Invoker.invokeMethod(Invoker.java:707)
	at org.testng.internal.Invoker.invokeTestMethod(Invoker.java:901)
	at org.testng.internal.Invoker.invokeTestMethods(Invoker.java:1231)
	at org.testng.internal.TestMethodWorker.invokeTestMethods(TestMethodWorker.java:127)
	at org.testng.internal.TestMethodWorker.run(TestMethodWorker.java:111)
	at org.testng.internal.thread.ThreadUtil$2.call(ThreadUtil.java:64)
	at java.util.concurrent.FutureTask.run(FutureTask.java:266)
	at java.util.concurrent.ThreadPoolExecutor.runWorker(ThreadPoolExecutor.java:1149)
	at java.util.concurrent.ThreadPoolExecutor$Worker.run(ThreadPoolExecutor.java:624)
	at java.lang.Thread.run(Thread.java:748)
</pre></div></td>
<td>0</td>
<td>in.shark.online.web.test.catalogue.master.TestGetAllProductsApiTestNg@1dac5ef</td></tr>
<tr>
<td title='in.shark.online.web.test.catalogue.master.TestGetAllProductsApiTestNg.testGetAllProductstLoad()'><b>testGetAllProductstLoad</b><br>Test class: in.shark.online.web.test.catalogue.master.TestGetAllProductsApiTestNg<br>Parameters: 1234567, /api/catalogue-master/getAllProducts, 1, 500</td>
<td><div><pre>java.lang.AssertionError: Response time of GetAllProducts call more than: 500 expected [true] but found [false]
	at in.shark.online.web.test.catalogue.master.TestGetAllProductsApiTestNg.testGetAllProductstLoad(TestGetAllProductsApiTestNg.java:71)
	at org.springframework.test.context.testng.AbstractTestNGSpringContextTests.run(AbstractTestNGSpringContextTests.java:180)
	at java.util.concurrent.FutureTask.run(FutureTask.java:266)
	at java.util.concurrent.ThreadPoolExecutor.runWorker(ThreadPoolExecutor.java:1149)
	at java.util.concurrent.ThreadPoolExecutor$Worker.run(ThreadPoolExecutor.java:624)
	at java.lang.Thread.run(Thread.java:748)
... Removed 18 stack frames</pre></div><a href='#' onClick='toggleBox("stack-trace1974298641", this, "Click to show all stack frames", "Click to hide stack frames")'>Click to show all stack frames</a>
<div class='stack-trace' id='stack-trace1974298641'><pre>java.lang.AssertionError: Response time of GetAllProducts call more than: 500 expected [true] but found [false]
	at org.testng.Assert.fail(Assert.java:94)
	at org.testng.Assert.failNotEquals(Assert.java:494)
	at org.testng.Assert.assertTrue(Assert.java:42)
	at in.shark.online.web.test.catalogue.master.TestGetAllProductsApiTestNg.testGetAllProductstLoad(TestGetAllProductsApiTestNg.java:71)
	at sun.reflect.GeneratedMethodAccessor21.invoke(Unknown Source)
	at sun.reflect.DelegatingMethodAccessorImpl.invoke(DelegatingMethodAccessorImpl.java:43)
	at java.lang.reflect.Method.invoke(Method.java:498)
	at org.testng.internal.MethodInvocationHelper.invokeMethod(MethodInvocationHelper.java:80)
	at org.testng.internal.MethodInvocationHelper$1.runTestMethod(MethodInvocationHelper.java:182)
	at org.springframework.test.context.testng.AbstractTestNGSpringContextTests.run(AbstractTestNGSpringContextTests.java:180)
	at sun.reflect.GeneratedMethodAccessor20.invoke(Unknown Source)
	at sun.reflect.DelegatingMethodAccessorImpl.invoke(DelegatingMethodAccessorImpl.java:43)
	at java.lang.reflect.Method.invoke(Method.java:498)
	at org.testng.internal.MethodInvocationHelper.invokeHookable(MethodInvocationHelper.java:194)
	at org.testng.internal.Invoker.invokeMethod(Invoker.java:707)
	at org.testng.internal.Invoker.invokeTestMethod(Invoker.java:901)
	at org.testng.internal.Invoker.invokeTestMethods(Invoker.java:1231)
	at org.testng.internal.TestMethodWorker.invokeTestMethods(TestMethodWorker.java:127)
	at org.testng.internal.TestMethodWorker.run(TestMethodWorker.java:111)
	at org.testng.internal.thread.ThreadUtil$2.call(ThreadUtil.java:64)
	at java.util.concurrent.FutureTask.run(FutureTask.java:266)
	at java.util.concurrent.ThreadPoolExecutor.runWorker(ThreadPoolExecutor.java:1149)
	at java.util.concurrent.ThreadPoolExecutor$Worker.run(ThreadPoolExecutor.java:624)
	at java.lang.Thread.run(Thread.java:748)
</pre></div></td>
<td>0</td>
<td>in.shark.online.web.test.catalogue.master.TestGetAllProductsApiTestNg@1dac5ef</td></tr>
<tr>
<td title='in.shark.online.web.test.catalogue.master.TestGetAllProductsApiTestNg.testGetAllProductstLoad()'><b>testGetAllProductstLoad</b><br>Test class: in.shark.online.web.test.catalogue.master.TestGetAllProductsApiTestNg<br>Parameters: 1234567, /api/catalogue-master/getAllProducts, 1, 500</td>
<td><div><pre>java.lang.AssertionError: Response time of GetAllProducts call more than: 500 expected [true] but found [false]
	at in.shark.online.web.test.catalogue.master.TestGetAllProductsApiTestNg.testGetAllProductstLoad(TestGetAllProductsApiTestNg.java:71)
	at org.springframework.test.context.testng.AbstractTestNGSpringContextTests.run(AbstractTestNGSpringContextTests.java:180)
	at java.util.concurrent.FutureTask.run(FutureTask.java:266)
	at java.util.concurrent.ThreadPoolExecutor.runWorker(ThreadPoolExecutor.java:1149)
	at java.util.concurrent.ThreadPoolExecutor$Worker.run(ThreadPoolExecutor.java:624)
	at java.lang.Thread.run(Thread.java:748)
... Removed 18 stack frames</pre></div><a href='#' onClick='toggleBox("stack-trace2069277331", this, "Click to show all stack frames", "Click to hide stack frames")'>Click to show all stack frames</a>
<div class='stack-trace' id='stack-trace2069277331'><pre>java.lang.AssertionError: Response time of GetAllProducts call more than: 500 expected [true] but found [false]
	at org.testng.Assert.fail(Assert.java:94)
	at org.testng.Assert.failNotEquals(Assert.java:494)
	at org.testng.Assert.assertTrue(Assert.java:42)
	at in.shark.online.web.test.catalogue.master.TestGetAllProductsApiTestNg.testGetAllProductstLoad(TestGetAllProductsApiTestNg.java:71)
	at sun.reflect.GeneratedMethodAccessor21.invoke(Unknown Source)
	at sun.reflect.DelegatingMethodAccessorImpl.invoke(DelegatingMethodAccessorImpl.java:43)
	at java.lang.reflect.Method.invoke(Method.java:498)
	at org.testng.internal.MethodInvocationHelper.invokeMethod(MethodInvocationHelper.java:80)
	at org.testng.internal.MethodInvocationHelper$1.runTestMethod(MethodInvocationHelper.java:182)
	at org.springframework.test.context.testng.AbstractTestNGSpringContextTests.run(AbstractTestNGSpringContextTests.java:180)
	at sun.reflect.GeneratedMethodAccessor20.invoke(Unknown Source)
	at sun.reflect.DelegatingMethodAccessorImpl.invoke(DelegatingMethodAccessorImpl.java:43)
	at java.lang.reflect.Method.invoke(Method.java:498)
	at org.testng.internal.MethodInvocationHelper.invokeHookable(MethodInvocationHelper.java:194)
	at org.testng.internal.Invoker.invokeMethod(Invoker.java:707)
	at org.testng.internal.Invoker.invokeTestMethod(Invoker.java:901)
	at org.testng.internal.Invoker.invokeTestMethods(Invoker.java:1231)
	at org.testng.internal.TestMethodWorker.invokeTestMethods(TestMethodWorker.java:127)
	at org.testng.internal.TestMethodWorker.run(TestMethodWorker.java:111)
	at org.testng.internal.thread.ThreadUtil$2.call(ThreadUtil.java:64)
	at java.util.concurrent.FutureTask.run(FutureTask.java:266)
	at java.util.concurrent.ThreadPoolExecutor.runWorker(ThreadPoolExecutor.java:1149)
	at java.util.concurrent.ThreadPoolExecutor$Worker.run(ThreadPoolExecutor.java:624)
	at java.lang.Thread.run(Thread.java:748)
</pre></div></td>
<td>0</td>
<td>in.shark.online.web.test.catalogue.master.TestGetAllProductsApiTestNg@1dac5ef</td></tr>
<tr>
<td title='in.shark.online.web.test.catalogue.master.TestGetAllProductsApiTestNg.testGetAllProductstLoad()'><b>testGetAllProductstLoad</b><br>Test class: in.shark.online.web.test.catalogue.master.TestGetAllProductsApiTestNg<br>Parameters: 1234567, /api/catalogue-master/getAllProducts, 1, 500</td>
<td><div><pre>java.lang.AssertionError: Response time of GetAllProducts call more than: 500 expected [true] but found [false]
	at in.shark.online.web.test.catalogue.master.TestGetAllProductsApiTestNg.testGetAllProductstLoad(TestGetAllProductsApiTestNg.java:71)
	at org.springframework.test.context.testng.AbstractTestNGSpringContextTests.run(AbstractTestNGSpringContextTests.java:180)
	at java.util.concurrent.FutureTask.run(FutureTask.java:266)
	at java.util.concurrent.ThreadPoolExecutor.runWorker(ThreadPoolExecutor.java:1149)
	at java.util.concurrent.ThreadPoolExecutor$Worker.run(ThreadPoolExecutor.java:624)
	at java.lang.Thread.run(Thread.java:748)
... Removed 18 stack frames</pre></div><a href='#' onClick='toggleBox("stack-trace1831017938", this, "Click to show all stack frames", "Click to hide stack frames")'>Click to show all stack frames</a>
<div class='stack-trace' id='stack-trace1831017938'><pre>java.lang.AssertionError: Response time of GetAllProducts call more than: 500 expected [true] but found [false]
	at org.testng.Assert.fail(Assert.java:94)
	at org.testng.Assert.failNotEquals(Assert.java:494)
	at org.testng.Assert.assertTrue(Assert.java:42)
	at in.shark.online.web.test.catalogue.master.TestGetAllProductsApiTestNg.testGetAllProductstLoad(TestGetAllProductsApiTestNg.java:71)
	at sun.reflect.GeneratedMethodAccessor21.invoke(Unknown Source)
	at sun.reflect.DelegatingMethodAccessorImpl.invoke(DelegatingMethodAccessorImpl.java:43)
	at java.lang.reflect.Method.invoke(Method.java:498)
	at org.testng.internal.MethodInvocationHelper.invokeMethod(MethodInvocationHelper.java:80)
	at org.testng.internal.MethodInvocationHelper$1.runTestMethod(MethodInvocationHelper.java:182)
	at org.springframework.test.context.testng.AbstractTestNGSpringContextTests.run(AbstractTestNGSpringContextTests.java:180)
	at sun.reflect.GeneratedMethodAccessor20.invoke(Unknown Source)
	at sun.reflect.DelegatingMethodAccessorImpl.invoke(DelegatingMethodAccessorImpl.java:43)
	at java.lang.reflect.Method.invoke(Method.java:498)
	at org.testng.internal.MethodInvocationHelper.invokeHookable(MethodInvocationHelper.java:194)
	at org.testng.internal.Invoker.invokeMethod(Invoker.java:707)
	at org.testng.internal.Invoker.invokeTestMethod(Invoker.java:901)
	at org.testng.internal.Invoker.invokeTestMethods(Invoker.java:1231)
	at org.testng.internal.TestMethodWorker.invokeTestMethods(TestMethodWorker.java:127)
	at org.testng.internal.TestMethodWorker.run(TestMethodWorker.java:111)
	at org.testng.internal.thread.ThreadUtil$2.call(ThreadUtil.java:64)
	at java.util.concurrent.FutureTask.run(FutureTask.java:266)
	at java.util.concurrent.ThreadPoolExecutor.runWorker(ThreadPoolExecutor.java:1149)
	at java.util.concurrent.ThreadPoolExecutor$Worker.run(ThreadPoolExecutor.java:624)
	at java.lang.Thread.run(Thread.java:748)
</pre></div></td>
<td>0</td>
<td>in.shark.online.web.test.catalogue.master.TestGetAllProductsApiTestNg@1dac5ef</td></tr>
<tr>
<td title='in.shark.online.web.test.catalogue.master.TestGetAllProductsApiTestNg.testGetAllProductstLoad()'><b>testGetAllProductstLoad</b><br>Test class: in.shark.online.web.test.catalogue.master.TestGetAllProductsApiTestNg<br>Parameters: 1234567, /api/catalogue-master/getAllProducts, 1, 500</td>
<td><div><pre>java.lang.AssertionError: Response time of GetAllProducts call more than: 500 expected [true] but found [false]
	at in.shark.online.web.test.catalogue.master.TestGetAllProductsApiTestNg.testGetAllProductstLoad(TestGetAllProductsApiTestNg.java:71)
	at org.springframework.test.context.testng.AbstractTestNGSpringContextTests.run(AbstractTestNGSpringContextTests.java:180)
	at java.util.concurrent.FutureTask.run(FutureTask.java:266)
	at java.util.concurrent.ThreadPoolExecutor.runWorker(ThreadPoolExecutor.java:1149)
	at java.util.concurrent.ThreadPoolExecutor$Worker.run(ThreadPoolExecutor.java:624)
	at java.lang.Thread.run(Thread.java:748)
... Removed 18 stack frames</pre></div><a href='#' onClick='toggleBox("stack-trace2092425738", this, "Click to show all stack frames", "Click to hide stack frames")'>Click to show all stack frames</a>
<div class='stack-trace' id='stack-trace2092425738'><pre>java.lang.AssertionError: Response time of GetAllProducts call more than: 500 expected [true] but found [false]
	at org.testng.Assert.fail(Assert.java:94)
	at org.testng.Assert.failNotEquals(Assert.java:494)
	at org.testng.Assert.assertTrue(Assert.java:42)
	at in.shark.online.web.test.catalogue.master.TestGetAllProductsApiTestNg.testGetAllProductstLoad(TestGetAllProductsApiTestNg.java:71)
	at sun.reflect.GeneratedMethodAccessor21.invoke(Unknown Source)
	at sun.reflect.DelegatingMethodAccessorImpl.invoke(DelegatingMethodAccessorImpl.java:43)
	at java.lang.reflect.Method.invoke(Method.java:498)
	at org.testng.internal.MethodInvocationHelper.invokeMethod(MethodInvocationHelper.java:80)
	at org.testng.internal.MethodInvocationHelper$1.runTestMethod(MethodInvocationHelper.java:182)
	at org.springframework.test.context.testng.AbstractTestNGSpringContextTests.run(AbstractTestNGSpringContextTests.java:180)
	at sun.reflect.GeneratedMethodAccessor20.invoke(Unknown Source)
	at sun.reflect.DelegatingMethodAccessorImpl.invoke(DelegatingMethodAccessorImpl.java:43)
	at java.lang.reflect.Method.invoke(Method.java:498)
	at org.testng.internal.MethodInvocationHelper.invokeHookable(MethodInvocationHelper.java:194)
	at org.testng.internal.Invoker.invokeMethod(Invoker.java:707)
	at org.testng.internal.Invoker.invokeTestMethod(Invoker.java:901)
	at org.testng.internal.Invoker.invokeTestMethods(Invoker.java:1231)
	at org.testng.internal.TestMethodWorker.invokeTestMethods(TestMethodWorker.java:127)
	at org.testng.internal.TestMethodWorker.run(TestMethodWorker.java:111)
	at org.testng.internal.thread.ThreadUtil$2.call(ThreadUtil.java:64)
	at java.util.concurrent.FutureTask.run(FutureTask.java:266)
	at java.util.concurrent.ThreadPoolExecutor.runWorker(ThreadPoolExecutor.java:1149)
	at java.util.concurrent.ThreadPoolExecutor$Worker.run(ThreadPoolExecutor.java:624)
	at java.lang.Thread.run(Thread.java:748)
</pre></div></td>
<td>0</td>
<td>in.shark.online.web.test.catalogue.master.TestGetAllProductsApiTestNg@1dac5ef</td></tr>
<tr>
<td title='in.shark.online.web.test.catalogue.master.TestGetAllProductsApiTestNg.testGetAllProductstLoad()'><b>testGetAllProductstLoad</b><br>Test class: in.shark.online.web.test.catalogue.master.TestGetAllProductsApiTestNg<br>Parameters: 1234567, /api/catalogue-master/getAllProducts, 1, 500</td>
<td><div><pre>java.lang.AssertionError: Response time of GetAllProducts call more than: 500 expected [true] but found [false]
	at in.shark.online.web.test.catalogue.master.TestGetAllProductsApiTestNg.testGetAllProductstLoad(TestGetAllProductsApiTestNg.java:71)
	at org.springframework.test.context.testng.AbstractTestNGSpringContextTests.run(AbstractTestNGSpringContextTests.java:180)
	at java.util.concurrent.FutureTask.run(FutureTask.java:266)
	at java.util.concurrent.ThreadPoolExecutor.runWorker(ThreadPoolExecutor.java:1149)
	at java.util.concurrent.ThreadPoolExecutor$Worker.run(ThreadPoolExecutor.java:624)
	at java.lang.Thread.run(Thread.java:748)
... Removed 18 stack frames</pre></div><a href='#' onClick='toggleBox("stack-trace1656589841", this, "Click to show all stack frames", "Click to hide stack frames")'>Click to show all stack frames</a>
<div class='stack-trace' id='stack-trace1656589841'><pre>java.lang.AssertionError: Response time of GetAllProducts call more than: 500 expected [true] but found [false]
	at org.testng.Assert.fail(Assert.java:94)
	at org.testng.Assert.failNotEquals(Assert.java:494)
	at org.testng.Assert.assertTrue(Assert.java:42)
	at in.shark.online.web.test.catalogue.master.TestGetAllProductsApiTestNg.testGetAllProductstLoad(TestGetAllProductsApiTestNg.java:71)
	at sun.reflect.GeneratedMethodAccessor21.invoke(Unknown Source)
	at sun.reflect.DelegatingMethodAccessorImpl.invoke(DelegatingMethodAccessorImpl.java:43)
	at java.lang.reflect.Method.invoke(Method.java:498)
	at org.testng.internal.MethodInvocationHelper.invokeMethod(MethodInvocationHelper.java:80)
	at org.testng.internal.MethodInvocationHelper$1.runTestMethod(MethodInvocationHelper.java:182)
	at org.springframework.test.context.testng.AbstractTestNGSpringContextTests.run(AbstractTestNGSpringContextTests.java:180)
	at sun.reflect.GeneratedMethodAccessor20.invoke(Unknown Source)
	at sun.reflect.DelegatingMethodAccessorImpl.invoke(DelegatingMethodAccessorImpl.java:43)
	at java.lang.reflect.Method.invoke(Method.java:498)
	at org.testng.internal.MethodInvocationHelper.invokeHookable(MethodInvocationHelper.java:194)
	at org.testng.internal.Invoker.invokeMethod(Invoker.java:707)
	at org.testng.internal.Invoker.invokeTestMethod(Invoker.java:901)
	at org.testng.internal.Invoker.invokeTestMethods(Invoker.java:1231)
	at org.testng.internal.TestMethodWorker.invokeTestMethods(TestMethodWorker.java:127)
	at org.testng.internal.TestMethodWorker.run(TestMethodWorker.java:111)
	at org.testng.internal.thread.ThreadUtil$2.call(ThreadUtil.java:64)
	at java.util.concurrent.FutureTask.run(FutureTask.java:266)
	at java.util.concurrent.ThreadPoolExecutor.runWorker(ThreadPoolExecutor.java:1149)
	at java.util.concurrent.ThreadPoolExecutor$Worker.run(ThreadPoolExecutor.java:624)
	at java.lang.Thread.run(Thread.java:748)
</pre></div></td>
<td>0</td>
<td>in.shark.online.web.test.catalogue.master.TestGetAllProductsApiTestNg@1dac5ef</td></tr>
<tr>
<td title='in.shark.online.web.test.catalogue.master.TestGetAllProductsApiTestNg.testGetAllProductstLoad()'><b>testGetAllProductstLoad</b><br>Test class: in.shark.online.web.test.catalogue.master.TestGetAllProductsApiTestNg<br>Parameters: 1234567, /api/catalogue-master/getAllProducts, 1, 500</td>
<td><div><pre>java.lang.AssertionError: Response time of GetAllProducts call more than: 500 expected [true] but found [false]
	at in.shark.online.web.test.catalogue.master.TestGetAllProductsApiTestNg.testGetAllProductstLoad(TestGetAllProductsApiTestNg.java:71)
	at org.springframework.test.context.testng.AbstractTestNGSpringContextTests.run(AbstractTestNGSpringContextTests.java:180)
	at java.util.concurrent.FutureTask.run(FutureTask.java:266)
	at java.util.concurrent.ThreadPoolExecutor.runWorker(ThreadPoolExecutor.java:1149)
	at java.util.concurrent.ThreadPoolExecutor$Worker.run(ThreadPoolExecutor.java:624)
	at java.lang.Thread.run(Thread.java:748)
... Removed 19 stack frames</pre></div><a href='#' onClick='toggleBox("stack-trace2077134704", this, "Click to show all stack frames", "Click to hide stack frames")'>Click to show all stack frames</a>
<div class='stack-trace' id='stack-trace2077134704'><pre>java.lang.AssertionError: Response time of GetAllProducts call more than: 500 expected [true] but found [false]
	at org.testng.Assert.fail(Assert.java:94)
	at org.testng.Assert.failNotEquals(Assert.java:494)
	at org.testng.Assert.assertTrue(Assert.java:42)
	at in.shark.online.web.test.catalogue.master.TestGetAllProductsApiTestNg.testGetAllProductstLoad(TestGetAllProductsApiTestNg.java:71)
	at sun.reflect.NativeMethodAccessorImpl.invoke0(Native Method)
	at sun.reflect.NativeMethodAccessorImpl.invoke(NativeMethodAccessorImpl.java:62)
	at sun.reflect.DelegatingMethodAccessorImpl.invoke(DelegatingMethodAccessorImpl.java:43)
	at java.lang.reflect.Method.invoke(Method.java:498)
	at org.testng.internal.MethodInvocationHelper.invokeMethod(MethodInvocationHelper.java:80)
	at org.testng.internal.MethodInvocationHelper$1.runTestMethod(MethodInvocationHelper.java:182)
	at org.springframework.test.context.testng.AbstractTestNGSpringContextTests.run(AbstractTestNGSpringContextTests.java:180)
	at sun.reflect.GeneratedMethodAccessor20.invoke(Unknown Source)
	at sun.reflect.DelegatingMethodAccessorImpl.invoke(DelegatingMethodAccessorImpl.java:43)
	at java.lang.reflect.Method.invoke(Method.java:498)
	at org.testng.internal.MethodInvocationHelper.invokeHookable(MethodInvocationHelper.java:194)
	at org.testng.internal.Invoker.invokeMethod(Invoker.java:707)
	at org.testng.internal.Invoker.invokeTestMethod(Invoker.java:901)
	at org.testng.internal.Invoker.invokeTestMethods(Invoker.java:1231)
	at org.testng.internal.TestMethodWorker.invokeTestMethods(TestMethodWorker.java:127)
	at org.testng.internal.TestMethodWorker.run(TestMethodWorker.java:111)
	at org.testng.internal.thread.ThreadUtil$2.call(ThreadUtil.java:64)
	at java.util.concurrent.FutureTask.run(FutureTask.java:266)
	at java.util.concurrent.ThreadPoolExecutor.runWorker(ThreadPoolExecutor.java:1149)
	at java.util.concurrent.ThreadPoolExecutor$Worker.run(ThreadPoolExecutor.java:624)
	at java.lang.Thread.run(Thread.java:748)
</pre></div></td>
<td>1</td>
<td>in.shark.online.web.test.catalogue.master.TestGetAllProductsApiTestNg@1dac5ef</td></tr>
<tr>
<td title='in.shark.online.web.test.catalogue.master.TestGetAllProductsApiTestNg.testGetAllProductstLoad()'><b>testGetAllProductstLoad</b><br>Test class: in.shark.online.web.test.catalogue.master.TestGetAllProductsApiTestNg<br>Parameters: 1234567, /api/catalogue-master/getAllProducts, 1, 500</td>
<td><div><pre>java.lang.AssertionError: Response time of GetAllProducts call more than: 500 expected [true] but found [false]
	at in.shark.online.web.test.catalogue.master.TestGetAllProductsApiTestNg.testGetAllProductstLoad(TestGetAllProductsApiTestNg.java:71)
	at org.springframework.test.context.testng.AbstractTestNGSpringContextTests.run(AbstractTestNGSpringContextTests.java:180)
	at java.util.concurrent.FutureTask.run(FutureTask.java:266)
	at java.util.concurrent.ThreadPoolExecutor.runWorker(ThreadPoolExecutor.java:1149)
	at java.util.concurrent.ThreadPoolExecutor$Worker.run(ThreadPoolExecutor.java:624)
	at java.lang.Thread.run(Thread.java:748)
... Removed 18 stack frames</pre></div><a href='#' onClick='toggleBox("stack-trace170984761", this, "Click to show all stack frames", "Click to hide stack frames")'>Click to show all stack frames</a>
<div class='stack-trace' id='stack-trace170984761'><pre>java.lang.AssertionError: Response time of GetAllProducts call more than: 500 expected [true] but found [false]
	at org.testng.Assert.fail(Assert.java:94)
	at org.testng.Assert.failNotEquals(Assert.java:494)
	at org.testng.Assert.assertTrue(Assert.java:42)
	at in.shark.online.web.test.catalogue.master.TestGetAllProductsApiTestNg.testGetAllProductstLoad(TestGetAllProductsApiTestNg.java:71)
	at sun.reflect.GeneratedMethodAccessor21.invoke(Unknown Source)
	at sun.reflect.DelegatingMethodAccessorImpl.invoke(DelegatingMethodAccessorImpl.java:43)
	at java.lang.reflect.Method.invoke(Method.java:498)
	at org.testng.internal.MethodInvocationHelper.invokeMethod(MethodInvocationHelper.java:80)
	at org.testng.internal.MethodInvocationHelper$1.runTestMethod(MethodInvocationHelper.java:182)
	at org.springframework.test.context.testng.AbstractTestNGSpringContextTests.run(AbstractTestNGSpringContextTests.java:180)
	at sun.reflect.GeneratedMethodAccessor20.invoke(Unknown Source)
	at sun.reflect.DelegatingMethodAccessorImpl.invoke(DelegatingMethodAccessorImpl.java:43)
	at java.lang.reflect.Method.invoke(Method.java:498)
	at org.testng.internal.MethodInvocationHelper.invokeHookable(MethodInvocationHelper.java:194)
	at org.testng.internal.Invoker.invokeMethod(Invoker.java:707)
	at org.testng.internal.Invoker.invokeTestMethod(Invoker.java:901)
	at org.testng.internal.Invoker.invokeTestMethods(Invoker.java:1231)
	at org.testng.internal.TestMethodWorker.invokeTestMethods(TestMethodWorker.java:127)
	at org.testng.internal.TestMethodWorker.run(TestMethodWorker.java:111)
	at org.testng.internal.thread.ThreadUtil$2.call(ThreadUtil.java:64)
	at java.util.concurrent.FutureTask.run(FutureTask.java:266)
	at java.util.concurrent.ThreadPoolExecutor.runWorker(ThreadPoolExecutor.java:1149)
	at java.util.concurrent.ThreadPoolExecutor$Worker.run(ThreadPoolExecutor.java:624)
	at java.lang.Thread.run(Thread.java:748)
</pre></div></td>
<td>0</td>
<td>in.shark.online.web.test.catalogue.master.TestGetAllProductsApiTestNg@1dac5ef</td></tr>
<tr>
<td title='in.shark.online.web.test.catalogue.master.TestGetAllProductsApiTestNg.testGetAllProductstLoad()'><b>testGetAllProductstLoad</b><br>Test class: in.shark.online.web.test.catalogue.master.TestGetAllProductsApiTestNg<br>Parameters: 1234567, /api/catalogue-master/getAllProducts, 1, 500</td>
<td><div><pre>java.lang.AssertionError: Response time of GetAllProducts call more than: 500 expected [true] but found [false]
	at in.shark.online.web.test.catalogue.master.TestGetAllProductsApiTestNg.testGetAllProductstLoad(TestGetAllProductsApiTestNg.java:71)
	at org.springframework.test.context.testng.AbstractTestNGSpringContextTests.run(AbstractTestNGSpringContextTests.java:180)
	at java.util.concurrent.FutureTask.run(FutureTask.java:266)
	at java.util.concurrent.ThreadPoolExecutor.runWorker(ThreadPoolExecutor.java:1149)
	at java.util.concurrent.ThreadPoolExecutor$Worker.run(ThreadPoolExecutor.java:624)
	at java.lang.Thread.run(Thread.java:748)
... Removed 18 stack frames</pre></div><a href='#' onClick='toggleBox("stack-trace460514438", this, "Click to show all stack frames", "Click to hide stack frames")'>Click to show all stack frames</a>
<div class='stack-trace' id='stack-trace460514438'><pre>java.lang.AssertionError: Response time of GetAllProducts call more than: 500 expected [true] but found [false]
	at org.testng.Assert.fail(Assert.java:94)
	at org.testng.Assert.failNotEquals(Assert.java:494)
	at org.testng.Assert.assertTrue(Assert.java:42)
	at in.shark.online.web.test.catalogue.master.TestGetAllProductsApiTestNg.testGetAllProductstLoad(TestGetAllProductsApiTestNg.java:71)
	at sun.reflect.GeneratedMethodAccessor21.invoke(Unknown Source)
	at sun.reflect.DelegatingMethodAccessorImpl.invoke(DelegatingMethodAccessorImpl.java:43)
	at java.lang.reflect.Method.invoke(Method.java:498)
	at org.testng.internal.MethodInvocationHelper.invokeMethod(MethodInvocationHelper.java:80)
	at org.testng.internal.MethodInvocationHelper$1.runTestMethod(MethodInvocationHelper.java:182)
	at org.springframework.test.context.testng.AbstractTestNGSpringContextTests.run(AbstractTestNGSpringContextTests.java:180)
	at sun.reflect.GeneratedMethodAccessor20.invoke(Unknown Source)
	at sun.reflect.DelegatingMethodAccessorImpl.invoke(DelegatingMethodAccessorImpl.java:43)
	at java.lang.reflect.Method.invoke(Method.java:498)
	at org.testng.internal.MethodInvocationHelper.invokeHookable(MethodInvocationHelper.java:194)
	at org.testng.internal.Invoker.invokeMethod(Invoker.java:707)
	at org.testng.internal.Invoker.invokeTestMethod(Invoker.java:901)
	at org.testng.internal.Invoker.invokeTestMethods(Invoker.java:1231)
	at org.testng.internal.TestMethodWorker.invokeTestMethods(TestMethodWorker.java:127)
	at org.testng.internal.TestMethodWorker.run(TestMethodWorker.java:111)
	at org.testng.internal.thread.ThreadUtil$2.call(ThreadUtil.java:64)
	at java.util.concurrent.FutureTask.run(FutureTask.java:266)
	at java.util.concurrent.ThreadPoolExecutor.runWorker(ThreadPoolExecutor.java:1149)
	at java.util.concurrent.ThreadPoolExecutor$Worker.run(ThreadPoolExecutor.java:624)
	at java.lang.Thread.run(Thread.java:748)
</pre></div></td>
<td>1</td>
<td>in.shark.online.web.test.catalogue.master.TestGetAllProductsApiTestNg@1dac5ef</td></tr>
<tr>
<td title='in.shark.online.web.test.catalogue.master.TestGetAllProductsApiTestNg.testGetAllProductstLoad()'><b>testGetAllProductstLoad</b><br>Test class: in.shark.online.web.test.catalogue.master.TestGetAllProductsApiTestNg<br>Parameters: 1234567, /api/catalogue-master/getAllProducts, 1, 500</td>
<td><div><pre>java.lang.AssertionError: Response time of GetAllProducts call more than: 500 expected [true] but found [false]
	at in.shark.online.web.test.catalogue.master.TestGetAllProductsApiTestNg.testGetAllProductstLoad(TestGetAllProductsApiTestNg.java:71)
	at org.springframework.test.context.testng.AbstractTestNGSpringContextTests.run(AbstractTestNGSpringContextTests.java:180)
	at java.util.concurrent.FutureTask.run(FutureTask.java:266)
	at java.util.concurrent.ThreadPoolExecutor.runWorker(ThreadPoolExecutor.java:1149)
	at java.util.concurrent.ThreadPoolExecutor$Worker.run(ThreadPoolExecutor.java:624)
	at java.lang.Thread.run(Thread.java:748)
... Removed 18 stack frames</pre></div><a href='#' onClick='toggleBox("stack-trace1707465656", this, "Click to show all stack frames", "Click to hide stack frames")'>Click to show all stack frames</a>
<div class='stack-trace' id='stack-trace1707465656'><pre>java.lang.AssertionError: Response time of GetAllProducts call more than: 500 expected [true] but found [false]
	at org.testng.Assert.fail(Assert.java:94)
	at org.testng.Assert.failNotEquals(Assert.java:494)
	at org.testng.Assert.assertTrue(Assert.java:42)
	at in.shark.online.web.test.catalogue.master.TestGetAllProductsApiTestNg.testGetAllProductstLoad(TestGetAllProductsApiTestNg.java:71)
	at sun.reflect.GeneratedMethodAccessor21.invoke(Unknown Source)
	at sun.reflect.DelegatingMethodAccessorImpl.invoke(DelegatingMethodAccessorImpl.java:43)
	at java.lang.reflect.Method.invoke(Method.java:498)
	at org.testng.internal.MethodInvocationHelper.invokeMethod(MethodInvocationHelper.java:80)
	at org.testng.internal.MethodInvocationHelper$1.runTestMethod(MethodInvocationHelper.java:182)
	at org.springframework.test.context.testng.AbstractTestNGSpringContextTests.run(AbstractTestNGSpringContextTests.java:180)
	at sun.reflect.GeneratedMethodAccessor20.invoke(Unknown Source)
	at sun.reflect.DelegatingMethodAccessorImpl.invoke(DelegatingMethodAccessorImpl.java:43)
	at java.lang.reflect.Method.invoke(Method.java:498)
	at org.testng.internal.MethodInvocationHelper.invokeHookable(MethodInvocationHelper.java:194)
	at org.testng.internal.Invoker.invokeMethod(Invoker.java:707)
	at org.testng.internal.Invoker.invokeTestMethod(Invoker.java:901)
	at org.testng.internal.Invoker.invokeTestMethods(Invoker.java:1231)
	at org.testng.internal.TestMethodWorker.invokeTestMethods(TestMethodWorker.java:127)
	at org.testng.internal.TestMethodWorker.run(TestMethodWorker.java:111)
	at org.testng.internal.thread.ThreadUtil$2.call(ThreadUtil.java:64)
	at java.util.concurrent.FutureTask.run(FutureTask.java:266)
	at java.util.concurrent.ThreadPoolExecutor.runWorker(ThreadPoolExecutor.java:1149)
	at java.util.concurrent.ThreadPoolExecutor$Worker.run(ThreadPoolExecutor.java:624)
	at java.lang.Thread.run(Thread.java:748)
</pre></div></td>
<td>0</td>
<td>in.shark.online.web.test.catalogue.master.TestGetAllProductsApiTestNg@1dac5ef</td></tr>
<tr>
<td title='in.shark.online.web.test.catalogue.master.TestGetAllProductsApiTestNg.testGetAllProductstLoad()'><b>testGetAllProductstLoad</b><br>Test class: in.shark.online.web.test.catalogue.master.TestGetAllProductsApiTestNg<br>Parameters: 1234567, /api/catalogue-master/getAllProducts, 1, 500</td>
<td><div><pre>java.lang.AssertionError: Response time of GetAllProducts call more than: 500 expected [true] but found [false]
	at in.shark.online.web.test.catalogue.master.TestGetAllProductsApiTestNg.testGetAllProductstLoad(TestGetAllProductsApiTestNg.java:71)
	at org.springframework.test.context.testng.AbstractTestNGSpringContextTests.run(AbstractTestNGSpringContextTests.java:180)
	at java.util.concurrent.FutureTask.run(FutureTask.java:266)
	at java.util.concurrent.ThreadPoolExecutor.runWorker(ThreadPoolExecutor.java:1149)
	at java.util.concurrent.ThreadPoolExecutor$Worker.run(ThreadPoolExecutor.java:624)
	at java.lang.Thread.run(Thread.java:748)
... Removed 18 stack frames</pre></div><a href='#' onClick='toggleBox("stack-trace133002851", this, "Click to show all stack frames", "Click to hide stack frames")'>Click to show all stack frames</a>
<div class='stack-trace' id='stack-trace133002851'><pre>java.lang.AssertionError: Response time of GetAllProducts call more than: 500 expected [true] but found [false]
	at org.testng.Assert.fail(Assert.java:94)
	at org.testng.Assert.failNotEquals(Assert.java:494)
	at org.testng.Assert.assertTrue(Assert.java:42)
	at in.shark.online.web.test.catalogue.master.TestGetAllProductsApiTestNg.testGetAllProductstLoad(TestGetAllProductsApiTestNg.java:71)
	at sun.reflect.GeneratedMethodAccessor21.invoke(Unknown Source)
	at sun.reflect.DelegatingMethodAccessorImpl.invoke(DelegatingMethodAccessorImpl.java:43)
	at java.lang.reflect.Method.invoke(Method.java:498)
	at org.testng.internal.MethodInvocationHelper.invokeMethod(MethodInvocationHelper.java:80)
	at org.testng.internal.MethodInvocationHelper$1.runTestMethod(MethodInvocationHelper.java:182)
	at org.springframework.test.context.testng.AbstractTestNGSpringContextTests.run(AbstractTestNGSpringContextTests.java:180)
	at sun.reflect.GeneratedMethodAccessor20.invoke(Unknown Source)
	at sun.reflect.DelegatingMethodAccessorImpl.invoke(DelegatingMethodAccessorImpl.java:43)
	at java.lang.reflect.Method.invoke(Method.java:498)
	at org.testng.internal.MethodInvocationHelper.invokeHookable(MethodInvocationHelper.java:194)
	at org.testng.internal.Invoker.invokeMethod(Invoker.java:707)
	at org.testng.internal.Invoker.invokeTestMethod(Invoker.java:901)
	at org.testng.internal.Invoker.invokeTestMethods(Invoker.java:1231)
	at org.testng.internal.TestMethodWorker.invokeTestMethods(TestMethodWorker.java:127)
	at org.testng.internal.TestMethodWorker.run(TestMethodWorker.java:111)
	at org.testng.internal.thread.ThreadUtil$2.call(ThreadUtil.java:64)
	at java.util.concurrent.FutureTask.run(FutureTask.java:266)
	at java.util.concurrent.ThreadPoolExecutor.runWorker(ThreadPoolExecutor.java:1149)
	at java.util.concurrent.ThreadPoolExecutor$Worker.run(ThreadPoolExecutor.java:624)
	at java.lang.Thread.run(Thread.java:748)
</pre></div></td>
<td>0</td>
<td>in.shark.online.web.test.catalogue.master.TestGetAllProductsApiTestNg@1dac5ef</td></tr>
<tr>
<td title='in.shark.online.web.test.catalogue.master.TestGetAllProductsApiTestNg.testGetAllProductstLoad()'><b>testGetAllProductstLoad</b><br>Test class: in.shark.online.web.test.catalogue.master.TestGetAllProductsApiTestNg<br>Parameters: 1234567, /api/catalogue-master/getAllProducts, 1, 500</td>
<td><div><pre>java.lang.AssertionError: Response time of GetAllProducts call more than: 500 expected [true] but found [false]
	at in.shark.online.web.test.catalogue.master.TestGetAllProductsApiTestNg.testGetAllProductstLoad(TestGetAllProductsApiTestNg.java:71)
	at org.springframework.test.context.testng.AbstractTestNGSpringContextTests.run(AbstractTestNGSpringContextTests.java:180)
	at java.util.concurrent.FutureTask.run(FutureTask.java:266)
	at java.util.concurrent.ThreadPoolExecutor.runWorker(ThreadPoolExecutor.java:1149)
	at java.util.concurrent.ThreadPoolExecutor$Worker.run(ThreadPoolExecutor.java:624)
	at java.lang.Thread.run(Thread.java:748)
... Removed 18 stack frames</pre></div><a href='#' onClick='toggleBox("stack-trace1394685267", this, "Click to show all stack frames", "Click to hide stack frames")'>Click to show all stack frames</a>
<div class='stack-trace' id='stack-trace1394685267'><pre>java.lang.AssertionError: Response time of GetAllProducts call more than: 500 expected [true] but found [false]
	at org.testng.Assert.fail(Assert.java:94)
	at org.testng.Assert.failNotEquals(Assert.java:494)
	at org.testng.Assert.assertTrue(Assert.java:42)
	at in.shark.online.web.test.catalogue.master.TestGetAllProductsApiTestNg.testGetAllProductstLoad(TestGetAllProductsApiTestNg.java:71)
	at sun.reflect.GeneratedMethodAccessor21.invoke(Unknown Source)
	at sun.reflect.DelegatingMethodAccessorImpl.invoke(DelegatingMethodAccessorImpl.java:43)
	at java.lang.reflect.Method.invoke(Method.java:498)
	at org.testng.internal.MethodInvocationHelper.invokeMethod(MethodInvocationHelper.java:80)
	at org.testng.internal.MethodInvocationHelper$1.runTestMethod(MethodInvocationHelper.java:182)
	at org.springframework.test.context.testng.AbstractTestNGSpringContextTests.run(AbstractTestNGSpringContextTests.java:180)
	at sun.reflect.GeneratedMethodAccessor20.invoke(Unknown Source)
	at sun.reflect.DelegatingMethodAccessorImpl.invoke(DelegatingMethodAccessorImpl.java:43)
	at java.lang.reflect.Method.invoke(Method.java:498)
	at org.testng.internal.MethodInvocationHelper.invokeHookable(MethodInvocationHelper.java:194)
	at org.testng.internal.Invoker.invokeMethod(Invoker.java:707)
	at org.testng.internal.Invoker.invokeTestMethod(Invoker.java:901)
	at org.testng.internal.Invoker.invokeTestMethods(Invoker.java:1231)
	at org.testng.internal.TestMethodWorker.invokeTestMethods(TestMethodWorker.java:127)
	at org.testng.internal.TestMethodWorker.run(TestMethodWorker.java:111)
	at org.testng.internal.thread.ThreadUtil$2.call(ThreadUtil.java:64)
	at java.util.concurrent.FutureTask.run(FutureTask.java:266)
	at java.util.concurrent.ThreadPoolExecutor.runWorker(ThreadPoolExecutor.java:1149)
	at java.util.concurrent.ThreadPoolExecutor$Worker.run(ThreadPoolExecutor.java:624)
	at java.lang.Thread.run(Thread.java:748)
</pre></div></td>
<td>0</td>
<td>in.shark.online.web.test.catalogue.master.TestGetAllProductsApiTestNg@1dac5ef</td></tr>
<tr>
<td title='in.shark.online.web.test.catalogue.master.TestGetAllProductsApiTestNg.testGetAllProductstLoad()'><b>testGetAllProductstLoad</b><br>Test class: in.shark.online.web.test.catalogue.master.TestGetAllProductsApiTestNg<br>Parameters: 1234567, /api/catalogue-master/getAllProducts, 1, 500</td>
<td><div><pre>java.lang.AssertionError: Response time of GetAllProducts call more than: 500 expected [true] but found [false]
	at in.shark.online.web.test.catalogue.master.TestGetAllProductsApiTestNg.testGetAllProductstLoad(TestGetAllProductsApiTestNg.java:71)
	at org.springframework.test.context.testng.AbstractTestNGSpringContextTests.run(AbstractTestNGSpringContextTests.java:180)
	at java.util.concurrent.FutureTask.run(FutureTask.java:266)
	at java.util.concurrent.ThreadPoolExecutor.runWorker(ThreadPoolExecutor.java:1149)
	at java.util.concurrent.ThreadPoolExecutor$Worker.run(ThreadPoolExecutor.java:624)
	at java.lang.Thread.run(Thread.java:748)
... Removed 18 stack frames</pre></div><a href='#' onClick='toggleBox("stack-trace1051793998", this, "Click to show all stack frames", "Click to hide stack frames")'>Click to show all stack frames</a>
<div class='stack-trace' id='stack-trace1051793998'><pre>java.lang.AssertionError: Response time of GetAllProducts call more than: 500 expected [true] but found [false]
	at org.testng.Assert.fail(Assert.java:94)
	at org.testng.Assert.failNotEquals(Assert.java:494)
	at org.testng.Assert.assertTrue(Assert.java:42)
	at in.shark.online.web.test.catalogue.master.TestGetAllProductsApiTestNg.testGetAllProductstLoad(TestGetAllProductsApiTestNg.java:71)
	at sun.reflect.GeneratedMethodAccessor21.invoke(Unknown Source)
	at sun.reflect.DelegatingMethodAccessorImpl.invoke(DelegatingMethodAccessorImpl.java:43)
	at java.lang.reflect.Method.invoke(Method.java:498)
	at org.testng.internal.MethodInvocationHelper.invokeMethod(MethodInvocationHelper.java:80)
	at org.testng.internal.MethodInvocationHelper$1.runTestMethod(MethodInvocationHelper.java:182)
	at org.springframework.test.context.testng.AbstractTestNGSpringContextTests.run(AbstractTestNGSpringContextTests.java:180)
	at sun.reflect.GeneratedMethodAccessor20.invoke(Unknown Source)
	at sun.reflect.DelegatingMethodAccessorImpl.invoke(DelegatingMethodAccessorImpl.java:43)
	at java.lang.reflect.Method.invoke(Method.java:498)
	at org.testng.internal.MethodInvocationHelper.invokeHookable(MethodInvocationHelper.java:194)
	at org.testng.internal.Invoker.invokeMethod(Invoker.java:707)
	at org.testng.internal.Invoker.invokeTestMethod(Invoker.java:901)
	at org.testng.internal.Invoker.invokeTestMethods(Invoker.java:1231)
	at org.testng.internal.TestMethodWorker.invokeTestMethods(TestMethodWorker.java:127)
	at org.testng.internal.TestMethodWorker.run(TestMethodWorker.java:111)
	at org.testng.internal.thread.ThreadUtil$2.call(ThreadUtil.java:64)
	at java.util.concurrent.FutureTask.run(FutureTask.java:266)
	at java.util.concurrent.ThreadPoolExecutor.runWorker(ThreadPoolExecutor.java:1149)
	at java.util.concurrent.ThreadPoolExecutor$Worker.run(ThreadPoolExecutor.java:624)
	at java.lang.Thread.run(Thread.java:748)
</pre></div></td>
<td>0</td>
<td>in.shark.online.web.test.catalogue.master.TestGetAllProductsApiTestNg@1dac5ef</td></tr>
<tr>
<td title='in.shark.online.web.test.catalogue.master.TestGetAllProductsApiTestNg.testGetAllProductstLoad()'><b>testGetAllProductstLoad</b><br>Test class: in.shark.online.web.test.catalogue.master.TestGetAllProductsApiTestNg<br>Parameters: 1234567, /api/catalogue-master/getAllProducts, 1, 500</td>
<td><div><pre>java.lang.AssertionError: Response time of GetAllProducts call more than: 500 expected [true] but found [false]
	at in.shark.online.web.test.catalogue.master.TestGetAllProductsApiTestNg.testGetAllProductstLoad(TestGetAllProductsApiTestNg.java:71)
	at org.springframework.test.context.testng.AbstractTestNGSpringContextTests.run(AbstractTestNGSpringContextTests.java:180)
	at java.util.concurrent.FutureTask.run(FutureTask.java:266)
	at java.util.concurrent.ThreadPoolExecutor.runWorker(ThreadPoolExecutor.java:1149)
	at java.util.concurrent.ThreadPoolExecutor$Worker.run(ThreadPoolExecutor.java:624)
	at java.lang.Thread.run(Thread.java:748)
... Removed 18 stack frames</pre></div><a href='#' onClick='toggleBox("stack-trace261399183", this, "Click to show all stack frames", "Click to hide stack frames")'>Click to show all stack frames</a>
<div class='stack-trace' id='stack-trace261399183'><pre>java.lang.AssertionError: Response time of GetAllProducts call more than: 500 expected [true] but found [false]
	at org.testng.Assert.fail(Assert.java:94)
	at org.testng.Assert.failNotEquals(Assert.java:494)
	at org.testng.Assert.assertTrue(Assert.java:42)
	at in.shark.online.web.test.catalogue.master.TestGetAllProductsApiTestNg.testGetAllProductstLoad(TestGetAllProductsApiTestNg.java:71)
	at sun.reflect.GeneratedMethodAccessor21.invoke(Unknown Source)
	at sun.reflect.DelegatingMethodAccessorImpl.invoke(DelegatingMethodAccessorImpl.java:43)
	at java.lang.reflect.Method.invoke(Method.java:498)
	at org.testng.internal.MethodInvocationHelper.invokeMethod(MethodInvocationHelper.java:80)
	at org.testng.internal.MethodInvocationHelper$1.runTestMethod(MethodInvocationHelper.java:182)
	at org.springframework.test.context.testng.AbstractTestNGSpringContextTests.run(AbstractTestNGSpringContextTests.java:180)
	at sun.reflect.GeneratedMethodAccessor20.invoke(Unknown Source)
	at sun.reflect.DelegatingMethodAccessorImpl.invoke(DelegatingMethodAccessorImpl.java:43)
	at java.lang.reflect.Method.invoke(Method.java:498)
	at org.testng.internal.MethodInvocationHelper.invokeHookable(MethodInvocationHelper.java:194)
	at org.testng.internal.Invoker.invokeMethod(Invoker.java:707)
	at org.testng.internal.Invoker.invokeTestMethod(Invoker.java:901)
	at org.testng.internal.Invoker.invokeTestMethods(Invoker.java:1231)
	at org.testng.internal.TestMethodWorker.invokeTestMethods(TestMethodWorker.java:127)
	at org.testng.internal.TestMethodWorker.run(TestMethodWorker.java:111)
	at org.testng.internal.thread.ThreadUtil$2.call(ThreadUtil.java:64)
	at java.util.concurrent.FutureTask.run(FutureTask.java:266)
	at java.util.concurrent.ThreadPoolExecutor.runWorker(ThreadPoolExecutor.java:1149)
	at java.util.concurrent.ThreadPoolExecutor$Worker.run(ThreadPoolExecutor.java:624)
	at java.lang.Thread.run(Thread.java:748)
</pre></div></td>
<td>0</td>
<td>in.shark.online.web.test.catalogue.master.TestGetAllProductsApiTestNg@1dac5ef</td></tr>
<tr>
<td title='in.shark.online.web.test.catalogue.master.TestGetAllProductsApiTestNg.testGetAllProductstLoad()'><b>testGetAllProductstLoad</b><br>Test class: in.shark.online.web.test.catalogue.master.TestGetAllProductsApiTestNg<br>Parameters: 1234567, /api/catalogue-master/getAllProducts, 1, 500</td>
<td><div><pre>java.lang.AssertionError: Response time of GetAllProducts call more than: 500 expected [true] but found [false]
	at in.shark.online.web.test.catalogue.master.TestGetAllProductsApiTestNg.testGetAllProductstLoad(TestGetAllProductsApiTestNg.java:71)
	at org.springframework.test.context.testng.AbstractTestNGSpringContextTests.run(AbstractTestNGSpringContextTests.java:180)
	at java.util.concurrent.FutureTask.run(FutureTask.java:266)
	at java.util.concurrent.ThreadPoolExecutor.runWorker(ThreadPoolExecutor.java:1149)
	at java.util.concurrent.ThreadPoolExecutor$Worker.run(ThreadPoolExecutor.java:624)
	at java.lang.Thread.run(Thread.java:748)
... Removed 18 stack frames</pre></div><a href='#' onClick='toggleBox("stack-trace818064885", this, "Click to show all stack frames", "Click to hide stack frames")'>Click to show all stack frames</a>
<div class='stack-trace' id='stack-trace818064885'><pre>java.lang.AssertionError: Response time of GetAllProducts call more than: 500 expected [true] but found [false]
	at org.testng.Assert.fail(Assert.java:94)
	at org.testng.Assert.failNotEquals(Assert.java:494)
	at org.testng.Assert.assertTrue(Assert.java:42)
	at in.shark.online.web.test.catalogue.master.TestGetAllProductsApiTestNg.testGetAllProductstLoad(TestGetAllProductsApiTestNg.java:71)
	at sun.reflect.GeneratedMethodAccessor21.invoke(Unknown Source)
	at sun.reflect.DelegatingMethodAccessorImpl.invoke(DelegatingMethodAccessorImpl.java:43)
	at java.lang.reflect.Method.invoke(Method.java:498)
	at org.testng.internal.MethodInvocationHelper.invokeMethod(MethodInvocationHelper.java:80)
	at org.testng.internal.MethodInvocationHelper$1.runTestMethod(MethodInvocationHelper.java:182)
	at org.springframework.test.context.testng.AbstractTestNGSpringContextTests.run(AbstractTestNGSpringContextTests.java:180)
	at sun.reflect.GeneratedMethodAccessor20.invoke(Unknown Source)
	at sun.reflect.DelegatingMethodAccessorImpl.invoke(DelegatingMethodAccessorImpl.java:43)
	at java.lang.reflect.Method.invoke(Method.java:498)
	at org.testng.internal.MethodInvocationHelper.invokeHookable(MethodInvocationHelper.java:194)
	at org.testng.internal.Invoker.invokeMethod(Invoker.java:707)
	at org.testng.internal.Invoker.invokeTestMethod(Invoker.java:901)
	at org.testng.internal.Invoker.invokeTestMethods(Invoker.java:1231)
	at org.testng.internal.TestMethodWorker.invokeTestMethods(TestMethodWorker.java:127)
	at org.testng.internal.TestMethodWorker.run(TestMethodWorker.java:111)
	at org.testng.internal.thread.ThreadUtil$2.call(ThreadUtil.java:64)
	at java.util.concurrent.FutureTask.run(FutureTask.java:266)
	at java.util.concurrent.ThreadPoolExecutor.runWorker(ThreadPoolExecutor.java:1149)
	at java.util.concurrent.ThreadPoolExecutor$Worker.run(ThreadPoolExecutor.java:624)
	at java.lang.Thread.run(Thread.java:748)
</pre></div></td>
<td>0</td>
<td>in.shark.online.web.test.catalogue.master.TestGetAllProductsApiTestNg@1dac5ef</td></tr>
<tr>
<td title='in.shark.online.web.test.catalogue.master.TestGetAllProductsApiTestNg.testGetAllProductstLoad()'><b>testGetAllProductstLoad</b><br>Test class: in.shark.online.web.test.catalogue.master.TestGetAllProductsApiTestNg<br>Parameters: 1234567, /api/catalogue-master/getAllProducts, 1, 500</td>
<td><div><pre>java.lang.AssertionError: Response time of GetAllProducts call more than: 500 expected [true] but found [false]
	at in.shark.online.web.test.catalogue.master.TestGetAllProductsApiTestNg.testGetAllProductstLoad(TestGetAllProductsApiTestNg.java:71)
	at org.springframework.test.context.testng.AbstractTestNGSpringContextTests.run(AbstractTestNGSpringContextTests.java:180)
	at java.util.concurrent.FutureTask.run(FutureTask.java:266)
	at java.util.concurrent.ThreadPoolExecutor.runWorker(ThreadPoolExecutor.java:1149)
	at java.util.concurrent.ThreadPoolExecutor$Worker.run(ThreadPoolExecutor.java:624)
	at java.lang.Thread.run(Thread.java:748)
... Removed 18 stack frames</pre></div><a href='#' onClick='toggleBox("stack-trace648370710", this, "Click to show all stack frames", "Click to hide stack frames")'>Click to show all stack frames</a>
<div class='stack-trace' id='stack-trace648370710'><pre>java.lang.AssertionError: Response time of GetAllProducts call more than: 500 expected [true] but found [false]
	at org.testng.Assert.fail(Assert.java:94)
	at org.testng.Assert.failNotEquals(Assert.java:494)
	at org.testng.Assert.assertTrue(Assert.java:42)
	at in.shark.online.web.test.catalogue.master.TestGetAllProductsApiTestNg.testGetAllProductstLoad(TestGetAllProductsApiTestNg.java:71)
	at sun.reflect.GeneratedMethodAccessor21.invoke(Unknown Source)
	at sun.reflect.DelegatingMethodAccessorImpl.invoke(DelegatingMethodAccessorImpl.java:43)
	at java.lang.reflect.Method.invoke(Method.java:498)
	at org.testng.internal.MethodInvocationHelper.invokeMethod(MethodInvocationHelper.java:80)
	at org.testng.internal.MethodInvocationHelper$1.runTestMethod(MethodInvocationHelper.java:182)
	at org.springframework.test.context.testng.AbstractTestNGSpringContextTests.run(AbstractTestNGSpringContextTests.java:180)
	at sun.reflect.GeneratedMethodAccessor20.invoke(Unknown Source)
	at sun.reflect.DelegatingMethodAccessorImpl.invoke(DelegatingMethodAccessorImpl.java:43)
	at java.lang.reflect.Method.invoke(Method.java:498)
	at org.testng.internal.MethodInvocationHelper.invokeHookable(MethodInvocationHelper.java:194)
	at org.testng.internal.Invoker.invokeMethod(Invoker.java:707)
	at org.testng.internal.Invoker.invokeTestMethod(Invoker.java:901)
	at org.testng.internal.Invoker.invokeTestMethods(Invoker.java:1231)
	at org.testng.internal.TestMethodWorker.invokeTestMethods(TestMethodWorker.java:127)
	at org.testng.internal.TestMethodWorker.run(TestMethodWorker.java:111)
	at org.testng.internal.thread.ThreadUtil$2.call(ThreadUtil.java:64)
	at java.util.concurrent.FutureTask.run(FutureTask.java:266)
	at java.util.concurrent.ThreadPoolExecutor.runWorker(ThreadPoolExecutor.java:1149)
	at java.util.concurrent.ThreadPoolExecutor$Worker.run(ThreadPoolExecutor.java:624)
	at java.lang.Thread.run(Thread.java:748)
</pre></div></td>
<td>0</td>
<td>in.shark.online.web.test.catalogue.master.TestGetAllProductsApiTestNg@1dac5ef</td></tr>
<tr>
<td title='in.shark.online.web.test.catalogue.master.TestGetAllProductsApiTestNg.testGetAllProductstLoad()'><b>testGetAllProductstLoad</b><br>Test class: in.shark.online.web.test.catalogue.master.TestGetAllProductsApiTestNg<br>Parameters: 1234567, /api/catalogue-master/getAllProducts, 1, 500</td>
<td><div><pre>java.lang.AssertionError: Response time of GetAllProducts call more than: 500 expected [true] but found [false]
	at in.shark.online.web.test.catalogue.master.TestGetAllProductsApiTestNg.testGetAllProductstLoad(TestGetAllProductsApiTestNg.java:71)
	at org.springframework.test.context.testng.AbstractTestNGSpringContextTests.run(AbstractTestNGSpringContextTests.java:180)
	at java.util.concurrent.FutureTask.run(FutureTask.java:266)
	at java.util.concurrent.ThreadPoolExecutor.runWorker(ThreadPoolExecutor.java:1149)
	at java.util.concurrent.ThreadPoolExecutor$Worker.run(ThreadPoolExecutor.java:624)
	at java.lang.Thread.run(Thread.java:748)
... Removed 18 stack frames</pre></div><a href='#' onClick='toggleBox("stack-trace1617035423", this, "Click to show all stack frames", "Click to hide stack frames")'>Click to show all stack frames</a>
<div class='stack-trace' id='stack-trace1617035423'><pre>java.lang.AssertionError: Response time of GetAllProducts call more than: 500 expected [true] but found [false]
	at org.testng.Assert.fail(Assert.java:94)
	at org.testng.Assert.failNotEquals(Assert.java:494)
	at org.testng.Assert.assertTrue(Assert.java:42)
	at in.shark.online.web.test.catalogue.master.TestGetAllProductsApiTestNg.testGetAllProductstLoad(TestGetAllProductsApiTestNg.java:71)
	at sun.reflect.GeneratedMethodAccessor21.invoke(Unknown Source)
	at sun.reflect.DelegatingMethodAccessorImpl.invoke(DelegatingMethodAccessorImpl.java:43)
	at java.lang.reflect.Method.invoke(Method.java:498)
	at org.testng.internal.MethodInvocationHelper.invokeMethod(MethodInvocationHelper.java:80)
	at org.testng.internal.MethodInvocationHelper$1.runTestMethod(MethodInvocationHelper.java:182)
	at org.springframework.test.context.testng.AbstractTestNGSpringContextTests.run(AbstractTestNGSpringContextTests.java:180)
	at sun.reflect.GeneratedMethodAccessor20.invoke(Unknown Source)
	at sun.reflect.DelegatingMethodAccessorImpl.invoke(DelegatingMethodAccessorImpl.java:43)
	at java.lang.reflect.Method.invoke(Method.java:498)
	at org.testng.internal.MethodInvocationHelper.invokeHookable(MethodInvocationHelper.java:194)
	at org.testng.internal.Invoker.invokeMethod(Invoker.java:707)
	at org.testng.internal.Invoker.invokeTestMethod(Invoker.java:901)
	at org.testng.internal.Invoker.invokeTestMethods(Invoker.java:1231)
	at org.testng.internal.TestMethodWorker.invokeTestMethods(TestMethodWorker.java:127)
	at org.testng.internal.TestMethodWorker.run(TestMethodWorker.java:111)
	at org.testng.internal.thread.ThreadUtil$2.call(ThreadUtil.java:64)
	at java.util.concurrent.FutureTask.run(FutureTask.java:266)
	at java.util.concurrent.ThreadPoolExecutor.runWorker(ThreadPoolExecutor.java:1149)
	at java.util.concurrent.ThreadPoolExecutor$Worker.run(ThreadPoolExecutor.java:624)
	at java.lang.Thread.run(Thread.java:748)
</pre></div></td>
<td>0</td>
<td>in.shark.online.web.test.catalogue.master.TestGetAllProductsApiTestNg@1dac5ef</td></tr>
<tr>
<td title='in.shark.online.web.test.catalogue.master.TestGetAllProductsApiTestNg.testGetAllProductstLoad()'><b>testGetAllProductstLoad</b><br>Test class: in.shark.online.web.test.catalogue.master.TestGetAllProductsApiTestNg<br>Parameters: 1234567, /api/catalogue-master/getAllProducts, 1, 500</td>
<td><div><pre>java.lang.AssertionError: Response time of GetAllProducts call more than: 500 expected [true] but found [false]
	at in.shark.online.web.test.catalogue.master.TestGetAllProductsApiTestNg.testGetAllProductstLoad(TestGetAllProductsApiTestNg.java:71)
	at org.springframework.test.context.testng.AbstractTestNGSpringContextTests.run(AbstractTestNGSpringContextTests.java:180)
	at java.util.concurrent.FutureTask.run(FutureTask.java:266)
	at java.util.concurrent.ThreadPoolExecutor.runWorker(ThreadPoolExecutor.java:1149)
	at java.util.concurrent.ThreadPoolExecutor$Worker.run(ThreadPoolExecutor.java:624)
	at java.lang.Thread.run(Thread.java:748)
... Removed 18 stack frames</pre></div><a href='#' onClick='toggleBox("stack-trace1401247995", this, "Click to show all stack frames", "Click to hide stack frames")'>Click to show all stack frames</a>
<div class='stack-trace' id='stack-trace1401247995'><pre>java.lang.AssertionError: Response time of GetAllProducts call more than: 500 expected [true] but found [false]
	at org.testng.Assert.fail(Assert.java:94)
	at org.testng.Assert.failNotEquals(Assert.java:494)
	at org.testng.Assert.assertTrue(Assert.java:42)
	at in.shark.online.web.test.catalogue.master.TestGetAllProductsApiTestNg.testGetAllProductstLoad(TestGetAllProductsApiTestNg.java:71)
	at sun.reflect.GeneratedMethodAccessor21.invoke(Unknown Source)
	at sun.reflect.DelegatingMethodAccessorImpl.invoke(DelegatingMethodAccessorImpl.java:43)
	at java.lang.reflect.Method.invoke(Method.java:498)
	at org.testng.internal.MethodInvocationHelper.invokeMethod(MethodInvocationHelper.java:80)
	at org.testng.internal.MethodInvocationHelper$1.runTestMethod(MethodInvocationHelper.java:182)
	at org.springframework.test.context.testng.AbstractTestNGSpringContextTests.run(AbstractTestNGSpringContextTests.java:180)
	at sun.reflect.GeneratedMethodAccessor20.invoke(Unknown Source)
	at sun.reflect.DelegatingMethodAccessorImpl.invoke(DelegatingMethodAccessorImpl.java:43)
	at java.lang.reflect.Method.invoke(Method.java:498)
	at org.testng.internal.MethodInvocationHelper.invokeHookable(MethodInvocationHelper.java:194)
	at org.testng.internal.Invoker.invokeMethod(Invoker.java:707)
	at org.testng.internal.Invoker.invokeTestMethod(Invoker.java:901)
	at org.testng.internal.Invoker.invokeTestMethods(Invoker.java:1231)
	at org.testng.internal.TestMethodWorker.invokeTestMethods(TestMethodWorker.java:127)
	at org.testng.internal.TestMethodWorker.run(TestMethodWorker.java:111)
	at org.testng.internal.thread.ThreadUtil$2.call(ThreadUtil.java:64)
	at java.util.concurrent.FutureTask.run(FutureTask.java:266)
	at java.util.concurrent.ThreadPoolExecutor.runWorker(ThreadPoolExecutor.java:1149)
	at java.util.concurrent.ThreadPoolExecutor$Worker.run(ThreadPoolExecutor.java:624)
	at java.lang.Thread.run(Thread.java:748)
</pre></div></td>
<td>0</td>
<td>in.shark.online.web.test.catalogue.master.TestGetAllProductsApiTestNg@1dac5ef</td></tr>
<tr>
<td title='in.shark.online.web.test.catalogue.master.TestGetAllProductsApiTestNg.testGetAllProductstLoad()'><b>testGetAllProductstLoad</b><br>Test class: in.shark.online.web.test.catalogue.master.TestGetAllProductsApiTestNg<br>Parameters: 1234567, /api/catalogue-master/getAllProducts, 1, 500</td>
<td><div><pre>java.lang.AssertionError: Response time of GetAllProducts call more than: 500 expected [true] but found [false]
	at in.shark.online.web.test.catalogue.master.TestGetAllProductsApiTestNg.testGetAllProductstLoad(TestGetAllProductsApiTestNg.java:71)
	at org.springframework.test.context.testng.AbstractTestNGSpringContextTests.run(AbstractTestNGSpringContextTests.java:180)
	at java.util.concurrent.FutureTask.run(FutureTask.java:266)
	at java.util.concurrent.ThreadPoolExecutor.runWorker(ThreadPoolExecutor.java:1149)
	at java.util.concurrent.ThreadPoolExecutor$Worker.run(ThreadPoolExecutor.java:624)
	at java.lang.Thread.run(Thread.java:748)
... Removed 18 stack frames</pre></div><a href='#' onClick='toggleBox("stack-trace1227339966", this, "Click to show all stack frames", "Click to hide stack frames")'>Click to show all stack frames</a>
<div class='stack-trace' id='stack-trace1227339966'><pre>java.lang.AssertionError: Response time of GetAllProducts call more than: 500 expected [true] but found [false]
	at org.testng.Assert.fail(Assert.java:94)
	at org.testng.Assert.failNotEquals(Assert.java:494)
	at org.testng.Assert.assertTrue(Assert.java:42)
	at in.shark.online.web.test.catalogue.master.TestGetAllProductsApiTestNg.testGetAllProductstLoad(TestGetAllProductsApiTestNg.java:71)
	at sun.reflect.GeneratedMethodAccessor21.invoke(Unknown Source)
	at sun.reflect.DelegatingMethodAccessorImpl.invoke(DelegatingMethodAccessorImpl.java:43)
	at java.lang.reflect.Method.invoke(Method.java:498)
	at org.testng.internal.MethodInvocationHelper.invokeMethod(MethodInvocationHelper.java:80)
	at org.testng.internal.MethodInvocationHelper$1.runTestMethod(MethodInvocationHelper.java:182)
	at org.springframework.test.context.testng.AbstractTestNGSpringContextTests.run(AbstractTestNGSpringContextTests.java:180)
	at sun.reflect.GeneratedMethodAccessor20.invoke(Unknown Source)
	at sun.reflect.DelegatingMethodAccessorImpl.invoke(DelegatingMethodAccessorImpl.java:43)
	at java.lang.reflect.Method.invoke(Method.java:498)
	at org.testng.internal.MethodInvocationHelper.invokeHookable(MethodInvocationHelper.java:194)
	at org.testng.internal.Invoker.invokeMethod(Invoker.java:707)
	at org.testng.internal.Invoker.invokeTestMethod(Invoker.java:901)
	at org.testng.internal.Invoker.invokeTestMethods(Invoker.java:1231)
	at org.testng.internal.TestMethodWorker.invokeTestMethods(TestMethodWorker.java:127)
	at org.testng.internal.TestMethodWorker.run(TestMethodWorker.java:111)
	at org.testng.internal.thread.ThreadUtil$2.call(ThreadUtil.java:64)
	at java.util.concurrent.FutureTask.run(FutureTask.java:266)
	at java.util.concurrent.ThreadPoolExecutor.runWorker(ThreadPoolExecutor.java:1149)
	at java.util.concurrent.ThreadPoolExecutor$Worker.run(ThreadPoolExecutor.java:624)
	at java.lang.Thread.run(Thread.java:748)
</pre></div></td>
<td>0</td>
<td>in.shark.online.web.test.catalogue.master.TestGetAllProductsApiTestNg@1dac5ef</td></tr>
<tr>
<td title='in.shark.online.web.test.catalogue.master.TestGetAllProductsApiTestNg.testGetAllProductstLoad()'><b>testGetAllProductstLoad</b><br>Test class: in.shark.online.web.test.catalogue.master.TestGetAllProductsApiTestNg<br>Parameters: 1234567, /api/catalogue-master/getAllProducts, 1, 500</td>
<td><div><pre>java.lang.AssertionError: Response time of GetAllProducts call more than: 500 expected [true] but found [false]
	at in.shark.online.web.test.catalogue.master.TestGetAllProductsApiTestNg.testGetAllProductstLoad(TestGetAllProductsApiTestNg.java:71)
	at org.springframework.test.context.testng.AbstractTestNGSpringContextTests.run(AbstractTestNGSpringContextTests.java:180)
	at java.util.concurrent.FutureTask.run(FutureTask.java:266)
	at java.util.concurrent.ThreadPoolExecutor.runWorker(ThreadPoolExecutor.java:1149)
	at java.util.concurrent.ThreadPoolExecutor$Worker.run(ThreadPoolExecutor.java:624)
	at java.lang.Thread.run(Thread.java:748)
... Removed 18 stack frames</pre></div><a href='#' onClick='toggleBox("stack-trace211237170", this, "Click to show all stack frames", "Click to hide stack frames")'>Click to show all stack frames</a>
<div class='stack-trace' id='stack-trace211237170'><pre>java.lang.AssertionError: Response time of GetAllProducts call more than: 500 expected [true] but found [false]
	at org.testng.Assert.fail(Assert.java:94)
	at org.testng.Assert.failNotEquals(Assert.java:494)
	at org.testng.Assert.assertTrue(Assert.java:42)
	at in.shark.online.web.test.catalogue.master.TestGetAllProductsApiTestNg.testGetAllProductstLoad(TestGetAllProductsApiTestNg.java:71)
	at sun.reflect.GeneratedMethodAccessor21.invoke(Unknown Source)
	at sun.reflect.DelegatingMethodAccessorImpl.invoke(DelegatingMethodAccessorImpl.java:43)
	at java.lang.reflect.Method.invoke(Method.java:498)
	at org.testng.internal.MethodInvocationHelper.invokeMethod(MethodInvocationHelper.java:80)
	at org.testng.internal.MethodInvocationHelper$1.runTestMethod(MethodInvocationHelper.java:182)
	at org.springframework.test.context.testng.AbstractTestNGSpringContextTests.run(AbstractTestNGSpringContextTests.java:180)
	at sun.reflect.GeneratedMethodAccessor20.invoke(Unknown Source)
	at sun.reflect.DelegatingMethodAccessorImpl.invoke(DelegatingMethodAccessorImpl.java:43)
	at java.lang.reflect.Method.invoke(Method.java:498)
	at org.testng.internal.MethodInvocationHelper.invokeHookable(MethodInvocationHelper.java:194)
	at org.testng.internal.Invoker.invokeMethod(Invoker.java:707)
	at org.testng.internal.Invoker.invokeTestMethod(Invoker.java:901)
	at org.testng.internal.Invoker.invokeTestMethods(Invoker.java:1231)
	at org.testng.internal.TestMethodWorker.invokeTestMethods(TestMethodWorker.java:127)
	at org.testng.internal.TestMethodWorker.run(TestMethodWorker.java:111)
	at org.testng.internal.thread.ThreadUtil$2.call(ThreadUtil.java:64)
	at java.util.concurrent.FutureTask.run(FutureTask.java:266)
	at java.util.concurrent.ThreadPoolExecutor.runWorker(ThreadPoolExecutor.java:1149)
	at java.util.concurrent.ThreadPoolExecutor$Worker.run(ThreadPoolExecutor.java:624)
	at java.lang.Thread.run(Thread.java:748)
</pre></div></td>
<td>0</td>
<td>in.shark.online.web.test.catalogue.master.TestGetAllProductsApiTestNg@1dac5ef</td></tr>
<tr>
<td title='in.shark.online.web.test.catalogue.master.TestGetAllProductsApiTestNg.testGetAllProductstLoad()'><b>testGetAllProductstLoad</b><br>Test class: in.shark.online.web.test.catalogue.master.TestGetAllProductsApiTestNg<br>Parameters: 1234567, /api/catalogue-master/getAllProducts, 1, 500</td>
<td><div><pre>java.lang.AssertionError: Response time of GetAllProducts call more than: 500 expected [true] but found [false]
	at in.shark.online.web.test.catalogue.master.TestGetAllProductsApiTestNg.testGetAllProductstLoad(TestGetAllProductsApiTestNg.java:71)
	at org.springframework.test.context.testng.AbstractTestNGSpringContextTests.run(AbstractTestNGSpringContextTests.java:180)
	at java.util.concurrent.FutureTask.run(FutureTask.java:266)
	at java.util.concurrent.ThreadPoolExecutor.runWorker(ThreadPoolExecutor.java:1149)
	at java.util.concurrent.ThreadPoolExecutor$Worker.run(ThreadPoolExecutor.java:624)
	at java.lang.Thread.run(Thread.java:748)
... Removed 18 stack frames</pre></div><a href='#' onClick='toggleBox("stack-trace306996598", this, "Click to show all stack frames", "Click to hide stack frames")'>Click to show all stack frames</a>
<div class='stack-trace' id='stack-trace306996598'><pre>java.lang.AssertionError: Response time of GetAllProducts call more than: 500 expected [true] but found [false]
	at org.testng.Assert.fail(Assert.java:94)
	at org.testng.Assert.failNotEquals(Assert.java:494)
	at org.testng.Assert.assertTrue(Assert.java:42)
	at in.shark.online.web.test.catalogue.master.TestGetAllProductsApiTestNg.testGetAllProductstLoad(TestGetAllProductsApiTestNg.java:71)
	at sun.reflect.GeneratedMethodAccessor21.invoke(Unknown Source)
	at sun.reflect.DelegatingMethodAccessorImpl.invoke(DelegatingMethodAccessorImpl.java:43)
	at java.lang.reflect.Method.invoke(Method.java:498)
	at org.testng.internal.MethodInvocationHelper.invokeMethod(MethodInvocationHelper.java:80)
	at org.testng.internal.MethodInvocationHelper$1.runTestMethod(MethodInvocationHelper.java:182)
	at org.springframework.test.context.testng.AbstractTestNGSpringContextTests.run(AbstractTestNGSpringContextTests.java:180)
	at sun.reflect.GeneratedMethodAccessor20.invoke(Unknown Source)
	at sun.reflect.DelegatingMethodAccessorImpl.invoke(DelegatingMethodAccessorImpl.java:43)
	at java.lang.reflect.Method.invoke(Method.java:498)
	at org.testng.internal.MethodInvocationHelper.invokeHookable(MethodInvocationHelper.java:194)
	at org.testng.internal.Invoker.invokeMethod(Invoker.java:707)
	at org.testng.internal.Invoker.invokeTestMethod(Invoker.java:901)
	at org.testng.internal.Invoker.invokeTestMethods(Invoker.java:1231)
	at org.testng.internal.TestMethodWorker.invokeTestMethods(TestMethodWorker.java:127)
	at org.testng.internal.TestMethodWorker.run(TestMethodWorker.java:111)
	at org.testng.internal.thread.ThreadUtil$2.call(ThreadUtil.java:64)
	at java.util.concurrent.FutureTask.run(FutureTask.java:266)
	at java.util.concurrent.ThreadPoolExecutor.runWorker(ThreadPoolExecutor.java:1149)
	at java.util.concurrent.ThreadPoolExecutor$Worker.run(ThreadPoolExecutor.java:624)
	at java.lang.Thread.run(Thread.java:748)
</pre></div></td>
<td>0</td>
<td>in.shark.online.web.test.catalogue.master.TestGetAllProductsApiTestNg@1dac5ef</td></tr>
<tr>
<td title='in.shark.online.web.test.catalogue.master.TestGetAllProductsApiTestNg.testGetAllProductstLoad()'><b>testGetAllProductstLoad</b><br>Test class: in.shark.online.web.test.catalogue.master.TestGetAllProductsApiTestNg<br>Parameters: 1234567, /api/catalogue-master/getAllProducts, 1, 500</td>
<td><div><pre>java.lang.AssertionError: Response time of GetAllProducts call more than: 500 expected [true] but found [false]
	at in.shark.online.web.test.catalogue.master.TestGetAllProductsApiTestNg.testGetAllProductstLoad(TestGetAllProductsApiTestNg.java:71)
	at org.springframework.test.context.testng.AbstractTestNGSpringContextTests.run(AbstractTestNGSpringContextTests.java:180)
	at java.util.concurrent.FutureTask.run(FutureTask.java:266)
	at java.util.concurrent.ThreadPoolExecutor.runWorker(ThreadPoolExecutor.java:1149)
	at java.util.concurrent.ThreadPoolExecutor$Worker.run(ThreadPoolExecutor.java:624)
	at java.lang.Thread.run(Thread.java:748)
... Removed 18 stack frames</pre></div><a href='#' onClick='toggleBox("stack-trace528961673", this, "Click to show all stack frames", "Click to hide stack frames")'>Click to show all stack frames</a>
<div class='stack-trace' id='stack-trace528961673'><pre>java.lang.AssertionError: Response time of GetAllProducts call more than: 500 expected [true] but found [false]
	at org.testng.Assert.fail(Assert.java:94)
	at org.testng.Assert.failNotEquals(Assert.java:494)
	at org.testng.Assert.assertTrue(Assert.java:42)
	at in.shark.online.web.test.catalogue.master.TestGetAllProductsApiTestNg.testGetAllProductstLoad(TestGetAllProductsApiTestNg.java:71)
	at sun.reflect.GeneratedMethodAccessor21.invoke(Unknown Source)
	at sun.reflect.DelegatingMethodAccessorImpl.invoke(DelegatingMethodAccessorImpl.java:43)
	at java.lang.reflect.Method.invoke(Method.java:498)
	at org.testng.internal.MethodInvocationHelper.invokeMethod(MethodInvocationHelper.java:80)
	at org.testng.internal.MethodInvocationHelper$1.runTestMethod(MethodInvocationHelper.java:182)
	at org.springframework.test.context.testng.AbstractTestNGSpringContextTests.run(AbstractTestNGSpringContextTests.java:180)
	at sun.reflect.GeneratedMethodAccessor20.invoke(Unknown Source)
	at sun.reflect.DelegatingMethodAccessorImpl.invoke(DelegatingMethodAccessorImpl.java:43)
	at java.lang.reflect.Method.invoke(Method.java:498)
	at org.testng.internal.MethodInvocationHelper.invokeHookable(MethodInvocationHelper.java:194)
	at org.testng.internal.Invoker.invokeMethod(Invoker.java:707)
	at org.testng.internal.Invoker.invokeTestMethod(Invoker.java:901)
	at org.testng.internal.Invoker.invokeTestMethods(Invoker.java:1231)
	at org.testng.internal.TestMethodWorker.invokeTestMethods(TestMethodWorker.java:127)
	at org.testng.internal.TestMethodWorker.run(TestMethodWorker.java:111)
	at org.testng.internal.thread.ThreadUtil$2.call(ThreadUtil.java:64)
	at java.util.concurrent.FutureTask.run(FutureTask.java:266)
	at java.util.concurrent.ThreadPoolExecutor.runWorker(ThreadPoolExecutor.java:1149)
	at java.util.concurrent.ThreadPoolExecutor$Worker.run(ThreadPoolExecutor.java:624)
	at java.lang.Thread.run(Thread.java:748)
</pre></div></td>
<td>0</td>
<td>in.shark.online.web.test.catalogue.master.TestGetAllProductsApiTestNg@1dac5ef</td></tr>
<tr>
<td title='in.shark.online.web.test.catalogue.master.TestGetAllProductsApiTestNg.testGetAllProductstLoad()'><b>testGetAllProductstLoad</b><br>Test class: in.shark.online.web.test.catalogue.master.TestGetAllProductsApiTestNg<br>Parameters: 1234567, /api/catalogue-master/getAllProducts, 1, 500</td>
<td><div><pre>java.lang.AssertionError: Response time of GetAllProducts call more than: 500 expected [true] but found [false]
	at in.shark.online.web.test.catalogue.master.TestGetAllProductsApiTestNg.testGetAllProductstLoad(TestGetAllProductsApiTestNg.java:71)
	at org.springframework.test.context.testng.AbstractTestNGSpringContextTests.run(AbstractTestNGSpringContextTests.java:180)
	at java.util.concurrent.FutureTask.run(FutureTask.java:266)
	at java.util.concurrent.ThreadPoolExecutor.runWorker(ThreadPoolExecutor.java:1149)
	at java.util.concurrent.ThreadPoolExecutor$Worker.run(ThreadPoolExecutor.java:624)
	at java.lang.Thread.run(Thread.java:748)
... Removed 18 stack frames</pre></div><a href='#' onClick='toggleBox("stack-trace1834707466", this, "Click to show all stack frames", "Click to hide stack frames")'>Click to show all stack frames</a>
<div class='stack-trace' id='stack-trace1834707466'><pre>java.lang.AssertionError: Response time of GetAllProducts call more than: 500 expected [true] but found [false]
	at org.testng.Assert.fail(Assert.java:94)
	at org.testng.Assert.failNotEquals(Assert.java:494)
	at org.testng.Assert.assertTrue(Assert.java:42)
	at in.shark.online.web.test.catalogue.master.TestGetAllProductsApiTestNg.testGetAllProductstLoad(TestGetAllProductsApiTestNg.java:71)
	at sun.reflect.GeneratedMethodAccessor21.invoke(Unknown Source)
	at sun.reflect.DelegatingMethodAccessorImpl.invoke(DelegatingMethodAccessorImpl.java:43)
	at java.lang.reflect.Method.invoke(Method.java:498)
	at org.testng.internal.MethodInvocationHelper.invokeMethod(MethodInvocationHelper.java:80)
	at org.testng.internal.MethodInvocationHelper$1.runTestMethod(MethodInvocationHelper.java:182)
	at org.springframework.test.context.testng.AbstractTestNGSpringContextTests.run(AbstractTestNGSpringContextTests.java:180)
	at sun.reflect.GeneratedMethodAccessor20.invoke(Unknown Source)
	at sun.reflect.DelegatingMethodAccessorImpl.invoke(DelegatingMethodAccessorImpl.java:43)
	at java.lang.reflect.Method.invoke(Method.java:498)
	at org.testng.internal.MethodInvocationHelper.invokeHookable(MethodInvocationHelper.java:194)
	at org.testng.internal.Invoker.invokeMethod(Invoker.java:707)
	at org.testng.internal.Invoker.invokeTestMethod(Invoker.java:901)
	at org.testng.internal.Invoker.invokeTestMethods(Invoker.java:1231)
	at org.testng.internal.TestMethodWorker.invokeTestMethods(TestMethodWorker.java:127)
	at org.testng.internal.TestMethodWorker.run(TestMethodWorker.java:111)
	at org.testng.internal.thread.ThreadUtil$2.call(ThreadUtil.java:64)
	at java.util.concurrent.FutureTask.run(FutureTask.java:266)
	at java.util.concurrent.ThreadPoolExecutor.runWorker(ThreadPoolExecutor.java:1149)
	at java.util.concurrent.ThreadPoolExecutor$Worker.run(ThreadPoolExecutor.java:624)
	at java.lang.Thread.run(Thread.java:748)
</pre></div></td>
<td>0</td>
<td>in.shark.online.web.test.catalogue.master.TestGetAllProductsApiTestNg@1dac5ef</td></tr>
<tr>
<td title='in.shark.online.web.test.catalogue.master.TestGetAllProductsApiTestNg.testGetAllProductstLoad()'><b>testGetAllProductstLoad</b><br>Test class: in.shark.online.web.test.catalogue.master.TestGetAllProductsApiTestNg<br>Parameters: 1234567, /api/catalogue-master/getAllProducts, 1, 500</td>
<td><div><pre>java.lang.AssertionError: Response time of GetAllProducts call more than: 500 expected [true] but found [false]
	at in.shark.online.web.test.catalogue.master.TestGetAllProductsApiTestNg.testGetAllProductstLoad(TestGetAllProductsApiTestNg.java:71)
	at org.springframework.test.context.testng.AbstractTestNGSpringContextTests.run(AbstractTestNGSpringContextTests.java:180)
	at java.util.concurrent.FutureTask.run(FutureTask.java:266)
	at java.util.concurrent.ThreadPoolExecutor.runWorker(ThreadPoolExecutor.java:1149)
	at java.util.concurrent.ThreadPoolExecutor$Worker.run(ThreadPoolExecutor.java:624)
	at java.lang.Thread.run(Thread.java:748)
... Removed 18 stack frames</pre></div><a href='#' onClick='toggleBox("stack-trace21861821", this, "Click to show all stack frames", "Click to hide stack frames")'>Click to show all stack frames</a>
<div class='stack-trace' id='stack-trace21861821'><pre>java.lang.AssertionError: Response time of GetAllProducts call more than: 500 expected [true] but found [false]
	at org.testng.Assert.fail(Assert.java:94)
	at org.testng.Assert.failNotEquals(Assert.java:494)
	at org.testng.Assert.assertTrue(Assert.java:42)
	at in.shark.online.web.test.catalogue.master.TestGetAllProductsApiTestNg.testGetAllProductstLoad(TestGetAllProductsApiTestNg.java:71)
	at sun.reflect.GeneratedMethodAccessor21.invoke(Unknown Source)
	at sun.reflect.DelegatingMethodAccessorImpl.invoke(DelegatingMethodAccessorImpl.java:43)
	at java.lang.reflect.Method.invoke(Method.java:498)
	at org.testng.internal.MethodInvocationHelper.invokeMethod(MethodInvocationHelper.java:80)
	at org.testng.internal.MethodInvocationHelper$1.runTestMethod(MethodInvocationHelper.java:182)
	at org.springframework.test.context.testng.AbstractTestNGSpringContextTests.run(AbstractTestNGSpringContextTests.java:180)
	at sun.reflect.GeneratedMethodAccessor20.invoke(Unknown Source)
	at sun.reflect.DelegatingMethodAccessorImpl.invoke(DelegatingMethodAccessorImpl.java:43)
	at java.lang.reflect.Method.invoke(Method.java:498)
	at org.testng.internal.MethodInvocationHelper.invokeHookable(MethodInvocationHelper.java:194)
	at org.testng.internal.Invoker.invokeMethod(Invoker.java:707)
	at org.testng.internal.Invoker.invokeTestMethod(Invoker.java:901)
	at org.testng.internal.Invoker.invokeTestMethods(Invoker.java:1231)
	at org.testng.internal.TestMethodWorker.invokeTestMethods(TestMethodWorker.java:127)
	at org.testng.internal.TestMethodWorker.run(TestMethodWorker.java:111)
	at org.testng.internal.thread.ThreadUtil$2.call(ThreadUtil.java:64)
	at java.util.concurrent.FutureTask.run(FutureTask.java:266)
	at java.util.concurrent.ThreadPoolExecutor.runWorker(ThreadPoolExecutor.java:1149)
	at java.util.concurrent.ThreadPoolExecutor$Worker.run(ThreadPoolExecutor.java:624)
	at java.lang.Thread.run(Thread.java:748)
</pre></div></td>
<td>1</td>
<td>in.shark.online.web.test.catalogue.master.TestGetAllProductsApiTestNg@1dac5ef</td></tr>
<tr>
<td title='in.shark.online.web.test.catalogue.master.TestGetAllProductsApiTestNg.testGetAllProductstLoad()'><b>testGetAllProductstLoad</b><br>Test class: in.shark.online.web.test.catalogue.master.TestGetAllProductsApiTestNg<br>Parameters: 1234567, /api/catalogue-master/getAllProducts, 1, 500</td>
<td><div><pre>java.lang.AssertionError: Response time of GetAllProducts call more than: 500 expected [true] but found [false]
	at in.shark.online.web.test.catalogue.master.TestGetAllProductsApiTestNg.testGetAllProductstLoad(TestGetAllProductsApiTestNg.java:71)
	at org.springframework.test.context.testng.AbstractTestNGSpringContextTests.run(AbstractTestNGSpringContextTests.java:180)
	at java.util.concurrent.FutureTask.run(FutureTask.java:266)
	at java.util.concurrent.ThreadPoolExecutor.runWorker(ThreadPoolExecutor.java:1149)
	at java.util.concurrent.ThreadPoolExecutor$Worker.run(ThreadPoolExecutor.java:624)
	at java.lang.Thread.run(Thread.java:748)
... Removed 18 stack frames</pre></div><a href='#' onClick='toggleBox("stack-trace970647469", this, "Click to show all stack frames", "Click to hide stack frames")'>Click to show all stack frames</a>
<div class='stack-trace' id='stack-trace970647469'><pre>java.lang.AssertionError: Response time of GetAllProducts call more than: 500 expected [true] but found [false]
	at org.testng.Assert.fail(Assert.java:94)
	at org.testng.Assert.failNotEquals(Assert.java:494)
	at org.testng.Assert.assertTrue(Assert.java:42)
	at in.shark.online.web.test.catalogue.master.TestGetAllProductsApiTestNg.testGetAllProductstLoad(TestGetAllProductsApiTestNg.java:71)
	at sun.reflect.GeneratedMethodAccessor21.invoke(Unknown Source)
	at sun.reflect.DelegatingMethodAccessorImpl.invoke(DelegatingMethodAccessorImpl.java:43)
	at java.lang.reflect.Method.invoke(Method.java:498)
	at org.testng.internal.MethodInvocationHelper.invokeMethod(MethodInvocationHelper.java:80)
	at org.testng.internal.MethodInvocationHelper$1.runTestMethod(MethodInvocationHelper.java:182)
	at org.springframework.test.context.testng.AbstractTestNGSpringContextTests.run(AbstractTestNGSpringContextTests.java:180)
	at sun.reflect.GeneratedMethodAccessor20.invoke(Unknown Source)
	at sun.reflect.DelegatingMethodAccessorImpl.invoke(DelegatingMethodAccessorImpl.java:43)
	at java.lang.reflect.Method.invoke(Method.java:498)
	at org.testng.internal.MethodInvocationHelper.invokeHookable(MethodInvocationHelper.java:194)
	at org.testng.internal.Invoker.invokeMethod(Invoker.java:707)
	at org.testng.internal.Invoker.invokeTestMethod(Invoker.java:901)
	at org.testng.internal.Invoker.invokeTestMethods(Invoker.java:1231)
	at org.testng.internal.TestMethodWorker.invokeTestMethods(TestMethodWorker.java:127)
	at org.testng.internal.TestMethodWorker.run(TestMethodWorker.java:111)
	at org.testng.internal.thread.ThreadUtil$2.call(ThreadUtil.java:64)
	at java.util.concurrent.FutureTask.run(FutureTask.java:266)
	at java.util.concurrent.ThreadPoolExecutor.runWorker(ThreadPoolExecutor.java:1149)
	at java.util.concurrent.ThreadPoolExecutor$Worker.run(ThreadPoolExecutor.java:624)
	at java.lang.Thread.run(Thread.java:748)
</pre></div></td>
<td>0</td>
<td>in.shark.online.web.test.catalogue.master.TestGetAllProductsApiTestNg@1dac5ef</td></tr>
<tr>
<td title='in.shark.online.web.test.catalogue.master.TestGetAllProductsApiTestNg.testGetAllProductstLoad()'><b>testGetAllProductstLoad</b><br>Test class: in.shark.online.web.test.catalogue.master.TestGetAllProductsApiTestNg<br>Parameters: 1234567, /api/catalogue-master/getAllProducts, 1, 500</td>
<td><div><pre>java.lang.AssertionError: Response time of GetAllProducts call more than: 500 expected [true] but found [false]
	at in.shark.online.web.test.catalogue.master.TestGetAllProductsApiTestNg.testGetAllProductstLoad(TestGetAllProductsApiTestNg.java:71)
	at org.springframework.test.context.testng.AbstractTestNGSpringContextTests.run(AbstractTestNGSpringContextTests.java:180)
	at java.util.concurrent.FutureTask.run(FutureTask.java:266)
	at java.util.concurrent.ThreadPoolExecutor.runWorker(ThreadPoolExecutor.java:1149)
	at java.util.concurrent.ThreadPoolExecutor$Worker.run(ThreadPoolExecutor.java:624)
	at java.lang.Thread.run(Thread.java:748)
... Removed 18 stack frames</pre></div><a href='#' onClick='toggleBox("stack-trace1325700940", this, "Click to show all stack frames", "Click to hide stack frames")'>Click to show all stack frames</a>
<div class='stack-trace' id='stack-trace1325700940'><pre>java.lang.AssertionError: Response time of GetAllProducts call more than: 500 expected [true] but found [false]
	at org.testng.Assert.fail(Assert.java:94)
	at org.testng.Assert.failNotEquals(Assert.java:494)
	at org.testng.Assert.assertTrue(Assert.java:42)
	at in.shark.online.web.test.catalogue.master.TestGetAllProductsApiTestNg.testGetAllProductstLoad(TestGetAllProductsApiTestNg.java:71)
	at sun.reflect.GeneratedMethodAccessor21.invoke(Unknown Source)
	at sun.reflect.DelegatingMethodAccessorImpl.invoke(DelegatingMethodAccessorImpl.java:43)
	at java.lang.reflect.Method.invoke(Method.java:498)
	at org.testng.internal.MethodInvocationHelper.invokeMethod(MethodInvocationHelper.java:80)
	at org.testng.internal.MethodInvocationHelper$1.runTestMethod(MethodInvocationHelper.java:182)
	at org.springframework.test.context.testng.AbstractTestNGSpringContextTests.run(AbstractTestNGSpringContextTests.java:180)
	at sun.reflect.GeneratedMethodAccessor20.invoke(Unknown Source)
	at sun.reflect.DelegatingMethodAccessorImpl.invoke(DelegatingMethodAccessorImpl.java:43)
	at java.lang.reflect.Method.invoke(Method.java:498)
	at org.testng.internal.MethodInvocationHelper.invokeHookable(MethodInvocationHelper.java:194)
	at org.testng.internal.Invoker.invokeMethod(Invoker.java:707)
	at org.testng.internal.Invoker.invokeTestMethod(Invoker.java:901)
	at org.testng.internal.Invoker.invokeTestMethods(Invoker.java:1231)
	at org.testng.internal.TestMethodWorker.invokeTestMethods(TestMethodWorker.java:127)
	at org.testng.internal.TestMethodWorker.run(TestMethodWorker.java:111)
	at org.testng.internal.thread.ThreadUtil$2.call(ThreadUtil.java:64)
	at java.util.concurrent.FutureTask.run(FutureTask.java:266)
	at java.util.concurrent.ThreadPoolExecutor.runWorker(ThreadPoolExecutor.java:1149)
	at java.util.concurrent.ThreadPoolExecutor$Worker.run(ThreadPoolExecutor.java:624)
	at java.lang.Thread.run(Thread.java:748)
</pre></div></td>
<td>0</td>
<td>in.shark.online.web.test.catalogue.master.TestGetAllProductsApiTestNg@1dac5ef</td></tr>
<tr>
<td title='in.shark.online.web.test.catalogue.master.TestGetAllProductsApiTestNg.testGetAllProductstLoad()'><b>testGetAllProductstLoad</b><br>Test class: in.shark.online.web.test.catalogue.master.TestGetAllProductsApiTestNg<br>Parameters: 1234567, /api/catalogue-master/getAllProducts, 1, 500</td>
<td><div><pre>java.lang.AssertionError: Response time of GetAllProducts call more than: 500 expected [true] but found [false]
	at in.shark.online.web.test.catalogue.master.TestGetAllProductsApiTestNg.testGetAllProductstLoad(TestGetAllProductsApiTestNg.java:71)
	at org.springframework.test.context.testng.AbstractTestNGSpringContextTests.run(AbstractTestNGSpringContextTests.java:180)
	at java.util.concurrent.FutureTask.run(FutureTask.java:266)
	at java.util.concurrent.ThreadPoolExecutor.runWorker(ThreadPoolExecutor.java:1149)
	at java.util.concurrent.ThreadPoolExecutor$Worker.run(ThreadPoolExecutor.java:624)
	at java.lang.Thread.run(Thread.java:748)
... Removed 18 stack frames</pre></div><a href='#' onClick='toggleBox("stack-trace520676245", this, "Click to show all stack frames", "Click to hide stack frames")'>Click to show all stack frames</a>
<div class='stack-trace' id='stack-trace520676245'><pre>java.lang.AssertionError: Response time of GetAllProducts call more than: 500 expected [true] but found [false]
	at org.testng.Assert.fail(Assert.java:94)
	at org.testng.Assert.failNotEquals(Assert.java:494)
	at org.testng.Assert.assertTrue(Assert.java:42)
	at in.shark.online.web.test.catalogue.master.TestGetAllProductsApiTestNg.testGetAllProductstLoad(TestGetAllProductsApiTestNg.java:71)
	at sun.reflect.GeneratedMethodAccessor21.invoke(Unknown Source)
	at sun.reflect.DelegatingMethodAccessorImpl.invoke(DelegatingMethodAccessorImpl.java:43)
	at java.lang.reflect.Method.invoke(Method.java:498)
	at org.testng.internal.MethodInvocationHelper.invokeMethod(MethodInvocationHelper.java:80)
	at org.testng.internal.MethodInvocationHelper$1.runTestMethod(MethodInvocationHelper.java:182)
	at org.springframework.test.context.testng.AbstractTestNGSpringContextTests.run(AbstractTestNGSpringContextTests.java:180)
	at sun.reflect.GeneratedMethodAccessor20.invoke(Unknown Source)
	at sun.reflect.DelegatingMethodAccessorImpl.invoke(DelegatingMethodAccessorImpl.java:43)
	at java.lang.reflect.Method.invoke(Method.java:498)
	at org.testng.internal.MethodInvocationHelper.invokeHookable(MethodInvocationHelper.java:194)
	at org.testng.internal.Invoker.invokeMethod(Invoker.java:707)
	at org.testng.internal.Invoker.invokeTestMethod(Invoker.java:901)
	at org.testng.internal.Invoker.invokeTestMethods(Invoker.java:1231)
	at org.testng.internal.TestMethodWorker.invokeTestMethods(TestMethodWorker.java:127)
	at org.testng.internal.TestMethodWorker.run(TestMethodWorker.java:111)
	at org.testng.internal.thread.ThreadUtil$2.call(ThreadUtil.java:64)
	at java.util.concurrent.FutureTask.run(FutureTask.java:266)
	at java.util.concurrent.ThreadPoolExecutor.runWorker(ThreadPoolExecutor.java:1149)
	at java.util.concurrent.ThreadPoolExecutor$Worker.run(ThreadPoolExecutor.java:624)
	at java.lang.Thread.run(Thread.java:748)
</pre></div></td>
<td>0</td>
<td>in.shark.online.web.test.catalogue.master.TestGetAllProductsApiTestNg@1dac5ef</td></tr>
<tr>
<td title='in.shark.online.web.test.catalogue.master.TestGetAllProductsApiTestNg.testGetAllProductstLoad()'><b>testGetAllProductstLoad</b><br>Test class: in.shark.online.web.test.catalogue.master.TestGetAllProductsApiTestNg<br>Parameters: 1234567, /api/catalogue-master/getAllProducts, 1, 500</td>
<td><div><pre>java.lang.AssertionError: Response time of GetAllProducts call more than: 500 expected [true] but found [false]
	at in.shark.online.web.test.catalogue.master.TestGetAllProductsApiTestNg.testGetAllProductstLoad(TestGetAllProductsApiTestNg.java:71)
	at org.springframework.test.context.testng.AbstractTestNGSpringContextTests.run(AbstractTestNGSpringContextTests.java:180)
	at java.util.concurrent.FutureTask.run(FutureTask.java:266)
	at java.util.concurrent.ThreadPoolExecutor.runWorker(ThreadPoolExecutor.java:1149)
	at java.util.concurrent.ThreadPoolExecutor$Worker.run(ThreadPoolExecutor.java:624)
	at java.lang.Thread.run(Thread.java:748)
... Removed 18 stack frames</pre></div><a href='#' onClick='toggleBox("stack-trace1786701392", this, "Click to show all stack frames", "Click to hide stack frames")'>Click to show all stack frames</a>
<div class='stack-trace' id='stack-trace1786701392'><pre>java.lang.AssertionError: Response time of GetAllProducts call more than: 500 expected [true] but found [false]
	at org.testng.Assert.fail(Assert.java:94)
	at org.testng.Assert.failNotEquals(Assert.java:494)
	at org.testng.Assert.assertTrue(Assert.java:42)
	at in.shark.online.web.test.catalogue.master.TestGetAllProductsApiTestNg.testGetAllProductstLoad(TestGetAllProductsApiTestNg.java:71)
	at sun.reflect.GeneratedMethodAccessor21.invoke(Unknown Source)
	at sun.reflect.DelegatingMethodAccessorImpl.invoke(DelegatingMethodAccessorImpl.java:43)
	at java.lang.reflect.Method.invoke(Method.java:498)
	at org.testng.internal.MethodInvocationHelper.invokeMethod(MethodInvocationHelper.java:80)
	at org.testng.internal.MethodInvocationHelper$1.runTestMethod(MethodInvocationHelper.java:182)
	at org.springframework.test.context.testng.AbstractTestNGSpringContextTests.run(AbstractTestNGSpringContextTests.java:180)
	at sun.reflect.GeneratedMethodAccessor20.invoke(Unknown Source)
	at sun.reflect.DelegatingMethodAccessorImpl.invoke(DelegatingMethodAccessorImpl.java:43)
	at java.lang.reflect.Method.invoke(Method.java:498)
	at org.testng.internal.MethodInvocationHelper.invokeHookable(MethodInvocationHelper.java:194)
	at org.testng.internal.Invoker.invokeMethod(Invoker.java:707)
	at org.testng.internal.Invoker.invokeTestMethod(Invoker.java:901)
	at org.testng.internal.Invoker.invokeTestMethods(Invoker.java:1231)
	at org.testng.internal.TestMethodWorker.invokeTestMethods(TestMethodWorker.java:127)
	at org.testng.internal.TestMethodWorker.run(TestMethodWorker.java:111)
	at org.testng.internal.thread.ThreadUtil$2.call(ThreadUtil.java:64)
	at java.util.concurrent.FutureTask.run(FutureTask.java:266)
	at java.util.concurrent.ThreadPoolExecutor.runWorker(ThreadPoolExecutor.java:1149)
	at java.util.concurrent.ThreadPoolExecutor$Worker.run(ThreadPoolExecutor.java:624)
	at java.lang.Thread.run(Thread.java:748)
</pre></div></td>
<td>0</td>
<td>in.shark.online.web.test.catalogue.master.TestGetAllProductsApiTestNg@1dac5ef</td></tr>
<tr>
<td title='in.shark.online.web.test.catalogue.master.TestGetAllProductsApiTestNg.testGetAllProductstLoad()'><b>testGetAllProductstLoad</b><br>Test class: in.shark.online.web.test.catalogue.master.TestGetAllProductsApiTestNg<br>Parameters: 1234567, /api/catalogue-master/getAllProducts, 1, 500</td>
<td><div><pre>java.lang.AssertionError: Response time of GetAllProducts call more than: 500 expected [true] but found [false]
	at in.shark.online.web.test.catalogue.master.TestGetAllProductsApiTestNg.testGetAllProductstLoad(TestGetAllProductsApiTestNg.java:71)
	at org.springframework.test.context.testng.AbstractTestNGSpringContextTests.run(AbstractTestNGSpringContextTests.java:180)
	at java.util.concurrent.FutureTask.run(FutureTask.java:266)
	at java.util.concurrent.ThreadPoolExecutor.runWorker(ThreadPoolExecutor.java:1149)
	at java.util.concurrent.ThreadPoolExecutor$Worker.run(ThreadPoolExecutor.java:624)
	at java.lang.Thread.run(Thread.java:748)
... Removed 18 stack frames</pre></div><a href='#' onClick='toggleBox("stack-trace911631028", this, "Click to show all stack frames", "Click to hide stack frames")'>Click to show all stack frames</a>
<div class='stack-trace' id='stack-trace911631028'><pre>java.lang.AssertionError: Response time of GetAllProducts call more than: 500 expected [true] but found [false]
	at org.testng.Assert.fail(Assert.java:94)
	at org.testng.Assert.failNotEquals(Assert.java:494)
	at org.testng.Assert.assertTrue(Assert.java:42)
	at in.shark.online.web.test.catalogue.master.TestGetAllProductsApiTestNg.testGetAllProductstLoad(TestGetAllProductsApiTestNg.java:71)
	at sun.reflect.GeneratedMethodAccessor21.invoke(Unknown Source)
	at sun.reflect.DelegatingMethodAccessorImpl.invoke(DelegatingMethodAccessorImpl.java:43)
	at java.lang.reflect.Method.invoke(Method.java:498)
	at org.testng.internal.MethodInvocationHelper.invokeMethod(MethodInvocationHelper.java:80)
	at org.testng.internal.MethodInvocationHelper$1.runTestMethod(MethodInvocationHelper.java:182)
	at org.springframework.test.context.testng.AbstractTestNGSpringContextTests.run(AbstractTestNGSpringContextTests.java:180)
	at sun.reflect.GeneratedMethodAccessor20.invoke(Unknown Source)
	at sun.reflect.DelegatingMethodAccessorImpl.invoke(DelegatingMethodAccessorImpl.java:43)
	at java.lang.reflect.Method.invoke(Method.java:498)
	at org.testng.internal.MethodInvocationHelper.invokeHookable(MethodInvocationHelper.java:194)
	at org.testng.internal.Invoker.invokeMethod(Invoker.java:707)
	at org.testng.internal.Invoker.invokeTestMethod(Invoker.java:901)
	at org.testng.internal.Invoker.invokeTestMethods(Invoker.java:1231)
	at org.testng.internal.TestMethodWorker.invokeTestMethods(TestMethodWorker.java:127)
	at org.testng.internal.TestMethodWorker.run(TestMethodWorker.java:111)
	at org.testng.internal.thread.ThreadUtil$2.call(ThreadUtil.java:64)
	at java.util.concurrent.FutureTask.run(FutureTask.java:266)
	at java.util.concurrent.ThreadPoolExecutor.runWorker(ThreadPoolExecutor.java:1149)
	at java.util.concurrent.ThreadPoolExecutor$Worker.run(ThreadPoolExecutor.java:624)
	at java.lang.Thread.run(Thread.java:748)
</pre></div></td>
<td>1</td>
<td>in.shark.online.web.test.catalogue.master.TestGetAllProductsApiTestNg@1dac5ef</td></tr>
<tr>
<td title='in.shark.online.web.test.catalogue.master.TestGetAllProductsApiTestNg.testGetAllProductstLoad()'><b>testGetAllProductstLoad</b><br>Test class: in.shark.online.web.test.catalogue.master.TestGetAllProductsApiTestNg<br>Parameters: 1234567, /api/catalogue-master/getAllProducts, 1, 500</td>
<td><div><pre>java.lang.AssertionError: Response time of GetAllProducts call more than: 500 expected [true] but found [false]
	at in.shark.online.web.test.catalogue.master.TestGetAllProductsApiTestNg.testGetAllProductstLoad(TestGetAllProductsApiTestNg.java:71)
	at org.springframework.test.context.testng.AbstractTestNGSpringContextTests.run(AbstractTestNGSpringContextTests.java:180)
	at java.util.concurrent.FutureTask.run(FutureTask.java:266)
	at java.util.concurrent.ThreadPoolExecutor.runWorker(ThreadPoolExecutor.java:1149)
	at java.util.concurrent.ThreadPoolExecutor$Worker.run(ThreadPoolExecutor.java:624)
	at java.lang.Thread.run(Thread.java:748)
... Removed 18 stack frames</pre></div><a href='#' onClick='toggleBox("stack-trace612504463", this, "Click to show all stack frames", "Click to hide stack frames")'>Click to show all stack frames</a>
<div class='stack-trace' id='stack-trace612504463'><pre>java.lang.AssertionError: Response time of GetAllProducts call more than: 500 expected [true] but found [false]
	at org.testng.Assert.fail(Assert.java:94)
	at org.testng.Assert.failNotEquals(Assert.java:494)
	at org.testng.Assert.assertTrue(Assert.java:42)
	at in.shark.online.web.test.catalogue.master.TestGetAllProductsApiTestNg.testGetAllProductstLoad(TestGetAllProductsApiTestNg.java:71)
	at sun.reflect.GeneratedMethodAccessor21.invoke(Unknown Source)
	at sun.reflect.DelegatingMethodAccessorImpl.invoke(DelegatingMethodAccessorImpl.java:43)
	at java.lang.reflect.Method.invoke(Method.java:498)
	at org.testng.internal.MethodInvocationHelper.invokeMethod(MethodInvocationHelper.java:80)
	at org.testng.internal.MethodInvocationHelper$1.runTestMethod(MethodInvocationHelper.java:182)
	at org.springframework.test.context.testng.AbstractTestNGSpringContextTests.run(AbstractTestNGSpringContextTests.java:180)
	at sun.reflect.GeneratedMethodAccessor20.invoke(Unknown Source)
	at sun.reflect.DelegatingMethodAccessorImpl.invoke(DelegatingMethodAccessorImpl.java:43)
	at java.lang.reflect.Method.invoke(Method.java:498)
	at org.testng.internal.MethodInvocationHelper.invokeHookable(MethodInvocationHelper.java:194)
	at org.testng.internal.Invoker.invokeMethod(Invoker.java:707)
	at org.testng.internal.Invoker.invokeTestMethod(Invoker.java:901)
	at org.testng.internal.Invoker.invokeTestMethods(Invoker.java:1231)
	at org.testng.internal.TestMethodWorker.invokeTestMethods(TestMethodWorker.java:127)
	at org.testng.internal.TestMethodWorker.run(TestMethodWorker.java:111)
	at org.testng.internal.thread.ThreadUtil$2.call(ThreadUtil.java:64)
	at java.util.concurrent.FutureTask.run(FutureTask.java:266)
	at java.util.concurrent.ThreadPoolExecutor.runWorker(ThreadPoolExecutor.java:1149)
	at java.util.concurrent.ThreadPoolExecutor$Worker.run(ThreadPoolExecutor.java:624)
	at java.lang.Thread.run(Thread.java:748)
</pre></div></td>
<td>0</td>
<td>in.shark.online.web.test.catalogue.master.TestGetAllProductsApiTestNg@1dac5ef</td></tr>
<tr>
<td title='in.shark.online.web.test.catalogue.master.TestGetAllProductsApiTestNg.testGetAllProductstLoad()'><b>testGetAllProductstLoad</b><br>Test class: in.shark.online.web.test.catalogue.master.TestGetAllProductsApiTestNg<br>Parameters: 1234567, /api/catalogue-master/getAllProducts, 1, 500</td>
<td><div><pre>java.lang.AssertionError: Response time of GetAllProducts call more than: 500 expected [true] but found [false]
	at in.shark.online.web.test.catalogue.master.TestGetAllProductsApiTestNg.testGetAllProductstLoad(TestGetAllProductsApiTestNg.java:71)
	at org.springframework.test.context.testng.AbstractTestNGSpringContextTests.run(AbstractTestNGSpringContextTests.java:180)
	at java.util.concurrent.FutureTask.run(FutureTask.java:266)
	at java.util.concurrent.ThreadPoolExecutor.runWorker(ThreadPoolExecutor.java:1149)
	at java.util.concurrent.ThreadPoolExecutor$Worker.run(ThreadPoolExecutor.java:624)
	at java.lang.Thread.run(Thread.java:748)
... Removed 18 stack frames</pre></div><a href='#' onClick='toggleBox("stack-trace86629044", this, "Click to show all stack frames", "Click to hide stack frames")'>Click to show all stack frames</a>
<div class='stack-trace' id='stack-trace86629044'><pre>java.lang.AssertionError: Response time of GetAllProducts call more than: 500 expected [true] but found [false]
	at org.testng.Assert.fail(Assert.java:94)
	at org.testng.Assert.failNotEquals(Assert.java:494)
	at org.testng.Assert.assertTrue(Assert.java:42)
	at in.shark.online.web.test.catalogue.master.TestGetAllProductsApiTestNg.testGetAllProductstLoad(TestGetAllProductsApiTestNg.java:71)
	at sun.reflect.GeneratedMethodAccessor21.invoke(Unknown Source)
	at sun.reflect.DelegatingMethodAccessorImpl.invoke(DelegatingMethodAccessorImpl.java:43)
	at java.lang.reflect.Method.invoke(Method.java:498)
	at org.testng.internal.MethodInvocationHelper.invokeMethod(MethodInvocationHelper.java:80)
	at org.testng.internal.MethodInvocationHelper$1.runTestMethod(MethodInvocationHelper.java:182)
	at org.springframework.test.context.testng.AbstractTestNGSpringContextTests.run(AbstractTestNGSpringContextTests.java:180)
	at sun.reflect.GeneratedMethodAccessor20.invoke(Unknown Source)
	at sun.reflect.DelegatingMethodAccessorImpl.invoke(DelegatingMethodAccessorImpl.java:43)
	at java.lang.reflect.Method.invoke(Method.java:498)
	at org.testng.internal.MethodInvocationHelper.invokeHookable(MethodInvocationHelper.java:194)
	at org.testng.internal.Invoker.invokeMethod(Invoker.java:707)
	at org.testng.internal.Invoker.invokeTestMethod(Invoker.java:901)
	at org.testng.internal.Invoker.invokeTestMethods(Invoker.java:1231)
	at org.testng.internal.TestMethodWorker.invokeTestMethods(TestMethodWorker.java:127)
	at org.testng.internal.TestMethodWorker.run(TestMethodWorker.java:111)
	at org.testng.internal.thread.ThreadUtil$2.call(ThreadUtil.java:64)
	at java.util.concurrent.FutureTask.run(FutureTask.java:266)
	at java.util.concurrent.ThreadPoolExecutor.runWorker(ThreadPoolExecutor.java:1149)
	at java.util.concurrent.ThreadPoolExecutor$Worker.run(ThreadPoolExecutor.java:624)
	at java.lang.Thread.run(Thread.java:748)
</pre></div></td>
<td>1</td>
<td>in.shark.online.web.test.catalogue.master.TestGetAllProductsApiTestNg@1dac5ef</td></tr>
<tr>
<td title='in.shark.online.web.test.catalogue.master.TestGetAllProductsApiTestNg.testGetAllProductstLoad()'><b>testGetAllProductstLoad</b><br>Test class: in.shark.online.web.test.catalogue.master.TestGetAllProductsApiTestNg<br>Parameters: 1234567, /api/catalogue-master/getAllProducts, 1, 500</td>
<td><div><pre>java.lang.AssertionError: Response time of GetAllProducts call more than: 500 expected [true] but found [false]
	at in.shark.online.web.test.catalogue.master.TestGetAllProductsApiTestNg.testGetAllProductstLoad(TestGetAllProductsApiTestNg.java:71)
	at org.springframework.test.context.testng.AbstractTestNGSpringContextTests.run(AbstractTestNGSpringContextTests.java:180)
	at java.util.concurrent.FutureTask.run(FutureTask.java:266)
	at java.util.concurrent.ThreadPoolExecutor.runWorker(ThreadPoolExecutor.java:1149)
	at java.util.concurrent.ThreadPoolExecutor$Worker.run(ThreadPoolExecutor.java:624)
	at java.lang.Thread.run(Thread.java:748)
... Removed 18 stack frames</pre></div><a href='#' onClick='toggleBox("stack-trace773528568", this, "Click to show all stack frames", "Click to hide stack frames")'>Click to show all stack frames</a>
<div class='stack-trace' id='stack-trace773528568'><pre>java.lang.AssertionError: Response time of GetAllProducts call more than: 500 expected [true] but found [false]
	at org.testng.Assert.fail(Assert.java:94)
	at org.testng.Assert.failNotEquals(Assert.java:494)
	at org.testng.Assert.assertTrue(Assert.java:42)
	at in.shark.online.web.test.catalogue.master.TestGetAllProductsApiTestNg.testGetAllProductstLoad(TestGetAllProductsApiTestNg.java:71)
	at sun.reflect.GeneratedMethodAccessor21.invoke(Unknown Source)
	at sun.reflect.DelegatingMethodAccessorImpl.invoke(DelegatingMethodAccessorImpl.java:43)
	at java.lang.reflect.Method.invoke(Method.java:498)
	at org.testng.internal.MethodInvocationHelper.invokeMethod(MethodInvocationHelper.java:80)
	at org.testng.internal.MethodInvocationHelper$1.runTestMethod(MethodInvocationHelper.java:182)
	at org.springframework.test.context.testng.AbstractTestNGSpringContextTests.run(AbstractTestNGSpringContextTests.java:180)
	at sun.reflect.GeneratedMethodAccessor20.invoke(Unknown Source)
	at sun.reflect.DelegatingMethodAccessorImpl.invoke(DelegatingMethodAccessorImpl.java:43)
	at java.lang.reflect.Method.invoke(Method.java:498)
	at org.testng.internal.MethodInvocationHelper.invokeHookable(MethodInvocationHelper.java:194)
	at org.testng.internal.Invoker.invokeMethod(Invoker.java:707)
	at org.testng.internal.Invoker.invokeTestMethod(Invoker.java:901)
	at org.testng.internal.Invoker.invokeTestMethods(Invoker.java:1231)
	at org.testng.internal.TestMethodWorker.invokeTestMethods(TestMethodWorker.java:127)
	at org.testng.internal.TestMethodWorker.run(TestMethodWorker.java:111)
	at org.testng.internal.thread.ThreadUtil$2.call(ThreadUtil.java:64)
	at java.util.concurrent.FutureTask.run(FutureTask.java:266)
	at java.util.concurrent.ThreadPoolExecutor.runWorker(ThreadPoolExecutor.java:1149)
	at java.util.concurrent.ThreadPoolExecutor$Worker.run(ThreadPoolExecutor.java:624)
	at java.lang.Thread.run(Thread.java:748)
</pre></div></td>
<td>0</td>
<td>in.shark.online.web.test.catalogue.master.TestGetAllProductsApiTestNg@1dac5ef</td></tr>
<tr>
<td title='in.shark.online.web.test.catalogue.master.TestGetAllProductsApiTestNg.testGetAllProductstLoad()'><b>testGetAllProductstLoad</b><br>Test class: in.shark.online.web.test.catalogue.master.TestGetAllProductsApiTestNg<br>Parameters: 1234567, /api/catalogue-master/getAllProducts, 1, 500</td>
<td><div><pre>java.lang.AssertionError: Response time of GetAllProducts call more than: 500 expected [true] but found [false]
	at in.shark.online.web.test.catalogue.master.TestGetAllProductsApiTestNg.testGetAllProductstLoad(TestGetAllProductsApiTestNg.java:71)
	at org.springframework.test.context.testng.AbstractTestNGSpringContextTests.run(AbstractTestNGSpringContextTests.java:180)
	at java.util.concurrent.FutureTask.run(FutureTask.java:266)
	at java.util.concurrent.ThreadPoolExecutor.runWorker(ThreadPoolExecutor.java:1149)
	at java.util.concurrent.ThreadPoolExecutor$Worker.run(ThreadPoolExecutor.java:624)
	at java.lang.Thread.run(Thread.java:748)
... Removed 18 stack frames</pre></div><a href='#' onClick='toggleBox("stack-trace1584762057", this, "Click to show all stack frames", "Click to hide stack frames")'>Click to show all stack frames</a>
<div class='stack-trace' id='stack-trace1584762057'><pre>java.lang.AssertionError: Response time of GetAllProducts call more than: 500 expected [true] but found [false]
	at org.testng.Assert.fail(Assert.java:94)
	at org.testng.Assert.failNotEquals(Assert.java:494)
	at org.testng.Assert.assertTrue(Assert.java:42)
	at in.shark.online.web.test.catalogue.master.TestGetAllProductsApiTestNg.testGetAllProductstLoad(TestGetAllProductsApiTestNg.java:71)
	at sun.reflect.GeneratedMethodAccessor21.invoke(Unknown Source)
	at sun.reflect.DelegatingMethodAccessorImpl.invoke(DelegatingMethodAccessorImpl.java:43)
	at java.lang.reflect.Method.invoke(Method.java:498)
	at org.testng.internal.MethodInvocationHelper.invokeMethod(MethodInvocationHelper.java:80)
	at org.testng.internal.MethodInvocationHelper$1.runTestMethod(MethodInvocationHelper.java:182)
	at org.springframework.test.context.testng.AbstractTestNGSpringContextTests.run(AbstractTestNGSpringContextTests.java:180)
	at sun.reflect.GeneratedMethodAccessor20.invoke(Unknown Source)
	at sun.reflect.DelegatingMethodAccessorImpl.invoke(DelegatingMethodAccessorImpl.java:43)
	at java.lang.reflect.Method.invoke(Method.java:498)
	at org.testng.internal.MethodInvocationHelper.invokeHookable(MethodInvocationHelper.java:194)
	at org.testng.internal.Invoker.invokeMethod(Invoker.java:707)
	at org.testng.internal.Invoker.invokeTestMethod(Invoker.java:901)
	at org.testng.internal.Invoker.invokeTestMethods(Invoker.java:1231)
	at org.testng.internal.TestMethodWorker.invokeTestMethods(TestMethodWorker.java:127)
	at org.testng.internal.TestMethodWorker.run(TestMethodWorker.java:111)
	at org.testng.internal.thread.ThreadUtil$2.call(ThreadUtil.java:64)
	at java.util.concurrent.FutureTask.run(FutureTask.java:266)
	at java.util.concurrent.ThreadPoolExecutor.runWorker(ThreadPoolExecutor.java:1149)
	at java.util.concurrent.ThreadPoolExecutor$Worker.run(ThreadPoolExecutor.java:624)
	at java.lang.Thread.run(Thread.java:748)
</pre></div></td>
<td>0</td>
<td>in.shark.online.web.test.catalogue.master.TestGetAllProductsApiTestNg@1dac5ef</td></tr>
<tr>
<td title='in.shark.online.web.test.catalogue.master.TestGetAllProductsApiTestNg.testGetAllProductstLoad()'><b>testGetAllProductstLoad</b><br>Test class: in.shark.online.web.test.catalogue.master.TestGetAllProductsApiTestNg<br>Parameters: 1234567, /api/catalogue-master/getAllProducts, 1, 500</td>
<td><div><pre>java.lang.AssertionError: Response time of GetAllProducts call more than: 500 expected [true] but found [false]
	at in.shark.online.web.test.catalogue.master.TestGetAllProductsApiTestNg.testGetAllProductstLoad(TestGetAllProductsApiTestNg.java:71)
	at org.springframework.test.context.testng.AbstractTestNGSpringContextTests.run(AbstractTestNGSpringContextTests.java:180)
	at java.util.concurrent.FutureTask.run(FutureTask.java:266)
	at java.util.concurrent.ThreadPoolExecutor.runWorker(ThreadPoolExecutor.java:1149)
	at java.util.concurrent.ThreadPoolExecutor$Worker.run(ThreadPoolExecutor.java:624)
	at java.lang.Thread.run(Thread.java:748)
... Removed 18 stack frames</pre></div><a href='#' onClick='toggleBox("stack-trace428624982", this, "Click to show all stack frames", "Click to hide stack frames")'>Click to show all stack frames</a>
<div class='stack-trace' id='stack-trace428624982'><pre>java.lang.AssertionError: Response time of GetAllProducts call more than: 500 expected [true] but found [false]
	at org.testng.Assert.fail(Assert.java:94)
	at org.testng.Assert.failNotEquals(Assert.java:494)
	at org.testng.Assert.assertTrue(Assert.java:42)
	at in.shark.online.web.test.catalogue.master.TestGetAllProductsApiTestNg.testGetAllProductstLoad(TestGetAllProductsApiTestNg.java:71)
	at sun.reflect.GeneratedMethodAccessor21.invoke(Unknown Source)
	at sun.reflect.DelegatingMethodAccessorImpl.invoke(DelegatingMethodAccessorImpl.java:43)
	at java.lang.reflect.Method.invoke(Method.java:498)
	at org.testng.internal.MethodInvocationHelper.invokeMethod(MethodInvocationHelper.java:80)
	at org.testng.internal.MethodInvocationHelper$1.runTestMethod(MethodInvocationHelper.java:182)
	at org.springframework.test.context.testng.AbstractTestNGSpringContextTests.run(AbstractTestNGSpringContextTests.java:180)
	at sun.reflect.GeneratedMethodAccessor20.invoke(Unknown Source)
	at sun.reflect.DelegatingMethodAccessorImpl.invoke(DelegatingMethodAccessorImpl.java:43)
	at java.lang.reflect.Method.invoke(Method.java:498)
	at org.testng.internal.MethodInvocationHelper.invokeHookable(MethodInvocationHelper.java:194)
	at org.testng.internal.Invoker.invokeMethod(Invoker.java:707)
	at org.testng.internal.Invoker.invokeTestMethod(Invoker.java:901)
	at org.testng.internal.Invoker.invokeTestMethods(Invoker.java:1231)
	at org.testng.internal.TestMethodWorker.invokeTestMethods(TestMethodWorker.java:127)
	at org.testng.internal.TestMethodWorker.run(TestMethodWorker.java:111)
	at org.testng.internal.thread.ThreadUtil$2.call(ThreadUtil.java:64)
	at java.util.concurrent.FutureTask.run(FutureTask.java:266)
	at java.util.concurrent.ThreadPoolExecutor.runWorker(ThreadPoolExecutor.java:1149)
	at java.util.concurrent.ThreadPoolExecutor$Worker.run(ThreadPoolExecutor.java:624)
	at java.lang.Thread.run(Thread.java:748)
</pre></div></td>
<td>0</td>
<td>in.shark.online.web.test.catalogue.master.TestGetAllProductsApiTestNg@1dac5ef</td></tr>
<tr>
<td title='in.shark.online.web.test.catalogue.master.TestGetAllProductsApiTestNg.testGetAllProductstLoad()'><b>testGetAllProductstLoad</b><br>Test class: in.shark.online.web.test.catalogue.master.TestGetAllProductsApiTestNg<br>Parameters: 1234567, /api/catalogue-master/getAllProducts, 1, 500</td>
<td><div><pre>java.lang.AssertionError: Response time of GetAllProducts call more than: 500 expected [true] but found [false]
	at in.shark.online.web.test.catalogue.master.TestGetAllProductsApiTestNg.testGetAllProductstLoad(TestGetAllProductsApiTestNg.java:71)
	at org.springframework.test.context.testng.AbstractTestNGSpringContextTests.run(AbstractTestNGSpringContextTests.java:180)
	at java.util.concurrent.FutureTask.run(FutureTask.java:266)
	at java.util.concurrent.ThreadPoolExecutor.runWorker(ThreadPoolExecutor.java:1149)
	at java.util.concurrent.ThreadPoolExecutor$Worker.run(ThreadPoolExecutor.java:624)
	at java.lang.Thread.run(Thread.java:748)
... Removed 18 stack frames</pre></div><a href='#' onClick='toggleBox("stack-trace712012615", this, "Click to show all stack frames", "Click to hide stack frames")'>Click to show all stack frames</a>
<div class='stack-trace' id='stack-trace712012615'><pre>java.lang.AssertionError: Response time of GetAllProducts call more than: 500 expected [true] but found [false]
	at org.testng.Assert.fail(Assert.java:94)
	at org.testng.Assert.failNotEquals(Assert.java:494)
	at org.testng.Assert.assertTrue(Assert.java:42)
	at in.shark.online.web.test.catalogue.master.TestGetAllProductsApiTestNg.testGetAllProductstLoad(TestGetAllProductsApiTestNg.java:71)
	at sun.reflect.GeneratedMethodAccessor21.invoke(Unknown Source)
	at sun.reflect.DelegatingMethodAccessorImpl.invoke(DelegatingMethodAccessorImpl.java:43)
	at java.lang.reflect.Method.invoke(Method.java:498)
	at org.testng.internal.MethodInvocationHelper.invokeMethod(MethodInvocationHelper.java:80)
	at org.testng.internal.MethodInvocationHelper$1.runTestMethod(MethodInvocationHelper.java:182)
	at org.springframework.test.context.testng.AbstractTestNGSpringContextTests.run(AbstractTestNGSpringContextTests.java:180)
	at sun.reflect.GeneratedMethodAccessor20.invoke(Unknown Source)
	at sun.reflect.DelegatingMethodAccessorImpl.invoke(DelegatingMethodAccessorImpl.java:43)
	at java.lang.reflect.Method.invoke(Method.java:498)
	at org.testng.internal.MethodInvocationHelper.invokeHookable(MethodInvocationHelper.java:194)
	at org.testng.internal.Invoker.invokeMethod(Invoker.java:707)
	at org.testng.internal.Invoker.invokeTestMethod(Invoker.java:901)
	at org.testng.internal.Invoker.invokeTestMethods(Invoker.java:1231)
	at org.testng.internal.TestMethodWorker.invokeTestMethods(TestMethodWorker.java:127)
	at org.testng.internal.TestMethodWorker.run(TestMethodWorker.java:111)
	at org.testng.internal.thread.ThreadUtil$2.call(ThreadUtil.java:64)
	at java.util.concurrent.FutureTask.run(FutureTask.java:266)
	at java.util.concurrent.ThreadPoolExecutor.runWorker(ThreadPoolExecutor.java:1149)
	at java.util.concurrent.ThreadPoolExecutor$Worker.run(ThreadPoolExecutor.java:624)
	at java.lang.Thread.run(Thread.java:748)
</pre></div></td>
<td>0</td>
<td>in.shark.online.web.test.catalogue.master.TestGetAllProductsApiTestNg@1dac5ef</td></tr>
<tr>
<td title='in.shark.online.web.test.catalogue.master.TestGetAllProductsApiTestNg.testGetAllProductstLoad()'><b>testGetAllProductstLoad</b><br>Test class: in.shark.online.web.test.catalogue.master.TestGetAllProductsApiTestNg<br>Parameters: 1234567, /api/catalogue-master/getAllProducts, 1, 500</td>
<td><div><pre>java.lang.AssertionError: Response time of GetAllProducts call more than: 500 expected [true] but found [false]
	at in.shark.online.web.test.catalogue.master.TestGetAllProductsApiTestNg.testGetAllProductstLoad(TestGetAllProductsApiTestNg.java:71)
	at org.springframework.test.context.testng.AbstractTestNGSpringContextTests.run(AbstractTestNGSpringContextTests.java:180)
	at java.util.concurrent.FutureTask.run(FutureTask.java:266)
	at java.util.concurrent.ThreadPoolExecutor.runWorker(ThreadPoolExecutor.java:1149)
	at java.util.concurrent.ThreadPoolExecutor$Worker.run(ThreadPoolExecutor.java:624)
	at java.lang.Thread.run(Thread.java:748)
... Removed 18 stack frames</pre></div><a href='#' onClick='toggleBox("stack-trace1368029153", this, "Click to show all stack frames", "Click to hide stack frames")'>Click to show all stack frames</a>
<div class='stack-trace' id='stack-trace1368029153'><pre>java.lang.AssertionError: Response time of GetAllProducts call more than: 500 expected [true] but found [false]
	at org.testng.Assert.fail(Assert.java:94)
	at org.testng.Assert.failNotEquals(Assert.java:494)
	at org.testng.Assert.assertTrue(Assert.java:42)
	at in.shark.online.web.test.catalogue.master.TestGetAllProductsApiTestNg.testGetAllProductstLoad(TestGetAllProductsApiTestNg.java:71)
	at sun.reflect.GeneratedMethodAccessor21.invoke(Unknown Source)
	at sun.reflect.DelegatingMethodAccessorImpl.invoke(DelegatingMethodAccessorImpl.java:43)
	at java.lang.reflect.Method.invoke(Method.java:498)
	at org.testng.internal.MethodInvocationHelper.invokeMethod(MethodInvocationHelper.java:80)
	at org.testng.internal.MethodInvocationHelper$1.runTestMethod(MethodInvocationHelper.java:182)
	at org.springframework.test.context.testng.AbstractTestNGSpringContextTests.run(AbstractTestNGSpringContextTests.java:180)
	at sun.reflect.GeneratedMethodAccessor20.invoke(Unknown Source)
	at sun.reflect.DelegatingMethodAccessorImpl.invoke(DelegatingMethodAccessorImpl.java:43)
	at java.lang.reflect.Method.invoke(Method.java:498)
	at org.testng.internal.MethodInvocationHelper.invokeHookable(MethodInvocationHelper.java:194)
	at org.testng.internal.Invoker.invokeMethod(Invoker.java:707)
	at org.testng.internal.Invoker.invokeTestMethod(Invoker.java:901)
	at org.testng.internal.Invoker.invokeTestMethods(Invoker.java:1231)
	at org.testng.internal.TestMethodWorker.invokeTestMethods(TestMethodWorker.java:127)
	at org.testng.internal.TestMethodWorker.run(TestMethodWorker.java:111)
	at org.testng.internal.thread.ThreadUtil$2.call(ThreadUtil.java:64)
	at java.util.concurrent.FutureTask.run(FutureTask.java:266)
	at java.util.concurrent.ThreadPoolExecutor.runWorker(ThreadPoolExecutor.java:1149)
	at java.util.concurrent.ThreadPoolExecutor$Worker.run(ThreadPoolExecutor.java:624)
	at java.lang.Thread.run(Thread.java:748)
</pre></div></td>
<td>0</td>
<td>in.shark.online.web.test.catalogue.master.TestGetAllProductsApiTestNg@1dac5ef</td></tr>
<tr>
<td title='in.shark.online.web.test.catalogue.master.TestGetAllProductsApiTestNg.testGetAllProductstLoad()'><b>testGetAllProductstLoad</b><br>Test class: in.shark.online.web.test.catalogue.master.TestGetAllProductsApiTestNg<br>Parameters: 1234567, /api/catalogue-master/getAllProducts, 1, 500</td>
<td><div><pre>java.lang.AssertionError: Response time of GetAllProducts call more than: 500 expected [true] but found [false]
	at in.shark.online.web.test.catalogue.master.TestGetAllProductsApiTestNg.testGetAllProductstLoad(TestGetAllProductsApiTestNg.java:71)
	at org.springframework.test.context.testng.AbstractTestNGSpringContextTests.run(AbstractTestNGSpringContextTests.java:180)
	at java.util.concurrent.FutureTask.run(FutureTask.java:266)
	at java.util.concurrent.ThreadPoolExecutor.runWorker(ThreadPoolExecutor.java:1149)
	at java.util.concurrent.ThreadPoolExecutor$Worker.run(ThreadPoolExecutor.java:624)
	at java.lang.Thread.run(Thread.java:748)
... Removed 18 stack frames</pre></div><a href='#' onClick='toggleBox("stack-trace858262129", this, "Click to show all stack frames", "Click to hide stack frames")'>Click to show all stack frames</a>
<div class='stack-trace' id='stack-trace858262129'><pre>java.lang.AssertionError: Response time of GetAllProducts call more than: 500 expected [true] but found [false]
	at org.testng.Assert.fail(Assert.java:94)
	at org.testng.Assert.failNotEquals(Assert.java:494)
	at org.testng.Assert.assertTrue(Assert.java:42)
	at in.shark.online.web.test.catalogue.master.TestGetAllProductsApiTestNg.testGetAllProductstLoad(TestGetAllProductsApiTestNg.java:71)
	at sun.reflect.GeneratedMethodAccessor21.invoke(Unknown Source)
	at sun.reflect.DelegatingMethodAccessorImpl.invoke(DelegatingMethodAccessorImpl.java:43)
	at java.lang.reflect.Method.invoke(Method.java:498)
	at org.testng.internal.MethodInvocationHelper.invokeMethod(MethodInvocationHelper.java:80)
	at org.testng.internal.MethodInvocationHelper$1.runTestMethod(MethodInvocationHelper.java:182)
	at org.springframework.test.context.testng.AbstractTestNGSpringContextTests.run(AbstractTestNGSpringContextTests.java:180)
	at sun.reflect.GeneratedMethodAccessor20.invoke(Unknown Source)
	at sun.reflect.DelegatingMethodAccessorImpl.invoke(DelegatingMethodAccessorImpl.java:43)
	at java.lang.reflect.Method.invoke(Method.java:498)
	at org.testng.internal.MethodInvocationHelper.invokeHookable(MethodInvocationHelper.java:194)
	at org.testng.internal.Invoker.invokeMethod(Invoker.java:707)
	at org.testng.internal.Invoker.invokeTestMethod(Invoker.java:901)
	at org.testng.internal.Invoker.invokeTestMethods(Invoker.java:1231)
	at org.testng.internal.TestMethodWorker.invokeTestMethods(TestMethodWorker.java:127)
	at org.testng.internal.TestMethodWorker.run(TestMethodWorker.java:111)
	at org.testng.internal.thread.ThreadUtil$2.call(ThreadUtil.java:64)
	at java.util.concurrent.FutureTask.run(FutureTask.java:266)
	at java.util.concurrent.ThreadPoolExecutor.runWorker(ThreadPoolExecutor.java:1149)
	at java.util.concurrent.ThreadPoolExecutor$Worker.run(ThreadPoolExecutor.java:624)
	at java.lang.Thread.run(Thread.java:748)
</pre></div></td>
<td>0</td>
<td>in.shark.online.web.test.catalogue.master.TestGetAllProductsApiTestNg@1dac5ef</td></tr>
<tr>
<td title='in.shark.online.web.test.catalogue.master.TestGetAllProductsApiTestNg.testGetAllProductstLoad()'><b>testGetAllProductstLoad</b><br>Test class: in.shark.online.web.test.catalogue.master.TestGetAllProductsApiTestNg<br>Parameters: 1234567, /api/catalogue-master/getAllProducts, 1, 500</td>
<td><div><pre>java.lang.AssertionError: Response time of GetAllProducts call more than: 500 expected [true] but found [false]
	at in.shark.online.web.test.catalogue.master.TestGetAllProductsApiTestNg.testGetAllProductstLoad(TestGetAllProductsApiTestNg.java:71)
	at org.springframework.test.context.testng.AbstractTestNGSpringContextTests.run(AbstractTestNGSpringContextTests.java:180)
	at java.util.concurrent.FutureTask.run(FutureTask.java:266)
	at java.util.concurrent.ThreadPoolExecutor.runWorker(ThreadPoolExecutor.java:1149)
	at java.util.concurrent.ThreadPoolExecutor$Worker.run(ThreadPoolExecutor.java:624)
	at java.lang.Thread.run(Thread.java:748)
... Removed 18 stack frames</pre></div><a href='#' onClick='toggleBox("stack-trace1359970811", this, "Click to show all stack frames", "Click to hide stack frames")'>Click to show all stack frames</a>
<div class='stack-trace' id='stack-trace1359970811'><pre>java.lang.AssertionError: Response time of GetAllProducts call more than: 500 expected [true] but found [false]
	at org.testng.Assert.fail(Assert.java:94)
	at org.testng.Assert.failNotEquals(Assert.java:494)
	at org.testng.Assert.assertTrue(Assert.java:42)
	at in.shark.online.web.test.catalogue.master.TestGetAllProductsApiTestNg.testGetAllProductstLoad(TestGetAllProductsApiTestNg.java:71)
	at sun.reflect.GeneratedMethodAccessor21.invoke(Unknown Source)
	at sun.reflect.DelegatingMethodAccessorImpl.invoke(DelegatingMethodAccessorImpl.java:43)
	at java.lang.reflect.Method.invoke(Method.java:498)
	at org.testng.internal.MethodInvocationHelper.invokeMethod(MethodInvocationHelper.java:80)
	at org.testng.internal.MethodInvocationHelper$1.runTestMethod(MethodInvocationHelper.java:182)
	at org.springframework.test.context.testng.AbstractTestNGSpringContextTests.run(AbstractTestNGSpringContextTests.java:180)
	at sun.reflect.GeneratedMethodAccessor20.invoke(Unknown Source)
	at sun.reflect.DelegatingMethodAccessorImpl.invoke(DelegatingMethodAccessorImpl.java:43)
	at java.lang.reflect.Method.invoke(Method.java:498)
	at org.testng.internal.MethodInvocationHelper.invokeHookable(MethodInvocationHelper.java:194)
	at org.testng.internal.Invoker.invokeMethod(Invoker.java:707)
	at org.testng.internal.Invoker.invokeTestMethod(Invoker.java:901)
	at org.testng.internal.Invoker.invokeTestMethods(Invoker.java:1231)
	at org.testng.internal.TestMethodWorker.invokeTestMethods(TestMethodWorker.java:127)
	at org.testng.internal.TestMethodWorker.run(TestMethodWorker.java:111)
	at org.testng.internal.thread.ThreadUtil$2.call(ThreadUtil.java:64)
	at java.util.concurrent.FutureTask.run(FutureTask.java:266)
	at java.util.concurrent.ThreadPoolExecutor.runWorker(ThreadPoolExecutor.java:1149)
	at java.util.concurrent.ThreadPoolExecutor$Worker.run(ThreadPoolExecutor.java:624)
	at java.lang.Thread.run(Thread.java:748)
</pre></div></td>
<td>0</td>
<td>in.shark.online.web.test.catalogue.master.TestGetAllProductsApiTestNg@1dac5ef</td></tr>
<tr>
<td title='in.shark.online.web.test.catalogue.master.TestGetAllProductsApiTestNg.testGetAllProductstLoad()'><b>testGetAllProductstLoad</b><br>Test class: in.shark.online.web.test.catalogue.master.TestGetAllProductsApiTestNg<br>Parameters: 1234567, /api/catalogue-master/getAllProducts, 1, 500</td>
<td><div><pre>java.lang.AssertionError: Response time of GetAllProducts call more than: 500 expected [true] but found [false]
	at in.shark.online.web.test.catalogue.master.TestGetAllProductsApiTestNg.testGetAllProductstLoad(TestGetAllProductsApiTestNg.java:71)
	at org.springframework.test.context.testng.AbstractTestNGSpringContextTests.run(AbstractTestNGSpringContextTests.java:180)
	at java.util.concurrent.FutureTask.run(FutureTask.java:266)
	at java.util.concurrent.ThreadPoolExecutor.runWorker(ThreadPoolExecutor.java:1149)
	at java.util.concurrent.ThreadPoolExecutor$Worker.run(ThreadPoolExecutor.java:624)
	at java.lang.Thread.run(Thread.java:748)
... Removed 18 stack frames</pre></div><a href='#' onClick='toggleBox("stack-trace19620421", this, "Click to show all stack frames", "Click to hide stack frames")'>Click to show all stack frames</a>
<div class='stack-trace' id='stack-trace19620421'><pre>java.lang.AssertionError: Response time of GetAllProducts call more than: 500 expected [true] but found [false]
	at org.testng.Assert.fail(Assert.java:94)
	at org.testng.Assert.failNotEquals(Assert.java:494)
	at org.testng.Assert.assertTrue(Assert.java:42)
	at in.shark.online.web.test.catalogue.master.TestGetAllProductsApiTestNg.testGetAllProductstLoad(TestGetAllProductsApiTestNg.java:71)
	at sun.reflect.GeneratedMethodAccessor21.invoke(Unknown Source)
	at sun.reflect.DelegatingMethodAccessorImpl.invoke(DelegatingMethodAccessorImpl.java:43)
	at java.lang.reflect.Method.invoke(Method.java:498)
	at org.testng.internal.MethodInvocationHelper.invokeMethod(MethodInvocationHelper.java:80)
	at org.testng.internal.MethodInvocationHelper$1.runTestMethod(MethodInvocationHelper.java:182)
	at org.springframework.test.context.testng.AbstractTestNGSpringContextTests.run(AbstractTestNGSpringContextTests.java:180)
	at sun.reflect.GeneratedMethodAccessor20.invoke(Unknown Source)
	at sun.reflect.DelegatingMethodAccessorImpl.invoke(DelegatingMethodAccessorImpl.java:43)
	at java.lang.reflect.Method.invoke(Method.java:498)
	at org.testng.internal.MethodInvocationHelper.invokeHookable(MethodInvocationHelper.java:194)
	at org.testng.internal.Invoker.invokeMethod(Invoker.java:707)
	at org.testng.internal.Invoker.invokeTestMethod(Invoker.java:901)
	at org.testng.internal.Invoker.invokeTestMethods(Invoker.java:1231)
	at org.testng.internal.TestMethodWorker.invokeTestMethods(TestMethodWorker.java:127)
	at org.testng.internal.TestMethodWorker.run(TestMethodWorker.java:111)
	at org.testng.internal.thread.ThreadUtil$2.call(ThreadUtil.java:64)
	at java.util.concurrent.FutureTask.run(FutureTask.java:266)
	at java.util.concurrent.ThreadPoolExecutor.runWorker(ThreadPoolExecutor.java:1149)
	at java.util.concurrent.ThreadPoolExecutor$Worker.run(ThreadPoolExecutor.java:624)
	at java.lang.Thread.run(Thread.java:748)
</pre></div></td>
<td>0</td>
<td>in.shark.online.web.test.catalogue.master.TestGetAllProductsApiTestNg@1dac5ef</td></tr>
<tr>
<td title='in.shark.online.web.test.catalogue.master.TestGetAllProductsApiTestNg.testGetAllProductstLoad()'><b>testGetAllProductstLoad</b><br>Test class: in.shark.online.web.test.catalogue.master.TestGetAllProductsApiTestNg<br>Parameters: 1234567, /api/catalogue-master/getAllProducts, 1, 500</td>
<td><div><pre>java.lang.AssertionError: Response time of GetAllProducts call more than: 500 expected [true] but found [false]
	at in.shark.online.web.test.catalogue.master.TestGetAllProductsApiTestNg.testGetAllProductstLoad(TestGetAllProductsApiTestNg.java:71)
	at org.springframework.test.context.testng.AbstractTestNGSpringContextTests.run(AbstractTestNGSpringContextTests.java:180)
	at java.util.concurrent.FutureTask.run(FutureTask.java:266)
	at java.util.concurrent.ThreadPoolExecutor.runWorker(ThreadPoolExecutor.java:1149)
	at java.util.concurrent.ThreadPoolExecutor$Worker.run(ThreadPoolExecutor.java:624)
	at java.lang.Thread.run(Thread.java:748)
... Removed 18 stack frames</pre></div><a href='#' onClick='toggleBox("stack-trace1068101876", this, "Click to show all stack frames", "Click to hide stack frames")'>Click to show all stack frames</a>
<div class='stack-trace' id='stack-trace1068101876'><pre>java.lang.AssertionError: Response time of GetAllProducts call more than: 500 expected [true] but found [false]
	at org.testng.Assert.fail(Assert.java:94)
	at org.testng.Assert.failNotEquals(Assert.java:494)
	at org.testng.Assert.assertTrue(Assert.java:42)
	at in.shark.online.web.test.catalogue.master.TestGetAllProductsApiTestNg.testGetAllProductstLoad(TestGetAllProductsApiTestNg.java:71)
	at sun.reflect.GeneratedMethodAccessor21.invoke(Unknown Source)
	at sun.reflect.DelegatingMethodAccessorImpl.invoke(DelegatingMethodAccessorImpl.java:43)
	at java.lang.reflect.Method.invoke(Method.java:498)
	at org.testng.internal.MethodInvocationHelper.invokeMethod(MethodInvocationHelper.java:80)
	at org.testng.internal.MethodInvocationHelper$1.runTestMethod(MethodInvocationHelper.java:182)
	at org.springframework.test.context.testng.AbstractTestNGSpringContextTests.run(AbstractTestNGSpringContextTests.java:180)
	at sun.reflect.GeneratedMethodAccessor20.invoke(Unknown Source)
	at sun.reflect.DelegatingMethodAccessorImpl.invoke(DelegatingMethodAccessorImpl.java:43)
	at java.lang.reflect.Method.invoke(Method.java:498)
	at org.testng.internal.MethodInvocationHelper.invokeHookable(MethodInvocationHelper.java:194)
	at org.testng.internal.Invoker.invokeMethod(Invoker.java:707)
	at org.testng.internal.Invoker.invokeTestMethod(Invoker.java:901)
	at org.testng.internal.Invoker.invokeTestMethods(Invoker.java:1231)
	at org.testng.internal.TestMethodWorker.invokeTestMethods(TestMethodWorker.java:127)
	at org.testng.internal.TestMethodWorker.run(TestMethodWorker.java:111)
	at org.testng.internal.thread.ThreadUtil$2.call(ThreadUtil.java:64)
	at java.util.concurrent.FutureTask.run(FutureTask.java:266)
	at java.util.concurrent.ThreadPoolExecutor.runWorker(ThreadPoolExecutor.java:1149)
	at java.util.concurrent.ThreadPoolExecutor$Worker.run(ThreadPoolExecutor.java:624)
	at java.lang.Thread.run(Thread.java:748)
</pre></div></td>
<td>0</td>
<td>in.shark.online.web.test.catalogue.master.TestGetAllProductsApiTestNg@1dac5ef</td></tr>
<tr>
<td title='in.shark.online.web.test.catalogue.master.TestGetAllProductsApiTestNg.testGetAllProductstLoad()'><b>testGetAllProductstLoad</b><br>Test class: in.shark.online.web.test.catalogue.master.TestGetAllProductsApiTestNg<br>Parameters: 1234567, /api/catalogue-master/getAllProducts, 1, 500</td>
<td><div><pre>java.lang.AssertionError: Response time of GetAllProducts call more than: 500 expected [true] but found [false]
	at in.shark.online.web.test.catalogue.master.TestGetAllProductsApiTestNg.testGetAllProductstLoad(TestGetAllProductsApiTestNg.java:71)
	at org.springframework.test.context.testng.AbstractTestNGSpringContextTests.run(AbstractTestNGSpringContextTests.java:180)
	at java.util.concurrent.FutureTask.run(FutureTask.java:266)
	at java.util.concurrent.ThreadPoolExecutor.runWorker(ThreadPoolExecutor.java:1149)
	at java.util.concurrent.ThreadPoolExecutor$Worker.run(ThreadPoolExecutor.java:624)
	at java.lang.Thread.run(Thread.java:748)
... Removed 18 stack frames</pre></div><a href='#' onClick='toggleBox("stack-trace42628103", this, "Click to show all stack frames", "Click to hide stack frames")'>Click to show all stack frames</a>
<div class='stack-trace' id='stack-trace42628103'><pre>java.lang.AssertionError: Response time of GetAllProducts call more than: 500 expected [true] but found [false]
	at org.testng.Assert.fail(Assert.java:94)
	at org.testng.Assert.failNotEquals(Assert.java:494)
	at org.testng.Assert.assertTrue(Assert.java:42)
	at in.shark.online.web.test.catalogue.master.TestGetAllProductsApiTestNg.testGetAllProductstLoad(TestGetAllProductsApiTestNg.java:71)
	at sun.reflect.GeneratedMethodAccessor21.invoke(Unknown Source)
	at sun.reflect.DelegatingMethodAccessorImpl.invoke(DelegatingMethodAccessorImpl.java:43)
	at java.lang.reflect.Method.invoke(Method.java:498)
	at org.testng.internal.MethodInvocationHelper.invokeMethod(MethodInvocationHelper.java:80)
	at org.testng.internal.MethodInvocationHelper$1.runTestMethod(MethodInvocationHelper.java:182)
	at org.springframework.test.context.testng.AbstractTestNGSpringContextTests.run(AbstractTestNGSpringContextTests.java:180)
	at sun.reflect.GeneratedMethodAccessor20.invoke(Unknown Source)
	at sun.reflect.DelegatingMethodAccessorImpl.invoke(DelegatingMethodAccessorImpl.java:43)
	at java.lang.reflect.Method.invoke(Method.java:498)
	at org.testng.internal.MethodInvocationHelper.invokeHookable(MethodInvocationHelper.java:194)
	at org.testng.internal.Invoker.invokeMethod(Invoker.java:707)
	at org.testng.internal.Invoker.invokeTestMethod(Invoker.java:901)
	at org.testng.internal.Invoker.invokeTestMethods(Invoker.java:1231)
	at org.testng.internal.TestMethodWorker.invokeTestMethods(TestMethodWorker.java:127)
	at org.testng.internal.TestMethodWorker.run(TestMethodWorker.java:111)
	at org.testng.internal.thread.ThreadUtil$2.call(ThreadUtil.java:64)
	at java.util.concurrent.FutureTask.run(FutureTask.java:266)
	at java.util.concurrent.ThreadPoolExecutor.runWorker(ThreadPoolExecutor.java:1149)
	at java.util.concurrent.ThreadPoolExecutor$Worker.run(ThreadPoolExecutor.java:624)
	at java.lang.Thread.run(Thread.java:748)
</pre></div></td>
<td>0</td>
<td>in.shark.online.web.test.catalogue.master.TestGetAllProductsApiTestNg@1dac5ef</td></tr>
<tr>
<td title='in.shark.online.web.test.catalogue.master.TestGetAllProductsApiTestNg.testGetAllProductstLoad()'><b>testGetAllProductstLoad</b><br>Test class: in.shark.online.web.test.catalogue.master.TestGetAllProductsApiTestNg<br>Parameters: 1234567, /api/catalogue-master/getAllProducts, 1, 500</td>
<td><div><pre>java.lang.AssertionError: Response time of GetAllProducts call more than: 500 expected [true] but found [false]
	at in.shark.online.web.test.catalogue.master.TestGetAllProductsApiTestNg.testGetAllProductstLoad(TestGetAllProductsApiTestNg.java:71)
	at org.springframework.test.context.testng.AbstractTestNGSpringContextTests.run(AbstractTestNGSpringContextTests.java:180)
	at java.util.concurrent.FutureTask.run(FutureTask.java:266)
	at java.util.concurrent.ThreadPoolExecutor.runWorker(ThreadPoolExecutor.java:1149)
	at java.util.concurrent.ThreadPoolExecutor$Worker.run(ThreadPoolExecutor.java:624)
	at java.lang.Thread.run(Thread.java:748)
... Removed 18 stack frames</pre></div><a href='#' onClick='toggleBox("stack-trace832411884", this, "Click to show all stack frames", "Click to hide stack frames")'>Click to show all stack frames</a>
<div class='stack-trace' id='stack-trace832411884'><pre>java.lang.AssertionError: Response time of GetAllProducts call more than: 500 expected [true] but found [false]
	at org.testng.Assert.fail(Assert.java:94)
	at org.testng.Assert.failNotEquals(Assert.java:494)
	at org.testng.Assert.assertTrue(Assert.java:42)
	at in.shark.online.web.test.catalogue.master.TestGetAllProductsApiTestNg.testGetAllProductstLoad(TestGetAllProductsApiTestNg.java:71)
	at sun.reflect.GeneratedMethodAccessor21.invoke(Unknown Source)
	at sun.reflect.DelegatingMethodAccessorImpl.invoke(DelegatingMethodAccessorImpl.java:43)
	at java.lang.reflect.Method.invoke(Method.java:498)
	at org.testng.internal.MethodInvocationHelper.invokeMethod(MethodInvocationHelper.java:80)
	at org.testng.internal.MethodInvocationHelper$1.runTestMethod(MethodInvocationHelper.java:182)
	at org.springframework.test.context.testng.AbstractTestNGSpringContextTests.run(AbstractTestNGSpringContextTests.java:180)
	at sun.reflect.GeneratedMethodAccessor20.invoke(Unknown Source)
	at sun.reflect.DelegatingMethodAccessorImpl.invoke(DelegatingMethodAccessorImpl.java:43)
	at java.lang.reflect.Method.invoke(Method.java:498)
	at org.testng.internal.MethodInvocationHelper.invokeHookable(MethodInvocationHelper.java:194)
	at org.testng.internal.Invoker.invokeMethod(Invoker.java:707)
	at org.testng.internal.Invoker.invokeTestMethod(Invoker.java:901)
	at org.testng.internal.Invoker.invokeTestMethods(Invoker.java:1231)
	at org.testng.internal.TestMethodWorker.invokeTestMethods(TestMethodWorker.java:127)
	at org.testng.internal.TestMethodWorker.run(TestMethodWorker.java:111)
	at org.testng.internal.thread.ThreadUtil$2.call(ThreadUtil.java:64)
	at java.util.concurrent.FutureTask.run(FutureTask.java:266)
	at java.util.concurrent.ThreadPoolExecutor.runWorker(ThreadPoolExecutor.java:1149)
	at java.util.concurrent.ThreadPoolExecutor$Worker.run(ThreadPoolExecutor.java:624)
	at java.lang.Thread.run(Thread.java:748)
</pre></div></td>
<td>0</td>
<td>in.shark.online.web.test.catalogue.master.TestGetAllProductsApiTestNg@1dac5ef</td></tr>
<tr>
<td title='in.shark.online.web.test.catalogue.master.TestGetAllProductsApiTestNg.testGetAllProductstLoad()'><b>testGetAllProductstLoad</b><br>Test class: in.shark.online.web.test.catalogue.master.TestGetAllProductsApiTestNg<br>Parameters: 1234567, /api/catalogue-master/getAllProducts, 1, 500</td>
<td><div><pre>java.lang.AssertionError: Response time of GetAllProducts call more than: 500 expected [true] but found [false]
	at in.shark.online.web.test.catalogue.master.TestGetAllProductsApiTestNg.testGetAllProductstLoad(TestGetAllProductsApiTestNg.java:71)
	at org.springframework.test.context.testng.AbstractTestNGSpringContextTests.run(AbstractTestNGSpringContextTests.java:180)
	at java.util.concurrent.FutureTask.run(FutureTask.java:266)
	at java.util.concurrent.ThreadPoolExecutor.runWorker(ThreadPoolExecutor.java:1149)
	at java.util.concurrent.ThreadPoolExecutor$Worker.run(ThreadPoolExecutor.java:624)
	at java.lang.Thread.run(Thread.java:748)
... Removed 18 stack frames</pre></div><a href='#' onClick='toggleBox("stack-trace402190352", this, "Click to show all stack frames", "Click to hide stack frames")'>Click to show all stack frames</a>
<div class='stack-trace' id='stack-trace402190352'><pre>java.lang.AssertionError: Response time of GetAllProducts call more than: 500 expected [true] but found [false]
	at org.testng.Assert.fail(Assert.java:94)
	at org.testng.Assert.failNotEquals(Assert.java:494)
	at org.testng.Assert.assertTrue(Assert.java:42)
	at in.shark.online.web.test.catalogue.master.TestGetAllProductsApiTestNg.testGetAllProductstLoad(TestGetAllProductsApiTestNg.java:71)
	at sun.reflect.GeneratedMethodAccessor21.invoke(Unknown Source)
	at sun.reflect.DelegatingMethodAccessorImpl.invoke(DelegatingMethodAccessorImpl.java:43)
	at java.lang.reflect.Method.invoke(Method.java:498)
	at org.testng.internal.MethodInvocationHelper.invokeMethod(MethodInvocationHelper.java:80)
	at org.testng.internal.MethodInvocationHelper$1.runTestMethod(MethodInvocationHelper.java:182)
	at org.springframework.test.context.testng.AbstractTestNGSpringContextTests.run(AbstractTestNGSpringContextTests.java:180)
	at sun.reflect.GeneratedMethodAccessor20.invoke(Unknown Source)
	at sun.reflect.DelegatingMethodAccessorImpl.invoke(DelegatingMethodAccessorImpl.java:43)
	at java.lang.reflect.Method.invoke(Method.java:498)
	at org.testng.internal.MethodInvocationHelper.invokeHookable(MethodInvocationHelper.java:194)
	at org.testng.internal.Invoker.invokeMethod(Invoker.java:707)
	at org.testng.internal.Invoker.invokeTestMethod(Invoker.java:901)
	at org.testng.internal.Invoker.invokeTestMethods(Invoker.java:1231)
	at org.testng.internal.TestMethodWorker.invokeTestMethods(TestMethodWorker.java:127)
	at org.testng.internal.TestMethodWorker.run(TestMethodWorker.java:111)
	at org.testng.internal.thread.ThreadUtil$2.call(ThreadUtil.java:64)
	at java.util.concurrent.FutureTask.run(FutureTask.java:266)
	at java.util.concurrent.ThreadPoolExecutor.runWorker(ThreadPoolExecutor.java:1149)
	at java.util.concurrent.ThreadPoolExecutor$Worker.run(ThreadPoolExecutor.java:624)
	at java.lang.Thread.run(Thread.java:748)
</pre></div></td>
<td>0</td>
<td>in.shark.online.web.test.catalogue.master.TestGetAllProductsApiTestNg@1dac5ef</td></tr>
<tr>
<td title='in.shark.online.web.test.catalogue.master.TestGetAllProductsApiTestNg.testGetAllProductstLoad()'><b>testGetAllProductstLoad</b><br>Test class: in.shark.online.web.test.catalogue.master.TestGetAllProductsApiTestNg<br>Parameters: 1234567, /api/catalogue-master/getAllProducts, 1, 500</td>
<td><div><pre>java.lang.AssertionError: Response time of GetAllProducts call more than: 500 expected [true] but found [false]
	at in.shark.online.web.test.catalogue.master.TestGetAllProductsApiTestNg.testGetAllProductstLoad(TestGetAllProductsApiTestNg.java:71)
	at org.springframework.test.context.testng.AbstractTestNGSpringContextTests.run(AbstractTestNGSpringContextTests.java:180)
	at java.util.concurrent.FutureTask.run(FutureTask.java:266)
	at java.util.concurrent.ThreadPoolExecutor.runWorker(ThreadPoolExecutor.java:1149)
	at java.util.concurrent.ThreadPoolExecutor$Worker.run(ThreadPoolExecutor.java:624)
	at java.lang.Thread.run(Thread.java:748)
... Removed 18 stack frames</pre></div><a href='#' onClick='toggleBox("stack-trace772619101", this, "Click to show all stack frames", "Click to hide stack frames")'>Click to show all stack frames</a>
<div class='stack-trace' id='stack-trace772619101'><pre>java.lang.AssertionError: Response time of GetAllProducts call more than: 500 expected [true] but found [false]
	at org.testng.Assert.fail(Assert.java:94)
	at org.testng.Assert.failNotEquals(Assert.java:494)
	at org.testng.Assert.assertTrue(Assert.java:42)
	at in.shark.online.web.test.catalogue.master.TestGetAllProductsApiTestNg.testGetAllProductstLoad(TestGetAllProductsApiTestNg.java:71)
	at sun.reflect.GeneratedMethodAccessor21.invoke(Unknown Source)
	at sun.reflect.DelegatingMethodAccessorImpl.invoke(DelegatingMethodAccessorImpl.java:43)
	at java.lang.reflect.Method.invoke(Method.java:498)
	at org.testng.internal.MethodInvocationHelper.invokeMethod(MethodInvocationHelper.java:80)
	at org.testng.internal.MethodInvocationHelper$1.runTestMethod(MethodInvocationHelper.java:182)
	at org.springframework.test.context.testng.AbstractTestNGSpringContextTests.run(AbstractTestNGSpringContextTests.java:180)
	at sun.reflect.GeneratedMethodAccessor20.invoke(Unknown Source)
	at sun.reflect.DelegatingMethodAccessorImpl.invoke(DelegatingMethodAccessorImpl.java:43)
	at java.lang.reflect.Method.invoke(Method.java:498)
	at org.testng.internal.MethodInvocationHelper.invokeHookable(MethodInvocationHelper.java:194)
	at org.testng.internal.Invoker.invokeMethod(Invoker.java:707)
	at org.testng.internal.Invoker.invokeTestMethod(Invoker.java:901)
	at org.testng.internal.Invoker.invokeTestMethods(Invoker.java:1231)
	at org.testng.internal.TestMethodWorker.invokeTestMethods(TestMethodWorker.java:127)
	at org.testng.internal.TestMethodWorker.run(TestMethodWorker.java:111)
	at org.testng.internal.thread.ThreadUtil$2.call(ThreadUtil.java:64)
	at java.util.concurrent.FutureTask.run(FutureTask.java:266)
	at java.util.concurrent.ThreadPoolExecutor.runWorker(ThreadPoolExecutor.java:1149)
	at java.util.concurrent.ThreadPoolExecutor$Worker.run(ThreadPoolExecutor.java:624)
	at java.lang.Thread.run(Thread.java:748)
</pre></div></td>
<td>0</td>
<td>in.shark.online.web.test.catalogue.master.TestGetAllProductsApiTestNg@1dac5ef</td></tr>
<tr>
<td title='in.shark.online.web.test.catalogue.master.TestGetAllProductsApiTestNg.testGetAllProductstLoad()'><b>testGetAllProductstLoad</b><br>Test class: in.shark.online.web.test.catalogue.master.TestGetAllProductsApiTestNg<br>Parameters: 1234567, /api/catalogue-master/getAllProducts, 1, 500</td>
<td><div><pre>java.lang.AssertionError: Response time of GetAllProducts call more than: 500 expected [true] but found [false]
	at in.shark.online.web.test.catalogue.master.TestGetAllProductsApiTestNg.testGetAllProductstLoad(TestGetAllProductsApiTestNg.java:71)
	at org.springframework.test.context.testng.AbstractTestNGSpringContextTests.run(AbstractTestNGSpringContextTests.java:180)
	at java.util.concurrent.FutureTask.run(FutureTask.java:266)
	at java.util.concurrent.ThreadPoolExecutor.runWorker(ThreadPoolExecutor.java:1149)
	at java.util.concurrent.ThreadPoolExecutor$Worker.run(ThreadPoolExecutor.java:624)
	at java.lang.Thread.run(Thread.java:748)
... Removed 18 stack frames</pre></div><a href='#' onClick='toggleBox("stack-trace1025638944", this, "Click to show all stack frames", "Click to hide stack frames")'>Click to show all stack frames</a>
<div class='stack-trace' id='stack-trace1025638944'><pre>java.lang.AssertionError: Response time of GetAllProducts call more than: 500 expected [true] but found [false]
	at org.testng.Assert.fail(Assert.java:94)
	at org.testng.Assert.failNotEquals(Assert.java:494)
	at org.testng.Assert.assertTrue(Assert.java:42)
	at in.shark.online.web.test.catalogue.master.TestGetAllProductsApiTestNg.testGetAllProductstLoad(TestGetAllProductsApiTestNg.java:71)
	at sun.reflect.GeneratedMethodAccessor21.invoke(Unknown Source)
	at sun.reflect.DelegatingMethodAccessorImpl.invoke(DelegatingMethodAccessorImpl.java:43)
	at java.lang.reflect.Method.invoke(Method.java:498)
	at org.testng.internal.MethodInvocationHelper.invokeMethod(MethodInvocationHelper.java:80)
	at org.testng.internal.MethodInvocationHelper$1.runTestMethod(MethodInvocationHelper.java:182)
	at org.springframework.test.context.testng.AbstractTestNGSpringContextTests.run(AbstractTestNGSpringContextTests.java:180)
	at sun.reflect.GeneratedMethodAccessor20.invoke(Unknown Source)
	at sun.reflect.DelegatingMethodAccessorImpl.invoke(DelegatingMethodAccessorImpl.java:43)
	at java.lang.reflect.Method.invoke(Method.java:498)
	at org.testng.internal.MethodInvocationHelper.invokeHookable(MethodInvocationHelper.java:194)
	at org.testng.internal.Invoker.invokeMethod(Invoker.java:707)
	at org.testng.internal.Invoker.invokeTestMethod(Invoker.java:901)
	at org.testng.internal.Invoker.invokeTestMethods(Invoker.java:1231)
	at org.testng.internal.TestMethodWorker.invokeTestMethods(TestMethodWorker.java:127)
	at org.testng.internal.TestMethodWorker.run(TestMethodWorker.java:111)
	at org.testng.internal.thread.ThreadUtil$2.call(ThreadUtil.java:64)
	at java.util.concurrent.FutureTask.run(FutureTask.java:266)
	at java.util.concurrent.ThreadPoolExecutor.runWorker(ThreadPoolExecutor.java:1149)
	at java.util.concurrent.ThreadPoolExecutor$Worker.run(ThreadPoolExecutor.java:624)
	at java.lang.Thread.run(Thread.java:748)
</pre></div></td>
<td>0</td>
<td>in.shark.online.web.test.catalogue.master.TestGetAllProductsApiTestNg@1dac5ef</td></tr>
<tr>
<td title='in.shark.online.web.test.catalogue.master.TestGetAllProductsApiTestNg.testGetAllProductstLoad()'><b>testGetAllProductstLoad</b><br>Test class: in.shark.online.web.test.catalogue.master.TestGetAllProductsApiTestNg<br>Parameters: 1234567, /api/catalogue-master/getAllProducts, 1, 500</td>
<td><div><pre>java.lang.AssertionError: Response time of GetAllProducts call more than: 500 expected [true] but found [false]
	at in.shark.online.web.test.catalogue.master.TestGetAllProductsApiTestNg.testGetAllProductstLoad(TestGetAllProductsApiTestNg.java:71)
	at org.springframework.test.context.testng.AbstractTestNGSpringContextTests.run(AbstractTestNGSpringContextTests.java:180)
	at java.util.concurrent.FutureTask.run(FutureTask.java:266)
	at java.util.concurrent.ThreadPoolExecutor.runWorker(ThreadPoolExecutor.java:1149)
	at java.util.concurrent.ThreadPoolExecutor$Worker.run(ThreadPoolExecutor.java:624)
	at java.lang.Thread.run(Thread.java:748)
... Removed 18 stack frames</pre></div><a href='#' onClick='toggleBox("stack-trace1776158608", this, "Click to show all stack frames", "Click to hide stack frames")'>Click to show all stack frames</a>
<div class='stack-trace' id='stack-trace1776158608'><pre>java.lang.AssertionError: Response time of GetAllProducts call more than: 500 expected [true] but found [false]
	at org.testng.Assert.fail(Assert.java:94)
	at org.testng.Assert.failNotEquals(Assert.java:494)
	at org.testng.Assert.assertTrue(Assert.java:42)
	at in.shark.online.web.test.catalogue.master.TestGetAllProductsApiTestNg.testGetAllProductstLoad(TestGetAllProductsApiTestNg.java:71)
	at sun.reflect.GeneratedMethodAccessor21.invoke(Unknown Source)
	at sun.reflect.DelegatingMethodAccessorImpl.invoke(DelegatingMethodAccessorImpl.java:43)
	at java.lang.reflect.Method.invoke(Method.java:498)
	at org.testng.internal.MethodInvocationHelper.invokeMethod(MethodInvocationHelper.java:80)
	at org.testng.internal.MethodInvocationHelper$1.runTestMethod(MethodInvocationHelper.java:182)
	at org.springframework.test.context.testng.AbstractTestNGSpringContextTests.run(AbstractTestNGSpringContextTests.java:180)
	at sun.reflect.GeneratedMethodAccessor20.invoke(Unknown Source)
	at sun.reflect.DelegatingMethodAccessorImpl.invoke(DelegatingMethodAccessorImpl.java:43)
	at java.lang.reflect.Method.invoke(Method.java:498)
	at org.testng.internal.MethodInvocationHelper.invokeHookable(MethodInvocationHelper.java:194)
	at org.testng.internal.Invoker.invokeMethod(Invoker.java:707)
	at org.testng.internal.Invoker.invokeTestMethod(Invoker.java:901)
	at org.testng.internal.Invoker.invokeTestMethods(Invoker.java:1231)
	at org.testng.internal.TestMethodWorker.invokeTestMethods(TestMethodWorker.java:127)
	at org.testng.internal.TestMethodWorker.run(TestMethodWorker.java:111)
	at org.testng.internal.thread.ThreadUtil$2.call(ThreadUtil.java:64)
	at java.util.concurrent.FutureTask.run(FutureTask.java:266)
	at java.util.concurrent.ThreadPoolExecutor.runWorker(ThreadPoolExecutor.java:1149)
	at java.util.concurrent.ThreadPoolExecutor$Worker.run(ThreadPoolExecutor.java:624)
	at java.lang.Thread.run(Thread.java:748)
</pre></div></td>
<td>0</td>
<td>in.shark.online.web.test.catalogue.master.TestGetAllProductsApiTestNg@1dac5ef</td></tr>
<tr>
<td title='in.shark.online.web.test.catalogue.master.TestGetAllProductsApiTestNg.testGetAllProductstLoad()'><b>testGetAllProductstLoad</b><br>Test class: in.shark.online.web.test.catalogue.master.TestGetAllProductsApiTestNg<br>Parameters: 1234567, /api/catalogue-master/getAllProducts, 1, 500</td>
<td><div><pre>java.lang.AssertionError: Response time of GetAllProducts call more than: 500 expected [true] but found [false]
	at in.shark.online.web.test.catalogue.master.TestGetAllProductsApiTestNg.testGetAllProductstLoad(TestGetAllProductsApiTestNg.java:71)
	at org.springframework.test.context.testng.AbstractTestNGSpringContextTests.run(AbstractTestNGSpringContextTests.java:180)
	at java.util.concurrent.FutureTask.run(FutureTask.java:266)
	at java.util.concurrent.ThreadPoolExecutor.runWorker(ThreadPoolExecutor.java:1149)
	at java.util.concurrent.ThreadPoolExecutor$Worker.run(ThreadPoolExecutor.java:624)
	at java.lang.Thread.run(Thread.java:748)
... Removed 18 stack frames</pre></div><a href='#' onClick='toggleBox("stack-trace557191610", this, "Click to show all stack frames", "Click to hide stack frames")'>Click to show all stack frames</a>
<div class='stack-trace' id='stack-trace557191610'><pre>java.lang.AssertionError: Response time of GetAllProducts call more than: 500 expected [true] but found [false]
	at org.testng.Assert.fail(Assert.java:94)
	at org.testng.Assert.failNotEquals(Assert.java:494)
	at org.testng.Assert.assertTrue(Assert.java:42)
	at in.shark.online.web.test.catalogue.master.TestGetAllProductsApiTestNg.testGetAllProductstLoad(TestGetAllProductsApiTestNg.java:71)
	at sun.reflect.GeneratedMethodAccessor21.invoke(Unknown Source)
	at sun.reflect.DelegatingMethodAccessorImpl.invoke(DelegatingMethodAccessorImpl.java:43)
	at java.lang.reflect.Method.invoke(Method.java:498)
	at org.testng.internal.MethodInvocationHelper.invokeMethod(MethodInvocationHelper.java:80)
	at org.testng.internal.MethodInvocationHelper$1.runTestMethod(MethodInvocationHelper.java:182)
	at org.springframework.test.context.testng.AbstractTestNGSpringContextTests.run(AbstractTestNGSpringContextTests.java:180)
	at sun.reflect.GeneratedMethodAccessor20.invoke(Unknown Source)
	at sun.reflect.DelegatingMethodAccessorImpl.invoke(DelegatingMethodAccessorImpl.java:43)
	at java.lang.reflect.Method.invoke(Method.java:498)
	at org.testng.internal.MethodInvocationHelper.invokeHookable(MethodInvocationHelper.java:194)
	at org.testng.internal.Invoker.invokeMethod(Invoker.java:707)
	at org.testng.internal.Invoker.invokeTestMethod(Invoker.java:901)
	at org.testng.internal.Invoker.invokeTestMethods(Invoker.java:1231)
	at org.testng.internal.TestMethodWorker.invokeTestMethods(TestMethodWorker.java:127)
	at org.testng.internal.TestMethodWorker.run(TestMethodWorker.java:111)
	at org.testng.internal.thread.ThreadUtil$2.call(ThreadUtil.java:64)
	at java.util.concurrent.FutureTask.run(FutureTask.java:266)
	at java.util.concurrent.ThreadPoolExecutor.runWorker(ThreadPoolExecutor.java:1149)
	at java.util.concurrent.ThreadPoolExecutor$Worker.run(ThreadPoolExecutor.java:624)
	at java.lang.Thread.run(Thread.java:748)
</pre></div></td>
<td>0</td>
<td>in.shark.online.web.test.catalogue.master.TestGetAllProductsApiTestNg@1dac5ef</td></tr>
<tr>
<td title='in.shark.online.web.test.catalogue.master.TestGetAllProductsApiTestNg.testGetAllProductstLoad()'><b>testGetAllProductstLoad</b><br>Test class: in.shark.online.web.test.catalogue.master.TestGetAllProductsApiTestNg<br>Parameters: 1234567, /api/catalogue-master/getAllProducts, 1, 500</td>
<td><div><pre>java.lang.AssertionError: Response time of GetAllProducts call more than: 500 expected [true] but found [false]
	at in.shark.online.web.test.catalogue.master.TestGetAllProductsApiTestNg.testGetAllProductstLoad(TestGetAllProductsApiTestNg.java:71)
	at org.springframework.test.context.testng.AbstractTestNGSpringContextTests.run(AbstractTestNGSpringContextTests.java:180)
	at java.util.concurrent.FutureTask.run(FutureTask.java:266)
	at java.util.concurrent.ThreadPoolExecutor.runWorker(ThreadPoolExecutor.java:1149)
	at java.util.concurrent.ThreadPoolExecutor$Worker.run(ThreadPoolExecutor.java:624)
	at java.lang.Thread.run(Thread.java:748)
... Removed 18 stack frames</pre></div><a href='#' onClick='toggleBox("stack-trace176027409", this, "Click to show all stack frames", "Click to hide stack frames")'>Click to show all stack frames</a>
<div class='stack-trace' id='stack-trace176027409'><pre>java.lang.AssertionError: Response time of GetAllProducts call more than: 500 expected [true] but found [false]
	at org.testng.Assert.fail(Assert.java:94)
	at org.testng.Assert.failNotEquals(Assert.java:494)
	at org.testng.Assert.assertTrue(Assert.java:42)
	at in.shark.online.web.test.catalogue.master.TestGetAllProductsApiTestNg.testGetAllProductstLoad(TestGetAllProductsApiTestNg.java:71)
	at sun.reflect.GeneratedMethodAccessor21.invoke(Unknown Source)
	at sun.reflect.DelegatingMethodAccessorImpl.invoke(DelegatingMethodAccessorImpl.java:43)
	at java.lang.reflect.Method.invoke(Method.java:498)
	at org.testng.internal.MethodInvocationHelper.invokeMethod(MethodInvocationHelper.java:80)
	at org.testng.internal.MethodInvocationHelper$1.runTestMethod(MethodInvocationHelper.java:182)
	at org.springframework.test.context.testng.AbstractTestNGSpringContextTests.run(AbstractTestNGSpringContextTests.java:180)
	at sun.reflect.GeneratedMethodAccessor20.invoke(Unknown Source)
	at sun.reflect.DelegatingMethodAccessorImpl.invoke(DelegatingMethodAccessorImpl.java:43)
	at java.lang.reflect.Method.invoke(Method.java:498)
	at org.testng.internal.MethodInvocationHelper.invokeHookable(MethodInvocationHelper.java:194)
	at org.testng.internal.Invoker.invokeMethod(Invoker.java:707)
	at org.testng.internal.Invoker.invokeTestMethod(Invoker.java:901)
	at org.testng.internal.Invoker.invokeTestMethods(Invoker.java:1231)
	at org.testng.internal.TestMethodWorker.invokeTestMethods(TestMethodWorker.java:127)
	at org.testng.internal.TestMethodWorker.run(TestMethodWorker.java:111)
	at org.testng.internal.thread.ThreadUtil$2.call(ThreadUtil.java:64)
	at java.util.concurrent.FutureTask.run(FutureTask.java:266)
	at java.util.concurrent.ThreadPoolExecutor.runWorker(ThreadPoolExecutor.java:1149)
	at java.util.concurrent.ThreadPoolExecutor$Worker.run(ThreadPoolExecutor.java:624)
	at java.lang.Thread.run(Thread.java:748)
</pre></div></td>
<td>0</td>
<td>in.shark.online.web.test.catalogue.master.TestGetAllProductsApiTestNg@1dac5ef</td></tr>
<tr>
<td title='in.shark.online.web.test.catalogue.master.TestGetAllProductsApiTestNg.testGetAllProductstLoad()'><b>testGetAllProductstLoad</b><br>Test class: in.shark.online.web.test.catalogue.master.TestGetAllProductsApiTestNg<br>Parameters: 1234567, /api/catalogue-master/getAllProducts, 1, 500</td>
<td><div><pre>java.lang.AssertionError: Response time of GetAllProducts call more than: 500 expected [true] but found [false]
	at in.shark.online.web.test.catalogue.master.TestGetAllProductsApiTestNg.testGetAllProductstLoad(TestGetAllProductsApiTestNg.java:71)
	at org.springframework.test.context.testng.AbstractTestNGSpringContextTests.run(AbstractTestNGSpringContextTests.java:180)
	at java.util.concurrent.FutureTask.run(FutureTask.java:266)
	at java.util.concurrent.ThreadPoolExecutor.runWorker(ThreadPoolExecutor.java:1149)
	at java.util.concurrent.ThreadPoolExecutor$Worker.run(ThreadPoolExecutor.java:624)
	at java.lang.Thread.run(Thread.java:748)
... Removed 18 stack frames</pre></div><a href='#' onClick='toggleBox("stack-trace78259446", this, "Click to show all stack frames", "Click to hide stack frames")'>Click to show all stack frames</a>
<div class='stack-trace' id='stack-trace78259446'><pre>java.lang.AssertionError: Response time of GetAllProducts call more than: 500 expected [true] but found [false]
	at org.testng.Assert.fail(Assert.java:94)
	at org.testng.Assert.failNotEquals(Assert.java:494)
	at org.testng.Assert.assertTrue(Assert.java:42)
	at in.shark.online.web.test.catalogue.master.TestGetAllProductsApiTestNg.testGetAllProductstLoad(TestGetAllProductsApiTestNg.java:71)
	at sun.reflect.GeneratedMethodAccessor21.invoke(Unknown Source)
	at sun.reflect.DelegatingMethodAccessorImpl.invoke(DelegatingMethodAccessorImpl.java:43)
	at java.lang.reflect.Method.invoke(Method.java:498)
	at org.testng.internal.MethodInvocationHelper.invokeMethod(MethodInvocationHelper.java:80)
	at org.testng.internal.MethodInvocationHelper$1.runTestMethod(MethodInvocationHelper.java:182)
	at org.springframework.test.context.testng.AbstractTestNGSpringContextTests.run(AbstractTestNGSpringContextTests.java:180)
	at sun.reflect.GeneratedMethodAccessor20.invoke(Unknown Source)
	at sun.reflect.DelegatingMethodAccessorImpl.invoke(DelegatingMethodAccessorImpl.java:43)
	at java.lang.reflect.Method.invoke(Method.java:498)
	at org.testng.internal.MethodInvocationHelper.invokeHookable(MethodInvocationHelper.java:194)
	at org.testng.internal.Invoker.invokeMethod(Invoker.java:707)
	at org.testng.internal.Invoker.invokeTestMethod(Invoker.java:901)
	at org.testng.internal.Invoker.invokeTestMethods(Invoker.java:1231)
	at org.testng.internal.TestMethodWorker.invokeTestMethods(TestMethodWorker.java:127)
	at org.testng.internal.TestMethodWorker.run(TestMethodWorker.java:111)
	at org.testng.internal.thread.ThreadUtil$2.call(ThreadUtil.java:64)
	at java.util.concurrent.FutureTask.run(FutureTask.java:266)
	at java.util.concurrent.ThreadPoolExecutor.runWorker(ThreadPoolExecutor.java:1149)
	at java.util.concurrent.ThreadPoolExecutor$Worker.run(ThreadPoolExecutor.java:624)
	at java.lang.Thread.run(Thread.java:748)
</pre></div></td>
<td>0</td>
<td>in.shark.online.web.test.catalogue.master.TestGetAllProductsApiTestNg@1dac5ef</td></tr>
<tr>
<td title='in.shark.online.web.test.catalogue.master.TestGetAllProductsApiTestNg.testGetAllProductstLoad()'><b>testGetAllProductstLoad</b><br>Test class: in.shark.online.web.test.catalogue.master.TestGetAllProductsApiTestNg<br>Parameters: 1234567, /api/catalogue-master/getAllProducts, 1, 500</td>
<td><div><pre>java.lang.AssertionError: Response time of GetAllProducts call more than: 500 expected [true] but found [false]
	at in.shark.online.web.test.catalogue.master.TestGetAllProductsApiTestNg.testGetAllProductstLoad(TestGetAllProductsApiTestNg.java:71)
	at org.springframework.test.context.testng.AbstractTestNGSpringContextTests.run(AbstractTestNGSpringContextTests.java:180)
	at java.util.concurrent.FutureTask.run(FutureTask.java:266)
	at java.util.concurrent.ThreadPoolExecutor.runWorker(ThreadPoolExecutor.java:1149)
	at java.util.concurrent.ThreadPoolExecutor$Worker.run(ThreadPoolExecutor.java:624)
	at java.lang.Thread.run(Thread.java:748)
... Removed 18 stack frames</pre></div><a href='#' onClick='toggleBox("stack-trace1832913858", this, "Click to show all stack frames", "Click to hide stack frames")'>Click to show all stack frames</a>
<div class='stack-trace' id='stack-trace1832913858'><pre>java.lang.AssertionError: Response time of GetAllProducts call more than: 500 expected [true] but found [false]
	at org.testng.Assert.fail(Assert.java:94)
	at org.testng.Assert.failNotEquals(Assert.java:494)
	at org.testng.Assert.assertTrue(Assert.java:42)
	at in.shark.online.web.test.catalogue.master.TestGetAllProductsApiTestNg.testGetAllProductstLoad(TestGetAllProductsApiTestNg.java:71)
	at sun.reflect.GeneratedMethodAccessor21.invoke(Unknown Source)
	at sun.reflect.DelegatingMethodAccessorImpl.invoke(DelegatingMethodAccessorImpl.java:43)
	at java.lang.reflect.Method.invoke(Method.java:498)
	at org.testng.internal.MethodInvocationHelper.invokeMethod(MethodInvocationHelper.java:80)
	at org.testng.internal.MethodInvocationHelper$1.runTestMethod(MethodInvocationHelper.java:182)
	at org.springframework.test.context.testng.AbstractTestNGSpringContextTests.run(AbstractTestNGSpringContextTests.java:180)
	at sun.reflect.GeneratedMethodAccessor20.invoke(Unknown Source)
	at sun.reflect.DelegatingMethodAccessorImpl.invoke(DelegatingMethodAccessorImpl.java:43)
	at java.lang.reflect.Method.invoke(Method.java:498)
	at org.testng.internal.MethodInvocationHelper.invokeHookable(MethodInvocationHelper.java:194)
	at org.testng.internal.Invoker.invokeMethod(Invoker.java:707)
	at org.testng.internal.Invoker.invokeTestMethod(Invoker.java:901)
	at org.testng.internal.Invoker.invokeTestMethods(Invoker.java:1231)
	at org.testng.internal.TestMethodWorker.invokeTestMethods(TestMethodWorker.java:127)
	at org.testng.internal.TestMethodWorker.run(TestMethodWorker.java:111)
	at org.testng.internal.thread.ThreadUtil$2.call(ThreadUtil.java:64)
	at java.util.concurrent.FutureTask.run(FutureTask.java:266)
	at java.util.concurrent.ThreadPoolExecutor.runWorker(ThreadPoolExecutor.java:1149)
	at java.util.concurrent.ThreadPoolExecutor$Worker.run(ThreadPoolExecutor.java:624)
	at java.lang.Thread.run(Thread.java:748)
</pre></div></td>
<td>0</td>
<td>in.shark.online.web.test.catalogue.master.TestGetAllProductsApiTestNg@1dac5ef</td></tr>
<tr>
<td title='in.shark.online.web.test.catalogue.master.TestGetAllProductsApiTestNg.testGetAllProductstLoad()'><b>testGetAllProductstLoad</b><br>Test class: in.shark.online.web.test.catalogue.master.TestGetAllProductsApiTestNg<br>Parameters: 1234567, /api/catalogue-master/getAllProducts, 1, 500</td>
<td><div><pre>java.lang.AssertionError: Response time of GetAllProducts call more than: 500 expected [true] but found [false]
	at in.shark.online.web.test.catalogue.master.TestGetAllProductsApiTestNg.testGetAllProductstLoad(TestGetAllProductsApiTestNg.java:71)
	at org.springframework.test.context.testng.AbstractTestNGSpringContextTests.run(AbstractTestNGSpringContextTests.java:180)
	at java.util.concurrent.FutureTask.run(FutureTask.java:266)
	at java.util.concurrent.ThreadPoolExecutor.runWorker(ThreadPoolExecutor.java:1149)
	at java.util.concurrent.ThreadPoolExecutor$Worker.run(ThreadPoolExecutor.java:624)
	at java.lang.Thread.run(Thread.java:748)
... Removed 18 stack frames</pre></div><a href='#' onClick='toggleBox("stack-trace282558914", this, "Click to show all stack frames", "Click to hide stack frames")'>Click to show all stack frames</a>
<div class='stack-trace' id='stack-trace282558914'><pre>java.lang.AssertionError: Response time of GetAllProducts call more than: 500 expected [true] but found [false]
	at org.testng.Assert.fail(Assert.java:94)
	at org.testng.Assert.failNotEquals(Assert.java:494)
	at org.testng.Assert.assertTrue(Assert.java:42)
	at in.shark.online.web.test.catalogue.master.TestGetAllProductsApiTestNg.testGetAllProductstLoad(TestGetAllProductsApiTestNg.java:71)
	at sun.reflect.GeneratedMethodAccessor21.invoke(Unknown Source)
	at sun.reflect.DelegatingMethodAccessorImpl.invoke(DelegatingMethodAccessorImpl.java:43)
	at java.lang.reflect.Method.invoke(Method.java:498)
	at org.testng.internal.MethodInvocationHelper.invokeMethod(MethodInvocationHelper.java:80)
	at org.testng.internal.MethodInvocationHelper$1.runTestMethod(MethodInvocationHelper.java:182)
	at org.springframework.test.context.testng.AbstractTestNGSpringContextTests.run(AbstractTestNGSpringContextTests.java:180)
	at sun.reflect.GeneratedMethodAccessor20.invoke(Unknown Source)
	at sun.reflect.DelegatingMethodAccessorImpl.invoke(DelegatingMethodAccessorImpl.java:43)
	at java.lang.reflect.Method.invoke(Method.java:498)
	at org.testng.internal.MethodInvocationHelper.invokeHookable(MethodInvocationHelper.java:194)
	at org.testng.internal.Invoker.invokeMethod(Invoker.java:707)
	at org.testng.internal.Invoker.invokeTestMethod(Invoker.java:901)
	at org.testng.internal.Invoker.invokeTestMethods(Invoker.java:1231)
	at org.testng.internal.TestMethodWorker.invokeTestMethods(TestMethodWorker.java:127)
	at org.testng.internal.TestMethodWorker.run(TestMethodWorker.java:111)
	at org.testng.internal.thread.ThreadUtil$2.call(ThreadUtil.java:64)
	at java.util.concurrent.FutureTask.run(FutureTask.java:266)
	at java.util.concurrent.ThreadPoolExecutor.runWorker(ThreadPoolExecutor.java:1149)
	at java.util.concurrent.ThreadPoolExecutor$Worker.run(ThreadPoolExecutor.java:624)
	at java.lang.Thread.run(Thread.java:748)
</pre></div></td>
<td>0</td>
<td>in.shark.online.web.test.catalogue.master.TestGetAllProductsApiTestNg@1dac5ef</td></tr>
<tr>
<td title='in.shark.online.web.test.catalogue.master.TestGetAllProductsApiTestNg.testGetAllProductstLoad()'><b>testGetAllProductstLoad</b><br>Test class: in.shark.online.web.test.catalogue.master.TestGetAllProductsApiTestNg<br>Parameters: 1234567, /api/catalogue-master/getAllProducts, 1, 500</td>
<td><div><pre>java.lang.AssertionError: Response time of GetAllProducts call more than: 500 expected [true] but found [false]
	at in.shark.online.web.test.catalogue.master.TestGetAllProductsApiTestNg.testGetAllProductstLoad(TestGetAllProductsApiTestNg.java:71)
	at org.springframework.test.context.testng.AbstractTestNGSpringContextTests.run(AbstractTestNGSpringContextTests.java:180)
	at java.util.concurrent.FutureTask.run(FutureTask.java:266)
	at java.util.concurrent.ThreadPoolExecutor.runWorker(ThreadPoolExecutor.java:1149)
	at java.util.concurrent.ThreadPoolExecutor$Worker.run(ThreadPoolExecutor.java:624)
	at java.lang.Thread.run(Thread.java:748)
... Removed 18 stack frames</pre></div><a href='#' onClick='toggleBox("stack-trace938785199", this, "Click to show all stack frames", "Click to hide stack frames")'>Click to show all stack frames</a>
<div class='stack-trace' id='stack-trace938785199'><pre>java.lang.AssertionError: Response time of GetAllProducts call more than: 500 expected [true] but found [false]
	at org.testng.Assert.fail(Assert.java:94)
	at org.testng.Assert.failNotEquals(Assert.java:494)
	at org.testng.Assert.assertTrue(Assert.java:42)
	at in.shark.online.web.test.catalogue.master.TestGetAllProductsApiTestNg.testGetAllProductstLoad(TestGetAllProductsApiTestNg.java:71)
	at sun.reflect.GeneratedMethodAccessor21.invoke(Unknown Source)
	at sun.reflect.DelegatingMethodAccessorImpl.invoke(DelegatingMethodAccessorImpl.java:43)
	at java.lang.reflect.Method.invoke(Method.java:498)
	at org.testng.internal.MethodInvocationHelper.invokeMethod(MethodInvocationHelper.java:80)
	at org.testng.internal.MethodInvocationHelper$1.runTestMethod(MethodInvocationHelper.java:182)
	at org.springframework.test.context.testng.AbstractTestNGSpringContextTests.run(AbstractTestNGSpringContextTests.java:180)
	at sun.reflect.GeneratedMethodAccessor20.invoke(Unknown Source)
	at sun.reflect.DelegatingMethodAccessorImpl.invoke(DelegatingMethodAccessorImpl.java:43)
	at java.lang.reflect.Method.invoke(Method.java:498)
	at org.testng.internal.MethodInvocationHelper.invokeHookable(MethodInvocationHelper.java:194)
	at org.testng.internal.Invoker.invokeMethod(Invoker.java:707)
	at org.testng.internal.Invoker.invokeTestMethod(Invoker.java:901)
	at org.testng.internal.Invoker.invokeTestMethods(Invoker.java:1231)
	at org.testng.internal.TestMethodWorker.invokeTestMethods(TestMethodWorker.java:127)
	at org.testng.internal.TestMethodWorker.run(TestMethodWorker.java:111)
	at org.testng.internal.thread.ThreadUtil$2.call(ThreadUtil.java:64)
	at java.util.concurrent.FutureTask.run(FutureTask.java:266)
	at java.util.concurrent.ThreadPoolExecutor.runWorker(ThreadPoolExecutor.java:1149)
	at java.util.concurrent.ThreadPoolExecutor$Worker.run(ThreadPoolExecutor.java:624)
	at java.lang.Thread.run(Thread.java:748)
</pre></div></td>
<td>0</td>
<td>in.shark.online.web.test.catalogue.master.TestGetAllProductsApiTestNg@1dac5ef</td></tr>
<tr>
<td title='in.shark.online.web.test.catalogue.master.TestGetAllProductsApiTestNg.testGetAllProductstLoad()'><b>testGetAllProductstLoad</b><br>Test class: in.shark.online.web.test.catalogue.master.TestGetAllProductsApiTestNg<br>Parameters: 1234567, /api/catalogue-master/getAllProducts, 1, 500</td>
<td><div><pre>java.lang.AssertionError: Response time of GetAllProducts call more than: 500 expected [true] but found [false]
	at in.shark.online.web.test.catalogue.master.TestGetAllProductsApiTestNg.testGetAllProductstLoad(TestGetAllProductsApiTestNg.java:71)
	at org.springframework.test.context.testng.AbstractTestNGSpringContextTests.run(AbstractTestNGSpringContextTests.java:180)
	at java.util.concurrent.FutureTask.run(FutureTask.java:266)
	at java.util.concurrent.ThreadPoolExecutor.runWorker(ThreadPoolExecutor.java:1149)
	at java.util.concurrent.ThreadPoolExecutor$Worker.run(ThreadPoolExecutor.java:624)
	at java.lang.Thread.run(Thread.java:748)
... Removed 18 stack frames</pre></div><a href='#' onClick='toggleBox("stack-trace302505203", this, "Click to show all stack frames", "Click to hide stack frames")'>Click to show all stack frames</a>
<div class='stack-trace' id='stack-trace302505203'><pre>java.lang.AssertionError: Response time of GetAllProducts call more than: 500 expected [true] but found [false]
	at org.testng.Assert.fail(Assert.java:94)
	at org.testng.Assert.failNotEquals(Assert.java:494)
	at org.testng.Assert.assertTrue(Assert.java:42)
	at in.shark.online.web.test.catalogue.master.TestGetAllProductsApiTestNg.testGetAllProductstLoad(TestGetAllProductsApiTestNg.java:71)
	at sun.reflect.GeneratedMethodAccessor21.invoke(Unknown Source)
	at sun.reflect.DelegatingMethodAccessorImpl.invoke(DelegatingMethodAccessorImpl.java:43)
	at java.lang.reflect.Method.invoke(Method.java:498)
	at org.testng.internal.MethodInvocationHelper.invokeMethod(MethodInvocationHelper.java:80)
	at org.testng.internal.MethodInvocationHelper$1.runTestMethod(MethodInvocationHelper.java:182)
	at org.springframework.test.context.testng.AbstractTestNGSpringContextTests.run(AbstractTestNGSpringContextTests.java:180)
	at sun.reflect.GeneratedMethodAccessor20.invoke(Unknown Source)
	at sun.reflect.DelegatingMethodAccessorImpl.invoke(DelegatingMethodAccessorImpl.java:43)
	at java.lang.reflect.Method.invoke(Method.java:498)
	at org.testng.internal.MethodInvocationHelper.invokeHookable(MethodInvocationHelper.java:194)
	at org.testng.internal.Invoker.invokeMethod(Invoker.java:707)
	at org.testng.internal.Invoker.invokeTestMethod(Invoker.java:901)
	at org.testng.internal.Invoker.invokeTestMethods(Invoker.java:1231)
	at org.testng.internal.TestMethodWorker.invokeTestMethods(TestMethodWorker.java:127)
	at org.testng.internal.TestMethodWorker.run(TestMethodWorker.java:111)
	at org.testng.internal.thread.ThreadUtil$2.call(ThreadUtil.java:64)
	at java.util.concurrent.FutureTask.run(FutureTask.java:266)
	at java.util.concurrent.ThreadPoolExecutor.runWorker(ThreadPoolExecutor.java:1149)
	at java.util.concurrent.ThreadPoolExecutor$Worker.run(ThreadPoolExecutor.java:624)
	at java.lang.Thread.run(Thread.java:748)
</pre></div></td>
<td>0</td>
<td>in.shark.online.web.test.catalogue.master.TestGetAllProductsApiTestNg@1dac5ef</td></tr>
</table><p>
<table width='100%' border='1' class='invocation-passed'>
<tr><td colspan='4' align='center'><b>PASSED TESTS</b></td></tr>
<tr><td><b>Test method</b></td>
<td width="30%"><b>Exception</b></td>
<td width="10%"><b>Time (seconds)</b></td>
<td><b>Instance</b></td>
</tr>
<tr>
<td title='in.shark.online.web.test.catalogue.master.TestGetAllProductsApiTestNg.testGetAllProductstLoad()'><b>testGetAllProductstLoad</b><br>Test class: in.shark.online.web.test.catalogue.master.TestGetAllProductsApiTestNg<br>Parameters: 1234567, /api/catalogue-master/getAllProducts, 1, 500</td>
<td></td>
<td>0</td>
<td>in.shark.online.web.test.catalogue.master.TestGetAllProductsApiTestNg@1dac5ef</td></tr>
<tr>
<td title='in.shark.online.web.test.catalogue.master.TestGetAllProductsApiTestNg.testGetAllProductstLoad()'><b>testGetAllProductstLoad</b><br>Test class: in.shark.online.web.test.catalogue.master.TestGetAllProductsApiTestNg<br>Parameters: 1234567, /api/catalogue-master/getAllProducts, 1, 500</td>
<td></td>
<td>0</td>
<td>in.shark.online.web.test.catalogue.master.TestGetAllProductsApiTestNg@1dac5ef</td></tr>
<tr>
<td title='in.shark.online.web.test.catalogue.master.TestGetAllProductsApiTestNg.testGetAllProductstLoad()'><b>testGetAllProductstLoad</b><br>Test class: in.shark.online.web.test.catalogue.master.TestGetAllProductsApiTestNg<br>Parameters: 1234567, /api/catalogue-master/getAllProducts, 1, 500</td>
<td></td>
<td>0</td>
<td>in.shark.online.web.test.catalogue.master.TestGetAllProductsApiTestNg@1dac5ef</td></tr>
<tr>
<td title='in.shark.online.web.test.catalogue.master.TestGetAllProductsApiTestNg.testGetAllProductstLoad()'><b>testGetAllProductstLoad</b><br>Test class: in.shark.online.web.test.catalogue.master.TestGetAllProductsApiTestNg<br>Parameters: 1234567, /api/catalogue-master/getAllProducts, 1, 500</td>
<td></td>
<td>0</td>
<td>in.shark.online.web.test.catalogue.master.TestGetAllProductsApiTestNg@1dac5ef</td></tr>
<tr>
<td title='in.shark.online.web.test.catalogue.master.TestGetAllProductsApiTestNg.testGetAllProductstLoad()'><b>testGetAllProductstLoad</b><br>Test class: in.shark.online.web.test.catalogue.master.TestGetAllProductsApiTestNg<br>Parameters: 1234567, /api/catalogue-master/getAllProducts, 1, 500</td>
<td></td>
<td>0</td>
<td>in.shark.online.web.test.catalogue.master.TestGetAllProductsApiTestNg@1dac5ef</td></tr>
<tr>
<td title='in.shark.online.web.test.catalogue.master.TestGetAllProductsApiTestNg.testGetAllProductstLoad()'><b>testGetAllProductstLoad</b><br>Test class: in.shark.online.web.test.catalogue.master.TestGetAllProductsApiTestNg<br>Parameters: 1234567, /api/catalogue-master/getAllProducts, 1, 500</td>
<td></td>
<td>0</td>
<td>in.shark.online.web.test.catalogue.master.TestGetAllProductsApiTestNg@1dac5ef</td></tr>
<tr>
<td title='in.shark.online.web.test.catalogue.master.TestGetAllProductsApiTestNg.testGetAllProductstLoad()'><b>testGetAllProductstLoad</b><br>Test class: in.shark.online.web.test.catalogue.master.TestGetAllProductsApiTestNg<br>Parameters: 1234567, /api/catalogue-master/getAllProducts, 1, 500</td>
<td></td>
<td>0</td>
<td>in.shark.online.web.test.catalogue.master.TestGetAllProductsApiTestNg@1dac5ef</td></tr>
<tr>
<td title='in.shark.online.web.test.catalogue.master.TestGetAllProductsApiTestNg.testGetAllProductstLoad()'><b>testGetAllProductstLoad</b><br>Test class: in.shark.online.web.test.catalogue.master.TestGetAllProductsApiTestNg<br>Parameters: 1234567, /api/catalogue-master/getAllProducts, 1, 500</td>
<td></td>
<td>0</td>
<td>in.shark.online.web.test.catalogue.master.TestGetAllProductsApiTestNg@1dac5ef</td></tr>
<tr>
<td title='in.shark.online.web.test.catalogue.master.TestGetAllProductsApiTestNg.testGetAllProductstLoad()'><b>testGetAllProductstLoad</b><br>Test class: in.shark.online.web.test.catalogue.master.TestGetAllProductsApiTestNg<br>Parameters: 1234567, /api/catalogue-master/getAllProducts, 1, 500</td>
<td></td>
<td>0</td>
<td>in.shark.online.web.test.catalogue.master.TestGetAllProductsApiTestNg@1dac5ef</td></tr>
<tr>
<td title='in.shark.online.web.test.catalogue.master.TestGetAllProductsApiTestNg.testGetAllProductstLoad()'><b>testGetAllProductstLoad</b><br>Test class: in.shark.online.web.test.catalogue.master.TestGetAllProductsApiTestNg<br>Parameters: 1234567, /api/catalogue-master/getAllProducts, 1, 500</td>
<td></td>
<td>0</td>
<td>in.shark.online.web.test.catalogue.master.TestGetAllProductsApiTestNg@1dac5ef</td></tr>
<tr>
<td title='in.shark.online.web.test.catalogue.master.TestGetAllProductsApiTestNg.testGetAllProductstLoad()'><b>testGetAllProductstLoad</b><br>Test class: in.shark.online.web.test.catalogue.master.TestGetAllProductsApiTestNg<br>Parameters: 1234567, /api/catalogue-master/getAllProducts, 1, 500</td>
<td></td>
<td>0</td>
<td>in.shark.online.web.test.catalogue.master.TestGetAllProductsApiTestNg@1dac5ef</td></tr>
<tr>
<td title='in.shark.online.web.test.catalogue.master.TestGetAllProductsApiTestNg.testGetAllProductstLoad()'><b>testGetAllProductstLoad</b><br>Test class: in.shark.online.web.test.catalogue.master.TestGetAllProductsApiTestNg<br>Parameters: 1234567, /api/catalogue-master/getAllProducts, 1, 500</td>
<td></td>
<td>0</td>
<td>in.shark.online.web.test.catalogue.master.TestGetAllProductsApiTestNg@1dac5ef</td></tr>
<tr>
<td title='in.shark.online.web.test.catalogue.master.TestGetAllProductsApiTestNg.testGetAllProductstLoad()'><b>testGetAllProductstLoad</b><br>Test class: in.shark.online.web.test.catalogue.master.TestGetAllProductsApiTestNg<br>Parameters: 1234567, /api/catalogue-master/getAllProducts, 1, 500</td>
<td></td>
<td>0</td>
<td>in.shark.online.web.test.catalogue.master.TestGetAllProductsApiTestNg@1dac5ef</td></tr>
<tr>
<td title='in.shark.online.web.test.catalogue.master.TestGetAllProductsApiTestNg.testGetAllProductstLoad()'><b>testGetAllProductstLoad</b><br>Test class: in.shark.online.web.test.catalogue.master.TestGetAllProductsApiTestNg<br>Parameters: 1234567, /api/catalogue-master/getAllProducts, 1, 500</td>
<td></td>
<td>0</td>
<td>in.shark.online.web.test.catalogue.master.TestGetAllProductsApiTestNg@1dac5ef</td></tr>
<tr>
<td title='in.shark.online.web.test.catalogue.master.TestGetAllProductsApiTestNg.testGetAllProductstLoad()'><b>testGetAllProductstLoad</b><br>Test class: in.shark.online.web.test.catalogue.master.TestGetAllProductsApiTestNg<br>Parameters: 1234567, /api/catalogue-master/getAllProducts, 1, 500</td>
<td></td>
<td>0</td>
<td>in.shark.online.web.test.catalogue.master.TestGetAllProductsApiTestNg@1dac5ef</td></tr>
<tr>
<td title='in.shark.online.web.test.catalogue.master.TestGetAllProductsApiTestNg.testGetAllProductstLoad()'><b>testGetAllProductstLoad</b><br>Test class: in.shark.online.web.test.catalogue.master.TestGetAllProductsApiTestNg<br>Parameters: 1234567, /api/catalogue-master/getAllProducts, 1, 500</td>
<td></td>
<td>0</td>
<td>in.shark.online.web.test.catalogue.master.TestGetAllProductsApiTestNg@1dac5ef</td></tr>
<tr>
<td title='in.shark.online.web.test.catalogue.master.TestGetAllProductsApiTestNg.testGetAllProductstLoad()'><b>testGetAllProductstLoad</b><br>Test class: in.shark.online.web.test.catalogue.master.TestGetAllProductsApiTestNg<br>Parameters: 1234567, /api/catalogue-master/getAllProducts, 1, 500</td>
<td></td>
<td>0</td>
<td>in.shark.online.web.test.catalogue.master.TestGetAllProductsApiTestNg@1dac5ef</td></tr>
<tr>
<td title='in.shark.online.web.test.catalogue.master.TestGetAllProductsApiTestNg.testGetAllProductstLoad()'><b>testGetAllProductstLoad</b><br>Test class: in.shark.online.web.test.catalogue.master.TestGetAllProductsApiTestNg<br>Parameters: 1234567, /api/catalogue-master/getAllProducts, 1, 500</td>
<td></td>
<td>0</td>
<td>in.shark.online.web.test.catalogue.master.TestGetAllProductsApiTestNg@1dac5ef</td></tr>
<tr>
<td title='in.shark.online.web.test.catalogue.master.TestGetAllProductsApiTestNg.testGetAllProductstLoad()'><b>testGetAllProductstLoad</b><br>Test class: in.shark.online.web.test.catalogue.master.TestGetAllProductsApiTestNg<br>Parameters: 1234567, /api/catalogue-master/getAllProducts, 1, 500</td>
<td></td>
<td>0</td>
<td>in.shark.online.web.test.catalogue.master.TestGetAllProductsApiTestNg@1dac5ef</td></tr>
<tr>
<td title='in.shark.online.web.test.catalogue.master.TestGetAllProductsApiTestNg.testGetAllProductstLoad()'><b>testGetAllProductstLoad</b><br>Test class: in.shark.online.web.test.catalogue.master.TestGetAllProductsApiTestNg<br>Parameters: 1234567, /api/catalogue-master/getAllProducts, 1, 500</td>
<td></td>
<td>0</td>
<td>in.shark.online.web.test.catalogue.master.TestGetAllProductsApiTestNg@1dac5ef</td></tr>
<tr>
<td title='in.shark.online.web.test.catalogue.master.TestGetAllProductsApiTestNg.testGetAllProductstLoad()'><b>testGetAllProductstLoad</b><br>Test class: in.shark.online.web.test.catalogue.master.TestGetAllProductsApiTestNg<br>Parameters: 1234567, /api/catalogue-master/getAllProducts, 1, 500</td>
<td></td>
<td>0</td>
<td>in.shark.online.web.test.catalogue.master.TestGetAllProductsApiTestNg@1dac5ef</td></tr>
<tr>
<td title='in.shark.online.web.test.catalogue.master.TestGetAllProductsApiTestNg.testGetAllProductstLoad()'><b>testGetAllProductstLoad</b><br>Test class: in.shark.online.web.test.catalogue.master.TestGetAllProductsApiTestNg<br>Parameters: 1234567, /api/catalogue-master/getAllProducts, 1, 500</td>
<td></td>
<td>0</td>
<td>in.shark.online.web.test.catalogue.master.TestGetAllProductsApiTestNg@1dac5ef</td></tr>
<tr>
<td title='in.shark.online.web.test.catalogue.master.TestGetAllProductsApiTestNg.testGetAllProductstLoad()'><b>testGetAllProductstLoad</b><br>Test class: in.shark.online.web.test.catalogue.master.TestGetAllProductsApiTestNg<br>Parameters: 1234567, /api/catalogue-master/getAllProducts, 1, 500</td>
<td></td>
<td>0</td>
<td>in.shark.online.web.test.catalogue.master.TestGetAllProductsApiTestNg@1dac5ef</td></tr>
<tr>
<td title='in.shark.online.web.test.catalogue.master.TestGetAllProductsApiTestNg.testGetAllProductstLoad()'><b>testGetAllProductstLoad</b><br>Test class: in.shark.online.web.test.catalogue.master.TestGetAllProductsApiTestNg<br>Parameters: 1234567, /api/catalogue-master/getAllProducts, 1, 500</td>
<td></td>
<td>0</td>
<td>in.shark.online.web.test.catalogue.master.TestGetAllProductsApiTestNg@1dac5ef</td></tr>
<tr>
<td title='in.shark.online.web.test.catalogue.master.TestGetAllProductsApiTestNg.testGetAllProductstLoad()'><b>testGetAllProductstLoad</b><br>Test class: in.shark.online.web.test.catalogue.master.TestGetAllProductsApiTestNg<br>Parameters: 1234567, /api/catalogue-master/getAllProducts, 1, 500</td>
<td></td>
<td>0</td>
<td>in.shark.online.web.test.catalogue.master.TestGetAllProductsApiTestNg@1dac5ef</td></tr>
<tr>
<td title='in.shark.online.web.test.catalogue.master.TestGetAllProductsApiTestNg.testGetAllProductstLoad()'><b>testGetAllProductstLoad</b><br>Test class: in.shark.online.web.test.catalogue.master.TestGetAllProductsApiTestNg<br>Parameters: 1234567, /api/catalogue-master/getAllProducts, 1, 500</td>
<td></td>
<td>0</td>
<td>in.shark.online.web.test.catalogue.master.TestGetAllProductsApiTestNg@1dac5ef</td></tr>
<tr>
<td title='in.shark.online.web.test.catalogue.master.TestGetAllProductsApiTestNg.testGetAllProductstLoad()'><b>testGetAllProductstLoad</b><br>Test class: in.shark.online.web.test.catalogue.master.TestGetAllProductsApiTestNg<br>Parameters: 1234567, /api/catalogue-master/getAllProducts, 1, 500</td>
<td></td>
<td>0</td>
<td>in.shark.online.web.test.catalogue.master.TestGetAllProductsApiTestNg@1dac5ef</td></tr>
<tr>
<td title='in.shark.online.web.test.catalogue.master.TestGetAllProductsApiTestNg.testGetAllProductstLoad()'><b>testGetAllProductstLoad</b><br>Test class: in.shark.online.web.test.catalogue.master.TestGetAllProductsApiTestNg<br>Parameters: 1234567, /api/catalogue-master/getAllProducts, 1, 500</td>
<td></td>
<td>0</td>
<td>in.shark.online.web.test.catalogue.master.TestGetAllProductsApiTestNg@1dac5ef</td></tr>
<tr>
<td title='in.shark.online.web.test.catalogue.master.TestGetAllProductsApiTestNg.testGetAllProductstLoad()'><b>testGetAllProductstLoad</b><br>Test class: in.shark.online.web.test.catalogue.master.TestGetAllProductsApiTestNg<br>Parameters: 1234567, /api/catalogue-master/getAllProducts, 1, 500</td>
<td></td>
<td>0</td>
<td>in.shark.online.web.test.catalogue.master.TestGetAllProductsApiTestNg@1dac5ef</td></tr>
<tr>
<td title='in.shark.online.web.test.catalogue.master.TestGetAllProductsApiTestNg.testGetAllProductstLoad()'><b>testGetAllProductstLoad</b><br>Test class: in.shark.online.web.test.catalogue.master.TestGetAllProductsApiTestNg<br>Parameters: 1234567, /api/catalogue-master/getAllProducts, 1, 500</td>
<td></td>
<td>0</td>
<td>in.shark.online.web.test.catalogue.master.TestGetAllProductsApiTestNg@1dac5ef</td></tr>
<tr>
<td title='in.shark.online.web.test.catalogue.master.TestGetAllProductsApiTestNg.testGetAllProductstLoad()'><b>testGetAllProductstLoad</b><br>Test class: in.shark.online.web.test.catalogue.master.TestGetAllProductsApiTestNg<br>Parameters: 1234567, /api/catalogue-master/getAllProducts, 1, 500</td>
<td></td>
<td>0</td>
<td>in.shark.online.web.test.catalogue.master.TestGetAllProductsApiTestNg@1dac5ef</td></tr>
<tr>
<td title='in.shark.online.web.test.catalogue.master.TestGetAllProductsApiTestNg.testGetAllProductstLoad()'><b>testGetAllProductstLoad</b><br>Test class: in.shark.online.web.test.catalogue.master.TestGetAllProductsApiTestNg<br>Parameters: 1234567, /api/catalogue-master/getAllProducts, 1, 500</td>
<td></td>
<td>0</td>
<td>in.shark.online.web.test.catalogue.master.TestGetAllProductsApiTestNg@1dac5ef</td></tr>
<tr>
<td title='in.shark.online.web.test.catalogue.master.TestGetAllProductsApiTestNg.testGetAllProductstLoad()'><b>testGetAllProductstLoad</b><br>Test class: in.shark.online.web.test.catalogue.master.TestGetAllProductsApiTestNg<br>Parameters: 1234567, /api/catalogue-master/getAllProducts, 1, 500</td>
<td></td>
<td>0</td>
<td>in.shark.online.web.test.catalogue.master.TestGetAllProductsApiTestNg@1dac5ef</td></tr>
</table><p>
</body>
</html>