<?xml version="1.0" encoding="UTF-8"?>
<!-- Generated by org.testng.reporters.JUnitXMLReporter -->
<testsuite hostname="Chaipoints-MacBook-Air.local" name="getAllProductsLoadTest" tests="100" failures="67" timestamp="25 Nov 2019 12:34:04 GMT" time="6.728" errors="0">
  <testcase name="testGetAllProductstLoad" time="0.265" classname="in.shark.online.web.test.catalogue.master.TestGetAllProductsApiTestNg"/>
  <testcase name="testGetAllProductstLoad" time="0.793" classname="in.shark.online.web.test.catalogue.master.TestGetAllProductsApiTestNg">
    <failure type="java.lang.AssertionError" message="Response time of GetAllProducts call more than: 500 expected [true] but found [false]">
      <![CDATA[java.lang.AssertionError: Response time of GetAllProducts call more than: 500 expected [true] but found [false]
	at in.shark.online.web.test.catalogue.master.TestGetAllProductsApiTestNg.testGetAllProductstLoad(TestGetAllProductsApiTestNg.java:71)
	at org.springframework.test.context.testng.AbstractTestNGSpringContextTests.run(AbstractTestNGSpringContextTests.java:180)
	at java.util.concurrent.FutureTask.run(FutureTask.java:266)
	at java.util.concurrent.ThreadPoolExecutor.runWorker(ThreadPoolExecutor.java:1149)
	at java.util.concurrent.ThreadPoolExecutor$Worker.run(ThreadPoolExecutor.java:624)
	at java.lang.Thread.run(Thread.java:748)
... Removed 20 stack frames]]>
    </failure>
  </testcase> <!-- testGetAllProductstLoad -->
  <testcase name="testGetAllProductstLoad" time="0.821" classname="in.shark.online.web.test.catalogue.master.TestGetAllProductsApiTestNg">
    <failure type="java.lang.AssertionError" message="Response time of GetAllProducts call more than: 500 expected [true] but found [false]">
      <![CDATA[java.lang.AssertionError: Response time of GetAllProducts call more than: 500 expected [true] but found [false]
	at in.shark.online.web.test.catalogue.master.TestGetAllProductsApiTestNg.testGetAllProductstLoad(TestGetAllProductsApiTestNg.java:71)
	at org.springframework.test.context.testng.AbstractTestNGSpringContextTests.run(AbstractTestNGSpringContextTests.java:180)
	at java.util.concurrent.FutureTask.run(FutureTask.java:266)
	at java.util.concurrent.ThreadPoolExecutor.runWorker(ThreadPoolExecutor.java:1149)
	at java.util.concurrent.ThreadPoolExecutor$Worker.run(ThreadPoolExecutor.java:624)
	at java.lang.Thread.run(Thread.java:748)
... Removed 20 stack frames]]>
    </failure>
  </testcase> <!-- testGetAllProductstLoad -->
  <testcase name="testGetAllProductstLoad" time="0.834" classname="in.shark.online.web.test.catalogue.master.TestGetAllProductsApiTestNg">
    <failure type="java.lang.AssertionError" message="Response time of GetAllProducts call more than: 500 expected [true] but found [false]">
      <![CDATA[java.lang.AssertionError: Response time of GetAllProducts call more than: 500 expected [true] but found [false]
	at in.shark.online.web.test.catalogue.master.TestGetAllProductsApiTestNg.testGetAllProductstLoad(TestGetAllProductsApiTestNg.java:71)
	at org.springframework.test.context.testng.AbstractTestNGSpringContextTests.run(AbstractTestNGSpringContextTests.java:180)
	at java.util.concurrent.FutureTask.run(FutureTask.java:266)
	at java.util.concurrent.ThreadPoolExecutor.runWorker(ThreadPoolExecutor.java:1149)
	at java.util.concurrent.ThreadPoolExecutor$Worker.run(ThreadPoolExecutor.java:624)
	at java.lang.Thread.run(Thread.java:748)
... Removed 20 stack frames]]>
    </failure>
  </testcase> <!-- testGetAllProductstLoad -->
  <testcase name="testGetAllProductstLoad" time="0.837" classname="in.shark.online.web.test.catalogue.master.TestGetAllProductsApiTestNg">
    <failure type="java.lang.AssertionError" message="Response time of GetAllProducts call more than: 500 expected [true] but found [false]">
      <![CDATA[java.lang.AssertionError: Response time of GetAllProducts call more than: 500 expected [true] but found [false]
	at in.shark.online.web.test.catalogue.master.TestGetAllProductsApiTestNg.testGetAllProductstLoad(TestGetAllProductsApiTestNg.java:71)
	at org.springframework.test.context.testng.AbstractTestNGSpringContextTests.run(AbstractTestNGSpringContextTests.java:180)
	at java.util.concurrent.FutureTask.run(FutureTask.java:266)
	at java.util.concurrent.ThreadPoolExecutor.runWorker(ThreadPoolExecutor.java:1149)
	at java.util.concurrent.ThreadPoolExecutor$Worker.run(ThreadPoolExecutor.java:624)
	at java.lang.Thread.run(Thread.java:748)
... Removed 20 stack frames]]>
    </failure>
  </testcase> <!-- testGetAllProductstLoad -->
  <testcase name="testGetAllProductstLoad" time="0.875" classname="in.shark.online.web.test.catalogue.master.TestGetAllProductsApiTestNg">
    <failure type="java.lang.AssertionError" message="Response time of GetAllProducts call more than: 500 expected [true] but found [false]">
      <![CDATA[java.lang.AssertionError: Response time of GetAllProducts call more than: 500 expected [true] but found [false]
	at in.shark.online.web.test.catalogue.master.TestGetAllProductsApiTestNg.testGetAllProductstLoad(TestGetAllProductsApiTestNg.java:71)
	at org.springframework.test.context.testng.AbstractTestNGSpringContextTests.run(AbstractTestNGSpringContextTests.java:180)
	at java.util.concurrent.FutureTask.run(FutureTask.java:266)
	at java.util.concurrent.ThreadPoolExecutor.runWorker(ThreadPoolExecutor.java:1149)
	at java.util.concurrent.ThreadPoolExecutor$Worker.run(ThreadPoolExecutor.java:624)
	at java.lang.Thread.run(Thread.java:748)
... Removed 20 stack frames]]>
    </failure>
  </testcase> <!-- testGetAllProductstLoad -->
  <testcase name="testGetAllProductstLoad" time="0.899" classname="in.shark.online.web.test.catalogue.master.TestGetAllProductsApiTestNg">
    <failure type="java.lang.AssertionError" message="Response time of GetAllProducts call more than: 500 expected [true] but found [false]">
      <![CDATA[java.lang.AssertionError: Response time of GetAllProducts call more than: 500 expected [true] but found [false]
	at in.shark.online.web.test.catalogue.master.TestGetAllProductsApiTestNg.testGetAllProductstLoad(TestGetAllProductsApiTestNg.java:71)
	at org.springframework.test.context.testng.AbstractTestNGSpringContextTests.run(AbstractTestNGSpringContextTests.java:180)
	at java.util.concurrent.FutureTask.run(FutureTask.java:266)
	at java.util.concurrent.ThreadPoolExecutor.runWorker(ThreadPoolExecutor.java:1149)
	at java.util.concurrent.ThreadPoolExecutor$Worker.run(ThreadPoolExecutor.java:624)
	at java.lang.Thread.run(Thread.java:748)
... Removed 20 stack frames]]>
    </failure>
  </testcase> <!-- testGetAllProductstLoad -->
  <testcase name="testGetAllProductstLoad" time="1.04" classname="in.shark.online.web.test.catalogue.master.TestGetAllProductsApiTestNg">
    <failure type="java.lang.AssertionError" message="Response time of GetAllProducts call more than: 500 expected [true] but found [false]">
      <![CDATA[java.lang.AssertionError: Response time of GetAllProducts call more than: 500 expected [true] but found [false]
	at in.shark.online.web.test.catalogue.master.TestGetAllProductsApiTestNg.testGetAllProductstLoad(TestGetAllProductsApiTestNg.java:71)
	at org.springframework.test.context.testng.AbstractTestNGSpringContextTests.run(AbstractTestNGSpringContextTests.java:180)
	at java.util.concurrent.FutureTask.run(FutureTask.java:266)
	at java.util.concurrent.ThreadPoolExecutor.runWorker(ThreadPoolExecutor.java:1149)
	at java.util.concurrent.ThreadPoolExecutor$Worker.run(ThreadPoolExecutor.java:624)
	at java.lang.Thread.run(Thread.java:748)
... Removed 20 stack frames]]>
    </failure>
  </testcase> <!-- testGetAllProductstLoad -->
  <testcase name="testGetAllProductstLoad" time="0.445" classname="in.shark.online.web.test.catalogue.master.TestGetAllProductsApiTestNg"/>
  <testcase name="testGetAllProductstLoad" time="0.508" classname="in.shark.online.web.test.catalogue.master.TestGetAllProductsApiTestNg">
    <failure type="java.lang.AssertionError" message="Response time of GetAllProducts call more than: 500 expected [true] but found [false]">
      <![CDATA[java.lang.AssertionError: Response time of GetAllProducts call more than: 500 expected [true] but found [false]
	at in.shark.online.web.test.catalogue.master.TestGetAllProductsApiTestNg.testGetAllProductstLoad(TestGetAllProductsApiTestNg.java:71)
	at org.springframework.test.context.testng.AbstractTestNGSpringContextTests.run(AbstractTestNGSpringContextTests.java:180)
	at java.util.concurrent.FutureTask.run(FutureTask.java:266)
	at java.util.concurrent.ThreadPoolExecutor.runWorker(ThreadPoolExecutor.java:1149)
	at java.util.concurrent.ThreadPoolExecutor$Worker.run(ThreadPoolExecutor.java:624)
	at java.lang.Thread.run(Thread.java:748)
... Removed 20 stack frames]]>
    </failure>
  </testcase> <!-- testGetAllProductstLoad -->
  <testcase name="testGetAllProductstLoad" time="1.061" classname="in.shark.online.web.test.catalogue.master.TestGetAllProductsApiTestNg">
    <failure type="java.lang.AssertionError" message="Response time of GetAllProducts call more than: 500 expected [true] but found [false]">
      <![CDATA[java.lang.AssertionError: Response time of GetAllProducts call more than: 500 expected [true] but found [false]
	at in.shark.online.web.test.catalogue.master.TestGetAllProductsApiTestNg.testGetAllProductstLoad(TestGetAllProductsApiTestNg.java:71)
	at org.springframework.test.context.testng.AbstractTestNGSpringContextTests.run(AbstractTestNGSpringContextTests.java:180)
	at java.util.concurrent.FutureTask.run(FutureTask.java:266)
	at java.util.concurrent.ThreadPoolExecutor.runWorker(ThreadPoolExecutor.java:1149)
	at java.util.concurrent.ThreadPoolExecutor$Worker.run(ThreadPoolExecutor.java:624)
	at java.lang.Thread.run(Thread.java:748)
... Removed 20 stack frames]]>
    </failure>
  </testcase> <!-- testGetAllProductstLoad -->
  <testcase name="testGetAllProductstLoad" time="1.308" classname="in.shark.online.web.test.catalogue.master.TestGetAllProductsApiTestNg">
    <failure type="java.lang.AssertionError" message="Response time of GetAllProducts call more than: 500 expected [true] but found [false]">
      <![CDATA[java.lang.AssertionError: Response time of GetAllProducts call more than: 500 expected [true] but found [false]
	at in.shark.online.web.test.catalogue.master.TestGetAllProductsApiTestNg.testGetAllProductstLoad(TestGetAllProductsApiTestNg.java:71)
	at org.springframework.test.context.testng.AbstractTestNGSpringContextTests.run(AbstractTestNGSpringContextTests.java:180)
	at java.util.concurrent.FutureTask.run(FutureTask.java:266)
	at java.util.concurrent.ThreadPoolExecutor.runWorker(ThreadPoolExecutor.java:1149)
	at java.util.concurrent.ThreadPoolExecutor$Worker.run(ThreadPoolExecutor.java:624)
	at java.lang.Thread.run(Thread.java:748)
... Removed 20 stack frames]]>
    </failure>
  </testcase> <!-- testGetAllProductstLoad -->
  <testcase name="testGetAllProductstLoad" time="0.436" classname="in.shark.online.web.test.catalogue.master.TestGetAllProductsApiTestNg"/>
  <testcase name="testGetAllProductstLoad" time="0.499" classname="in.shark.online.web.test.catalogue.master.TestGetAllProductsApiTestNg"/>
  <testcase name="testGetAllProductstLoad" time="0.533" classname="in.shark.online.web.test.catalogue.master.TestGetAllProductsApiTestNg">
    <failure type="java.lang.AssertionError" message="Response time of GetAllProducts call more than: 500 expected [true] but found [false]">
      <![CDATA[java.lang.AssertionError: Response time of GetAllProducts call more than: 500 expected [true] but found [false]
	at in.shark.online.web.test.catalogue.master.TestGetAllProductsApiTestNg.testGetAllProductstLoad(TestGetAllProductsApiTestNg.java:71)
	at org.springframework.test.context.testng.AbstractTestNGSpringContextTests.run(AbstractTestNGSpringContextTests.java:180)
	at java.util.concurrent.FutureTask.run(FutureTask.java:266)
	at java.util.concurrent.ThreadPoolExecutor.runWorker(ThreadPoolExecutor.java:1149)
	at java.util.concurrent.ThreadPoolExecutor$Worker.run(ThreadPoolExecutor.java:624)
	at java.lang.Thread.run(Thread.java:748)
... Removed 20 stack frames]]>
    </failure>
  </testcase> <!-- testGetAllProductstLoad -->
  <testcase name="testGetAllProductstLoad" time="0.378" classname="in.shark.online.web.test.catalogue.master.TestGetAllProductsApiTestNg"/>
  <testcase name="testGetAllProductstLoad" time="1.508" classname="in.shark.online.web.test.catalogue.master.TestGetAllProductsApiTestNg">
    <failure type="java.lang.AssertionError" message="Response time of GetAllProducts call more than: 500 expected [true] but found [false]">
      <![CDATA[java.lang.AssertionError: Response time of GetAllProducts call more than: 500 expected [true] but found [false]
	at in.shark.online.web.test.catalogue.master.TestGetAllProductsApiTestNg.testGetAllProductstLoad(TestGetAllProductsApiTestNg.java:71)
	at org.springframework.test.context.testng.AbstractTestNGSpringContextTests.run(AbstractTestNGSpringContextTests.java:180)
	at java.util.concurrent.FutureTask.run(FutureTask.java:266)
	at java.util.concurrent.ThreadPoolExecutor.runWorker(ThreadPoolExecutor.java:1149)
	at java.util.concurrent.ThreadPoolExecutor$Worker.run(ThreadPoolExecutor.java:624)
	at java.lang.Thread.run(Thread.java:748)
... Removed 20 stack frames]]>
    </failure>
  </testcase> <!-- testGetAllProductstLoad -->
  <testcase name="testGetAllProductstLoad" time="0.537" classname="in.shark.online.web.test.catalogue.master.TestGetAllProductsApiTestNg">
    <failure type="java.lang.AssertionError" message="Response time of GetAllProducts call more than: 500 expected [true] but found [false]">
      <![CDATA[java.lang.AssertionError: Response time of GetAllProducts call more than: 500 expected [true] but found [false]
	at in.shark.online.web.test.catalogue.master.TestGetAllProductsApiTestNg.testGetAllProductstLoad(TestGetAllProductsApiTestNg.java:71)
	at org.springframework.test.context.testng.AbstractTestNGSpringContextTests.run(AbstractTestNGSpringContextTests.java:180)
	at java.util.concurrent.FutureTask.run(FutureTask.java:266)
	at java.util.concurrent.ThreadPoolExecutor.runWorker(ThreadPoolExecutor.java:1149)
	at java.util.concurrent.ThreadPoolExecutor$Worker.run(ThreadPoolExecutor.java:624)
	at java.lang.Thread.run(Thread.java:748)
... Removed 18 stack frames]]>
    </failure>
  </testcase> <!-- testGetAllProductstLoad -->
  <testcase name="testGetAllProductstLoad" time="0.564" classname="in.shark.online.web.test.catalogue.master.TestGetAllProductsApiTestNg">
    <failure type="java.lang.AssertionError" message="Response time of GetAllProducts call more than: 500 expected [true] but found [false]">
      <![CDATA[java.lang.AssertionError: Response time of GetAllProducts call more than: 500 expected [true] but found [false]
	at in.shark.online.web.test.catalogue.master.TestGetAllProductsApiTestNg.testGetAllProductstLoad(TestGetAllProductsApiTestNg.java:71)
	at org.springframework.test.context.testng.AbstractTestNGSpringContextTests.run(AbstractTestNGSpringContextTests.java:180)
	at java.util.concurrent.FutureTask.run(FutureTask.java:266)
	at java.util.concurrent.ThreadPoolExecutor.runWorker(ThreadPoolExecutor.java:1149)
	at java.util.concurrent.ThreadPoolExecutor$Worker.run(ThreadPoolExecutor.java:624)
	at java.lang.Thread.run(Thread.java:748)
... Removed 18 stack frames]]>
    </failure>
  </testcase> <!-- testGetAllProductstLoad -->
  <testcase name="testGetAllProductstLoad" time="0.547" classname="in.shark.online.web.test.catalogue.master.TestGetAllProductsApiTestNg">
    <failure type="java.lang.AssertionError" message="Response time of GetAllProducts call more than: 500 expected [true] but found [false]">
      <![CDATA[java.lang.AssertionError: Response time of GetAllProducts call more than: 500 expected [true] but found [false]
	at in.shark.online.web.test.catalogue.master.TestGetAllProductsApiTestNg.testGetAllProductstLoad(TestGetAllProductsApiTestNg.java:71)
	at org.springframework.test.context.testng.AbstractTestNGSpringContextTests.run(AbstractTestNGSpringContextTests.java:180)
	at java.util.concurrent.FutureTask.run(FutureTask.java:266)
	at java.util.concurrent.ThreadPoolExecutor.runWorker(ThreadPoolExecutor.java:1149)
	at java.util.concurrent.ThreadPoolExecutor$Worker.run(ThreadPoolExecutor.java:624)
	at java.lang.Thread.run(Thread.java:748)
... Removed 18 stack frames]]>
    </failure>
  </testcase> <!-- testGetAllProductstLoad -->
  <testcase name="testGetAllProductstLoad" time="0.483" classname="in.shark.online.web.test.catalogue.master.TestGetAllProductsApiTestNg"/>
  <testcase name="testGetAllProductstLoad" time="0.644" classname="in.shark.online.web.test.catalogue.master.TestGetAllProductsApiTestNg">
    <failure type="java.lang.AssertionError" message="Response time of GetAllProducts call more than: 500 expected [true] but found [false]">
      <![CDATA[java.lang.AssertionError: Response time of GetAllProducts call more than: 500 expected [true] but found [false]
	at in.shark.online.web.test.catalogue.master.TestGetAllProductsApiTestNg.testGetAllProductstLoad(TestGetAllProductsApiTestNg.java:71)
	at org.springframework.test.context.testng.AbstractTestNGSpringContextTests.run(AbstractTestNGSpringContextTests.java:180)
	at java.util.concurrent.FutureTask.run(FutureTask.java:266)
	at java.util.concurrent.ThreadPoolExecutor.runWorker(ThreadPoolExecutor.java:1149)
	at java.util.concurrent.ThreadPoolExecutor$Worker.run(ThreadPoolExecutor.java:624)
	at java.lang.Thread.run(Thread.java:748)
... Removed 18 stack frames]]>
    </failure>
  </testcase> <!-- testGetAllProductstLoad -->
  <testcase name="testGetAllProductstLoad" time="0.596" classname="in.shark.online.web.test.catalogue.master.TestGetAllProductsApiTestNg">
    <failure type="java.lang.AssertionError" message="Response time of GetAllProducts call more than: 500 expected [true] but found [false]">
      <![CDATA[java.lang.AssertionError: Response time of GetAllProducts call more than: 500 expected [true] but found [false]
	at in.shark.online.web.test.catalogue.master.TestGetAllProductsApiTestNg.testGetAllProductstLoad(TestGetAllProductsApiTestNg.java:71)
	at org.springframework.test.context.testng.AbstractTestNGSpringContextTests.run(AbstractTestNGSpringContextTests.java:180)
	at java.util.concurrent.FutureTask.run(FutureTask.java:266)
	at java.util.concurrent.ThreadPoolExecutor.runWorker(ThreadPoolExecutor.java:1149)
	at java.util.concurrent.ThreadPoolExecutor$Worker.run(ThreadPoolExecutor.java:624)
	at java.lang.Thread.run(Thread.java:748)
... Removed 18 stack frames]]>
    </failure>
  </testcase> <!-- testGetAllProductstLoad -->
  <testcase name="testGetAllProductstLoad" time="0.678" classname="in.shark.online.web.test.catalogue.master.TestGetAllProductsApiTestNg">
    <failure type="java.lang.AssertionError" message="Response time of GetAllProducts call more than: 500 expected [true] but found [false]">
      <![CDATA[java.lang.AssertionError: Response time of GetAllProducts call more than: 500 expected [true] but found [false]
	at in.shark.online.web.test.catalogue.master.TestGetAllProductsApiTestNg.testGetAllProductstLoad(TestGetAllProductsApiTestNg.java:71)
	at org.springframework.test.context.testng.AbstractTestNGSpringContextTests.run(AbstractTestNGSpringContextTests.java:180)
	at java.util.concurrent.FutureTask.run(FutureTask.java:266)
	at java.util.concurrent.ThreadPoolExecutor.runWorker(ThreadPoolExecutor.java:1149)
	at java.util.concurrent.ThreadPoolExecutor$Worker.run(ThreadPoolExecutor.java:624)
	at java.lang.Thread.run(Thread.java:748)
... Removed 18 stack frames]]>
    </failure>
  </testcase> <!-- testGetAllProductstLoad -->
  <testcase name="testGetAllProductstLoad" time="0.333" classname="in.shark.online.web.test.catalogue.master.TestGetAllProductsApiTestNg"/>
  <testcase name="testGetAllProductstLoad" time="0.789" classname="in.shark.online.web.test.catalogue.master.TestGetAllProductsApiTestNg">
    <failure type="java.lang.AssertionError" message="Response time of GetAllProducts call more than: 500 expected [true] but found [false]">
      <![CDATA[java.lang.AssertionError: Response time of GetAllProducts call more than: 500 expected [true] but found [false]
	at in.shark.online.web.test.catalogue.master.TestGetAllProductsApiTestNg.testGetAllProductstLoad(TestGetAllProductsApiTestNg.java:71)
	at org.springframework.test.context.testng.AbstractTestNGSpringContextTests.run(AbstractTestNGSpringContextTests.java:180)
	at java.util.concurrent.FutureTask.run(FutureTask.java:266)
	at java.util.concurrent.ThreadPoolExecutor.runWorker(ThreadPoolExecutor.java:1149)
	at java.util.concurrent.ThreadPoolExecutor$Worker.run(ThreadPoolExecutor.java:624)
	at java.lang.Thread.run(Thread.java:748)
... Removed 18 stack frames]]>
    </failure>
  </testcase> <!-- testGetAllProductstLoad -->
  <testcase name="testGetAllProductstLoad" time="0.447" classname="in.shark.online.web.test.catalogue.master.TestGetAllProductsApiTestNg"/>
  <testcase name="testGetAllProductstLoad" time="0.462" classname="in.shark.online.web.test.catalogue.master.TestGetAllProductsApiTestNg"/>
  <testcase name="testGetAllProductstLoad" time="0.444" classname="in.shark.online.web.test.catalogue.master.TestGetAllProductsApiTestNg"/>
  <testcase name="testGetAllProductstLoad" time="0.597" classname="in.shark.online.web.test.catalogue.master.TestGetAllProductsApiTestNg">
    <failure type="java.lang.AssertionError" message="Response time of GetAllProducts call more than: 500 expected [true] but found [false]">
      <![CDATA[java.lang.AssertionError: Response time of GetAllProducts call more than: 500 expected [true] but found [false]
	at in.shark.online.web.test.catalogue.master.TestGetAllProductsApiTestNg.testGetAllProductstLoad(TestGetAllProductsApiTestNg.java:71)
	at org.springframework.test.context.testng.AbstractTestNGSpringContextTests.run(AbstractTestNGSpringContextTests.java:180)
	at java.util.concurrent.FutureTask.run(FutureTask.java:266)
	at java.util.concurrent.ThreadPoolExecutor.runWorker(ThreadPoolExecutor.java:1149)
	at java.util.concurrent.ThreadPoolExecutor$Worker.run(ThreadPoolExecutor.java:624)
	at java.lang.Thread.run(Thread.java:748)
... Removed 18 stack frames]]>
    </failure>
  </testcase> <!-- testGetAllProductstLoad -->
  <testcase name="testGetAllProductstLoad" time="1.728" classname="in.shark.online.web.test.catalogue.master.TestGetAllProductsApiTestNg">
    <failure type="java.lang.AssertionError" message="Response time of GetAllProducts call more than: 500 expected [true] but found [false]">
      <![CDATA[java.lang.AssertionError: Response time of GetAllProducts call more than: 500 expected [true] but found [false]
	at in.shark.online.web.test.catalogue.master.TestGetAllProductsApiTestNg.testGetAllProductstLoad(TestGetAllProductsApiTestNg.java:71)
	at org.springframework.test.context.testng.AbstractTestNGSpringContextTests.run(AbstractTestNGSpringContextTests.java:180)
	at java.util.concurrent.FutureTask.run(FutureTask.java:266)
	at java.util.concurrent.ThreadPoolExecutor.runWorker(ThreadPoolExecutor.java:1149)
	at java.util.concurrent.ThreadPoolExecutor$Worker.run(ThreadPoolExecutor.java:624)
	at java.lang.Thread.run(Thread.java:748)
... Removed 19 stack frames]]>
    </failure>
  </testcase> <!-- testGetAllProductstLoad -->
  <testcase name="testGetAllProductstLoad" time="0.726" classname="in.shark.online.web.test.catalogue.master.TestGetAllProductsApiTestNg">
    <failure type="java.lang.AssertionError" message="Response time of GetAllProducts call more than: 500 expected [true] but found [false]">
      <![CDATA[java.lang.AssertionError: Response time of GetAllProducts call more than: 500 expected [true] but found [false]
	at in.shark.online.web.test.catalogue.master.TestGetAllProductsApiTestNg.testGetAllProductstLoad(TestGetAllProductsApiTestNg.java:71)
	at org.springframework.test.context.testng.AbstractTestNGSpringContextTests.run(AbstractTestNGSpringContextTests.java:180)
	at java.util.concurrent.FutureTask.run(FutureTask.java:266)
	at java.util.concurrent.ThreadPoolExecutor.runWorker(ThreadPoolExecutor.java:1149)
	at java.util.concurrent.ThreadPoolExecutor$Worker.run(ThreadPoolExecutor.java:624)
	at java.lang.Thread.run(Thread.java:748)
... Removed 18 stack frames]]>
    </failure>
  </testcase> <!-- testGetAllProductstLoad -->
  <testcase name="testGetAllProductstLoad" time="1.144" classname="in.shark.online.web.test.catalogue.master.TestGetAllProductsApiTestNg">
    <failure type="java.lang.AssertionError" message="Response time of GetAllProducts call more than: 500 expected [true] but found [false]">
      <![CDATA[java.lang.AssertionError: Response time of GetAllProducts call more than: 500 expected [true] but found [false]
	at in.shark.online.web.test.catalogue.master.TestGetAllProductsApiTestNg.testGetAllProductstLoad(TestGetAllProductsApiTestNg.java:71)
	at org.springframework.test.context.testng.AbstractTestNGSpringContextTests.run(AbstractTestNGSpringContextTests.java:180)
	at java.util.concurrent.FutureTask.run(FutureTask.java:266)
	at java.util.concurrent.ThreadPoolExecutor.runWorker(ThreadPoolExecutor.java:1149)
	at java.util.concurrent.ThreadPoolExecutor$Worker.run(ThreadPoolExecutor.java:624)
	at java.lang.Thread.run(Thread.java:748)
... Removed 18 stack frames]]>
    </failure>
  </testcase> <!-- testGetAllProductstLoad -->
  <testcase name="testGetAllProductstLoad" time="0.516" classname="in.shark.online.web.test.catalogue.master.TestGetAllProductsApiTestNg">
    <failure type="java.lang.AssertionError" message="Response time of GetAllProducts call more than: 500 expected [true] but found [false]">
      <![CDATA[java.lang.AssertionError: Response time of GetAllProducts call more than: 500 expected [true] but found [false]
	at in.shark.online.web.test.catalogue.master.TestGetAllProductsApiTestNg.testGetAllProductstLoad(TestGetAllProductsApiTestNg.java:71)
	at org.springframework.test.context.testng.AbstractTestNGSpringContextTests.run(AbstractTestNGSpringContextTests.java:180)
	at java.util.concurrent.FutureTask.run(FutureTask.java:266)
	at java.util.concurrent.ThreadPoolExecutor.runWorker(ThreadPoolExecutor.java:1149)
	at java.util.concurrent.ThreadPoolExecutor$Worker.run(ThreadPoolExecutor.java:624)
	at java.lang.Thread.run(Thread.java:748)
... Removed 18 stack frames]]>
    </failure>
  </testcase> <!-- testGetAllProductstLoad -->
  <testcase name="testGetAllProductstLoad" time="0.798" classname="in.shark.online.web.test.catalogue.master.TestGetAllProductsApiTestNg">
    <failure type="java.lang.AssertionError" message="Response time of GetAllProducts call more than: 500 expected [true] but found [false]">
      <![CDATA[java.lang.AssertionError: Response time of GetAllProducts call more than: 500 expected [true] but found [false]
	at in.shark.online.web.test.catalogue.master.TestGetAllProductsApiTestNg.testGetAllProductstLoad(TestGetAllProductsApiTestNg.java:71)
	at org.springframework.test.context.testng.AbstractTestNGSpringContextTests.run(AbstractTestNGSpringContextTests.java:180)
	at java.util.concurrent.FutureTask.run(FutureTask.java:266)
	at java.util.concurrent.ThreadPoolExecutor.runWorker(ThreadPoolExecutor.java:1149)
	at java.util.concurrent.ThreadPoolExecutor$Worker.run(ThreadPoolExecutor.java:624)
	at java.lang.Thread.run(Thread.java:748)
... Removed 18 stack frames]]>
    </failure>
  </testcase> <!-- testGetAllProductstLoad -->
  <testcase name="testGetAllProductstLoad" time="0.663" classname="in.shark.online.web.test.catalogue.master.TestGetAllProductsApiTestNg">
    <failure type="java.lang.AssertionError" message="Response time of GetAllProducts call more than: 500 expected [true] but found [false]">
      <![CDATA[java.lang.AssertionError: Response time of GetAllProducts call more than: 500 expected [true] but found [false]
	at in.shark.online.web.test.catalogue.master.TestGetAllProductsApiTestNg.testGetAllProductstLoad(TestGetAllProductsApiTestNg.java:71)
	at org.springframework.test.context.testng.AbstractTestNGSpringContextTests.run(AbstractTestNGSpringContextTests.java:180)
	at java.util.concurrent.FutureTask.run(FutureTask.java:266)
	at java.util.concurrent.ThreadPoolExecutor.runWorker(ThreadPoolExecutor.java:1149)
	at java.util.concurrent.ThreadPoolExecutor$Worker.run(ThreadPoolExecutor.java:624)
	at java.lang.Thread.run(Thread.java:748)
... Removed 18 stack frames]]>
    </failure>
  </testcase> <!-- testGetAllProductstLoad -->
  <testcase name="testGetAllProductstLoad" time="0.413" classname="in.shark.online.web.test.catalogue.master.TestGetAllProductsApiTestNg"/>
  <testcase name="testGetAllProductstLoad" time="0.425" classname="in.shark.online.web.test.catalogue.master.TestGetAllProductsApiTestNg"/>
  <testcase name="testGetAllProductstLoad" time="0.478" classname="in.shark.online.web.test.catalogue.master.TestGetAllProductsApiTestNg"/>
  <testcase name="testGetAllProductstLoad" time="0.417" classname="in.shark.online.web.test.catalogue.master.TestGetAllProductsApiTestNg"/>
  <testcase name="testGetAllProductstLoad" time="0.654" classname="in.shark.online.web.test.catalogue.master.TestGetAllProductsApiTestNg">
    <failure type="java.lang.AssertionError" message="Response time of GetAllProducts call more than: 500 expected [true] but found [false]">
      <![CDATA[java.lang.AssertionError: Response time of GetAllProducts call more than: 500 expected [true] but found [false]
	at in.shark.online.web.test.catalogue.master.TestGetAllProductsApiTestNg.testGetAllProductstLoad(TestGetAllProductsApiTestNg.java:71)
	at org.springframework.test.context.testng.AbstractTestNGSpringContextTests.run(AbstractTestNGSpringContextTests.java:180)
	at java.util.concurrent.FutureTask.run(FutureTask.java:266)
	at java.util.concurrent.ThreadPoolExecutor.runWorker(ThreadPoolExecutor.java:1149)
	at java.util.concurrent.ThreadPoolExecutor$Worker.run(ThreadPoolExecutor.java:624)
	at java.lang.Thread.run(Thread.java:748)
... Removed 18 stack frames]]>
    </failure>
  </testcase> <!-- testGetAllProductstLoad -->
  <testcase name="testGetAllProductstLoad" time="0.457" classname="in.shark.online.web.test.catalogue.master.TestGetAllProductsApiTestNg"/>
  <testcase name="testGetAllProductstLoad" time="0.457" classname="in.shark.online.web.test.catalogue.master.TestGetAllProductsApiTestNg"/>
  <testcase name="testGetAllProductstLoad" time="0.458" classname="in.shark.online.web.test.catalogue.master.TestGetAllProductsApiTestNg"/>
  <testcase name="testGetAllProductstLoad" time="0.702" classname="in.shark.online.web.test.catalogue.master.TestGetAllProductsApiTestNg">
    <failure type="java.lang.AssertionError" message="Response time of GetAllProducts call more than: 500 expected [true] but found [false]">
      <![CDATA[java.lang.AssertionError: Response time of GetAllProducts call more than: 500 expected [true] but found [false]
	at in.shark.online.web.test.catalogue.master.TestGetAllProductsApiTestNg.testGetAllProductstLoad(TestGetAllProductsApiTestNg.java:71)
	at org.springframework.test.context.testng.AbstractTestNGSpringContextTests.run(AbstractTestNGSpringContextTests.java:180)
	at java.util.concurrent.FutureTask.run(FutureTask.java:266)
	at java.util.concurrent.ThreadPoolExecutor.runWorker(ThreadPoolExecutor.java:1149)
	at java.util.concurrent.ThreadPoolExecutor$Worker.run(ThreadPoolExecutor.java:624)
	at java.lang.Thread.run(Thread.java:748)
... Removed 18 stack frames]]>
    </failure>
  </testcase> <!-- testGetAllProductstLoad -->
  <testcase name="testGetAllProductstLoad" time="0.585" classname="in.shark.online.web.test.catalogue.master.TestGetAllProductsApiTestNg">
    <failure type="java.lang.AssertionError" message="Response time of GetAllProducts call more than: 500 expected [true] but found [false]">
      <![CDATA[java.lang.AssertionError: Response time of GetAllProducts call more than: 500 expected [true] but found [false]
	at in.shark.online.web.test.catalogue.master.TestGetAllProductsApiTestNg.testGetAllProductstLoad(TestGetAllProductsApiTestNg.java:71)
	at org.springframework.test.context.testng.AbstractTestNGSpringContextTests.run(AbstractTestNGSpringContextTests.java:180)
	at java.util.concurrent.FutureTask.run(FutureTask.java:266)
	at java.util.concurrent.ThreadPoolExecutor.runWorker(ThreadPoolExecutor.java:1149)
	at java.util.concurrent.ThreadPoolExecutor$Worker.run(ThreadPoolExecutor.java:624)
	at java.lang.Thread.run(Thread.java:748)
... Removed 18 stack frames]]>
    </failure>
  </testcase> <!-- testGetAllProductstLoad -->
  <testcase name="testGetAllProductstLoad" time="0.805" classname="in.shark.online.web.test.catalogue.master.TestGetAllProductsApiTestNg">
    <failure type="java.lang.AssertionError" message="Response time of GetAllProducts call more than: 500 expected [true] but found [false]">
      <![CDATA[java.lang.AssertionError: Response time of GetAllProducts call more than: 500 expected [true] but found [false]
	at in.shark.online.web.test.catalogue.master.TestGetAllProductsApiTestNg.testGetAllProductstLoad(TestGetAllProductsApiTestNg.java:71)
	at org.springframework.test.context.testng.AbstractTestNGSpringContextTests.run(AbstractTestNGSpringContextTests.java:180)
	at java.util.concurrent.FutureTask.run(FutureTask.java:266)
	at java.util.concurrent.ThreadPoolExecutor.runWorker(ThreadPoolExecutor.java:1149)
	at java.util.concurrent.ThreadPoolExecutor$Worker.run(ThreadPoolExecutor.java:624)
	at java.lang.Thread.run(Thread.java:748)
... Removed 18 stack frames]]>
    </failure>
  </testcase> <!-- testGetAllProductstLoad -->
  <testcase name="testGetAllProductstLoad" time="0.649" classname="in.shark.online.web.test.catalogue.master.TestGetAllProductsApiTestNg">
    <failure type="java.lang.AssertionError" message="Response time of GetAllProducts call more than: 500 expected [true] but found [false]">
      <![CDATA[java.lang.AssertionError: Response time of GetAllProducts call more than: 500 expected [true] but found [false]
	at in.shark.online.web.test.catalogue.master.TestGetAllProductsApiTestNg.testGetAllProductstLoad(TestGetAllProductsApiTestNg.java:71)
	at org.springframework.test.context.testng.AbstractTestNGSpringContextTests.run(AbstractTestNGSpringContextTests.java:180)
	at java.util.concurrent.FutureTask.run(FutureTask.java:266)
	at java.util.concurrent.ThreadPoolExecutor.runWorker(ThreadPoolExecutor.java:1149)
	at java.util.concurrent.ThreadPoolExecutor$Worker.run(ThreadPoolExecutor.java:624)
	at java.lang.Thread.run(Thread.java:748)
... Removed 18 stack frames]]>
    </failure>
  </testcase> <!-- testGetAllProductstLoad -->
  <testcase name="testGetAllProductstLoad" time="0.388" classname="in.shark.online.web.test.catalogue.master.TestGetAllProductsApiTestNg"/>
  <testcase name="testGetAllProductstLoad" time="0.341" classname="in.shark.online.web.test.catalogue.master.TestGetAllProductsApiTestNg"/>
  <testcase name="testGetAllProductstLoad" time="0.517" classname="in.shark.online.web.test.catalogue.master.TestGetAllProductsApiTestNg">
    <failure type="java.lang.AssertionError" message="Response time of GetAllProducts call more than: 500 expected [true] but found [false]">
      <![CDATA[java.lang.AssertionError: Response time of GetAllProducts call more than: 500 expected [true] but found [false]
	at in.shark.online.web.test.catalogue.master.TestGetAllProductsApiTestNg.testGetAllProductstLoad(TestGetAllProductsApiTestNg.java:71)
	at org.springframework.test.context.testng.AbstractTestNGSpringContextTests.run(AbstractTestNGSpringContextTests.java:180)
	at java.util.concurrent.FutureTask.run(FutureTask.java:266)
	at java.util.concurrent.ThreadPoolExecutor.runWorker(ThreadPoolExecutor.java:1149)
	at java.util.concurrent.ThreadPoolExecutor$Worker.run(ThreadPoolExecutor.java:624)
	at java.lang.Thread.run(Thread.java:748)
... Removed 18 stack frames]]>
    </failure>
  </testcase> <!-- testGetAllProductstLoad -->
  <testcase name="testGetAllProductstLoad" time="0.553" classname="in.shark.online.web.test.catalogue.master.TestGetAllProductsApiTestNg">
    <failure type="java.lang.AssertionError" message="Response time of GetAllProducts call more than: 500 expected [true] but found [false]">
      <![CDATA[java.lang.AssertionError: Response time of GetAllProducts call more than: 500 expected [true] but found [false]
	at in.shark.online.web.test.catalogue.master.TestGetAllProductsApiTestNg.testGetAllProductstLoad(TestGetAllProductsApiTestNg.java:71)
	at org.springframework.test.context.testng.AbstractTestNGSpringContextTests.run(AbstractTestNGSpringContextTests.java:180)
	at java.util.concurrent.FutureTask.run(FutureTask.java:266)
	at java.util.concurrent.ThreadPoolExecutor.runWorker(ThreadPoolExecutor.java:1149)
	at java.util.concurrent.ThreadPoolExecutor$Worker.run(ThreadPoolExecutor.java:624)
	at java.lang.Thread.run(Thread.java:748)
... Removed 18 stack frames]]>
    </failure>
  </testcase> <!-- testGetAllProductstLoad -->
  <testcase name="testGetAllProductstLoad" time="0.836" classname="in.shark.online.web.test.catalogue.master.TestGetAllProductsApiTestNg">
    <failure type="java.lang.AssertionError" message="Response time of GetAllProducts call more than: 500 expected [true] but found [false]">
      <![CDATA[java.lang.AssertionError: Response time of GetAllProducts call more than: 500 expected [true] but found [false]
	at in.shark.online.web.test.catalogue.master.TestGetAllProductsApiTestNg.testGetAllProductstLoad(TestGetAllProductsApiTestNg.java:71)
	at org.springframework.test.context.testng.AbstractTestNGSpringContextTests.run(AbstractTestNGSpringContextTests.java:180)
	at java.util.concurrent.FutureTask.run(FutureTask.java:266)
	at java.util.concurrent.ThreadPoolExecutor.runWorker(ThreadPoolExecutor.java:1149)
	at java.util.concurrent.ThreadPoolExecutor$Worker.run(ThreadPoolExecutor.java:624)
	at java.lang.Thread.run(Thread.java:748)
... Removed 18 stack frames]]>
    </failure>
  </testcase> <!-- testGetAllProductstLoad -->
  <testcase name="testGetAllProductstLoad" time="0.707" classname="in.shark.online.web.test.catalogue.master.TestGetAllProductsApiTestNg">
    <failure type="java.lang.AssertionError" message="Response time of GetAllProducts call more than: 500 expected [true] but found [false]">
      <![CDATA[java.lang.AssertionError: Response time of GetAllProducts call more than: 500 expected [true] but found [false]
	at in.shark.online.web.test.catalogue.master.TestGetAllProductsApiTestNg.testGetAllProductstLoad(TestGetAllProductsApiTestNg.java:71)
	at org.springframework.test.context.testng.AbstractTestNGSpringContextTests.run(AbstractTestNGSpringContextTests.java:180)
	at java.util.concurrent.FutureTask.run(FutureTask.java:266)
	at java.util.concurrent.ThreadPoolExecutor.runWorker(ThreadPoolExecutor.java:1149)
	at java.util.concurrent.ThreadPoolExecutor$Worker.run(ThreadPoolExecutor.java:624)
	at java.lang.Thread.run(Thread.java:748)
... Removed 18 stack frames]]>
    </failure>
  </testcase> <!-- testGetAllProductstLoad -->
  <testcase name="testGetAllProductstLoad" time="0.654" classname="in.shark.online.web.test.catalogue.master.TestGetAllProductsApiTestNg">
    <failure type="java.lang.AssertionError" message="Response time of GetAllProducts call more than: 500 expected [true] but found [false]">
      <![CDATA[java.lang.AssertionError: Response time of GetAllProducts call more than: 500 expected [true] but found [false]
	at in.shark.online.web.test.catalogue.master.TestGetAllProductsApiTestNg.testGetAllProductstLoad(TestGetAllProductsApiTestNg.java:71)
	at org.springframework.test.context.testng.AbstractTestNGSpringContextTests.run(AbstractTestNGSpringContextTests.java:180)
	at java.util.concurrent.FutureTask.run(FutureTask.java:266)
	at java.util.concurrent.ThreadPoolExecutor.runWorker(ThreadPoolExecutor.java:1149)
	at java.util.concurrent.ThreadPoolExecutor$Worker.run(ThreadPoolExecutor.java:624)
	at java.lang.Thread.run(Thread.java:748)
... Removed 18 stack frames]]>
    </failure>
  </testcase> <!-- testGetAllProductstLoad -->
  <testcase name="testGetAllProductstLoad" time="0.578" classname="in.shark.online.web.test.catalogue.master.TestGetAllProductsApiTestNg">
    <failure type="java.lang.AssertionError" message="Response time of GetAllProducts call more than: 500 expected [true] but found [false]">
      <![CDATA[java.lang.AssertionError: Response time of GetAllProducts call more than: 500 expected [true] but found [false]
	at in.shark.online.web.test.catalogue.master.TestGetAllProductsApiTestNg.testGetAllProductstLoad(TestGetAllProductsApiTestNg.java:71)
	at org.springframework.test.context.testng.AbstractTestNGSpringContextTests.run(AbstractTestNGSpringContextTests.java:180)
	at java.util.concurrent.FutureTask.run(FutureTask.java:266)
	at java.util.concurrent.ThreadPoolExecutor.runWorker(ThreadPoolExecutor.java:1149)
	at java.util.concurrent.ThreadPoolExecutor$Worker.run(ThreadPoolExecutor.java:624)
	at java.lang.Thread.run(Thread.java:748)
... Removed 18 stack frames]]>
    </failure>
  </testcase> <!-- testGetAllProductstLoad -->
  <testcase name="testGetAllProductstLoad" time="1.744" classname="in.shark.online.web.test.catalogue.master.TestGetAllProductsApiTestNg">
    <failure type="java.lang.AssertionError" message="Response time of GetAllProducts call more than: 500 expected [true] but found [false]">
      <![CDATA[java.lang.AssertionError: Response time of GetAllProducts call more than: 500 expected [true] but found [false]
	at in.shark.online.web.test.catalogue.master.TestGetAllProductsApiTestNg.testGetAllProductstLoad(TestGetAllProductsApiTestNg.java:71)
	at org.springframework.test.context.testng.AbstractTestNGSpringContextTests.run(AbstractTestNGSpringContextTests.java:180)
	at java.util.concurrent.FutureTask.run(FutureTask.java:266)
	at java.util.concurrent.ThreadPoolExecutor.runWorker(ThreadPoolExecutor.java:1149)
	at java.util.concurrent.ThreadPoolExecutor$Worker.run(ThreadPoolExecutor.java:624)
	at java.lang.Thread.run(Thread.java:748)
... Removed 18 stack frames]]>
    </failure>
  </testcase> <!-- testGetAllProductstLoad -->
  <testcase name="testGetAllProductstLoad" time="0.978" classname="in.shark.online.web.test.catalogue.master.TestGetAllProductsApiTestNg">
    <failure type="java.lang.AssertionError" message="Response time of GetAllProducts call more than: 500 expected [true] but found [false]">
      <![CDATA[java.lang.AssertionError: Response time of GetAllProducts call more than: 500 expected [true] but found [false]
	at in.shark.online.web.test.catalogue.master.TestGetAllProductsApiTestNg.testGetAllProductstLoad(TestGetAllProductsApiTestNg.java:71)
	at org.springframework.test.context.testng.AbstractTestNGSpringContextTests.run(AbstractTestNGSpringContextTests.java:180)
	at java.util.concurrent.FutureTask.run(FutureTask.java:266)
	at java.util.concurrent.ThreadPoolExecutor.runWorker(ThreadPoolExecutor.java:1149)
	at java.util.concurrent.ThreadPoolExecutor$Worker.run(ThreadPoolExecutor.java:624)
	at java.lang.Thread.run(Thread.java:748)
... Removed 18 stack frames]]>
    </failure>
  </testcase> <!-- testGetAllProductstLoad -->
  <testcase name="testGetAllProductstLoad" time="0.669" classname="in.shark.online.web.test.catalogue.master.TestGetAllProductsApiTestNg">
    <failure type="java.lang.AssertionError" message="Response time of GetAllProducts call more than: 500 expected [true] but found [false]">
      <![CDATA[java.lang.AssertionError: Response time of GetAllProducts call more than: 500 expected [true] but found [false]
	at in.shark.online.web.test.catalogue.master.TestGetAllProductsApiTestNg.testGetAllProductstLoad(TestGetAllProductsApiTestNg.java:71)
	at org.springframework.test.context.testng.AbstractTestNGSpringContextTests.run(AbstractTestNGSpringContextTests.java:180)
	at java.util.concurrent.FutureTask.run(FutureTask.java:266)
	at java.util.concurrent.ThreadPoolExecutor.runWorker(ThreadPoolExecutor.java:1149)
	at java.util.concurrent.ThreadPoolExecutor$Worker.run(ThreadPoolExecutor.java:624)
	at java.lang.Thread.run(Thread.java:748)
... Removed 18 stack frames]]>
    </failure>
  </testcase> <!-- testGetAllProductstLoad -->
  <testcase name="testGetAllProductstLoad" time="0.788" classname="in.shark.online.web.test.catalogue.master.TestGetAllProductsApiTestNg">
    <failure type="java.lang.AssertionError" message="Response time of GetAllProducts call more than: 500 expected [true] but found [false]">
      <![CDATA[java.lang.AssertionError: Response time of GetAllProducts call more than: 500 expected [true] but found [false]
	at in.shark.online.web.test.catalogue.master.TestGetAllProductsApiTestNg.testGetAllProductstLoad(TestGetAllProductsApiTestNg.java:71)
	at org.springframework.test.context.testng.AbstractTestNGSpringContextTests.run(AbstractTestNGSpringContextTests.java:180)
	at java.util.concurrent.FutureTask.run(FutureTask.java:266)
	at java.util.concurrent.ThreadPoolExecutor.runWorker(ThreadPoolExecutor.java:1149)
	at java.util.concurrent.ThreadPoolExecutor$Worker.run(ThreadPoolExecutor.java:624)
	at java.lang.Thread.run(Thread.java:748)
... Removed 18 stack frames]]>
    </failure>
  </testcase> <!-- testGetAllProductstLoad -->
  <testcase name="testGetAllProductstLoad" time="0.679" classname="in.shark.online.web.test.catalogue.master.TestGetAllProductsApiTestNg">
    <failure type="java.lang.AssertionError" message="Response time of GetAllProducts call more than: 500 expected [true] but found [false]">
      <![CDATA[java.lang.AssertionError: Response time of GetAllProducts call more than: 500 expected [true] but found [false]
	at in.shark.online.web.test.catalogue.master.TestGetAllProductsApiTestNg.testGetAllProductstLoad(TestGetAllProductsApiTestNg.java:71)
	at org.springframework.test.context.testng.AbstractTestNGSpringContextTests.run(AbstractTestNGSpringContextTests.java:180)
	at java.util.concurrent.FutureTask.run(FutureTask.java:266)
	at java.util.concurrent.ThreadPoolExecutor.runWorker(ThreadPoolExecutor.java:1149)
	at java.util.concurrent.ThreadPoolExecutor$Worker.run(ThreadPoolExecutor.java:624)
	at java.lang.Thread.run(Thread.java:748)
... Removed 18 stack frames]]>
    </failure>
  </testcase> <!-- testGetAllProductstLoad -->
  <testcase name="testGetAllProductstLoad" time="1.244" classname="in.shark.online.web.test.catalogue.master.TestGetAllProductsApiTestNg">
    <failure type="java.lang.AssertionError" message="Response time of GetAllProducts call more than: 500 expected [true] but found [false]">
      <![CDATA[java.lang.AssertionError: Response time of GetAllProducts call more than: 500 expected [true] but found [false]
	at in.shark.online.web.test.catalogue.master.TestGetAllProductsApiTestNg.testGetAllProductstLoad(TestGetAllProductsApiTestNg.java:71)
	at org.springframework.test.context.testng.AbstractTestNGSpringContextTests.run(AbstractTestNGSpringContextTests.java:180)
	at java.util.concurrent.FutureTask.run(FutureTask.java:266)
	at java.util.concurrent.ThreadPoolExecutor.runWorker(ThreadPoolExecutor.java:1149)
	at java.util.concurrent.ThreadPoolExecutor$Worker.run(ThreadPoolExecutor.java:624)
	at java.lang.Thread.run(Thread.java:748)
... Removed 18 stack frames]]>
    </failure>
  </testcase> <!-- testGetAllProductstLoad -->
  <testcase name="testGetAllProductstLoad" time="0.531" classname="in.shark.online.web.test.catalogue.master.TestGetAllProductsApiTestNg">
    <failure type="java.lang.AssertionError" message="Response time of GetAllProducts call more than: 500 expected [true] but found [false]">
      <![CDATA[java.lang.AssertionError: Response time of GetAllProducts call more than: 500 expected [true] but found [false]
	at in.shark.online.web.test.catalogue.master.TestGetAllProductsApiTestNg.testGetAllProductstLoad(TestGetAllProductsApiTestNg.java:71)
	at org.springframework.test.context.testng.AbstractTestNGSpringContextTests.run(AbstractTestNGSpringContextTests.java:180)
	at java.util.concurrent.FutureTask.run(FutureTask.java:266)
	at java.util.concurrent.ThreadPoolExecutor.runWorker(ThreadPoolExecutor.java:1149)
	at java.util.concurrent.ThreadPoolExecutor$Worker.run(ThreadPoolExecutor.java:624)
	at java.lang.Thread.run(Thread.java:748)
... Removed 18 stack frames]]>
    </failure>
  </testcase> <!-- testGetAllProductstLoad -->
  <testcase name="testGetAllProductstLoad" time="1.349" classname="in.shark.online.web.test.catalogue.master.TestGetAllProductsApiTestNg">
    <failure type="java.lang.AssertionError" message="Response time of GetAllProducts call more than: 500 expected [true] but found [false]">
      <![CDATA[java.lang.AssertionError: Response time of GetAllProducts call more than: 500 expected [true] but found [false]
	at in.shark.online.web.test.catalogue.master.TestGetAllProductsApiTestNg.testGetAllProductstLoad(TestGetAllProductsApiTestNg.java:71)
	at org.springframework.test.context.testng.AbstractTestNGSpringContextTests.run(AbstractTestNGSpringContextTests.java:180)
	at java.util.concurrent.FutureTask.run(FutureTask.java:266)
	at java.util.concurrent.ThreadPoolExecutor.runWorker(ThreadPoolExecutor.java:1149)
	at java.util.concurrent.ThreadPoolExecutor$Worker.run(ThreadPoolExecutor.java:624)
	at java.lang.Thread.run(Thread.java:748)
... Removed 18 stack frames]]>
    </failure>
  </testcase> <!-- testGetAllProductstLoad -->
  <testcase name="testGetAllProductstLoad" time="0.719" classname="in.shark.online.web.test.catalogue.master.TestGetAllProductsApiTestNg">
    <failure type="java.lang.AssertionError" message="Response time of GetAllProducts call more than: 500 expected [true] but found [false]">
      <![CDATA[java.lang.AssertionError: Response time of GetAllProducts call more than: 500 expected [true] but found [false]
	at in.shark.online.web.test.catalogue.master.TestGetAllProductsApiTestNg.testGetAllProductstLoad(TestGetAllProductsApiTestNg.java:71)
	at org.springframework.test.context.testng.AbstractTestNGSpringContextTests.run(AbstractTestNGSpringContextTests.java:180)
	at java.util.concurrent.FutureTask.run(FutureTask.java:266)
	at java.util.concurrent.ThreadPoolExecutor.runWorker(ThreadPoolExecutor.java:1149)
	at java.util.concurrent.ThreadPoolExecutor$Worker.run(ThreadPoolExecutor.java:624)
	at java.lang.Thread.run(Thread.java:748)
... Removed 18 stack frames]]>
    </failure>
  </testcase> <!-- testGetAllProductstLoad -->
  <testcase name="testGetAllProductstLoad" time="0.943" classname="in.shark.online.web.test.catalogue.master.TestGetAllProductsApiTestNg">
    <failure type="java.lang.AssertionError" message="Response time of GetAllProducts call more than: 500 expected [true] but found [false]">
      <![CDATA[java.lang.AssertionError: Response time of GetAllProducts call more than: 500 expected [true] but found [false]
	at in.shark.online.web.test.catalogue.master.TestGetAllProductsApiTestNg.testGetAllProductstLoad(TestGetAllProductsApiTestNg.java:71)
	at org.springframework.test.context.testng.AbstractTestNGSpringContextTests.run(AbstractTestNGSpringContextTests.java:180)
	at java.util.concurrent.FutureTask.run(FutureTask.java:266)
	at java.util.concurrent.ThreadPoolExecutor.runWorker(ThreadPoolExecutor.java:1149)
	at java.util.concurrent.ThreadPoolExecutor$Worker.run(ThreadPoolExecutor.java:624)
	at java.lang.Thread.run(Thread.java:748)
... Removed 18 stack frames]]>
    </failure>
  </testcase> <!-- testGetAllProductstLoad -->
  <testcase name="testGetAllProductstLoad" time="0.653" classname="in.shark.online.web.test.catalogue.master.TestGetAllProductsApiTestNg">
    <failure type="java.lang.AssertionError" message="Response time of GetAllProducts call more than: 500 expected [true] but found [false]">
      <![CDATA[java.lang.AssertionError: Response time of GetAllProducts call more than: 500 expected [true] but found [false]
	at in.shark.online.web.test.catalogue.master.TestGetAllProductsApiTestNg.testGetAllProductstLoad(TestGetAllProductsApiTestNg.java:71)
	at org.springframework.test.context.testng.AbstractTestNGSpringContextTests.run(AbstractTestNGSpringContextTests.java:180)
	at java.util.concurrent.FutureTask.run(FutureTask.java:266)
	at java.util.concurrent.ThreadPoolExecutor.runWorker(ThreadPoolExecutor.java:1149)
	at java.util.concurrent.ThreadPoolExecutor$Worker.run(ThreadPoolExecutor.java:624)
	at java.lang.Thread.run(Thread.java:748)
... Removed 18 stack frames]]>
    </failure>
  </testcase> <!-- testGetAllProductstLoad -->
  <testcase name="testGetAllProductstLoad" time="0.452" classname="in.shark.online.web.test.catalogue.master.TestGetAllProductsApiTestNg"/>
  <testcase name="testGetAllProductstLoad" time="0.351" classname="in.shark.online.web.test.catalogue.master.TestGetAllProductsApiTestNg"/>
  <testcase name="testGetAllProductstLoad" time="0.584" classname="in.shark.online.web.test.catalogue.master.TestGetAllProductsApiTestNg">
    <failure type="java.lang.AssertionError" message="Response time of GetAllProducts call more than: 500 expected [true] but found [false]">
      <![CDATA[java.lang.AssertionError: Response time of GetAllProducts call more than: 500 expected [true] but found [false]
	at in.shark.online.web.test.catalogue.master.TestGetAllProductsApiTestNg.testGetAllProductstLoad(TestGetAllProductsApiTestNg.java:71)
	at org.springframework.test.context.testng.AbstractTestNGSpringContextTests.run(AbstractTestNGSpringContextTests.java:180)
	at java.util.concurrent.FutureTask.run(FutureTask.java:266)
	at java.util.concurrent.ThreadPoolExecutor.runWorker(ThreadPoolExecutor.java:1149)
	at java.util.concurrent.ThreadPoolExecutor$Worker.run(ThreadPoolExecutor.java:624)
	at java.lang.Thread.run(Thread.java:748)
... Removed 18 stack frames]]>
    </failure>
  </testcase> <!-- testGetAllProductstLoad -->
  <testcase name="testGetAllProductstLoad" time="0.684" classname="in.shark.online.web.test.catalogue.master.TestGetAllProductsApiTestNg">
    <failure type="java.lang.AssertionError" message="Response time of GetAllProducts call more than: 500 expected [true] but found [false]">
      <![CDATA[java.lang.AssertionError: Response time of GetAllProducts call more than: 500 expected [true] but found [false]
	at in.shark.online.web.test.catalogue.master.TestGetAllProductsApiTestNg.testGetAllProductstLoad(TestGetAllProductsApiTestNg.java:71)
	at org.springframework.test.context.testng.AbstractTestNGSpringContextTests.run(AbstractTestNGSpringContextTests.java:180)
	at java.util.concurrent.FutureTask.run(FutureTask.java:266)
	at java.util.concurrent.ThreadPoolExecutor.runWorker(ThreadPoolExecutor.java:1149)
	at java.util.concurrent.ThreadPoolExecutor$Worker.run(ThreadPoolExecutor.java:624)
	at java.lang.Thread.run(Thread.java:748)
... Removed 18 stack frames]]>
    </failure>
  </testcase> <!-- testGetAllProductstLoad -->
  <testcase name="testGetAllProductstLoad" time="0.51" classname="in.shark.online.web.test.catalogue.master.TestGetAllProductsApiTestNg">
    <failure type="java.lang.AssertionError" message="Response time of GetAllProducts call more than: 500 expected [true] but found [false]">
      <![CDATA[java.lang.AssertionError: Response time of GetAllProducts call more than: 500 expected [true] but found [false]
	at in.shark.online.web.test.catalogue.master.TestGetAllProductsApiTestNg.testGetAllProductstLoad(TestGetAllProductsApiTestNg.java:71)
	at org.springframework.test.context.testng.AbstractTestNGSpringContextTests.run(AbstractTestNGSpringContextTests.java:180)
	at java.util.concurrent.FutureTask.run(FutureTask.java:266)
	at java.util.concurrent.ThreadPoolExecutor.runWorker(ThreadPoolExecutor.java:1149)
	at java.util.concurrent.ThreadPoolExecutor$Worker.run(ThreadPoolExecutor.java:624)
	at java.lang.Thread.run(Thread.java:748)
... Removed 18 stack frames]]>
    </failure>
  </testcase> <!-- testGetAllProductstLoad -->
  <testcase name="testGetAllProductstLoad" time="0.394" classname="in.shark.online.web.test.catalogue.master.TestGetAllProductsApiTestNg"/>
  <testcase name="testGetAllProductstLoad" time="0.575" classname="in.shark.online.web.test.catalogue.master.TestGetAllProductsApiTestNg">
    <failure type="java.lang.AssertionError" message="Response time of GetAllProducts call more than: 500 expected [true] but found [false]">
      <![CDATA[java.lang.AssertionError: Response time of GetAllProducts call more than: 500 expected [true] but found [false]
	at in.shark.online.web.test.catalogue.master.TestGetAllProductsApiTestNg.testGetAllProductstLoad(TestGetAllProductsApiTestNg.java:71)
	at org.springframework.test.context.testng.AbstractTestNGSpringContextTests.run(AbstractTestNGSpringContextTests.java:180)
	at java.util.concurrent.FutureTask.run(FutureTask.java:266)
	at java.util.concurrent.ThreadPoolExecutor.runWorker(ThreadPoolExecutor.java:1149)
	at java.util.concurrent.ThreadPoolExecutor$Worker.run(ThreadPoolExecutor.java:624)
	at java.lang.Thread.run(Thread.java:748)
... Removed 18 stack frames]]>
    </failure>
  </testcase> <!-- testGetAllProductstLoad -->
  <testcase name="testGetAllProductstLoad" time="0.708" classname="in.shark.online.web.test.catalogue.master.TestGetAllProductsApiTestNg">
    <failure type="java.lang.AssertionError" message="Response time of GetAllProducts call more than: 500 expected [true] but found [false]">
      <![CDATA[java.lang.AssertionError: Response time of GetAllProducts call more than: 500 expected [true] but found [false]
	at in.shark.online.web.test.catalogue.master.TestGetAllProductsApiTestNg.testGetAllProductstLoad(TestGetAllProductsApiTestNg.java:71)
	at org.springframework.test.context.testng.AbstractTestNGSpringContextTests.run(AbstractTestNGSpringContextTests.java:180)
	at java.util.concurrent.FutureTask.run(FutureTask.java:266)
	at java.util.concurrent.ThreadPoolExecutor.runWorker(ThreadPoolExecutor.java:1149)
	at java.util.concurrent.ThreadPoolExecutor$Worker.run(ThreadPoolExecutor.java:624)
	at java.lang.Thread.run(Thread.java:748)
... Removed 18 stack frames]]>
    </failure>
  </testcase> <!-- testGetAllProductstLoad -->
  <testcase name="testGetAllProductstLoad" time="0.407" classname="in.shark.online.web.test.catalogue.master.TestGetAllProductsApiTestNg"/>
  <testcase name="testGetAllProductstLoad" time="0.566" classname="in.shark.online.web.test.catalogue.master.TestGetAllProductsApiTestNg">
    <failure type="java.lang.AssertionError" message="Response time of GetAllProducts call more than: 500 expected [true] but found [false]">
      <![CDATA[java.lang.AssertionError: Response time of GetAllProducts call more than: 500 expected [true] but found [false]
	at in.shark.online.web.test.catalogue.master.TestGetAllProductsApiTestNg.testGetAllProductstLoad(TestGetAllProductsApiTestNg.java:71)
	at org.springframework.test.context.testng.AbstractTestNGSpringContextTests.run(AbstractTestNGSpringContextTests.java:180)
	at java.util.concurrent.FutureTask.run(FutureTask.java:266)
	at java.util.concurrent.ThreadPoolExecutor.runWorker(ThreadPoolExecutor.java:1149)
	at java.util.concurrent.ThreadPoolExecutor$Worker.run(ThreadPoolExecutor.java:624)
	at java.lang.Thread.run(Thread.java:748)
... Removed 18 stack frames]]>
    </failure>
  </testcase> <!-- testGetAllProductstLoad -->
  <testcase name="testGetAllProductstLoad" time="0.481" classname="in.shark.online.web.test.catalogue.master.TestGetAllProductsApiTestNg"/>
  <testcase name="testGetAllProductstLoad" time="0.556" classname="in.shark.online.web.test.catalogue.master.TestGetAllProductsApiTestNg">
    <failure type="java.lang.AssertionError" message="Response time of GetAllProducts call more than: 500 expected [true] but found [false]">
      <![CDATA[java.lang.AssertionError: Response time of GetAllProducts call more than: 500 expected [true] but found [false]
	at in.shark.online.web.test.catalogue.master.TestGetAllProductsApiTestNg.testGetAllProductstLoad(TestGetAllProductsApiTestNg.java:71)
	at org.springframework.test.context.testng.AbstractTestNGSpringContextTests.run(AbstractTestNGSpringContextTests.java:180)
	at java.util.concurrent.FutureTask.run(FutureTask.java:266)
	at java.util.concurrent.ThreadPoolExecutor.runWorker(ThreadPoolExecutor.java:1149)
	at java.util.concurrent.ThreadPoolExecutor$Worker.run(ThreadPoolExecutor.java:624)
	at java.lang.Thread.run(Thread.java:748)
... Removed 18 stack frames]]>
    </failure>
  </testcase> <!-- testGetAllProductstLoad -->
  <testcase name="testGetAllProductstLoad" time="0.335" classname="in.shark.online.web.test.catalogue.master.TestGetAllProductsApiTestNg"/>
  <testcase name="testGetAllProductstLoad" time="0.579" classname="in.shark.online.web.test.catalogue.master.TestGetAllProductsApiTestNg">
    <failure type="java.lang.AssertionError" message="Response time of GetAllProducts call more than: 500 expected [true] but found [false]">
      <![CDATA[java.lang.AssertionError: Response time of GetAllProducts call more than: 500 expected [true] but found [false]
	at in.shark.online.web.test.catalogue.master.TestGetAllProductsApiTestNg.testGetAllProductstLoad(TestGetAllProductsApiTestNg.java:71)
	at org.springframework.test.context.testng.AbstractTestNGSpringContextTests.run(AbstractTestNGSpringContextTests.java:180)
	at java.util.concurrent.FutureTask.run(FutureTask.java:266)
	at java.util.concurrent.ThreadPoolExecutor.runWorker(ThreadPoolExecutor.java:1149)
	at java.util.concurrent.ThreadPoolExecutor$Worker.run(ThreadPoolExecutor.java:624)
	at java.lang.Thread.run(Thread.java:748)
... Removed 18 stack frames]]>
    </failure>
  </testcase> <!-- testGetAllProductstLoad -->
  <testcase name="testGetAllProductstLoad" time="0.51" classname="in.shark.online.web.test.catalogue.master.TestGetAllProductsApiTestNg">
    <failure type="java.lang.AssertionError" message="Response time of GetAllProducts call more than: 500 expected [true] but found [false]">
      <![CDATA[java.lang.AssertionError: Response time of GetAllProducts call more than: 500 expected [true] but found [false]
	at in.shark.online.web.test.catalogue.master.TestGetAllProductsApiTestNg.testGetAllProductstLoad(TestGetAllProductsApiTestNg.java:71)
	at org.springframework.test.context.testng.AbstractTestNGSpringContextTests.run(AbstractTestNGSpringContextTests.java:180)
	at java.util.concurrent.FutureTask.run(FutureTask.java:266)
	at java.util.concurrent.ThreadPoolExecutor.runWorker(ThreadPoolExecutor.java:1149)
	at java.util.concurrent.ThreadPoolExecutor$Worker.run(ThreadPoolExecutor.java:624)
	at java.lang.Thread.run(Thread.java:748)
... Removed 18 stack frames]]>
    </failure>
  </testcase> <!-- testGetAllProductstLoad -->
  <testcase name="testGetAllProductstLoad" time="0.602" classname="in.shark.online.web.test.catalogue.master.TestGetAllProductsApiTestNg">
    <failure type="java.lang.AssertionError" message="Response time of GetAllProducts call more than: 500 expected [true] but found [false]">
      <![CDATA[java.lang.AssertionError: Response time of GetAllProducts call more than: 500 expected [true] but found [false]
	at in.shark.online.web.test.catalogue.master.TestGetAllProductsApiTestNg.testGetAllProductstLoad(TestGetAllProductsApiTestNg.java:71)
	at org.springframework.test.context.testng.AbstractTestNGSpringContextTests.run(AbstractTestNGSpringContextTests.java:180)
	at java.util.concurrent.FutureTask.run(FutureTask.java:266)
	at java.util.concurrent.ThreadPoolExecutor.runWorker(ThreadPoolExecutor.java:1149)
	at java.util.concurrent.ThreadPoolExecutor$Worker.run(ThreadPoolExecutor.java:624)
	at java.lang.Thread.run(Thread.java:748)
... Removed 18 stack frames]]>
    </failure>
  </testcase> <!-- testGetAllProductstLoad -->
  <testcase name="testGetAllProductstLoad" time="0.833" classname="in.shark.online.web.test.catalogue.master.TestGetAllProductsApiTestNg">
    <failure type="java.lang.AssertionError" message="Response time of GetAllProducts call more than: 500 expected [true] but found [false]">
      <![CDATA[java.lang.AssertionError: Response time of GetAllProducts call more than: 500 expected [true] but found [false]
	at in.shark.online.web.test.catalogue.master.TestGetAllProductsApiTestNg.testGetAllProductstLoad(TestGetAllProductsApiTestNg.java:71)
	at org.springframework.test.context.testng.AbstractTestNGSpringContextTests.run(AbstractTestNGSpringContextTests.java:180)
	at java.util.concurrent.FutureTask.run(FutureTask.java:266)
	at java.util.concurrent.ThreadPoolExecutor.runWorker(ThreadPoolExecutor.java:1149)
	at java.util.concurrent.ThreadPoolExecutor$Worker.run(ThreadPoolExecutor.java:624)
	at java.lang.Thread.run(Thread.java:748)
... Removed 18 stack frames]]>
    </failure>
  </testcase> <!-- testGetAllProductstLoad -->
  <testcase name="testGetAllProductstLoad" time="0.469" classname="in.shark.online.web.test.catalogue.master.TestGetAllProductsApiTestNg"/>
  <testcase name="testGetAllProductstLoad" time="0.315" classname="in.shark.online.web.test.catalogue.master.TestGetAllProductsApiTestNg"/>
  <testcase name="testGetAllProductstLoad" time="0.585" classname="in.shark.online.web.test.catalogue.master.TestGetAllProductsApiTestNg">
    <failure type="java.lang.AssertionError" message="Response time of GetAllProducts call more than: 500 expected [true] but found [false]">
      <![CDATA[java.lang.AssertionError: Response time of GetAllProducts call more than: 500 expected [true] but found [false]
	at in.shark.online.web.test.catalogue.master.TestGetAllProductsApiTestNg.testGetAllProductstLoad(TestGetAllProductsApiTestNg.java:71)
	at org.springframework.test.context.testng.AbstractTestNGSpringContextTests.run(AbstractTestNGSpringContextTests.java:180)
	at java.util.concurrent.FutureTask.run(FutureTask.java:266)
	at java.util.concurrent.ThreadPoolExecutor.runWorker(ThreadPoolExecutor.java:1149)
	at java.util.concurrent.ThreadPoolExecutor$Worker.run(ThreadPoolExecutor.java:624)
	at java.lang.Thread.run(Thread.java:748)
... Removed 18 stack frames]]>
    </failure>
  </testcase> <!-- testGetAllProductstLoad -->
  <testcase name="testGetAllProductstLoad" time="0.49" classname="in.shark.online.web.test.catalogue.master.TestGetAllProductsApiTestNg"/>
  <testcase name="testGetAllProductstLoad" time="0.581" classname="in.shark.online.web.test.catalogue.master.TestGetAllProductsApiTestNg">
    <failure type="java.lang.AssertionError" message="Response time of GetAllProducts call more than: 500 expected [true] but found [false]">
      <![CDATA[java.lang.AssertionError: Response time of GetAllProducts call more than: 500 expected [true] but found [false]
	at in.shark.online.web.test.catalogue.master.TestGetAllProductsApiTestNg.testGetAllProductstLoad(TestGetAllProductsApiTestNg.java:71)
	at org.springframework.test.context.testng.AbstractTestNGSpringContextTests.run(AbstractTestNGSpringContextTests.java:180)
	at java.util.concurrent.FutureTask.run(FutureTask.java:266)
	at java.util.concurrent.ThreadPoolExecutor.runWorker(ThreadPoolExecutor.java:1149)
	at java.util.concurrent.ThreadPoolExecutor$Worker.run(ThreadPoolExecutor.java:624)
	at java.lang.Thread.run(Thread.java:748)
... Removed 18 stack frames]]>
    </failure>
  </testcase> <!-- testGetAllProductstLoad -->
  <testcase name="testGetAllProductstLoad" time="0.546" classname="in.shark.online.web.test.catalogue.master.TestGetAllProductsApiTestNg">
    <failure type="java.lang.AssertionError" message="Response time of GetAllProducts call more than: 500 expected [true] but found [false]">
      <![CDATA[java.lang.AssertionError: Response time of GetAllProducts call more than: 500 expected [true] but found [false]
	at in.shark.online.web.test.catalogue.master.TestGetAllProductsApiTestNg.testGetAllProductstLoad(TestGetAllProductsApiTestNg.java:71)
	at org.springframework.test.context.testng.AbstractTestNGSpringContextTests.run(AbstractTestNGSpringContextTests.java:180)
	at java.util.concurrent.FutureTask.run(FutureTask.java:266)
	at java.util.concurrent.ThreadPoolExecutor.runWorker(ThreadPoolExecutor.java:1149)
	at java.util.concurrent.ThreadPoolExecutor$Worker.run(ThreadPoolExecutor.java:624)
	at java.lang.Thread.run(Thread.java:748)
... Removed 18 stack frames]]>
    </failure>
  </testcase> <!-- testGetAllProductstLoad -->
  <testcase name="testGetAllProductstLoad" time="0.72" classname="in.shark.online.web.test.catalogue.master.TestGetAllProductsApiTestNg">
    <failure type="java.lang.AssertionError" message="Response time of GetAllProducts call more than: 500 expected [true] but found [false]">
      <![CDATA[java.lang.AssertionError: Response time of GetAllProducts call more than: 500 expected [true] but found [false]
	at in.shark.online.web.test.catalogue.master.TestGetAllProductsApiTestNg.testGetAllProductstLoad(TestGetAllProductsApiTestNg.java:71)
	at org.springframework.test.context.testng.AbstractTestNGSpringContextTests.run(AbstractTestNGSpringContextTests.java:180)
	at java.util.concurrent.FutureTask.run(FutureTask.java:266)
	at java.util.concurrent.ThreadPoolExecutor.runWorker(ThreadPoolExecutor.java:1149)
	at java.util.concurrent.ThreadPoolExecutor$Worker.run(ThreadPoolExecutor.java:624)
	at java.lang.Thread.run(Thread.java:748)
... Removed 18 stack frames]]>
    </failure>
  </testcase> <!-- testGetAllProductstLoad -->
  <testcase name="testGetAllProductstLoad" time="0.271" classname="in.shark.online.web.test.catalogue.master.TestGetAllProductsApiTestNg"/>
  <testcase name="testGetAllProductstLoad" time="0.554" classname="in.shark.online.web.test.catalogue.master.TestGetAllProductsApiTestNg">
    <failure type="java.lang.AssertionError" message="Response time of GetAllProducts call more than: 500 expected [true] but found [false]">
      <![CDATA[java.lang.AssertionError: Response time of GetAllProducts call more than: 500 expected [true] but found [false]
	at in.shark.online.web.test.catalogue.master.TestGetAllProductsApiTestNg.testGetAllProductstLoad(TestGetAllProductsApiTestNg.java:71)
	at org.springframework.test.context.testng.AbstractTestNGSpringContextTests.run(AbstractTestNGSpringContextTests.java:180)
	at java.util.concurrent.FutureTask.run(FutureTask.java:266)
	at java.util.concurrent.ThreadPoolExecutor.runWorker(ThreadPoolExecutor.java:1149)
	at java.util.concurrent.ThreadPoolExecutor$Worker.run(ThreadPoolExecutor.java:624)
	at java.lang.Thread.run(Thread.java:748)
... Removed 18 stack frames]]>
    </failure>
  </testcase> <!-- testGetAllProductstLoad -->
  <testcase name="testGetAllProductstLoad" time="0.61" classname="in.shark.online.web.test.catalogue.master.TestGetAllProductsApiTestNg">
    <failure type="java.lang.AssertionError" message="Response time of GetAllProducts call more than: 500 expected [true] but found [false]">
      <![CDATA[java.lang.AssertionError: Response time of GetAllProducts call more than: 500 expected [true] but found [false]
	at in.shark.online.web.test.catalogue.master.TestGetAllProductsApiTestNg.testGetAllProductstLoad(TestGetAllProductsApiTestNg.java:71)
	at org.springframework.test.context.testng.AbstractTestNGSpringContextTests.run(AbstractTestNGSpringContextTests.java:180)
	at java.util.concurrent.FutureTask.run(FutureTask.java:266)
	at java.util.concurrent.ThreadPoolExecutor.runWorker(ThreadPoolExecutor.java:1149)
	at java.util.concurrent.ThreadPoolExecutor$Worker.run(ThreadPoolExecutor.java:624)
	at java.lang.Thread.run(Thread.java:748)
... Removed 18 stack frames]]>
    </failure>
  </testcase> <!-- testGetAllProductstLoad -->
  <testcase name="testGetAllProductstLoad" time="0.397" classname="in.shark.online.web.test.catalogue.master.TestGetAllProductsApiTestNg"/>
  <testcase name="testGetAllProductstLoad" time="0.587" classname="in.shark.online.web.test.catalogue.master.TestGetAllProductsApiTestNg">
    <failure type="java.lang.AssertionError" message="Response time of GetAllProducts call more than: 500 expected [true] but found [false]">
      <![CDATA[java.lang.AssertionError: Response time of GetAllProducts call more than: 500 expected [true] but found [false]
	at in.shark.online.web.test.catalogue.master.TestGetAllProductsApiTestNg.testGetAllProductstLoad(TestGetAllProductsApiTestNg.java:71)
	at org.springframework.test.context.testng.AbstractTestNGSpringContextTests.run(AbstractTestNGSpringContextTests.java:180)
	at java.util.concurrent.FutureTask.run(FutureTask.java:266)
	at java.util.concurrent.ThreadPoolExecutor.runWorker(ThreadPoolExecutor.java:1149)
	at java.util.concurrent.ThreadPoolExecutor$Worker.run(ThreadPoolExecutor.java:624)
	at java.lang.Thread.run(Thread.java:748)
... Removed 18 stack frames]]>
    </failure>
  </testcase> <!-- testGetAllProductstLoad -->
  <testcase name="testGetAllProductstLoad" time="0.38" classname="in.shark.online.web.test.catalogue.master.TestGetAllProductsApiTestNg"/>
  <testcase name="testGetAllProductstLoad" time="0.575" classname="in.shark.online.web.test.catalogue.master.TestGetAllProductsApiTestNg">
    <failure type="java.lang.AssertionError" message="Response time of GetAllProducts call more than: 500 expected [true] but found [false]">
      <![CDATA[java.lang.AssertionError: Response time of GetAllProducts call more than: 500 expected [true] but found [false]
	at in.shark.online.web.test.catalogue.master.TestGetAllProductsApiTestNg.testGetAllProductstLoad(TestGetAllProductsApiTestNg.java:71)
	at org.springframework.test.context.testng.AbstractTestNGSpringContextTests.run(AbstractTestNGSpringContextTests.java:180)
	at java.util.concurrent.FutureTask.run(FutureTask.java:266)
	at java.util.concurrent.ThreadPoolExecutor.runWorker(ThreadPoolExecutor.java:1149)
	at java.util.concurrent.ThreadPoolExecutor$Worker.run(ThreadPoolExecutor.java:624)
	at java.lang.Thread.run(Thread.java:748)
... Removed 18 stack frames]]>
    </failure>
  </testcase> <!-- testGetAllProductstLoad -->
  <testcase name="testGetAllProductstLoad" time="0.494" classname="in.shark.online.web.test.catalogue.master.TestGetAllProductsApiTestNg"/>
  <testcase name="testGetAllProductstLoad" time="0.431" classname="in.shark.online.web.test.catalogue.master.TestGetAllProductsApiTestNg"/>
</testsuite> <!-- getAllProductsLoadTest -->
