<?xml version="1.0" encoding="UTF-8"?>
<!-- Generated by org.testng.reporters.JUnitXMLReporter -->
<testsuite hostname="Chaipoints-MacBook-Air.local" name="getProductCatalogueLoadTest" tests="100" failures="12" timestamp="25 Nov 2019 12:37:32 GMT" time="4.214" errors="0">
  <testcase name="testGetProductCatalogueLoad" time="0.35" classname="in.shark.online.web.test.catalogue.master.TestGetProductCatalogueApiTestNg"/>
  <testcase name="testGetProductCatalogueLoad" time="0.357" classname="in.shark.online.web.test.catalogue.master.TestGetProductCatalogueApiTestNg"/>
  <testcase name="testGetProductCatalogueLoad" time="0.408" classname="in.shark.online.web.test.catalogue.master.TestGetProductCatalogueApiTestNg"/>
  <testcase name="testGetProductCatalogueLoad" time="0.414" classname="in.shark.online.web.test.catalogue.master.TestGetProductCatalogueApiTestNg"/>
  <testcase name="testGetProductCatalogueLoad" time="0.457" classname="in.shark.online.web.test.catalogue.master.TestGetProductCatalogueApiTestNg"/>
  <testcase name="testGetProductCatalogueLoad" time="0.465" classname="in.shark.online.web.test.catalogue.master.TestGetProductCatalogueApiTestNg"/>
  <testcase name="testGetProductCatalogueLoad" time="0.472" classname="in.shark.online.web.test.catalogue.master.TestGetProductCatalogueApiTestNg"/>
  <testcase name="testGetProductCatalogueLoad" time="0.503" classname="in.shark.online.web.test.catalogue.master.TestGetProductCatalogueApiTestNg">
    <failure type="java.lang.AssertionError" message="Response time of GetProductCatalogue call more than: 500 expected [true] but found [false]">
      <![CDATA[java.lang.AssertionError: Response time of GetProductCatalogue call more than: 500 expected [true] but found [false]
	at in.shark.online.web.test.catalogue.master.TestGetProductCatalogueApiTestNg.testGetProductCatalogueLoad(TestGetProductCatalogueApiTestNg.java:74)
	at org.springframework.test.context.testng.AbstractTestNGSpringContextTests.run(AbstractTestNGSpringContextTests.java:180)
	at java.util.concurrent.FutureTask.run(FutureTask.java:266)
	at java.util.concurrent.ThreadPoolExecutor.runWorker(ThreadPoolExecutor.java:1149)
	at java.util.concurrent.ThreadPoolExecutor$Worker.run(ThreadPoolExecutor.java:624)
	at java.lang.Thread.run(Thread.java:748)
... Removed 19 stack frames]]>
    </failure>
  </testcase> <!-- testGetProductCatalogueLoad -->
  <testcase name="testGetProductCatalogueLoad" time="0.285" classname="in.shark.online.web.test.catalogue.master.TestGetProductCatalogueApiTestNg"/>
  <testcase name="testGetProductCatalogueLoad" time="0.631" classname="in.shark.online.web.test.catalogue.master.TestGetProductCatalogueApiTestNg">
    <failure type="java.lang.AssertionError" message="Response time of GetProductCatalogue call more than: 500 expected [true] but found [false]">
      <![CDATA[java.lang.AssertionError: Response time of GetProductCatalogue call more than: 500 expected [true] but found [false]
	at in.shark.online.web.test.catalogue.master.TestGetProductCatalogueApiTestNg.testGetProductCatalogueLoad(TestGetProductCatalogueApiTestNg.java:74)
	at org.springframework.test.context.testng.AbstractTestNGSpringContextTests.run(AbstractTestNGSpringContextTests.java:180)
	at java.util.concurrent.FutureTask.run(FutureTask.java:266)
	at java.util.concurrent.ThreadPoolExecutor.runWorker(ThreadPoolExecutor.java:1149)
	at java.util.concurrent.ThreadPoolExecutor$Worker.run(ThreadPoolExecutor.java:624)
	at java.lang.Thread.run(Thread.java:748)
... Removed 19 stack frames]]>
    </failure>
  </testcase> <!-- testGetProductCatalogueLoad -->
  <testcase name="testGetProductCatalogueLoad" time="0.256" classname="in.shark.online.web.test.catalogue.master.TestGetProductCatalogueApiTestNg"/>
  <testcase name="testGetProductCatalogueLoad" time="0.402" classname="in.shark.online.web.test.catalogue.master.TestGetProductCatalogueApiTestNg"/>
  <testcase name="testGetProductCatalogueLoad" time="0.773" classname="in.shark.online.web.test.catalogue.master.TestGetProductCatalogueApiTestNg">
    <failure type="java.lang.AssertionError" message="Response time of GetProductCatalogue call more than: 500 expected [true] but found [false]">
      <![CDATA[java.lang.AssertionError: Response time of GetProductCatalogue call more than: 500 expected [true] but found [false]
	at in.shark.online.web.test.catalogue.master.TestGetProductCatalogueApiTestNg.testGetProductCatalogueLoad(TestGetProductCatalogueApiTestNg.java:74)
	at org.springframework.test.context.testng.AbstractTestNGSpringContextTests.run(AbstractTestNGSpringContextTests.java:180)
	at java.util.concurrent.FutureTask.run(FutureTask.java:266)
	at java.util.concurrent.ThreadPoolExecutor.runWorker(ThreadPoolExecutor.java:1149)
	at java.util.concurrent.ThreadPoolExecutor$Worker.run(ThreadPoolExecutor.java:624)
	at java.lang.Thread.run(Thread.java:748)
... Removed 19 stack frames]]>
    </failure>
  </testcase> <!-- testGetProductCatalogueLoad -->
  <testcase name="testGetProductCatalogueLoad" time="0.396" classname="in.shark.online.web.test.catalogue.master.TestGetProductCatalogueApiTestNg"/>
  <testcase name="testGetProductCatalogueLoad" time="0.388" classname="in.shark.online.web.test.catalogue.master.TestGetProductCatalogueApiTestNg"/>
  <testcase name="testGetProductCatalogueLoad" time="0.372" classname="in.shark.online.web.test.catalogue.master.TestGetProductCatalogueApiTestNg"/>
  <testcase name="testGetProductCatalogueLoad" time="0.415" classname="in.shark.online.web.test.catalogue.master.TestGetProductCatalogueApiTestNg"/>
  <testcase name="testGetProductCatalogueLoad" time="0.414" classname="in.shark.online.web.test.catalogue.master.TestGetProductCatalogueApiTestNg"/>
  <testcase name="testGetProductCatalogueLoad" time="0.292" classname="in.shark.online.web.test.catalogue.master.TestGetProductCatalogueApiTestNg"/>
  <testcase name="testGetProductCatalogueLoad" time="0.295" classname="in.shark.online.web.test.catalogue.master.TestGetProductCatalogueApiTestNg"/>
  <testcase name="testGetProductCatalogueLoad" time="0.26" classname="in.shark.online.web.test.catalogue.master.TestGetProductCatalogueApiTestNg"/>
  <testcase name="testGetProductCatalogueLoad" time="0.447" classname="in.shark.online.web.test.catalogue.master.TestGetProductCatalogueApiTestNg"/>
  <testcase name="testGetProductCatalogueLoad" time="0.537" classname="in.shark.online.web.test.catalogue.master.TestGetProductCatalogueApiTestNg">
    <failure type="java.lang.AssertionError" message="Response time of GetProductCatalogue call more than: 500 expected [true] but found [false]">
      <![CDATA[java.lang.AssertionError: Response time of GetProductCatalogue call more than: 500 expected [true] but found [false]
	at in.shark.online.web.test.catalogue.master.TestGetProductCatalogueApiTestNg.testGetProductCatalogueLoad(TestGetProductCatalogueApiTestNg.java:74)
	at org.springframework.test.context.testng.AbstractTestNGSpringContextTests.run(AbstractTestNGSpringContextTests.java:180)
	at java.util.concurrent.FutureTask.run(FutureTask.java:266)
	at java.util.concurrent.ThreadPoolExecutor.runWorker(ThreadPoolExecutor.java:1149)
	at java.util.concurrent.ThreadPoolExecutor$Worker.run(ThreadPoolExecutor.java:624)
	at java.lang.Thread.run(Thread.java:748)
... Removed 18 stack frames]]>
    </failure>
  </testcase> <!-- testGetProductCatalogueLoad -->
  <testcase name="testGetProductCatalogueLoad" time="0.4" classname="in.shark.online.web.test.catalogue.master.TestGetProductCatalogueApiTestNg"/>
  <testcase name="testGetProductCatalogueLoad" time="0.396" classname="in.shark.online.web.test.catalogue.master.TestGetProductCatalogueApiTestNg"/>
  <testcase name="testGetProductCatalogueLoad" time="0.472" classname="in.shark.online.web.test.catalogue.master.TestGetProductCatalogueApiTestNg"/>
  <testcase name="testGetProductCatalogueLoad" time="0.635" classname="in.shark.online.web.test.catalogue.master.TestGetProductCatalogueApiTestNg">
    <failure type="java.lang.AssertionError" message="Response time of GetProductCatalogue call more than: 500 expected [true] but found [false]">
      <![CDATA[java.lang.AssertionError: Response time of GetProductCatalogue call more than: 500 expected [true] but found [false]
	at in.shark.online.web.test.catalogue.master.TestGetProductCatalogueApiTestNg.testGetProductCatalogueLoad(TestGetProductCatalogueApiTestNg.java:74)
	at org.springframework.test.context.testng.AbstractTestNGSpringContextTests.run(AbstractTestNGSpringContextTests.java:180)
	at java.util.concurrent.FutureTask.run(FutureTask.java:266)
	at java.util.concurrent.ThreadPoolExecutor.runWorker(ThreadPoolExecutor.java:1149)
	at java.util.concurrent.ThreadPoolExecutor$Worker.run(ThreadPoolExecutor.java:624)
	at java.lang.Thread.run(Thread.java:748)
... Removed 18 stack frames]]>
    </failure>
  </testcase> <!-- testGetProductCatalogueLoad -->
  <testcase name="testGetProductCatalogueLoad" time="0.319" classname="in.shark.online.web.test.catalogue.master.TestGetProductCatalogueApiTestNg"/>
  <testcase name="testGetProductCatalogueLoad" time="0.388" classname="in.shark.online.web.test.catalogue.master.TestGetProductCatalogueApiTestNg"/>
  <testcase name="testGetProductCatalogueLoad" time="0.414" classname="in.shark.online.web.test.catalogue.master.TestGetProductCatalogueApiTestNg"/>
  <testcase name="testGetProductCatalogueLoad" time="0.69" classname="in.shark.online.web.test.catalogue.master.TestGetProductCatalogueApiTestNg">
    <failure type="java.lang.AssertionError" message="Response time of GetProductCatalogue call more than: 500 expected [true] but found [false]">
      <![CDATA[java.lang.AssertionError: Response time of GetProductCatalogue call more than: 500 expected [true] but found [false]
	at in.shark.online.web.test.catalogue.master.TestGetProductCatalogueApiTestNg.testGetProductCatalogueLoad(TestGetProductCatalogueApiTestNg.java:74)
	at org.springframework.test.context.testng.AbstractTestNGSpringContextTests.run(AbstractTestNGSpringContextTests.java:180)
	at java.util.concurrent.FutureTask.run(FutureTask.java:266)
	at java.util.concurrent.ThreadPoolExecutor.runWorker(ThreadPoolExecutor.java:1149)
	at java.util.concurrent.ThreadPoolExecutor$Worker.run(ThreadPoolExecutor.java:624)
	at java.lang.Thread.run(Thread.java:748)
... Removed 18 stack frames]]>
    </failure>
  </testcase> <!-- testGetProductCatalogueLoad -->
  <testcase name="testGetProductCatalogueLoad" time="0.308" classname="in.shark.online.web.test.catalogue.master.TestGetProductCatalogueApiTestNg"/>
  <testcase name="testGetProductCatalogueLoad" time="0.366" classname="in.shark.online.web.test.catalogue.master.TestGetProductCatalogueApiTestNg"/>
  <testcase name="testGetProductCatalogueLoad" time="0.37" classname="in.shark.online.web.test.catalogue.master.TestGetProductCatalogueApiTestNg"/>
  <testcase name="testGetProductCatalogueLoad" time="0.4" classname="in.shark.online.web.test.catalogue.master.TestGetProductCatalogueApiTestNg"/>
  <testcase name="testGetProductCatalogueLoad" time="0.359" classname="in.shark.online.web.test.catalogue.master.TestGetProductCatalogueApiTestNg"/>
  <testcase name="testGetProductCatalogueLoad" time="0.406" classname="in.shark.online.web.test.catalogue.master.TestGetProductCatalogueApiTestNg"/>
  <testcase name="testGetProductCatalogueLoad" time="0.409" classname="in.shark.online.web.test.catalogue.master.TestGetProductCatalogueApiTestNg"/>
  <testcase name="testGetProductCatalogueLoad" time="0.423" classname="in.shark.online.web.test.catalogue.master.TestGetProductCatalogueApiTestNg"/>
  <testcase name="testGetProductCatalogueLoad" time="0.432" classname="in.shark.online.web.test.catalogue.master.TestGetProductCatalogueApiTestNg"/>
  <testcase name="testGetProductCatalogueLoad" time="0.315" classname="in.shark.online.web.test.catalogue.master.TestGetProductCatalogueApiTestNg"/>
  <testcase name="testGetProductCatalogueLoad" time="0.286" classname="in.shark.online.web.test.catalogue.master.TestGetProductCatalogueApiTestNg"/>
  <testcase name="testGetProductCatalogueLoad" time="0.313" classname="in.shark.online.web.test.catalogue.master.TestGetProductCatalogueApiTestNg"/>
  <testcase name="testGetProductCatalogueLoad" time="0.33" classname="in.shark.online.web.test.catalogue.master.TestGetProductCatalogueApiTestNg"/>
  <testcase name="testGetProductCatalogueLoad" time="0.336" classname="in.shark.online.web.test.catalogue.master.TestGetProductCatalogueApiTestNg"/>
  <testcase name="testGetProductCatalogueLoad" time="0.385" classname="in.shark.online.web.test.catalogue.master.TestGetProductCatalogueApiTestNg"/>
  <testcase name="testGetProductCatalogueLoad" time="0.4" classname="in.shark.online.web.test.catalogue.master.TestGetProductCatalogueApiTestNg"/>
  <testcase name="testGetProductCatalogueLoad" time="0.496" classname="in.shark.online.web.test.catalogue.master.TestGetProductCatalogueApiTestNg"/>
  <testcase name="testGetProductCatalogueLoad" time="0.501" classname="in.shark.online.web.test.catalogue.master.TestGetProductCatalogueApiTestNg">
    <failure type="java.lang.AssertionError" message="Response time of GetProductCatalogue call more than: 500 expected [true] but found [false]">
      <![CDATA[java.lang.AssertionError: Response time of GetProductCatalogue call more than: 500 expected [true] but found [false]
	at in.shark.online.web.test.catalogue.master.TestGetProductCatalogueApiTestNg.testGetProductCatalogueLoad(TestGetProductCatalogueApiTestNg.java:74)
	at org.springframework.test.context.testng.AbstractTestNGSpringContextTests.run(AbstractTestNGSpringContextTests.java:180)
	at java.util.concurrent.FutureTask.run(FutureTask.java:266)
	at java.util.concurrent.ThreadPoolExecutor.runWorker(ThreadPoolExecutor.java:1149)
	at java.util.concurrent.ThreadPoolExecutor$Worker.run(ThreadPoolExecutor.java:624)
	at java.lang.Thread.run(Thread.java:748)
... Removed 18 stack frames]]>
    </failure>
  </testcase> <!-- testGetProductCatalogueLoad -->
  <testcase name="testGetProductCatalogueLoad" time="0.356" classname="in.shark.online.web.test.catalogue.master.TestGetProductCatalogueApiTestNg"/>
  <testcase name="testGetProductCatalogueLoad" time="0.736" classname="in.shark.online.web.test.catalogue.master.TestGetProductCatalogueApiTestNg">
    <failure type="java.lang.AssertionError" message="Response time of GetProductCatalogue call more than: 500 expected [true] but found [false]">
      <![CDATA[java.lang.AssertionError: Response time of GetProductCatalogue call more than: 500 expected [true] but found [false]
	at in.shark.online.web.test.catalogue.master.TestGetProductCatalogueApiTestNg.testGetProductCatalogueLoad(TestGetProductCatalogueApiTestNg.java:74)
	at org.springframework.test.context.testng.AbstractTestNGSpringContextTests.run(AbstractTestNGSpringContextTests.java:180)
	at java.util.concurrent.FutureTask.run(FutureTask.java:266)
	at java.util.concurrent.ThreadPoolExecutor.runWorker(ThreadPoolExecutor.java:1149)
	at java.util.concurrent.ThreadPoolExecutor$Worker.run(ThreadPoolExecutor.java:624)
	at java.lang.Thread.run(Thread.java:748)
... Removed 18 stack frames]]>
    </failure>
  </testcase> <!-- testGetProductCatalogueLoad -->
  <testcase name="testGetProductCatalogueLoad" time="0.378" classname="in.shark.online.web.test.catalogue.master.TestGetProductCatalogueApiTestNg"/>
  <testcase name="testGetProductCatalogueLoad" time="0.58" classname="in.shark.online.web.test.catalogue.master.TestGetProductCatalogueApiTestNg">
    <failure type="java.lang.AssertionError" message="Response time of GetProductCatalogue call more than: 500 expected [true] but found [false]">
      <![CDATA[java.lang.AssertionError: Response time of GetProductCatalogue call more than: 500 expected [true] but found [false]
	at in.shark.online.web.test.catalogue.master.TestGetProductCatalogueApiTestNg.testGetProductCatalogueLoad(TestGetProductCatalogueApiTestNg.java:74)
	at org.springframework.test.context.testng.AbstractTestNGSpringContextTests.run(AbstractTestNGSpringContextTests.java:180)
	at java.util.concurrent.FutureTask.run(FutureTask.java:266)
	at java.util.concurrent.ThreadPoolExecutor.runWorker(ThreadPoolExecutor.java:1149)
	at java.util.concurrent.ThreadPoolExecutor$Worker.run(ThreadPoolExecutor.java:624)
	at java.lang.Thread.run(Thread.java:748)
... Removed 18 stack frames]]>
    </failure>
  </testcase> <!-- testGetProductCatalogueLoad -->
  <testcase name="testGetProductCatalogueLoad" time="0.38" classname="in.shark.online.web.test.catalogue.master.TestGetProductCatalogueApiTestNg"/>
  <testcase name="testGetProductCatalogueLoad" time="0.403" classname="in.shark.online.web.test.catalogue.master.TestGetProductCatalogueApiTestNg"/>
  <testcase name="testGetProductCatalogueLoad" time="0.335" classname="in.shark.online.web.test.catalogue.master.TestGetProductCatalogueApiTestNg"/>
  <testcase name="testGetProductCatalogueLoad" time="0.383" classname="in.shark.online.web.test.catalogue.master.TestGetProductCatalogueApiTestNg"/>
  <testcase name="testGetProductCatalogueLoad" time="0.381" classname="in.shark.online.web.test.catalogue.master.TestGetProductCatalogueApiTestNg"/>
  <testcase name="testGetProductCatalogueLoad" time="0.375" classname="in.shark.online.web.test.catalogue.master.TestGetProductCatalogueApiTestNg"/>
  <testcase name="testGetProductCatalogueLoad" time="0.501" classname="in.shark.online.web.test.catalogue.master.TestGetProductCatalogueApiTestNg"/>
  <testcase name="testGetProductCatalogueLoad" time="0.444" classname="in.shark.online.web.test.catalogue.master.TestGetProductCatalogueApiTestNg"/>
  <testcase name="testGetProductCatalogueLoad" time="0.328" classname="in.shark.online.web.test.catalogue.master.TestGetProductCatalogueApiTestNg"/>
  <testcase name="testGetProductCatalogueLoad" time="0.359" classname="in.shark.online.web.test.catalogue.master.TestGetProductCatalogueApiTestNg"/>
  <testcase name="testGetProductCatalogueLoad" time="0.365" classname="in.shark.online.web.test.catalogue.master.TestGetProductCatalogueApiTestNg"/>
  <testcase name="testGetProductCatalogueLoad" time="0.294" classname="in.shark.online.web.test.catalogue.master.TestGetProductCatalogueApiTestNg"/>
  <testcase name="testGetProductCatalogueLoad" time="0.31" classname="in.shark.online.web.test.catalogue.master.TestGetProductCatalogueApiTestNg"/>
  <testcase name="testGetProductCatalogueLoad" time="0.483" classname="in.shark.online.web.test.catalogue.master.TestGetProductCatalogueApiTestNg"/>
  <testcase name="testGetProductCatalogueLoad" time="0.23" classname="in.shark.online.web.test.catalogue.master.TestGetProductCatalogueApiTestNg"/>
  <testcase name="testGetProductCatalogueLoad" time="0.629" classname="in.shark.online.web.test.catalogue.master.TestGetProductCatalogueApiTestNg">
    <failure type="java.lang.AssertionError" message="Response time of GetProductCatalogue call more than: 500 expected [true] but found [false]">
      <![CDATA[java.lang.AssertionError: Response time of GetProductCatalogue call more than: 500 expected [true] but found [false]
	at in.shark.online.web.test.catalogue.master.TestGetProductCatalogueApiTestNg.testGetProductCatalogueLoad(TestGetProductCatalogueApiTestNg.java:74)
	at org.springframework.test.context.testng.AbstractTestNGSpringContextTests.run(AbstractTestNGSpringContextTests.java:180)
	at java.util.concurrent.FutureTask.run(FutureTask.java:266)
	at java.util.concurrent.ThreadPoolExecutor.runWorker(ThreadPoolExecutor.java:1149)
	at java.util.concurrent.ThreadPoolExecutor$Worker.run(ThreadPoolExecutor.java:624)
	at java.lang.Thread.run(Thread.java:748)
... Removed 18 stack frames]]>
    </failure>
  </testcase> <!-- testGetProductCatalogueLoad -->
  <testcase name="testGetProductCatalogueLoad" time="0.326" classname="in.shark.online.web.test.catalogue.master.TestGetProductCatalogueApiTestNg"/>
  <testcase name="testGetProductCatalogueLoad" time="0.357" classname="in.shark.online.web.test.catalogue.master.TestGetProductCatalogueApiTestNg"/>
  <testcase name="testGetProductCatalogueLoad" time="0.372" classname="in.shark.online.web.test.catalogue.master.TestGetProductCatalogueApiTestNg"/>
  <testcase name="testGetProductCatalogueLoad" time="0.366" classname="in.shark.online.web.test.catalogue.master.TestGetProductCatalogueApiTestNg"/>
  <testcase name="testGetProductCatalogueLoad" time="0.442" classname="in.shark.online.web.test.catalogue.master.TestGetProductCatalogueApiTestNg"/>
  <testcase name="testGetProductCatalogueLoad" time="0.392" classname="in.shark.online.web.test.catalogue.master.TestGetProductCatalogueApiTestNg"/>
  <testcase name="testGetProductCatalogueLoad" time="0.368" classname="in.shark.online.web.test.catalogue.master.TestGetProductCatalogueApiTestNg"/>
  <testcase name="testGetProductCatalogueLoad" time="0.297" classname="in.shark.online.web.test.catalogue.master.TestGetProductCatalogueApiTestNg"/>
  <testcase name="testGetProductCatalogueLoad" time="0.448" classname="in.shark.online.web.test.catalogue.master.TestGetProductCatalogueApiTestNg"/>
  <testcase name="testGetProductCatalogueLoad" time="0.385" classname="in.shark.online.web.test.catalogue.master.TestGetProductCatalogueApiTestNg"/>
  <testcase name="testGetProductCatalogueLoad" time="0.377" classname="in.shark.online.web.test.catalogue.master.TestGetProductCatalogueApiTestNg"/>
  <testcase name="testGetProductCatalogueLoad" time="0.374" classname="in.shark.online.web.test.catalogue.master.TestGetProductCatalogueApiTestNg"/>
  <testcase name="testGetProductCatalogueLoad" time="0.359" classname="in.shark.online.web.test.catalogue.master.TestGetProductCatalogueApiTestNg"/>
  <testcase name="testGetProductCatalogueLoad" time="0.585" classname="in.shark.online.web.test.catalogue.master.TestGetProductCatalogueApiTestNg">
    <failure type="java.lang.AssertionError" message="Response time of GetProductCatalogue call more than: 500 expected [true] but found [false]">
      <![CDATA[java.lang.AssertionError: Response time of GetProductCatalogue call more than: 500 expected [true] but found [false]
	at in.shark.online.web.test.catalogue.master.TestGetProductCatalogueApiTestNg.testGetProductCatalogueLoad(TestGetProductCatalogueApiTestNg.java:74)
	at org.springframework.test.context.testng.AbstractTestNGSpringContextTests.run(AbstractTestNGSpringContextTests.java:180)
	at java.util.concurrent.FutureTask.run(FutureTask.java:266)
	at java.util.concurrent.ThreadPoolExecutor.runWorker(ThreadPoolExecutor.java:1149)
	at java.util.concurrent.ThreadPoolExecutor$Worker.run(ThreadPoolExecutor.java:624)
	at java.lang.Thread.run(Thread.java:748)
... Removed 18 stack frames]]>
    </failure>
  </testcase> <!-- testGetProductCatalogueLoad -->
  <testcase name="testGetProductCatalogueLoad" time="0.287" classname="in.shark.online.web.test.catalogue.master.TestGetProductCatalogueApiTestNg"/>
  <testcase name="testGetProductCatalogueLoad" time="0.386" classname="in.shark.online.web.test.catalogue.master.TestGetProductCatalogueApiTestNg"/>
  <testcase name="testGetProductCatalogueLoad" time="0.344" classname="in.shark.online.web.test.catalogue.master.TestGetProductCatalogueApiTestNg"/>
  <testcase name="testGetProductCatalogueLoad" time="0.446" classname="in.shark.online.web.test.catalogue.master.TestGetProductCatalogueApiTestNg"/>
  <testcase name="testGetProductCatalogueLoad" time="0.682" classname="in.shark.online.web.test.catalogue.master.TestGetProductCatalogueApiTestNg">
    <failure type="java.lang.AssertionError" message="Response time of GetProductCatalogue call more than: 500 expected [true] but found [false]">
      <![CDATA[java.lang.AssertionError: Response time of GetProductCatalogue call more than: 500 expected [true] but found [false]
	at in.shark.online.web.test.catalogue.master.TestGetProductCatalogueApiTestNg.testGetProductCatalogueLoad(TestGetProductCatalogueApiTestNg.java:74)
	at org.springframework.test.context.testng.AbstractTestNGSpringContextTests.run(AbstractTestNGSpringContextTests.java:180)
	at java.util.concurrent.FutureTask.run(FutureTask.java:266)
	at java.util.concurrent.ThreadPoolExecutor.runWorker(ThreadPoolExecutor.java:1149)
	at java.util.concurrent.ThreadPoolExecutor$Worker.run(ThreadPoolExecutor.java:624)
	at java.lang.Thread.run(Thread.java:748)
... Removed 18 stack frames]]>
    </failure>
  </testcase> <!-- testGetProductCatalogueLoad -->
  <testcase name="testGetProductCatalogueLoad" time="0.374" classname="in.shark.online.web.test.catalogue.master.TestGetProductCatalogueApiTestNg"/>
  <testcase name="testGetProductCatalogueLoad" time="0.354" classname="in.shark.online.web.test.catalogue.master.TestGetProductCatalogueApiTestNg"/>
  <testcase name="testGetProductCatalogueLoad" time="0.349" classname="in.shark.online.web.test.catalogue.master.TestGetProductCatalogueApiTestNg"/>
  <testcase name="testGetProductCatalogueLoad" time="0.273" classname="in.shark.online.web.test.catalogue.master.TestGetProductCatalogueApiTestNg"/>
  <testcase name="testGetProductCatalogueLoad" time="0.404" classname="in.shark.online.web.test.catalogue.master.TestGetProductCatalogueApiTestNg"/>
  <testcase name="testGetProductCatalogueLoad" time="0.402" classname="in.shark.online.web.test.catalogue.master.TestGetProductCatalogueApiTestNg"/>
  <testcase name="testGetProductCatalogueLoad" time="0.37" classname="in.shark.online.web.test.catalogue.master.TestGetProductCatalogueApiTestNg"/>
  <testcase name="testGetProductCatalogueLoad" time="0.4" classname="in.shark.online.web.test.catalogue.master.TestGetProductCatalogueApiTestNg"/>
  <testcase name="testGetProductCatalogueLoad" time="0.46" classname="in.shark.online.web.test.catalogue.master.TestGetProductCatalogueApiTestNg"/>
  <testcase name="testGetProductCatalogueLoad" time="0.385" classname="in.shark.online.web.test.catalogue.master.TestGetProductCatalogueApiTestNg"/>
  <testcase name="testGetProductCatalogueLoad" time="0.262" classname="in.shark.online.web.test.catalogue.master.TestGetProductCatalogueApiTestNg"/>
  <testcase name="testGetProductCatalogueLoad" time="0.328" classname="in.shark.online.web.test.catalogue.master.TestGetProductCatalogueApiTestNg"/>
</testsuite> <!-- getProductCatalogueLoadTest -->
