<html>
<head>
<title>TestNG:  getProductCatalogueLoadTest</title>
<link href="../testng.css" rel="stylesheet" type="text/css" />
<link href="../my-testng.css" rel="stylesheet" type="text/css" />

<style type="text/css">
.log { display: none;} 
.stack-trace { display: none;} 
</style>
<script type="text/javascript">
<!--
function flip(e) {
  current = e.style.display;
  if (current == 'block') {
    e.style.display = 'none';
    return 0;
  }
  else {
    e.style.display = 'block';
    return 1;
  }
}

function toggleBox(szDivId, elem, msg1, msg2)
{
  var res = -1;  if (document.getElementById) {
    res = flip(document.getElementById(szDivId));
  }
  else if (document.all) {
    // this is the way old msie versions work
    res = flip(document.all[szDivId]);
  }
  if(elem) {
    if(res == 0) elem.innerHTML = msg1; else elem.innerHTML = msg2;
  }

}

function toggleAllBoxes() {
  if (document.getElementsByTagName) {
    d = document.getElementsByTagName('div');
    for (i = 0; i < d.length; i++) {
      if (d[i].className == 'log') {
        flip(d[i]);
      }
    }
  }
}

// -->
</script>

</head>
<body>
<h2 align='center'>getProductCatalogueLoadTest</h2><table border='1' align="center">
<tr>
<td>Tests passed/Failed/Skipped:</td><td>88/12/0</td>
</tr><tr>
<td>Started on:</td><td>Mon Nov 25 18:07:23 IST 2019</td>
</tr>
<tr><td>Total time:</td><td>4 seconds (4214 ms)</td>
</tr><tr>
<td>Included groups:</td><td></td>
</tr><tr>
<td>Excluded groups:</td><td></td>
</tr>
</table><p/>
<small><i>(Hover the method name to see the test class name)</i></small><p/>
<table width='100%' border='1' class='invocation-failed'>
<tr><td colspan='4' align='center'><b>FAILED TESTS</b></td></tr>
<tr><td><b>Test method</b></td>
<td width="30%"><b>Exception</b></td>
<td width="10%"><b>Time (seconds)</b></td>
<td><b>Instance</b></td>
</tr>
<tr>
<td title='in.shark.online.web.test.catalogue.master.TestGetProductCatalogueApiTestNg.testGetProductCatalogueLoad()'><b>testGetProductCatalogueLoad</b><br>Test class: in.shark.online.web.test.catalogue.master.TestGetProductCatalogueApiTestNg<br>Parameters: 1234567, /api/catalogue-master/getProductCatalogue, 1, 500</td>
<td><div><pre>java.lang.AssertionError: Response time of GetProductCatalogue call more than: 500 expected [true] but found [false]
	at in.shark.online.web.test.catalogue.master.TestGetProductCatalogueApiTestNg.testGetProductCatalogueLoad(TestGetProductCatalogueApiTestNg.java:74)
	at org.springframework.test.context.testng.AbstractTestNGSpringContextTests.run(AbstractTestNGSpringContextTests.java:180)
	at java.util.concurrent.FutureTask.run(FutureTask.java:266)
	at java.util.concurrent.ThreadPoolExecutor.runWorker(ThreadPoolExecutor.java:1149)
	at java.util.concurrent.ThreadPoolExecutor$Worker.run(ThreadPoolExecutor.java:624)
	at java.lang.Thread.run(Thread.java:748)
... Removed 19 stack frames</pre></div><a href='#' onClick='toggleBox("stack-trace1597689604", this, "Click to show all stack frames", "Click to hide stack frames")'>Click to show all stack frames</a>
<div class='stack-trace' id='stack-trace1597689604'><pre>java.lang.AssertionError: Response time of GetProductCatalogue call more than: 500 expected [true] but found [false]
	at org.testng.Assert.fail(Assert.java:94)
	at org.testng.Assert.failNotEquals(Assert.java:494)
	at org.testng.Assert.assertTrue(Assert.java:42)
	at in.shark.online.web.test.catalogue.master.TestGetProductCatalogueApiTestNg.testGetProductCatalogueLoad(TestGetProductCatalogueApiTestNg.java:74)
	at sun.reflect.NativeMethodAccessorImpl.invoke0(Native Method)
	at sun.reflect.NativeMethodAccessorImpl.invoke(NativeMethodAccessorImpl.java:62)
	at sun.reflect.DelegatingMethodAccessorImpl.invoke(DelegatingMethodAccessorImpl.java:43)
	at java.lang.reflect.Method.invoke(Method.java:498)
	at org.testng.internal.MethodInvocationHelper.invokeMethod(MethodInvocationHelper.java:80)
	at org.testng.internal.MethodInvocationHelper$1.runTestMethod(MethodInvocationHelper.java:182)
	at org.springframework.test.context.testng.AbstractTestNGSpringContextTests.run(AbstractTestNGSpringContextTests.java:180)
	at sun.reflect.GeneratedMethodAccessor20.invoke(Unknown Source)
	at sun.reflect.DelegatingMethodAccessorImpl.invoke(DelegatingMethodAccessorImpl.java:43)
	at java.lang.reflect.Method.invoke(Method.java:498)
	at org.testng.internal.MethodInvocationHelper.invokeHookable(MethodInvocationHelper.java:194)
	at org.testng.internal.Invoker.invokeMethod(Invoker.java:707)
	at org.testng.internal.Invoker.invokeTestMethod(Invoker.java:901)
	at org.testng.internal.Invoker.invokeTestMethods(Invoker.java:1231)
	at org.testng.internal.TestMethodWorker.invokeTestMethods(TestMethodWorker.java:127)
	at org.testng.internal.TestMethodWorker.run(TestMethodWorker.java:111)
	at org.testng.internal.thread.ThreadUtil$2.call(ThreadUtil.java:64)
	at java.util.concurrent.FutureTask.run(FutureTask.java:266)
	at java.util.concurrent.ThreadPoolExecutor.runWorker(ThreadPoolExecutor.java:1149)
	at java.util.concurrent.ThreadPoolExecutor$Worker.run(ThreadPoolExecutor.java:624)
	at java.lang.Thread.run(Thread.java:748)
</pre></div></td>
<td>0</td>
<td>in.shark.online.web.test.catalogue.master.TestGetProductCatalogueApiTestNg@5b7a5baa</td></tr>
<tr>
<td title='in.shark.online.web.test.catalogue.master.TestGetProductCatalogueApiTestNg.testGetProductCatalogueLoad()'><b>testGetProductCatalogueLoad</b><br>Test class: in.shark.online.web.test.catalogue.master.TestGetProductCatalogueApiTestNg<br>Parameters: 1234567, /api/catalogue-master/getProductCatalogue, 1, 500</td>
<td><div><pre>java.lang.AssertionError: Response time of GetProductCatalogue call more than: 500 expected [true] but found [false]
	at in.shark.online.web.test.catalogue.master.TestGetProductCatalogueApiTestNg.testGetProductCatalogueLoad(TestGetProductCatalogueApiTestNg.java:74)
	at org.springframework.test.context.testng.AbstractTestNGSpringContextTests.run(AbstractTestNGSpringContextTests.java:180)
	at java.util.concurrent.FutureTask.run(FutureTask.java:266)
	at java.util.concurrent.ThreadPoolExecutor.runWorker(ThreadPoolExecutor.java:1149)
	at java.util.concurrent.ThreadPoolExecutor$Worker.run(ThreadPoolExecutor.java:624)
	at java.lang.Thread.run(Thread.java:748)
... Removed 19 stack frames</pre></div><a href='#' onClick='toggleBox("stack-trace749204634", this, "Click to show all stack frames", "Click to hide stack frames")'>Click to show all stack frames</a>
<div class='stack-trace' id='stack-trace749204634'><pre>java.lang.AssertionError: Response time of GetProductCatalogue call more than: 500 expected [true] but found [false]
	at org.testng.Assert.fail(Assert.java:94)
	at org.testng.Assert.failNotEquals(Assert.java:494)
	at org.testng.Assert.assertTrue(Assert.java:42)
	at in.shark.online.web.test.catalogue.master.TestGetProductCatalogueApiTestNg.testGetProductCatalogueLoad(TestGetProductCatalogueApiTestNg.java:74)
	at sun.reflect.NativeMethodAccessorImpl.invoke0(Native Method)
	at sun.reflect.NativeMethodAccessorImpl.invoke(NativeMethodAccessorImpl.java:62)
	at sun.reflect.DelegatingMethodAccessorImpl.invoke(DelegatingMethodAccessorImpl.java:43)
	at java.lang.reflect.Method.invoke(Method.java:498)
	at org.testng.internal.MethodInvocationHelper.invokeMethod(MethodInvocationHelper.java:80)
	at org.testng.internal.MethodInvocationHelper$1.runTestMethod(MethodInvocationHelper.java:182)
	at org.springframework.test.context.testng.AbstractTestNGSpringContextTests.run(AbstractTestNGSpringContextTests.java:180)
	at sun.reflect.GeneratedMethodAccessor20.invoke(Unknown Source)
	at sun.reflect.DelegatingMethodAccessorImpl.invoke(DelegatingMethodAccessorImpl.java:43)
	at java.lang.reflect.Method.invoke(Method.java:498)
	at org.testng.internal.MethodInvocationHelper.invokeHookable(MethodInvocationHelper.java:194)
	at org.testng.internal.Invoker.invokeMethod(Invoker.java:707)
	at org.testng.internal.Invoker.invokeTestMethod(Invoker.java:901)
	at org.testng.internal.Invoker.invokeTestMethods(Invoker.java:1231)
	at org.testng.internal.TestMethodWorker.invokeTestMethods(TestMethodWorker.java:127)
	at org.testng.internal.TestMethodWorker.run(TestMethodWorker.java:111)
	at org.testng.internal.thread.ThreadUtil$2.call(ThreadUtil.java:64)
	at java.util.concurrent.FutureTask.run(FutureTask.java:266)
	at java.util.concurrent.ThreadPoolExecutor.runWorker(ThreadPoolExecutor.java:1149)
	at java.util.concurrent.ThreadPoolExecutor$Worker.run(ThreadPoolExecutor.java:624)
	at java.lang.Thread.run(Thread.java:748)
</pre></div></td>
<td>0</td>
<td>in.shark.online.web.test.catalogue.master.TestGetProductCatalogueApiTestNg@5b7a5baa</td></tr>
<tr>
<td title='in.shark.online.web.test.catalogue.master.TestGetProductCatalogueApiTestNg.testGetProductCatalogueLoad()'><b>testGetProductCatalogueLoad</b><br>Test class: in.shark.online.web.test.catalogue.master.TestGetProductCatalogueApiTestNg<br>Parameters: 1234567, /api/catalogue-master/getProductCatalogue, 1, 500</td>
<td><div><pre>java.lang.AssertionError: Response time of GetProductCatalogue call more than: 500 expected [true] but found [false]
	at in.shark.online.web.test.catalogue.master.TestGetProductCatalogueApiTestNg.testGetProductCatalogueLoad(TestGetProductCatalogueApiTestNg.java:74)
	at org.springframework.test.context.testng.AbstractTestNGSpringContextTests.run(AbstractTestNGSpringContextTests.java:180)
	at java.util.concurrent.FutureTask.run(FutureTask.java:266)
	at java.util.concurrent.ThreadPoolExecutor.runWorker(ThreadPoolExecutor.java:1149)
	at java.util.concurrent.ThreadPoolExecutor$Worker.run(ThreadPoolExecutor.java:624)
	at java.lang.Thread.run(Thread.java:748)
... Removed 19 stack frames</pre></div><a href='#' onClick='toggleBox("stack-trace323491184", this, "Click to show all stack frames", "Click to hide stack frames")'>Click to show all stack frames</a>
<div class='stack-trace' id='stack-trace323491184'><pre>java.lang.AssertionError: Response time of GetProductCatalogue call more than: 500 expected [true] but found [false]
	at org.testng.Assert.fail(Assert.java:94)
	at org.testng.Assert.failNotEquals(Assert.java:494)
	at org.testng.Assert.assertTrue(Assert.java:42)
	at in.shark.online.web.test.catalogue.master.TestGetProductCatalogueApiTestNg.testGetProductCatalogueLoad(TestGetProductCatalogueApiTestNg.java:74)
	at sun.reflect.NativeMethodAccessorImpl.invoke0(Native Method)
	at sun.reflect.NativeMethodAccessorImpl.invoke(NativeMethodAccessorImpl.java:62)
	at sun.reflect.DelegatingMethodAccessorImpl.invoke(DelegatingMethodAccessorImpl.java:43)
	at java.lang.reflect.Method.invoke(Method.java:498)
	at org.testng.internal.MethodInvocationHelper.invokeMethod(MethodInvocationHelper.java:80)
	at org.testng.internal.MethodInvocationHelper$1.runTestMethod(MethodInvocationHelper.java:182)
	at org.springframework.test.context.testng.AbstractTestNGSpringContextTests.run(AbstractTestNGSpringContextTests.java:180)
	at sun.reflect.GeneratedMethodAccessor20.invoke(Unknown Source)
	at sun.reflect.DelegatingMethodAccessorImpl.invoke(DelegatingMethodAccessorImpl.java:43)
	at java.lang.reflect.Method.invoke(Method.java:498)
	at org.testng.internal.MethodInvocationHelper.invokeHookable(MethodInvocationHelper.java:194)
	at org.testng.internal.Invoker.invokeMethod(Invoker.java:707)
	at org.testng.internal.Invoker.invokeTestMethod(Invoker.java:901)
	at org.testng.internal.Invoker.invokeTestMethods(Invoker.java:1231)
	at org.testng.internal.TestMethodWorker.invokeTestMethods(TestMethodWorker.java:127)
	at org.testng.internal.TestMethodWorker.run(TestMethodWorker.java:111)
	at org.testng.internal.thread.ThreadUtil$2.call(ThreadUtil.java:64)
	at java.util.concurrent.FutureTask.run(FutureTask.java:266)
	at java.util.concurrent.ThreadPoolExecutor.runWorker(ThreadPoolExecutor.java:1149)
	at java.util.concurrent.ThreadPoolExecutor$Worker.run(ThreadPoolExecutor.java:624)
	at java.lang.Thread.run(Thread.java:748)
</pre></div></td>
<td>0</td>
<td>in.shark.online.web.test.catalogue.master.TestGetProductCatalogueApiTestNg@5b7a5baa</td></tr>
<tr>
<td title='in.shark.online.web.test.catalogue.master.TestGetProductCatalogueApiTestNg.testGetProductCatalogueLoad()'><b>testGetProductCatalogueLoad</b><br>Test class: in.shark.online.web.test.catalogue.master.TestGetProductCatalogueApiTestNg<br>Parameters: 1234567, /api/catalogue-master/getProductCatalogue, 1, 500</td>
<td><div><pre>java.lang.AssertionError: Response time of GetProductCatalogue call more than: 500 expected [true] but found [false]
	at in.shark.online.web.test.catalogue.master.TestGetProductCatalogueApiTestNg.testGetProductCatalogueLoad(TestGetProductCatalogueApiTestNg.java:74)
	at org.springframework.test.context.testng.AbstractTestNGSpringContextTests.run(AbstractTestNGSpringContextTests.java:180)
	at java.util.concurrent.FutureTask.run(FutureTask.java:266)
	at java.util.concurrent.ThreadPoolExecutor.runWorker(ThreadPoolExecutor.java:1149)
	at java.util.concurrent.ThreadPoolExecutor$Worker.run(ThreadPoolExecutor.java:624)
	at java.lang.Thread.run(Thread.java:748)
... Removed 18 stack frames</pre></div><a href='#' onClick='toggleBox("stack-trace1229393648", this, "Click to show all stack frames", "Click to hide stack frames")'>Click to show all stack frames</a>
<div class='stack-trace' id='stack-trace1229393648'><pre>java.lang.AssertionError: Response time of GetProductCatalogue call more than: 500 expected [true] but found [false]
	at org.testng.Assert.fail(Assert.java:94)
	at org.testng.Assert.failNotEquals(Assert.java:494)
	at org.testng.Assert.assertTrue(Assert.java:42)
	at in.shark.online.web.test.catalogue.master.TestGetProductCatalogueApiTestNg.testGetProductCatalogueLoad(TestGetProductCatalogueApiTestNg.java:74)
	at sun.reflect.GeneratedMethodAccessor23.invoke(Unknown Source)
	at sun.reflect.DelegatingMethodAccessorImpl.invoke(DelegatingMethodAccessorImpl.java:43)
	at java.lang.reflect.Method.invoke(Method.java:498)
	at org.testng.internal.MethodInvocationHelper.invokeMethod(MethodInvocationHelper.java:80)
	at org.testng.internal.MethodInvocationHelper$1.runTestMethod(MethodInvocationHelper.java:182)
	at org.springframework.test.context.testng.AbstractTestNGSpringContextTests.run(AbstractTestNGSpringContextTests.java:180)
	at sun.reflect.GeneratedMethodAccessor20.invoke(Unknown Source)
	at sun.reflect.DelegatingMethodAccessorImpl.invoke(DelegatingMethodAccessorImpl.java:43)
	at java.lang.reflect.Method.invoke(Method.java:498)
	at org.testng.internal.MethodInvocationHelper.invokeHookable(MethodInvocationHelper.java:194)
	at org.testng.internal.Invoker.invokeMethod(Invoker.java:707)
	at org.testng.internal.Invoker.invokeTestMethod(Invoker.java:901)
	at org.testng.internal.Invoker.invokeTestMethods(Invoker.java:1231)
	at org.testng.internal.TestMethodWorker.invokeTestMethods(TestMethodWorker.java:127)
	at org.testng.internal.TestMethodWorker.run(TestMethodWorker.java:111)
	at org.testng.internal.thread.ThreadUtil$2.call(ThreadUtil.java:64)
	at java.util.concurrent.FutureTask.run(FutureTask.java:266)
	at java.util.concurrent.ThreadPoolExecutor.runWorker(ThreadPoolExecutor.java:1149)
	at java.util.concurrent.ThreadPoolExecutor$Worker.run(ThreadPoolExecutor.java:624)
	at java.lang.Thread.run(Thread.java:748)
</pre></div></td>
<td>0</td>
<td>in.shark.online.web.test.catalogue.master.TestGetProductCatalogueApiTestNg@5b7a5baa</td></tr>
<tr>
<td title='in.shark.online.web.test.catalogue.master.TestGetProductCatalogueApiTestNg.testGetProductCatalogueLoad()'><b>testGetProductCatalogueLoad</b><br>Test class: in.shark.online.web.test.catalogue.master.TestGetProductCatalogueApiTestNg<br>Parameters: 1234567, /api/catalogue-master/getProductCatalogue, 1, 500</td>
<td><div><pre>java.lang.AssertionError: Response time of GetProductCatalogue call more than: 500 expected [true] but found [false]
	at in.shark.online.web.test.catalogue.master.TestGetProductCatalogueApiTestNg.testGetProductCatalogueLoad(TestGetProductCatalogueApiTestNg.java:74)
	at org.springframework.test.context.testng.AbstractTestNGSpringContextTests.run(AbstractTestNGSpringContextTests.java:180)
	at java.util.concurrent.FutureTask.run(FutureTask.java:266)
	at java.util.concurrent.ThreadPoolExecutor.runWorker(ThreadPoolExecutor.java:1149)
	at java.util.concurrent.ThreadPoolExecutor$Worker.run(ThreadPoolExecutor.java:624)
	at java.lang.Thread.run(Thread.java:748)
... Removed 18 stack frames</pre></div><a href='#' onClick='toggleBox("stack-trace1769221963", this, "Click to show all stack frames", "Click to hide stack frames")'>Click to show all stack frames</a>
<div class='stack-trace' id='stack-trace1769221963'><pre>java.lang.AssertionError: Response time of GetProductCatalogue call more than: 500 expected [true] but found [false]
	at org.testng.Assert.fail(Assert.java:94)
	at org.testng.Assert.failNotEquals(Assert.java:494)
	at org.testng.Assert.assertTrue(Assert.java:42)
	at in.shark.online.web.test.catalogue.master.TestGetProductCatalogueApiTestNg.testGetProductCatalogueLoad(TestGetProductCatalogueApiTestNg.java:74)
	at sun.reflect.GeneratedMethodAccessor23.invoke(Unknown Source)
	at sun.reflect.DelegatingMethodAccessorImpl.invoke(DelegatingMethodAccessorImpl.java:43)
	at java.lang.reflect.Method.invoke(Method.java:498)
	at org.testng.internal.MethodInvocationHelper.invokeMethod(MethodInvocationHelper.java:80)
	at org.testng.internal.MethodInvocationHelper$1.runTestMethod(MethodInvocationHelper.java:182)
	at org.springframework.test.context.testng.AbstractTestNGSpringContextTests.run(AbstractTestNGSpringContextTests.java:180)
	at sun.reflect.GeneratedMethodAccessor20.invoke(Unknown Source)
	at sun.reflect.DelegatingMethodAccessorImpl.invoke(DelegatingMethodAccessorImpl.java:43)
	at java.lang.reflect.Method.invoke(Method.java:498)
	at org.testng.internal.MethodInvocationHelper.invokeHookable(MethodInvocationHelper.java:194)
	at org.testng.internal.Invoker.invokeMethod(Invoker.java:707)
	at org.testng.internal.Invoker.invokeTestMethod(Invoker.java:901)
	at org.testng.internal.Invoker.invokeTestMethods(Invoker.java:1231)
	at org.testng.internal.TestMethodWorker.invokeTestMethods(TestMethodWorker.java:127)
	at org.testng.internal.TestMethodWorker.run(TestMethodWorker.java:111)
	at org.testng.internal.thread.ThreadUtil$2.call(ThreadUtil.java:64)
	at java.util.concurrent.FutureTask.run(FutureTask.java:266)
	at java.util.concurrent.ThreadPoolExecutor.runWorker(ThreadPoolExecutor.java:1149)
	at java.util.concurrent.ThreadPoolExecutor$Worker.run(ThreadPoolExecutor.java:624)
	at java.lang.Thread.run(Thread.java:748)
</pre></div></td>
<td>0</td>
<td>in.shark.online.web.test.catalogue.master.TestGetProductCatalogueApiTestNg@5b7a5baa</td></tr>
<tr>
<td title='in.shark.online.web.test.catalogue.master.TestGetProductCatalogueApiTestNg.testGetProductCatalogueLoad()'><b>testGetProductCatalogueLoad</b><br>Test class: in.shark.online.web.test.catalogue.master.TestGetProductCatalogueApiTestNg<br>Parameters: 1234567, /api/catalogue-master/getProductCatalogue, 1, 500</td>
<td><div><pre>java.lang.AssertionError: Response time of GetProductCatalogue call more than: 500 expected [true] but found [false]
	at in.shark.online.web.test.catalogue.master.TestGetProductCatalogueApiTestNg.testGetProductCatalogueLoad(TestGetProductCatalogueApiTestNg.java:74)
	at org.springframework.test.context.testng.AbstractTestNGSpringContextTests.run(AbstractTestNGSpringContextTests.java:180)
	at java.util.concurrent.FutureTask.run(FutureTask.java:266)
	at java.util.concurrent.ThreadPoolExecutor.runWorker(ThreadPoolExecutor.java:1149)
	at java.util.concurrent.ThreadPoolExecutor$Worker.run(ThreadPoolExecutor.java:624)
	at java.lang.Thread.run(Thread.java:748)
... Removed 18 stack frames</pre></div><a href='#' onClick='toggleBox("stack-trace1649045715", this, "Click to show all stack frames", "Click to hide stack frames")'>Click to show all stack frames</a>
<div class='stack-trace' id='stack-trace1649045715'><pre>java.lang.AssertionError: Response time of GetProductCatalogue call more than: 500 expected [true] but found [false]
	at org.testng.Assert.fail(Assert.java:94)
	at org.testng.Assert.failNotEquals(Assert.java:494)
	at org.testng.Assert.assertTrue(Assert.java:42)
	at in.shark.online.web.test.catalogue.master.TestGetProductCatalogueApiTestNg.testGetProductCatalogueLoad(TestGetProductCatalogueApiTestNg.java:74)
	at sun.reflect.GeneratedMethodAccessor23.invoke(Unknown Source)
	at sun.reflect.DelegatingMethodAccessorImpl.invoke(DelegatingMethodAccessorImpl.java:43)
	at java.lang.reflect.Method.invoke(Method.java:498)
	at org.testng.internal.MethodInvocationHelper.invokeMethod(MethodInvocationHelper.java:80)
	at org.testng.internal.MethodInvocationHelper$1.runTestMethod(MethodInvocationHelper.java:182)
	at org.springframework.test.context.testng.AbstractTestNGSpringContextTests.run(AbstractTestNGSpringContextTests.java:180)
	at sun.reflect.GeneratedMethodAccessor20.invoke(Unknown Source)
	at sun.reflect.DelegatingMethodAccessorImpl.invoke(DelegatingMethodAccessorImpl.java:43)
	at java.lang.reflect.Method.invoke(Method.java:498)
	at org.testng.internal.MethodInvocationHelper.invokeHookable(MethodInvocationHelper.java:194)
	at org.testng.internal.Invoker.invokeMethod(Invoker.java:707)
	at org.testng.internal.Invoker.invokeTestMethod(Invoker.java:901)
	at org.testng.internal.Invoker.invokeTestMethods(Invoker.java:1231)
	at org.testng.internal.TestMethodWorker.invokeTestMethods(TestMethodWorker.java:127)
	at org.testng.internal.TestMethodWorker.run(TestMethodWorker.java:111)
	at org.testng.internal.thread.ThreadUtil$2.call(ThreadUtil.java:64)
	at java.util.concurrent.FutureTask.run(FutureTask.java:266)
	at java.util.concurrent.ThreadPoolExecutor.runWorker(ThreadPoolExecutor.java:1149)
	at java.util.concurrent.ThreadPoolExecutor$Worker.run(ThreadPoolExecutor.java:624)
	at java.lang.Thread.run(Thread.java:748)
</pre></div></td>
<td>0</td>
<td>in.shark.online.web.test.catalogue.master.TestGetProductCatalogueApiTestNg@5b7a5baa</td></tr>
<tr>
<td title='in.shark.online.web.test.catalogue.master.TestGetProductCatalogueApiTestNg.testGetProductCatalogueLoad()'><b>testGetProductCatalogueLoad</b><br>Test class: in.shark.online.web.test.catalogue.master.TestGetProductCatalogueApiTestNg<br>Parameters: 1234567, /api/catalogue-master/getProductCatalogue, 1, 500</td>
<td><div><pre>java.lang.AssertionError: Response time of GetProductCatalogue call more than: 500 expected [true] but found [false]
	at in.shark.online.web.test.catalogue.master.TestGetProductCatalogueApiTestNg.testGetProductCatalogueLoad(TestGetProductCatalogueApiTestNg.java:74)
	at org.springframework.test.context.testng.AbstractTestNGSpringContextTests.run(AbstractTestNGSpringContextTests.java:180)
	at java.util.concurrent.FutureTask.run(FutureTask.java:266)
	at java.util.concurrent.ThreadPoolExecutor.runWorker(ThreadPoolExecutor.java:1149)
	at java.util.concurrent.ThreadPoolExecutor$Worker.run(ThreadPoolExecutor.java:624)
	at java.lang.Thread.run(Thread.java:748)
... Removed 18 stack frames</pre></div><a href='#' onClick='toggleBox("stack-trace1617942660", this, "Click to show all stack frames", "Click to hide stack frames")'>Click to show all stack frames</a>
<div class='stack-trace' id='stack-trace1617942660'><pre>java.lang.AssertionError: Response time of GetProductCatalogue call more than: 500 expected [true] but found [false]
	at org.testng.Assert.fail(Assert.java:94)
	at org.testng.Assert.failNotEquals(Assert.java:494)
	at org.testng.Assert.assertTrue(Assert.java:42)
	at in.shark.online.web.test.catalogue.master.TestGetProductCatalogueApiTestNg.testGetProductCatalogueLoad(TestGetProductCatalogueApiTestNg.java:74)
	at sun.reflect.GeneratedMethodAccessor23.invoke(Unknown Source)
	at sun.reflect.DelegatingMethodAccessorImpl.invoke(DelegatingMethodAccessorImpl.java:43)
	at java.lang.reflect.Method.invoke(Method.java:498)
	at org.testng.internal.MethodInvocationHelper.invokeMethod(MethodInvocationHelper.java:80)
	at org.testng.internal.MethodInvocationHelper$1.runTestMethod(MethodInvocationHelper.java:182)
	at org.springframework.test.context.testng.AbstractTestNGSpringContextTests.run(AbstractTestNGSpringContextTests.java:180)
	at sun.reflect.GeneratedMethodAccessor20.invoke(Unknown Source)
	at sun.reflect.DelegatingMethodAccessorImpl.invoke(DelegatingMethodAccessorImpl.java:43)
	at java.lang.reflect.Method.invoke(Method.java:498)
	at org.testng.internal.MethodInvocationHelper.invokeHookable(MethodInvocationHelper.java:194)
	at org.testng.internal.Invoker.invokeMethod(Invoker.java:707)
	at org.testng.internal.Invoker.invokeTestMethod(Invoker.java:901)
	at org.testng.internal.Invoker.invokeTestMethods(Invoker.java:1231)
	at org.testng.internal.TestMethodWorker.invokeTestMethods(TestMethodWorker.java:127)
	at org.testng.internal.TestMethodWorker.run(TestMethodWorker.java:111)
	at org.testng.internal.thread.ThreadUtil$2.call(ThreadUtil.java:64)
	at java.util.concurrent.FutureTask.run(FutureTask.java:266)
	at java.util.concurrent.ThreadPoolExecutor.runWorker(ThreadPoolExecutor.java:1149)
	at java.util.concurrent.ThreadPoolExecutor$Worker.run(ThreadPoolExecutor.java:624)
	at java.lang.Thread.run(Thread.java:748)
</pre></div></td>
<td>0</td>
<td>in.shark.online.web.test.catalogue.master.TestGetProductCatalogueApiTestNg@5b7a5baa</td></tr>
<tr>
<td title='in.shark.online.web.test.catalogue.master.TestGetProductCatalogueApiTestNg.testGetProductCatalogueLoad()'><b>testGetProductCatalogueLoad</b><br>Test class: in.shark.online.web.test.catalogue.master.TestGetProductCatalogueApiTestNg<br>Parameters: 1234567, /api/catalogue-master/getProductCatalogue, 1, 500</td>
<td><div><pre>java.lang.AssertionError: Response time of GetProductCatalogue call more than: 500 expected [true] but found [false]
	at in.shark.online.web.test.catalogue.master.TestGetProductCatalogueApiTestNg.testGetProductCatalogueLoad(TestGetProductCatalogueApiTestNg.java:74)
	at org.springframework.test.context.testng.AbstractTestNGSpringContextTests.run(AbstractTestNGSpringContextTests.java:180)
	at java.util.concurrent.FutureTask.run(FutureTask.java:266)
	at java.util.concurrent.ThreadPoolExecutor.runWorker(ThreadPoolExecutor.java:1149)
	at java.util.concurrent.ThreadPoolExecutor$Worker.run(ThreadPoolExecutor.java:624)
	at java.lang.Thread.run(Thread.java:748)
... Removed 18 stack frames</pre></div><a href='#' onClick='toggleBox("stack-trace1500793760", this, "Click to show all stack frames", "Click to hide stack frames")'>Click to show all stack frames</a>
<div class='stack-trace' id='stack-trace1500793760'><pre>java.lang.AssertionError: Response time of GetProductCatalogue call more than: 500 expected [true] but found [false]
	at org.testng.Assert.fail(Assert.java:94)
	at org.testng.Assert.failNotEquals(Assert.java:494)
	at org.testng.Assert.assertTrue(Assert.java:42)
	at in.shark.online.web.test.catalogue.master.TestGetProductCatalogueApiTestNg.testGetProductCatalogueLoad(TestGetProductCatalogueApiTestNg.java:74)
	at sun.reflect.GeneratedMethodAccessor23.invoke(Unknown Source)
	at sun.reflect.DelegatingMethodAccessorImpl.invoke(DelegatingMethodAccessorImpl.java:43)
	at java.lang.reflect.Method.invoke(Method.java:498)
	at org.testng.internal.MethodInvocationHelper.invokeMethod(MethodInvocationHelper.java:80)
	at org.testng.internal.MethodInvocationHelper$1.runTestMethod(MethodInvocationHelper.java:182)
	at org.springframework.test.context.testng.AbstractTestNGSpringContextTests.run(AbstractTestNGSpringContextTests.java:180)
	at sun.reflect.GeneratedMethodAccessor20.invoke(Unknown Source)
	at sun.reflect.DelegatingMethodAccessorImpl.invoke(DelegatingMethodAccessorImpl.java:43)
	at java.lang.reflect.Method.invoke(Method.java:498)
	at org.testng.internal.MethodInvocationHelper.invokeHookable(MethodInvocationHelper.java:194)
	at org.testng.internal.Invoker.invokeMethod(Invoker.java:707)
	at org.testng.internal.Invoker.invokeTestMethod(Invoker.java:901)
	at org.testng.internal.Invoker.invokeTestMethods(Invoker.java:1231)
	at org.testng.internal.TestMethodWorker.invokeTestMethods(TestMethodWorker.java:127)
	at org.testng.internal.TestMethodWorker.run(TestMethodWorker.java:111)
	at org.testng.internal.thread.ThreadUtil$2.call(ThreadUtil.java:64)
	at java.util.concurrent.FutureTask.run(FutureTask.java:266)
	at java.util.concurrent.ThreadPoolExecutor.runWorker(ThreadPoolExecutor.java:1149)
	at java.util.concurrent.ThreadPoolExecutor$Worker.run(ThreadPoolExecutor.java:624)
	at java.lang.Thread.run(Thread.java:748)
</pre></div></td>
<td>0</td>
<td>in.shark.online.web.test.catalogue.master.TestGetProductCatalogueApiTestNg@5b7a5baa</td></tr>
<tr>
<td title='in.shark.online.web.test.catalogue.master.TestGetProductCatalogueApiTestNg.testGetProductCatalogueLoad()'><b>testGetProductCatalogueLoad</b><br>Test class: in.shark.online.web.test.catalogue.master.TestGetProductCatalogueApiTestNg<br>Parameters: 1234567, /api/catalogue-master/getProductCatalogue, 1, 500</td>
<td><div><pre>java.lang.AssertionError: Response time of GetProductCatalogue call more than: 500 expected [true] but found [false]
	at in.shark.online.web.test.catalogue.master.TestGetProductCatalogueApiTestNg.testGetProductCatalogueLoad(TestGetProductCatalogueApiTestNg.java:74)
	at org.springframework.test.context.testng.AbstractTestNGSpringContextTests.run(AbstractTestNGSpringContextTests.java:180)
	at java.util.concurrent.FutureTask.run(FutureTask.java:266)
	at java.util.concurrent.ThreadPoolExecutor.runWorker(ThreadPoolExecutor.java:1149)
	at java.util.concurrent.ThreadPoolExecutor$Worker.run(ThreadPoolExecutor.java:624)
	at java.lang.Thread.run(Thread.java:748)
... Removed 18 stack frames</pre></div><a href='#' onClick='toggleBox("stack-trace602222021", this, "Click to show all stack frames", "Click to hide stack frames")'>Click to show all stack frames</a>
<div class='stack-trace' id='stack-trace602222021'><pre>java.lang.AssertionError: Response time of GetProductCatalogue call more than: 500 expected [true] but found [false]
	at org.testng.Assert.fail(Assert.java:94)
	at org.testng.Assert.failNotEquals(Assert.java:494)
	at org.testng.Assert.assertTrue(Assert.java:42)
	at in.shark.online.web.test.catalogue.master.TestGetProductCatalogueApiTestNg.testGetProductCatalogueLoad(TestGetProductCatalogueApiTestNg.java:74)
	at sun.reflect.GeneratedMethodAccessor23.invoke(Unknown Source)
	at sun.reflect.DelegatingMethodAccessorImpl.invoke(DelegatingMethodAccessorImpl.java:43)
	at java.lang.reflect.Method.invoke(Method.java:498)
	at org.testng.internal.MethodInvocationHelper.invokeMethod(MethodInvocationHelper.java:80)
	at org.testng.internal.MethodInvocationHelper$1.runTestMethod(MethodInvocationHelper.java:182)
	at org.springframework.test.context.testng.AbstractTestNGSpringContextTests.run(AbstractTestNGSpringContextTests.java:180)
	at sun.reflect.GeneratedMethodAccessor20.invoke(Unknown Source)
	at sun.reflect.DelegatingMethodAccessorImpl.invoke(DelegatingMethodAccessorImpl.java:43)
	at java.lang.reflect.Method.invoke(Method.java:498)
	at org.testng.internal.MethodInvocationHelper.invokeHookable(MethodInvocationHelper.java:194)
	at org.testng.internal.Invoker.invokeMethod(Invoker.java:707)
	at org.testng.internal.Invoker.invokeTestMethod(Invoker.java:901)
	at org.testng.internal.Invoker.invokeTestMethods(Invoker.java:1231)
	at org.testng.internal.TestMethodWorker.invokeTestMethods(TestMethodWorker.java:127)
	at org.testng.internal.TestMethodWorker.run(TestMethodWorker.java:111)
	at org.testng.internal.thread.ThreadUtil$2.call(ThreadUtil.java:64)
	at java.util.concurrent.FutureTask.run(FutureTask.java:266)
	at java.util.concurrent.ThreadPoolExecutor.runWorker(ThreadPoolExecutor.java:1149)
	at java.util.concurrent.ThreadPoolExecutor$Worker.run(ThreadPoolExecutor.java:624)
	at java.lang.Thread.run(Thread.java:748)
</pre></div></td>
<td>0</td>
<td>in.shark.online.web.test.catalogue.master.TestGetProductCatalogueApiTestNg@5b7a5baa</td></tr>
<tr>
<td title='in.shark.online.web.test.catalogue.master.TestGetProductCatalogueApiTestNg.testGetProductCatalogueLoad()'><b>testGetProductCatalogueLoad</b><br>Test class: in.shark.online.web.test.catalogue.master.TestGetProductCatalogueApiTestNg<br>Parameters: 1234567, /api/catalogue-master/getProductCatalogue, 1, 500</td>
<td><div><pre>java.lang.AssertionError: Response time of GetProductCatalogue call more than: 500 expected [true] but found [false]
	at in.shark.online.web.test.catalogue.master.TestGetProductCatalogueApiTestNg.testGetProductCatalogueLoad(TestGetProductCatalogueApiTestNg.java:74)
	at org.springframework.test.context.testng.AbstractTestNGSpringContextTests.run(AbstractTestNGSpringContextTests.java:180)
	at java.util.concurrent.FutureTask.run(FutureTask.java:266)
	at java.util.concurrent.ThreadPoolExecutor.runWorker(ThreadPoolExecutor.java:1149)
	at java.util.concurrent.ThreadPoolExecutor$Worker.run(ThreadPoolExecutor.java:624)
	at java.lang.Thread.run(Thread.java:748)
... Removed 18 stack frames</pre></div><a href='#' onClick='toggleBox("stack-trace1311528457", this, "Click to show all stack frames", "Click to hide stack frames")'>Click to show all stack frames</a>
<div class='stack-trace' id='stack-trace1311528457'><pre>java.lang.AssertionError: Response time of GetProductCatalogue call more than: 500 expected [true] but found [false]
	at org.testng.Assert.fail(Assert.java:94)
	at org.testng.Assert.failNotEquals(Assert.java:494)
	at org.testng.Assert.assertTrue(Assert.java:42)
	at in.shark.online.web.test.catalogue.master.TestGetProductCatalogueApiTestNg.testGetProductCatalogueLoad(TestGetProductCatalogueApiTestNg.java:74)
	at sun.reflect.GeneratedMethodAccessor23.invoke(Unknown Source)
	at sun.reflect.DelegatingMethodAccessorImpl.invoke(DelegatingMethodAccessorImpl.java:43)
	at java.lang.reflect.Method.invoke(Method.java:498)
	at org.testng.internal.MethodInvocationHelper.invokeMethod(MethodInvocationHelper.java:80)
	at org.testng.internal.MethodInvocationHelper$1.runTestMethod(MethodInvocationHelper.java:182)
	at org.springframework.test.context.testng.AbstractTestNGSpringContextTests.run(AbstractTestNGSpringContextTests.java:180)
	at sun.reflect.GeneratedMethodAccessor20.invoke(Unknown Source)
	at sun.reflect.DelegatingMethodAccessorImpl.invoke(DelegatingMethodAccessorImpl.java:43)
	at java.lang.reflect.Method.invoke(Method.java:498)
	at org.testng.internal.MethodInvocationHelper.invokeHookable(MethodInvocationHelper.java:194)
	at org.testng.internal.Invoker.invokeMethod(Invoker.java:707)
	at org.testng.internal.Invoker.invokeTestMethod(Invoker.java:901)
	at org.testng.internal.Invoker.invokeTestMethods(Invoker.java:1231)
	at org.testng.internal.TestMethodWorker.invokeTestMethods(TestMethodWorker.java:127)
	at org.testng.internal.TestMethodWorker.run(TestMethodWorker.java:111)
	at org.testng.internal.thread.ThreadUtil$2.call(ThreadUtil.java:64)
	at java.util.concurrent.FutureTask.run(FutureTask.java:266)
	at java.util.concurrent.ThreadPoolExecutor.runWorker(ThreadPoolExecutor.java:1149)
	at java.util.concurrent.ThreadPoolExecutor$Worker.run(ThreadPoolExecutor.java:624)
	at java.lang.Thread.run(Thread.java:748)
</pre></div></td>
<td>0</td>
<td>in.shark.online.web.test.catalogue.master.TestGetProductCatalogueApiTestNg@5b7a5baa</td></tr>
<tr>
<td title='in.shark.online.web.test.catalogue.master.TestGetProductCatalogueApiTestNg.testGetProductCatalogueLoad()'><b>testGetProductCatalogueLoad</b><br>Test class: in.shark.online.web.test.catalogue.master.TestGetProductCatalogueApiTestNg<br>Parameters: 1234567, /api/catalogue-master/getProductCatalogue, 1, 500</td>
<td><div><pre>java.lang.AssertionError: Response time of GetProductCatalogue call more than: 500 expected [true] but found [false]
	at in.shark.online.web.test.catalogue.master.TestGetProductCatalogueApiTestNg.testGetProductCatalogueLoad(TestGetProductCatalogueApiTestNg.java:74)
	at org.springframework.test.context.testng.AbstractTestNGSpringContextTests.run(AbstractTestNGSpringContextTests.java:180)
	at java.util.concurrent.FutureTask.run(FutureTask.java:266)
	at java.util.concurrent.ThreadPoolExecutor.runWorker(ThreadPoolExecutor.java:1149)
	at java.util.concurrent.ThreadPoolExecutor$Worker.run(ThreadPoolExecutor.java:624)
	at java.lang.Thread.run(Thread.java:748)
... Removed 18 stack frames</pre></div><a href='#' onClick='toggleBox("stack-trace1434594799", this, "Click to show all stack frames", "Click to hide stack frames")'>Click to show all stack frames</a>
<div class='stack-trace' id='stack-trace1434594799'><pre>java.lang.AssertionError: Response time of GetProductCatalogue call more than: 500 expected [true] but found [false]
	at org.testng.Assert.fail(Assert.java:94)
	at org.testng.Assert.failNotEquals(Assert.java:494)
	at org.testng.Assert.assertTrue(Assert.java:42)
	at in.shark.online.web.test.catalogue.master.TestGetProductCatalogueApiTestNg.testGetProductCatalogueLoad(TestGetProductCatalogueApiTestNg.java:74)
	at sun.reflect.GeneratedMethodAccessor23.invoke(Unknown Source)
	at sun.reflect.DelegatingMethodAccessorImpl.invoke(DelegatingMethodAccessorImpl.java:43)
	at java.lang.reflect.Method.invoke(Method.java:498)
	at org.testng.internal.MethodInvocationHelper.invokeMethod(MethodInvocationHelper.java:80)
	at org.testng.internal.MethodInvocationHelper$1.runTestMethod(MethodInvocationHelper.java:182)
	at org.springframework.test.context.testng.AbstractTestNGSpringContextTests.run(AbstractTestNGSpringContextTests.java:180)
	at sun.reflect.GeneratedMethodAccessor20.invoke(Unknown Source)
	at sun.reflect.DelegatingMethodAccessorImpl.invoke(DelegatingMethodAccessorImpl.java:43)
	at java.lang.reflect.Method.invoke(Method.java:498)
	at org.testng.internal.MethodInvocationHelper.invokeHookable(MethodInvocationHelper.java:194)
	at org.testng.internal.Invoker.invokeMethod(Invoker.java:707)
	at org.testng.internal.Invoker.invokeTestMethod(Invoker.java:901)
	at org.testng.internal.Invoker.invokeTestMethods(Invoker.java:1231)
	at org.testng.internal.TestMethodWorker.invokeTestMethods(TestMethodWorker.java:127)
	at org.testng.internal.TestMethodWorker.run(TestMethodWorker.java:111)
	at org.testng.internal.thread.ThreadUtil$2.call(ThreadUtil.java:64)
	at java.util.concurrent.FutureTask.run(FutureTask.java:266)
	at java.util.concurrent.ThreadPoolExecutor.runWorker(ThreadPoolExecutor.java:1149)
	at java.util.concurrent.ThreadPoolExecutor$Worker.run(ThreadPoolExecutor.java:624)
	at java.lang.Thread.run(Thread.java:748)
</pre></div></td>
<td>0</td>
<td>in.shark.online.web.test.catalogue.master.TestGetProductCatalogueApiTestNg@5b7a5baa</td></tr>
<tr>
<td title='in.shark.online.web.test.catalogue.master.TestGetProductCatalogueApiTestNg.testGetProductCatalogueLoad()'><b>testGetProductCatalogueLoad</b><br>Test class: in.shark.online.web.test.catalogue.master.TestGetProductCatalogueApiTestNg<br>Parameters: 1234567, /api/catalogue-master/getProductCatalogue, 1, 500</td>
<td><div><pre>java.lang.AssertionError: Response time of GetProductCatalogue call more than: 500 expected [true] but found [false]
	at in.shark.online.web.test.catalogue.master.TestGetProductCatalogueApiTestNg.testGetProductCatalogueLoad(TestGetProductCatalogueApiTestNg.java:74)
	at org.springframework.test.context.testng.AbstractTestNGSpringContextTests.run(AbstractTestNGSpringContextTests.java:180)
	at java.util.concurrent.FutureTask.run(FutureTask.java:266)
	at java.util.concurrent.ThreadPoolExecutor.runWorker(ThreadPoolExecutor.java:1149)
	at java.util.concurrent.ThreadPoolExecutor$Worker.run(ThreadPoolExecutor.java:624)
	at java.lang.Thread.run(Thread.java:748)
... Removed 18 stack frames</pre></div><a href='#' onClick='toggleBox("stack-trace426053377", this, "Click to show all stack frames", "Click to hide stack frames")'>Click to show all stack frames</a>
<div class='stack-trace' id='stack-trace426053377'><pre>java.lang.AssertionError: Response time of GetProductCatalogue call more than: 500 expected [true] but found [false]
	at org.testng.Assert.fail(Assert.java:94)
	at org.testng.Assert.failNotEquals(Assert.java:494)
	at org.testng.Assert.assertTrue(Assert.java:42)
	at in.shark.online.web.test.catalogue.master.TestGetProductCatalogueApiTestNg.testGetProductCatalogueLoad(TestGetProductCatalogueApiTestNg.java:74)
	at sun.reflect.GeneratedMethodAccessor23.invoke(Unknown Source)
	at sun.reflect.DelegatingMethodAccessorImpl.invoke(DelegatingMethodAccessorImpl.java:43)
	at java.lang.reflect.Method.invoke(Method.java:498)
	at org.testng.internal.MethodInvocationHelper.invokeMethod(MethodInvocationHelper.java:80)
	at org.testng.internal.MethodInvocationHelper$1.runTestMethod(MethodInvocationHelper.java:182)
	at org.springframework.test.context.testng.AbstractTestNGSpringContextTests.run(AbstractTestNGSpringContextTests.java:180)
	at sun.reflect.GeneratedMethodAccessor20.invoke(Unknown Source)
	at sun.reflect.DelegatingMethodAccessorImpl.invoke(DelegatingMethodAccessorImpl.java:43)
	at java.lang.reflect.Method.invoke(Method.java:498)
	at org.testng.internal.MethodInvocationHelper.invokeHookable(MethodInvocationHelper.java:194)
	at org.testng.internal.Invoker.invokeMethod(Invoker.java:707)
	at org.testng.internal.Invoker.invokeTestMethod(Invoker.java:901)
	at org.testng.internal.Invoker.invokeTestMethods(Invoker.java:1231)
	at org.testng.internal.TestMethodWorker.invokeTestMethods(TestMethodWorker.java:127)
	at org.testng.internal.TestMethodWorker.run(TestMethodWorker.java:111)
	at org.testng.internal.thread.ThreadUtil$2.call(ThreadUtil.java:64)
	at java.util.concurrent.FutureTask.run(FutureTask.java:266)
	at java.util.concurrent.ThreadPoolExecutor.runWorker(ThreadPoolExecutor.java:1149)
	at java.util.concurrent.ThreadPoolExecutor$Worker.run(ThreadPoolExecutor.java:624)
	at java.lang.Thread.run(Thread.java:748)
</pre></div></td>
<td>0</td>
<td>in.shark.online.web.test.catalogue.master.TestGetProductCatalogueApiTestNg@5b7a5baa</td></tr>
</table><p>
<table width='100%' border='1' class='invocation-passed'>
<tr><td colspan='4' align='center'><b>PASSED TESTS</b></td></tr>
<tr><td><b>Test method</b></td>
<td width="30%"><b>Exception</b></td>
<td width="10%"><b>Time (seconds)</b></td>
<td><b>Instance</b></td>
</tr>
<tr>
<td title='in.shark.online.web.test.catalogue.master.TestGetProductCatalogueApiTestNg.testGetProductCatalogueLoad()'><b>testGetProductCatalogueLoad</b><br>Test class: in.shark.online.web.test.catalogue.master.TestGetProductCatalogueApiTestNg<br>Parameters: 1234567, /api/catalogue-master/getProductCatalogue, 1, 500</td>
<td></td>
<td>0</td>
<td>in.shark.online.web.test.catalogue.master.TestGetProductCatalogueApiTestNg@5b7a5baa</td></tr>
<tr>
<td title='in.shark.online.web.test.catalogue.master.TestGetProductCatalogueApiTestNg.testGetProductCatalogueLoad()'><b>testGetProductCatalogueLoad</b><br>Test class: in.shark.online.web.test.catalogue.master.TestGetProductCatalogueApiTestNg<br>Parameters: 1234567, /api/catalogue-master/getProductCatalogue, 1, 500</td>
<td></td>
<td>0</td>
<td>in.shark.online.web.test.catalogue.master.TestGetProductCatalogueApiTestNg@5b7a5baa</td></tr>
<tr>
<td title='in.shark.online.web.test.catalogue.master.TestGetProductCatalogueApiTestNg.testGetProductCatalogueLoad()'><b>testGetProductCatalogueLoad</b><br>Test class: in.shark.online.web.test.catalogue.master.TestGetProductCatalogueApiTestNg<br>Parameters: 1234567, /api/catalogue-master/getProductCatalogue, 1, 500</td>
<td></td>
<td>0</td>
<td>in.shark.online.web.test.catalogue.master.TestGetProductCatalogueApiTestNg@5b7a5baa</td></tr>
<tr>
<td title='in.shark.online.web.test.catalogue.master.TestGetProductCatalogueApiTestNg.testGetProductCatalogueLoad()'><b>testGetProductCatalogueLoad</b><br>Test class: in.shark.online.web.test.catalogue.master.TestGetProductCatalogueApiTestNg<br>Parameters: 1234567, /api/catalogue-master/getProductCatalogue, 1, 500</td>
<td></td>
<td>0</td>
<td>in.shark.online.web.test.catalogue.master.TestGetProductCatalogueApiTestNg@5b7a5baa</td></tr>
<tr>
<td title='in.shark.online.web.test.catalogue.master.TestGetProductCatalogueApiTestNg.testGetProductCatalogueLoad()'><b>testGetProductCatalogueLoad</b><br>Test class: in.shark.online.web.test.catalogue.master.TestGetProductCatalogueApiTestNg<br>Parameters: 1234567, /api/catalogue-master/getProductCatalogue, 1, 500</td>
<td></td>
<td>0</td>
<td>in.shark.online.web.test.catalogue.master.TestGetProductCatalogueApiTestNg@5b7a5baa</td></tr>
<tr>
<td title='in.shark.online.web.test.catalogue.master.TestGetProductCatalogueApiTestNg.testGetProductCatalogueLoad()'><b>testGetProductCatalogueLoad</b><br>Test class: in.shark.online.web.test.catalogue.master.TestGetProductCatalogueApiTestNg<br>Parameters: 1234567, /api/catalogue-master/getProductCatalogue, 1, 500</td>
<td></td>
<td>0</td>
<td>in.shark.online.web.test.catalogue.master.TestGetProductCatalogueApiTestNg@5b7a5baa</td></tr>
<tr>
<td title='in.shark.online.web.test.catalogue.master.TestGetProductCatalogueApiTestNg.testGetProductCatalogueLoad()'><b>testGetProductCatalogueLoad</b><br>Test class: in.shark.online.web.test.catalogue.master.TestGetProductCatalogueApiTestNg<br>Parameters: 1234567, /api/catalogue-master/getProductCatalogue, 1, 500</td>
<td></td>
<td>0</td>
<td>in.shark.online.web.test.catalogue.master.TestGetProductCatalogueApiTestNg@5b7a5baa</td></tr>
<tr>
<td title='in.shark.online.web.test.catalogue.master.TestGetProductCatalogueApiTestNg.testGetProductCatalogueLoad()'><b>testGetProductCatalogueLoad</b><br>Test class: in.shark.online.web.test.catalogue.master.TestGetProductCatalogueApiTestNg<br>Parameters: 1234567, /api/catalogue-master/getProductCatalogue, 1, 500</td>
<td></td>
<td>0</td>
<td>in.shark.online.web.test.catalogue.master.TestGetProductCatalogueApiTestNg@5b7a5baa</td></tr>
<tr>
<td title='in.shark.online.web.test.catalogue.master.TestGetProductCatalogueApiTestNg.testGetProductCatalogueLoad()'><b>testGetProductCatalogueLoad</b><br>Test class: in.shark.online.web.test.catalogue.master.TestGetProductCatalogueApiTestNg<br>Parameters: 1234567, /api/catalogue-master/getProductCatalogue, 1, 500</td>
<td></td>
<td>0</td>
<td>in.shark.online.web.test.catalogue.master.TestGetProductCatalogueApiTestNg@5b7a5baa</td></tr>
<tr>
<td title='in.shark.online.web.test.catalogue.master.TestGetProductCatalogueApiTestNg.testGetProductCatalogueLoad()'><b>testGetProductCatalogueLoad</b><br>Test class: in.shark.online.web.test.catalogue.master.TestGetProductCatalogueApiTestNg<br>Parameters: 1234567, /api/catalogue-master/getProductCatalogue, 1, 500</td>
<td></td>
<td>0</td>
<td>in.shark.online.web.test.catalogue.master.TestGetProductCatalogueApiTestNg@5b7a5baa</td></tr>
<tr>
<td title='in.shark.online.web.test.catalogue.master.TestGetProductCatalogueApiTestNg.testGetProductCatalogueLoad()'><b>testGetProductCatalogueLoad</b><br>Test class: in.shark.online.web.test.catalogue.master.TestGetProductCatalogueApiTestNg<br>Parameters: 1234567, /api/catalogue-master/getProductCatalogue, 1, 500</td>
<td></td>
<td>0</td>
<td>in.shark.online.web.test.catalogue.master.TestGetProductCatalogueApiTestNg@5b7a5baa</td></tr>
<tr>
<td title='in.shark.online.web.test.catalogue.master.TestGetProductCatalogueApiTestNg.testGetProductCatalogueLoad()'><b>testGetProductCatalogueLoad</b><br>Test class: in.shark.online.web.test.catalogue.master.TestGetProductCatalogueApiTestNg<br>Parameters: 1234567, /api/catalogue-master/getProductCatalogue, 1, 500</td>
<td></td>
<td>0</td>
<td>in.shark.online.web.test.catalogue.master.TestGetProductCatalogueApiTestNg@5b7a5baa</td></tr>
<tr>
<td title='in.shark.online.web.test.catalogue.master.TestGetProductCatalogueApiTestNg.testGetProductCatalogueLoad()'><b>testGetProductCatalogueLoad</b><br>Test class: in.shark.online.web.test.catalogue.master.TestGetProductCatalogueApiTestNg<br>Parameters: 1234567, /api/catalogue-master/getProductCatalogue, 1, 500</td>
<td></td>
<td>0</td>
<td>in.shark.online.web.test.catalogue.master.TestGetProductCatalogueApiTestNg@5b7a5baa</td></tr>
<tr>
<td title='in.shark.online.web.test.catalogue.master.TestGetProductCatalogueApiTestNg.testGetProductCatalogueLoad()'><b>testGetProductCatalogueLoad</b><br>Test class: in.shark.online.web.test.catalogue.master.TestGetProductCatalogueApiTestNg<br>Parameters: 1234567, /api/catalogue-master/getProductCatalogue, 1, 500</td>
<td></td>
<td>0</td>
<td>in.shark.online.web.test.catalogue.master.TestGetProductCatalogueApiTestNg@5b7a5baa</td></tr>
<tr>
<td title='in.shark.online.web.test.catalogue.master.TestGetProductCatalogueApiTestNg.testGetProductCatalogueLoad()'><b>testGetProductCatalogueLoad</b><br>Test class: in.shark.online.web.test.catalogue.master.TestGetProductCatalogueApiTestNg<br>Parameters: 1234567, /api/catalogue-master/getProductCatalogue, 1, 500</td>
<td></td>
<td>0</td>
<td>in.shark.online.web.test.catalogue.master.TestGetProductCatalogueApiTestNg@5b7a5baa</td></tr>
<tr>
<td title='in.shark.online.web.test.catalogue.master.TestGetProductCatalogueApiTestNg.testGetProductCatalogueLoad()'><b>testGetProductCatalogueLoad</b><br>Test class: in.shark.online.web.test.catalogue.master.TestGetProductCatalogueApiTestNg<br>Parameters: 1234567, /api/catalogue-master/getProductCatalogue, 1, 500</td>
<td></td>
<td>0</td>
<td>in.shark.online.web.test.catalogue.master.TestGetProductCatalogueApiTestNg@5b7a5baa</td></tr>
<tr>
<td title='in.shark.online.web.test.catalogue.master.TestGetProductCatalogueApiTestNg.testGetProductCatalogueLoad()'><b>testGetProductCatalogueLoad</b><br>Test class: in.shark.online.web.test.catalogue.master.TestGetProductCatalogueApiTestNg<br>Parameters: 1234567, /api/catalogue-master/getProductCatalogue, 1, 500</td>
<td></td>
<td>0</td>
<td>in.shark.online.web.test.catalogue.master.TestGetProductCatalogueApiTestNg@5b7a5baa</td></tr>
<tr>
<td title='in.shark.online.web.test.catalogue.master.TestGetProductCatalogueApiTestNg.testGetProductCatalogueLoad()'><b>testGetProductCatalogueLoad</b><br>Test class: in.shark.online.web.test.catalogue.master.TestGetProductCatalogueApiTestNg<br>Parameters: 1234567, /api/catalogue-master/getProductCatalogue, 1, 500</td>
<td></td>
<td>0</td>
<td>in.shark.online.web.test.catalogue.master.TestGetProductCatalogueApiTestNg@5b7a5baa</td></tr>
<tr>
<td title='in.shark.online.web.test.catalogue.master.TestGetProductCatalogueApiTestNg.testGetProductCatalogueLoad()'><b>testGetProductCatalogueLoad</b><br>Test class: in.shark.online.web.test.catalogue.master.TestGetProductCatalogueApiTestNg<br>Parameters: 1234567, /api/catalogue-master/getProductCatalogue, 1, 500</td>
<td></td>
<td>0</td>
<td>in.shark.online.web.test.catalogue.master.TestGetProductCatalogueApiTestNg@5b7a5baa</td></tr>
<tr>
<td title='in.shark.online.web.test.catalogue.master.TestGetProductCatalogueApiTestNg.testGetProductCatalogueLoad()'><b>testGetProductCatalogueLoad</b><br>Test class: in.shark.online.web.test.catalogue.master.TestGetProductCatalogueApiTestNg<br>Parameters: 1234567, /api/catalogue-master/getProductCatalogue, 1, 500</td>
<td></td>
<td>0</td>
<td>in.shark.online.web.test.catalogue.master.TestGetProductCatalogueApiTestNg@5b7a5baa</td></tr>
<tr>
<td title='in.shark.online.web.test.catalogue.master.TestGetProductCatalogueApiTestNg.testGetProductCatalogueLoad()'><b>testGetProductCatalogueLoad</b><br>Test class: in.shark.online.web.test.catalogue.master.TestGetProductCatalogueApiTestNg<br>Parameters: 1234567, /api/catalogue-master/getProductCatalogue, 1, 500</td>
<td></td>
<td>0</td>
<td>in.shark.online.web.test.catalogue.master.TestGetProductCatalogueApiTestNg@5b7a5baa</td></tr>
<tr>
<td title='in.shark.online.web.test.catalogue.master.TestGetProductCatalogueApiTestNg.testGetProductCatalogueLoad()'><b>testGetProductCatalogueLoad</b><br>Test class: in.shark.online.web.test.catalogue.master.TestGetProductCatalogueApiTestNg<br>Parameters: 1234567, /api/catalogue-master/getProductCatalogue, 1, 500</td>
<td></td>
<td>0</td>
<td>in.shark.online.web.test.catalogue.master.TestGetProductCatalogueApiTestNg@5b7a5baa</td></tr>
<tr>
<td title='in.shark.online.web.test.catalogue.master.TestGetProductCatalogueApiTestNg.testGetProductCatalogueLoad()'><b>testGetProductCatalogueLoad</b><br>Test class: in.shark.online.web.test.catalogue.master.TestGetProductCatalogueApiTestNg<br>Parameters: 1234567, /api/catalogue-master/getProductCatalogue, 1, 500</td>
<td></td>
<td>0</td>
<td>in.shark.online.web.test.catalogue.master.TestGetProductCatalogueApiTestNg@5b7a5baa</td></tr>
<tr>
<td title='in.shark.online.web.test.catalogue.master.TestGetProductCatalogueApiTestNg.testGetProductCatalogueLoad()'><b>testGetProductCatalogueLoad</b><br>Test class: in.shark.online.web.test.catalogue.master.TestGetProductCatalogueApiTestNg<br>Parameters: 1234567, /api/catalogue-master/getProductCatalogue, 1, 500</td>
<td></td>
<td>0</td>
<td>in.shark.online.web.test.catalogue.master.TestGetProductCatalogueApiTestNg@5b7a5baa</td></tr>
<tr>
<td title='in.shark.online.web.test.catalogue.master.TestGetProductCatalogueApiTestNg.testGetProductCatalogueLoad()'><b>testGetProductCatalogueLoad</b><br>Test class: in.shark.online.web.test.catalogue.master.TestGetProductCatalogueApiTestNg<br>Parameters: 1234567, /api/catalogue-master/getProductCatalogue, 1, 500</td>
<td></td>
<td>0</td>
<td>in.shark.online.web.test.catalogue.master.TestGetProductCatalogueApiTestNg@5b7a5baa</td></tr>
<tr>
<td title='in.shark.online.web.test.catalogue.master.TestGetProductCatalogueApiTestNg.testGetProductCatalogueLoad()'><b>testGetProductCatalogueLoad</b><br>Test class: in.shark.online.web.test.catalogue.master.TestGetProductCatalogueApiTestNg<br>Parameters: 1234567, /api/catalogue-master/getProductCatalogue, 1, 500</td>
<td></td>
<td>0</td>
<td>in.shark.online.web.test.catalogue.master.TestGetProductCatalogueApiTestNg@5b7a5baa</td></tr>
<tr>
<td title='in.shark.online.web.test.catalogue.master.TestGetProductCatalogueApiTestNg.testGetProductCatalogueLoad()'><b>testGetProductCatalogueLoad</b><br>Test class: in.shark.online.web.test.catalogue.master.TestGetProductCatalogueApiTestNg<br>Parameters: 1234567, /api/catalogue-master/getProductCatalogue, 1, 500</td>
<td></td>
<td>0</td>
<td>in.shark.online.web.test.catalogue.master.TestGetProductCatalogueApiTestNg@5b7a5baa</td></tr>
<tr>
<td title='in.shark.online.web.test.catalogue.master.TestGetProductCatalogueApiTestNg.testGetProductCatalogueLoad()'><b>testGetProductCatalogueLoad</b><br>Test class: in.shark.online.web.test.catalogue.master.TestGetProductCatalogueApiTestNg<br>Parameters: 1234567, /api/catalogue-master/getProductCatalogue, 1, 500</td>
<td></td>
<td>0</td>
<td>in.shark.online.web.test.catalogue.master.TestGetProductCatalogueApiTestNg@5b7a5baa</td></tr>
<tr>
<td title='in.shark.online.web.test.catalogue.master.TestGetProductCatalogueApiTestNg.testGetProductCatalogueLoad()'><b>testGetProductCatalogueLoad</b><br>Test class: in.shark.online.web.test.catalogue.master.TestGetProductCatalogueApiTestNg<br>Parameters: 1234567, /api/catalogue-master/getProductCatalogue, 1, 500</td>
<td></td>
<td>0</td>
<td>in.shark.online.web.test.catalogue.master.TestGetProductCatalogueApiTestNg@5b7a5baa</td></tr>
<tr>
<td title='in.shark.online.web.test.catalogue.master.TestGetProductCatalogueApiTestNg.testGetProductCatalogueLoad()'><b>testGetProductCatalogueLoad</b><br>Test class: in.shark.online.web.test.catalogue.master.TestGetProductCatalogueApiTestNg<br>Parameters: 1234567, /api/catalogue-master/getProductCatalogue, 1, 500</td>
<td></td>
<td>0</td>
<td>in.shark.online.web.test.catalogue.master.TestGetProductCatalogueApiTestNg@5b7a5baa</td></tr>
<tr>
<td title='in.shark.online.web.test.catalogue.master.TestGetProductCatalogueApiTestNg.testGetProductCatalogueLoad()'><b>testGetProductCatalogueLoad</b><br>Test class: in.shark.online.web.test.catalogue.master.TestGetProductCatalogueApiTestNg<br>Parameters: 1234567, /api/catalogue-master/getProductCatalogue, 1, 500</td>
<td></td>
<td>0</td>
<td>in.shark.online.web.test.catalogue.master.TestGetProductCatalogueApiTestNg@5b7a5baa</td></tr>
<tr>
<td title='in.shark.online.web.test.catalogue.master.TestGetProductCatalogueApiTestNg.testGetProductCatalogueLoad()'><b>testGetProductCatalogueLoad</b><br>Test class: in.shark.online.web.test.catalogue.master.TestGetProductCatalogueApiTestNg<br>Parameters: 1234567, /api/catalogue-master/getProductCatalogue, 1, 500</td>
<td></td>
<td>0</td>
<td>in.shark.online.web.test.catalogue.master.TestGetProductCatalogueApiTestNg@5b7a5baa</td></tr>
<tr>
<td title='in.shark.online.web.test.catalogue.master.TestGetProductCatalogueApiTestNg.testGetProductCatalogueLoad()'><b>testGetProductCatalogueLoad</b><br>Test class: in.shark.online.web.test.catalogue.master.TestGetProductCatalogueApiTestNg<br>Parameters: 1234567, /api/catalogue-master/getProductCatalogue, 1, 500</td>
<td></td>
<td>0</td>
<td>in.shark.online.web.test.catalogue.master.TestGetProductCatalogueApiTestNg@5b7a5baa</td></tr>
<tr>
<td title='in.shark.online.web.test.catalogue.master.TestGetProductCatalogueApiTestNg.testGetProductCatalogueLoad()'><b>testGetProductCatalogueLoad</b><br>Test class: in.shark.online.web.test.catalogue.master.TestGetProductCatalogueApiTestNg<br>Parameters: 1234567, /api/catalogue-master/getProductCatalogue, 1, 500</td>
<td></td>
<td>0</td>
<td>in.shark.online.web.test.catalogue.master.TestGetProductCatalogueApiTestNg@5b7a5baa</td></tr>
<tr>
<td title='in.shark.online.web.test.catalogue.master.TestGetProductCatalogueApiTestNg.testGetProductCatalogueLoad()'><b>testGetProductCatalogueLoad</b><br>Test class: in.shark.online.web.test.catalogue.master.TestGetProductCatalogueApiTestNg<br>Parameters: 1234567, /api/catalogue-master/getProductCatalogue, 1, 500</td>
<td></td>
<td>0</td>
<td>in.shark.online.web.test.catalogue.master.TestGetProductCatalogueApiTestNg@5b7a5baa</td></tr>
<tr>
<td title='in.shark.online.web.test.catalogue.master.TestGetProductCatalogueApiTestNg.testGetProductCatalogueLoad()'><b>testGetProductCatalogueLoad</b><br>Test class: in.shark.online.web.test.catalogue.master.TestGetProductCatalogueApiTestNg<br>Parameters: 1234567, /api/catalogue-master/getProductCatalogue, 1, 500</td>
<td></td>
<td>0</td>
<td>in.shark.online.web.test.catalogue.master.TestGetProductCatalogueApiTestNg@5b7a5baa</td></tr>
<tr>
<td title='in.shark.online.web.test.catalogue.master.TestGetProductCatalogueApiTestNg.testGetProductCatalogueLoad()'><b>testGetProductCatalogueLoad</b><br>Test class: in.shark.online.web.test.catalogue.master.TestGetProductCatalogueApiTestNg<br>Parameters: 1234567, /api/catalogue-master/getProductCatalogue, 1, 500</td>
<td></td>
<td>0</td>
<td>in.shark.online.web.test.catalogue.master.TestGetProductCatalogueApiTestNg@5b7a5baa</td></tr>
<tr>
<td title='in.shark.online.web.test.catalogue.master.TestGetProductCatalogueApiTestNg.testGetProductCatalogueLoad()'><b>testGetProductCatalogueLoad</b><br>Test class: in.shark.online.web.test.catalogue.master.TestGetProductCatalogueApiTestNg<br>Parameters: 1234567, /api/catalogue-master/getProductCatalogue, 1, 500</td>
<td></td>
<td>0</td>
<td>in.shark.online.web.test.catalogue.master.TestGetProductCatalogueApiTestNg@5b7a5baa</td></tr>
<tr>
<td title='in.shark.online.web.test.catalogue.master.TestGetProductCatalogueApiTestNg.testGetProductCatalogueLoad()'><b>testGetProductCatalogueLoad</b><br>Test class: in.shark.online.web.test.catalogue.master.TestGetProductCatalogueApiTestNg<br>Parameters: 1234567, /api/catalogue-master/getProductCatalogue, 1, 500</td>
<td></td>
<td>0</td>
<td>in.shark.online.web.test.catalogue.master.TestGetProductCatalogueApiTestNg@5b7a5baa</td></tr>
<tr>
<td title='in.shark.online.web.test.catalogue.master.TestGetProductCatalogueApiTestNg.testGetProductCatalogueLoad()'><b>testGetProductCatalogueLoad</b><br>Test class: in.shark.online.web.test.catalogue.master.TestGetProductCatalogueApiTestNg<br>Parameters: 1234567, /api/catalogue-master/getProductCatalogue, 1, 500</td>
<td></td>
<td>0</td>
<td>in.shark.online.web.test.catalogue.master.TestGetProductCatalogueApiTestNg@5b7a5baa</td></tr>
<tr>
<td title='in.shark.online.web.test.catalogue.master.TestGetProductCatalogueApiTestNg.testGetProductCatalogueLoad()'><b>testGetProductCatalogueLoad</b><br>Test class: in.shark.online.web.test.catalogue.master.TestGetProductCatalogueApiTestNg<br>Parameters: 1234567, /api/catalogue-master/getProductCatalogue, 1, 500</td>
<td></td>
<td>0</td>
<td>in.shark.online.web.test.catalogue.master.TestGetProductCatalogueApiTestNg@5b7a5baa</td></tr>
<tr>
<td title='in.shark.online.web.test.catalogue.master.TestGetProductCatalogueApiTestNg.testGetProductCatalogueLoad()'><b>testGetProductCatalogueLoad</b><br>Test class: in.shark.online.web.test.catalogue.master.TestGetProductCatalogueApiTestNg<br>Parameters: 1234567, /api/catalogue-master/getProductCatalogue, 1, 500</td>
<td></td>
<td>0</td>
<td>in.shark.online.web.test.catalogue.master.TestGetProductCatalogueApiTestNg@5b7a5baa</td></tr>
<tr>
<td title='in.shark.online.web.test.catalogue.master.TestGetProductCatalogueApiTestNg.testGetProductCatalogueLoad()'><b>testGetProductCatalogueLoad</b><br>Test class: in.shark.online.web.test.catalogue.master.TestGetProductCatalogueApiTestNg<br>Parameters: 1234567, /api/catalogue-master/getProductCatalogue, 1, 500</td>
<td></td>
<td>0</td>
<td>in.shark.online.web.test.catalogue.master.TestGetProductCatalogueApiTestNg@5b7a5baa</td></tr>
<tr>
<td title='in.shark.online.web.test.catalogue.master.TestGetProductCatalogueApiTestNg.testGetProductCatalogueLoad()'><b>testGetProductCatalogueLoad</b><br>Test class: in.shark.online.web.test.catalogue.master.TestGetProductCatalogueApiTestNg<br>Parameters: 1234567, /api/catalogue-master/getProductCatalogue, 1, 500</td>
<td></td>
<td>0</td>
<td>in.shark.online.web.test.catalogue.master.TestGetProductCatalogueApiTestNg@5b7a5baa</td></tr>
<tr>
<td title='in.shark.online.web.test.catalogue.master.TestGetProductCatalogueApiTestNg.testGetProductCatalogueLoad()'><b>testGetProductCatalogueLoad</b><br>Test class: in.shark.online.web.test.catalogue.master.TestGetProductCatalogueApiTestNg<br>Parameters: 1234567, /api/catalogue-master/getProductCatalogue, 1, 500</td>
<td></td>
<td>0</td>
<td>in.shark.online.web.test.catalogue.master.TestGetProductCatalogueApiTestNg@5b7a5baa</td></tr>
<tr>
<td title='in.shark.online.web.test.catalogue.master.TestGetProductCatalogueApiTestNg.testGetProductCatalogueLoad()'><b>testGetProductCatalogueLoad</b><br>Test class: in.shark.online.web.test.catalogue.master.TestGetProductCatalogueApiTestNg<br>Parameters: 1234567, /api/catalogue-master/getProductCatalogue, 1, 500</td>
<td></td>
<td>0</td>
<td>in.shark.online.web.test.catalogue.master.TestGetProductCatalogueApiTestNg@5b7a5baa</td></tr>
<tr>
<td title='in.shark.online.web.test.catalogue.master.TestGetProductCatalogueApiTestNg.testGetProductCatalogueLoad()'><b>testGetProductCatalogueLoad</b><br>Test class: in.shark.online.web.test.catalogue.master.TestGetProductCatalogueApiTestNg<br>Parameters: 1234567, /api/catalogue-master/getProductCatalogue, 1, 500</td>
<td></td>
<td>0</td>
<td>in.shark.online.web.test.catalogue.master.TestGetProductCatalogueApiTestNg@5b7a5baa</td></tr>
<tr>
<td title='in.shark.online.web.test.catalogue.master.TestGetProductCatalogueApiTestNg.testGetProductCatalogueLoad()'><b>testGetProductCatalogueLoad</b><br>Test class: in.shark.online.web.test.catalogue.master.TestGetProductCatalogueApiTestNg<br>Parameters: 1234567, /api/catalogue-master/getProductCatalogue, 1, 500</td>
<td></td>
<td>0</td>
<td>in.shark.online.web.test.catalogue.master.TestGetProductCatalogueApiTestNg@5b7a5baa</td></tr>
<tr>
<td title='in.shark.online.web.test.catalogue.master.TestGetProductCatalogueApiTestNg.testGetProductCatalogueLoad()'><b>testGetProductCatalogueLoad</b><br>Test class: in.shark.online.web.test.catalogue.master.TestGetProductCatalogueApiTestNg<br>Parameters: 1234567, /api/catalogue-master/getProductCatalogue, 1, 500</td>
<td></td>
<td>0</td>
<td>in.shark.online.web.test.catalogue.master.TestGetProductCatalogueApiTestNg@5b7a5baa</td></tr>
<tr>
<td title='in.shark.online.web.test.catalogue.master.TestGetProductCatalogueApiTestNg.testGetProductCatalogueLoad()'><b>testGetProductCatalogueLoad</b><br>Test class: in.shark.online.web.test.catalogue.master.TestGetProductCatalogueApiTestNg<br>Parameters: 1234567, /api/catalogue-master/getProductCatalogue, 1, 500</td>
<td></td>
<td>0</td>
<td>in.shark.online.web.test.catalogue.master.TestGetProductCatalogueApiTestNg@5b7a5baa</td></tr>
<tr>
<td title='in.shark.online.web.test.catalogue.master.TestGetProductCatalogueApiTestNg.testGetProductCatalogueLoad()'><b>testGetProductCatalogueLoad</b><br>Test class: in.shark.online.web.test.catalogue.master.TestGetProductCatalogueApiTestNg<br>Parameters: 1234567, /api/catalogue-master/getProductCatalogue, 1, 500</td>
<td></td>
<td>0</td>
<td>in.shark.online.web.test.catalogue.master.TestGetProductCatalogueApiTestNg@5b7a5baa</td></tr>
<tr>
<td title='in.shark.online.web.test.catalogue.master.TestGetProductCatalogueApiTestNg.testGetProductCatalogueLoad()'><b>testGetProductCatalogueLoad</b><br>Test class: in.shark.online.web.test.catalogue.master.TestGetProductCatalogueApiTestNg<br>Parameters: 1234567, /api/catalogue-master/getProductCatalogue, 1, 500</td>
<td></td>
<td>0</td>
<td>in.shark.online.web.test.catalogue.master.TestGetProductCatalogueApiTestNg@5b7a5baa</td></tr>
<tr>
<td title='in.shark.online.web.test.catalogue.master.TestGetProductCatalogueApiTestNg.testGetProductCatalogueLoad()'><b>testGetProductCatalogueLoad</b><br>Test class: in.shark.online.web.test.catalogue.master.TestGetProductCatalogueApiTestNg<br>Parameters: 1234567, /api/catalogue-master/getProductCatalogue, 1, 500</td>
<td></td>
<td>0</td>
<td>in.shark.online.web.test.catalogue.master.TestGetProductCatalogueApiTestNg@5b7a5baa</td></tr>
<tr>
<td title='in.shark.online.web.test.catalogue.master.TestGetProductCatalogueApiTestNg.testGetProductCatalogueLoad()'><b>testGetProductCatalogueLoad</b><br>Test class: in.shark.online.web.test.catalogue.master.TestGetProductCatalogueApiTestNg<br>Parameters: 1234567, /api/catalogue-master/getProductCatalogue, 1, 500</td>
<td></td>
<td>0</td>
<td>in.shark.online.web.test.catalogue.master.TestGetProductCatalogueApiTestNg@5b7a5baa</td></tr>
<tr>
<td title='in.shark.online.web.test.catalogue.master.TestGetProductCatalogueApiTestNg.testGetProductCatalogueLoad()'><b>testGetProductCatalogueLoad</b><br>Test class: in.shark.online.web.test.catalogue.master.TestGetProductCatalogueApiTestNg<br>Parameters: 1234567, /api/catalogue-master/getProductCatalogue, 1, 500</td>
<td></td>
<td>0</td>
<td>in.shark.online.web.test.catalogue.master.TestGetProductCatalogueApiTestNg@5b7a5baa</td></tr>
<tr>
<td title='in.shark.online.web.test.catalogue.master.TestGetProductCatalogueApiTestNg.testGetProductCatalogueLoad()'><b>testGetProductCatalogueLoad</b><br>Test class: in.shark.online.web.test.catalogue.master.TestGetProductCatalogueApiTestNg<br>Parameters: 1234567, /api/catalogue-master/getProductCatalogue, 1, 500</td>
<td></td>
<td>0</td>
<td>in.shark.online.web.test.catalogue.master.TestGetProductCatalogueApiTestNg@5b7a5baa</td></tr>
<tr>
<td title='in.shark.online.web.test.catalogue.master.TestGetProductCatalogueApiTestNg.testGetProductCatalogueLoad()'><b>testGetProductCatalogueLoad</b><br>Test class: in.shark.online.web.test.catalogue.master.TestGetProductCatalogueApiTestNg<br>Parameters: 1234567, /api/catalogue-master/getProductCatalogue, 1, 500</td>
<td></td>
<td>0</td>
<td>in.shark.online.web.test.catalogue.master.TestGetProductCatalogueApiTestNg@5b7a5baa</td></tr>
<tr>
<td title='in.shark.online.web.test.catalogue.master.TestGetProductCatalogueApiTestNg.testGetProductCatalogueLoad()'><b>testGetProductCatalogueLoad</b><br>Test class: in.shark.online.web.test.catalogue.master.TestGetProductCatalogueApiTestNg<br>Parameters: 1234567, /api/catalogue-master/getProductCatalogue, 1, 500</td>
<td></td>
<td>0</td>
<td>in.shark.online.web.test.catalogue.master.TestGetProductCatalogueApiTestNg@5b7a5baa</td></tr>
<tr>
<td title='in.shark.online.web.test.catalogue.master.TestGetProductCatalogueApiTestNg.testGetProductCatalogueLoad()'><b>testGetProductCatalogueLoad</b><br>Test class: in.shark.online.web.test.catalogue.master.TestGetProductCatalogueApiTestNg<br>Parameters: 1234567, /api/catalogue-master/getProductCatalogue, 1, 500</td>
<td></td>
<td>0</td>
<td>in.shark.online.web.test.catalogue.master.TestGetProductCatalogueApiTestNg@5b7a5baa</td></tr>
<tr>
<td title='in.shark.online.web.test.catalogue.master.TestGetProductCatalogueApiTestNg.testGetProductCatalogueLoad()'><b>testGetProductCatalogueLoad</b><br>Test class: in.shark.online.web.test.catalogue.master.TestGetProductCatalogueApiTestNg<br>Parameters: 1234567, /api/catalogue-master/getProductCatalogue, 1, 500</td>
<td></td>
<td>0</td>
<td>in.shark.online.web.test.catalogue.master.TestGetProductCatalogueApiTestNg@5b7a5baa</td></tr>
<tr>
<td title='in.shark.online.web.test.catalogue.master.TestGetProductCatalogueApiTestNg.testGetProductCatalogueLoad()'><b>testGetProductCatalogueLoad</b><br>Test class: in.shark.online.web.test.catalogue.master.TestGetProductCatalogueApiTestNg<br>Parameters: 1234567, /api/catalogue-master/getProductCatalogue, 1, 500</td>
<td></td>
<td>0</td>
<td>in.shark.online.web.test.catalogue.master.TestGetProductCatalogueApiTestNg@5b7a5baa</td></tr>
<tr>
<td title='in.shark.online.web.test.catalogue.master.TestGetProductCatalogueApiTestNg.testGetProductCatalogueLoad()'><b>testGetProductCatalogueLoad</b><br>Test class: in.shark.online.web.test.catalogue.master.TestGetProductCatalogueApiTestNg<br>Parameters: 1234567, /api/catalogue-master/getProductCatalogue, 1, 500</td>
<td></td>
<td>0</td>
<td>in.shark.online.web.test.catalogue.master.TestGetProductCatalogueApiTestNg@5b7a5baa</td></tr>
<tr>
<td title='in.shark.online.web.test.catalogue.master.TestGetProductCatalogueApiTestNg.testGetProductCatalogueLoad()'><b>testGetProductCatalogueLoad</b><br>Test class: in.shark.online.web.test.catalogue.master.TestGetProductCatalogueApiTestNg<br>Parameters: 1234567, /api/catalogue-master/getProductCatalogue, 1, 500</td>
<td></td>
<td>0</td>
<td>in.shark.online.web.test.catalogue.master.TestGetProductCatalogueApiTestNg@5b7a5baa</td></tr>
<tr>
<td title='in.shark.online.web.test.catalogue.master.TestGetProductCatalogueApiTestNg.testGetProductCatalogueLoad()'><b>testGetProductCatalogueLoad</b><br>Test class: in.shark.online.web.test.catalogue.master.TestGetProductCatalogueApiTestNg<br>Parameters: 1234567, /api/catalogue-master/getProductCatalogue, 1, 500</td>
<td></td>
<td>0</td>
<td>in.shark.online.web.test.catalogue.master.TestGetProductCatalogueApiTestNg@5b7a5baa</td></tr>
<tr>
<td title='in.shark.online.web.test.catalogue.master.TestGetProductCatalogueApiTestNg.testGetProductCatalogueLoad()'><b>testGetProductCatalogueLoad</b><br>Test class: in.shark.online.web.test.catalogue.master.TestGetProductCatalogueApiTestNg<br>Parameters: 1234567, /api/catalogue-master/getProductCatalogue, 1, 500</td>
<td></td>
<td>0</td>
<td>in.shark.online.web.test.catalogue.master.TestGetProductCatalogueApiTestNg@5b7a5baa</td></tr>
<tr>
<td title='in.shark.online.web.test.catalogue.master.TestGetProductCatalogueApiTestNg.testGetProductCatalogueLoad()'><b>testGetProductCatalogueLoad</b><br>Test class: in.shark.online.web.test.catalogue.master.TestGetProductCatalogueApiTestNg<br>Parameters: 1234567, /api/catalogue-master/getProductCatalogue, 1, 500</td>
<td></td>
<td>0</td>
<td>in.shark.online.web.test.catalogue.master.TestGetProductCatalogueApiTestNg@5b7a5baa</td></tr>
<tr>
<td title='in.shark.online.web.test.catalogue.master.TestGetProductCatalogueApiTestNg.testGetProductCatalogueLoad()'><b>testGetProductCatalogueLoad</b><br>Test class: in.shark.online.web.test.catalogue.master.TestGetProductCatalogueApiTestNg<br>Parameters: 1234567, /api/catalogue-master/getProductCatalogue, 1, 500</td>
<td></td>
<td>0</td>
<td>in.shark.online.web.test.catalogue.master.TestGetProductCatalogueApiTestNg@5b7a5baa</td></tr>
<tr>
<td title='in.shark.online.web.test.catalogue.master.TestGetProductCatalogueApiTestNg.testGetProductCatalogueLoad()'><b>testGetProductCatalogueLoad</b><br>Test class: in.shark.online.web.test.catalogue.master.TestGetProductCatalogueApiTestNg<br>Parameters: 1234567, /api/catalogue-master/getProductCatalogue, 1, 500</td>
<td></td>
<td>0</td>
<td>in.shark.online.web.test.catalogue.master.TestGetProductCatalogueApiTestNg@5b7a5baa</td></tr>
<tr>
<td title='in.shark.online.web.test.catalogue.master.TestGetProductCatalogueApiTestNg.testGetProductCatalogueLoad()'><b>testGetProductCatalogueLoad</b><br>Test class: in.shark.online.web.test.catalogue.master.TestGetProductCatalogueApiTestNg<br>Parameters: 1234567, /api/catalogue-master/getProductCatalogue, 1, 500</td>
<td></td>
<td>0</td>
<td>in.shark.online.web.test.catalogue.master.TestGetProductCatalogueApiTestNg@5b7a5baa</td></tr>
<tr>
<td title='in.shark.online.web.test.catalogue.master.TestGetProductCatalogueApiTestNg.testGetProductCatalogueLoad()'><b>testGetProductCatalogueLoad</b><br>Test class: in.shark.online.web.test.catalogue.master.TestGetProductCatalogueApiTestNg<br>Parameters: 1234567, /api/catalogue-master/getProductCatalogue, 1, 500</td>
<td></td>
<td>0</td>
<td>in.shark.online.web.test.catalogue.master.TestGetProductCatalogueApiTestNg@5b7a5baa</td></tr>
<tr>
<td title='in.shark.online.web.test.catalogue.master.TestGetProductCatalogueApiTestNg.testGetProductCatalogueLoad()'><b>testGetProductCatalogueLoad</b><br>Test class: in.shark.online.web.test.catalogue.master.TestGetProductCatalogueApiTestNg<br>Parameters: 1234567, /api/catalogue-master/getProductCatalogue, 1, 500</td>
<td></td>
<td>0</td>
<td>in.shark.online.web.test.catalogue.master.TestGetProductCatalogueApiTestNg@5b7a5baa</td></tr>
<tr>
<td title='in.shark.online.web.test.catalogue.master.TestGetProductCatalogueApiTestNg.testGetProductCatalogueLoad()'><b>testGetProductCatalogueLoad</b><br>Test class: in.shark.online.web.test.catalogue.master.TestGetProductCatalogueApiTestNg<br>Parameters: 1234567, /api/catalogue-master/getProductCatalogue, 1, 500</td>
<td></td>
<td>0</td>
<td>in.shark.online.web.test.catalogue.master.TestGetProductCatalogueApiTestNg@5b7a5baa</td></tr>
<tr>
<td title='in.shark.online.web.test.catalogue.master.TestGetProductCatalogueApiTestNg.testGetProductCatalogueLoad()'><b>testGetProductCatalogueLoad</b><br>Test class: in.shark.online.web.test.catalogue.master.TestGetProductCatalogueApiTestNg<br>Parameters: 1234567, /api/catalogue-master/getProductCatalogue, 1, 500</td>
<td></td>
<td>0</td>
<td>in.shark.online.web.test.catalogue.master.TestGetProductCatalogueApiTestNg@5b7a5baa</td></tr>
<tr>
<td title='in.shark.online.web.test.catalogue.master.TestGetProductCatalogueApiTestNg.testGetProductCatalogueLoad()'><b>testGetProductCatalogueLoad</b><br>Test class: in.shark.online.web.test.catalogue.master.TestGetProductCatalogueApiTestNg<br>Parameters: 1234567, /api/catalogue-master/getProductCatalogue, 1, 500</td>
<td></td>
<td>0</td>
<td>in.shark.online.web.test.catalogue.master.TestGetProductCatalogueApiTestNg@5b7a5baa</td></tr>
<tr>
<td title='in.shark.online.web.test.catalogue.master.TestGetProductCatalogueApiTestNg.testGetProductCatalogueLoad()'><b>testGetProductCatalogueLoad</b><br>Test class: in.shark.online.web.test.catalogue.master.TestGetProductCatalogueApiTestNg<br>Parameters: 1234567, /api/catalogue-master/getProductCatalogue, 1, 500</td>
<td></td>
<td>0</td>
<td>in.shark.online.web.test.catalogue.master.TestGetProductCatalogueApiTestNg@5b7a5baa</td></tr>
<tr>
<td title='in.shark.online.web.test.catalogue.master.TestGetProductCatalogueApiTestNg.testGetProductCatalogueLoad()'><b>testGetProductCatalogueLoad</b><br>Test class: in.shark.online.web.test.catalogue.master.TestGetProductCatalogueApiTestNg<br>Parameters: 1234567, /api/catalogue-master/getProductCatalogue, 1, 500</td>
<td></td>
<td>0</td>
<td>in.shark.online.web.test.catalogue.master.TestGetProductCatalogueApiTestNg@5b7a5baa</td></tr>
<tr>
<td title='in.shark.online.web.test.catalogue.master.TestGetProductCatalogueApiTestNg.testGetProductCatalogueLoad()'><b>testGetProductCatalogueLoad</b><br>Test class: in.shark.online.web.test.catalogue.master.TestGetProductCatalogueApiTestNg<br>Parameters: 1234567, /api/catalogue-master/getProductCatalogue, 1, 500</td>
<td></td>
<td>0</td>
<td>in.shark.online.web.test.catalogue.master.TestGetProductCatalogueApiTestNg@5b7a5baa</td></tr>
<tr>
<td title='in.shark.online.web.test.catalogue.master.TestGetProductCatalogueApiTestNg.testGetProductCatalogueLoad()'><b>testGetProductCatalogueLoad</b><br>Test class: in.shark.online.web.test.catalogue.master.TestGetProductCatalogueApiTestNg<br>Parameters: 1234567, /api/catalogue-master/getProductCatalogue, 1, 500</td>
<td></td>
<td>0</td>
<td>in.shark.online.web.test.catalogue.master.TestGetProductCatalogueApiTestNg@5b7a5baa</td></tr>
<tr>
<td title='in.shark.online.web.test.catalogue.master.TestGetProductCatalogueApiTestNg.testGetProductCatalogueLoad()'><b>testGetProductCatalogueLoad</b><br>Test class: in.shark.online.web.test.catalogue.master.TestGetProductCatalogueApiTestNg<br>Parameters: 1234567, /api/catalogue-master/getProductCatalogue, 1, 500</td>
<td></td>
<td>0</td>
<td>in.shark.online.web.test.catalogue.master.TestGetProductCatalogueApiTestNg@5b7a5baa</td></tr>
<tr>
<td title='in.shark.online.web.test.catalogue.master.TestGetProductCatalogueApiTestNg.testGetProductCatalogueLoad()'><b>testGetProductCatalogueLoad</b><br>Test class: in.shark.online.web.test.catalogue.master.TestGetProductCatalogueApiTestNg<br>Parameters: 1234567, /api/catalogue-master/getProductCatalogue, 1, 500</td>
<td></td>
<td>0</td>
<td>in.shark.online.web.test.catalogue.master.TestGetProductCatalogueApiTestNg@5b7a5baa</td></tr>
<tr>
<td title='in.shark.online.web.test.catalogue.master.TestGetProductCatalogueApiTestNg.testGetProductCatalogueLoad()'><b>testGetProductCatalogueLoad</b><br>Test class: in.shark.online.web.test.catalogue.master.TestGetProductCatalogueApiTestNg<br>Parameters: 1234567, /api/catalogue-master/getProductCatalogue, 1, 500</td>
<td></td>
<td>0</td>
<td>in.shark.online.web.test.catalogue.master.TestGetProductCatalogueApiTestNg@5b7a5baa</td></tr>
<tr>
<td title='in.shark.online.web.test.catalogue.master.TestGetProductCatalogueApiTestNg.testGetProductCatalogueLoad()'><b>testGetProductCatalogueLoad</b><br>Test class: in.shark.online.web.test.catalogue.master.TestGetProductCatalogueApiTestNg<br>Parameters: 1234567, /api/catalogue-master/getProductCatalogue, 1, 500</td>
<td></td>
<td>0</td>
<td>in.shark.online.web.test.catalogue.master.TestGetProductCatalogueApiTestNg@5b7a5baa</td></tr>
<tr>
<td title='in.shark.online.web.test.catalogue.master.TestGetProductCatalogueApiTestNg.testGetProductCatalogueLoad()'><b>testGetProductCatalogueLoad</b><br>Test class: in.shark.online.web.test.catalogue.master.TestGetProductCatalogueApiTestNg<br>Parameters: 1234567, /api/catalogue-master/getProductCatalogue, 1, 500</td>
<td></td>
<td>0</td>
<td>in.shark.online.web.test.catalogue.master.TestGetProductCatalogueApiTestNg@5b7a5baa</td></tr>
<tr>
<td title='in.shark.online.web.test.catalogue.master.TestGetProductCatalogueApiTestNg.testGetProductCatalogueLoad()'><b>testGetProductCatalogueLoad</b><br>Test class: in.shark.online.web.test.catalogue.master.TestGetProductCatalogueApiTestNg<br>Parameters: 1234567, /api/catalogue-master/getProductCatalogue, 1, 500</td>
<td></td>
<td>0</td>
<td>in.shark.online.web.test.catalogue.master.TestGetProductCatalogueApiTestNg@5b7a5baa</td></tr>
<tr>
<td title='in.shark.online.web.test.catalogue.master.TestGetProductCatalogueApiTestNg.testGetProductCatalogueLoad()'><b>testGetProductCatalogueLoad</b><br>Test class: in.shark.online.web.test.catalogue.master.TestGetProductCatalogueApiTestNg<br>Parameters: 1234567, /api/catalogue-master/getProductCatalogue, 1, 500</td>
<td></td>
<td>0</td>
<td>in.shark.online.web.test.catalogue.master.TestGetProductCatalogueApiTestNg@5b7a5baa</td></tr>
<tr>
<td title='in.shark.online.web.test.catalogue.master.TestGetProductCatalogueApiTestNg.testGetProductCatalogueLoad()'><b>testGetProductCatalogueLoad</b><br>Test class: in.shark.online.web.test.catalogue.master.TestGetProductCatalogueApiTestNg<br>Parameters: 1234567, /api/catalogue-master/getProductCatalogue, 1, 500</td>
<td></td>
<td>0</td>
<td>in.shark.online.web.test.catalogue.master.TestGetProductCatalogueApiTestNg@5b7a5baa</td></tr>
<tr>
<td title='in.shark.online.web.test.catalogue.master.TestGetProductCatalogueApiTestNg.testGetProductCatalogueLoad()'><b>testGetProductCatalogueLoad</b><br>Test class: in.shark.online.web.test.catalogue.master.TestGetProductCatalogueApiTestNg<br>Parameters: 1234567, /api/catalogue-master/getProductCatalogue, 1, 500</td>
<td></td>
<td>0</td>
<td>in.shark.online.web.test.catalogue.master.TestGetProductCatalogueApiTestNg@5b7a5baa</td></tr>
<tr>
<td title='in.shark.online.web.test.catalogue.master.TestGetProductCatalogueApiTestNg.testGetProductCatalogueLoad()'><b>testGetProductCatalogueLoad</b><br>Test class: in.shark.online.web.test.catalogue.master.TestGetProductCatalogueApiTestNg<br>Parameters: 1234567, /api/catalogue-master/getProductCatalogue, 1, 500</td>
<td></td>
<td>0</td>
<td>in.shark.online.web.test.catalogue.master.TestGetProductCatalogueApiTestNg@5b7a5baa</td></tr>
</table><p>
</body>
</html>