<?xml version="1.0" encoding="UTF-8"?>
<!-- Generated by org.testng.reporters.JUnitXMLReporter -->
<testsuite hostname="Chaipoints-MacBook-Air.local" name="validParameters" tests="1" failures="1" timestamp="8 Jan 2020 10:34:47 GMT" time="0.992" errors="0">
  <testcase name="testGetProductCatalogue" time="0.966" classname="cool.fountain.online.web.test.catalogue.master.TestGetProductCatalogueApiTestNg">
    <failure type="java.lang.AssertionError" message="expected [true] but found [false]">
      <![CDATA[java.lang.AssertionError: expected [true] but found [false]
	at cool.fountain.online.web.test.catalogue.master.TestGetProductCatalogueApiTestNg.testGetProductCatalogue(TestGetProductCatalogueApiTestNg.java:87)
	at org.springframework.test.context.testng.AbstractTestNGSpringContextTests.run(AbstractTestNGSpringContextTests.java:180)
	at org.apache.maven.surefire.testng.TestNGExecutor.run(TestNGExecutor.java:283)
	at org.apache.maven.surefire.testng.TestNGXmlTestSuite.execute(TestNGXmlTestSuite.java:75)
	at org.apache.maven.surefire.testng.TestNGProvider.invoke(TestNGProvider.java:120)
	at org.apache.maven.surefire.booter.ForkedBooter.invokeProviderInSameClassLoader(ForkedBooter.java:384)
	at org.apache.maven.surefire.booter.ForkedBooter.runSuitesInProcess(ForkedBooter.java:345)
	at org.apache.maven.surefire.booter.ForkedBooter.execute(ForkedBooter.java:126)
	at org.apache.maven.surefire.booter.ForkedBooter.main(ForkedBooter.java:418)
... Removed 32 stack frames]]>
    </failure>
  </testcase> <!-- testGetProductCatalogue -->
</testsuite> <!-- validParameters -->
