<?xml version="1.0" encoding="UTF-8"?>
<!-- Generated by org.testng.reporters.JUnitXMLReporter -->
<testsuite hostname="Chaipoints-MacBook-Air.local" name="getAllProductsLoadTest" tests="100" failures="18" timestamp="25 Nov 2019 12:37:18 GMT" time="4.475" errors="0">
  <testcase name="testGetAllProductstLoad" time="0.307" classname="in.shark.online.web.test.catalogue.master.TestGetAllProductsApiTestNg"/>
  <testcase name="testGetAllProductstLoad" time="0.639" classname="in.shark.online.web.test.catalogue.master.TestGetAllProductsApiTestNg">
    <failure type="java.lang.AssertionError" message="Response time of GetAllProducts call more than: 500 expected [true] but found [false]">
      <![CDATA[java.lang.AssertionError: Response time of GetAllProducts call more than: 500 expected [true] but found [false]
	at in.shark.online.web.test.catalogue.master.TestGetAllProductsApiTestNg.testGetAllProductstLoad(TestGetAllProductsApiTestNg.java:71)
	at org.springframework.test.context.testng.AbstractTestNGSpringContextTests.run(AbstractTestNGSpringContextTests.java:180)
	at java.util.concurrent.FutureTask.run(FutureTask.java:266)
	at java.util.concurrent.ThreadPoolExecutor.runWorker(ThreadPoolExecutor.java:1149)
	at java.util.concurrent.ThreadPoolExecutor$Worker.run(ThreadPoolExecutor.java:624)
	at java.lang.Thread.run(Thread.java:748)
... Removed 20 stack frames]]>
    </failure>
  </testcase> <!-- testGetAllProductstLoad -->
  <testcase name="testGetAllProductstLoad" time="0.648" classname="in.shark.online.web.test.catalogue.master.TestGetAllProductsApiTestNg">
    <failure type="java.lang.AssertionError" message="Response time of GetAllProducts call more than: 500 expected [true] but found [false]">
      <![CDATA[java.lang.AssertionError: Response time of GetAllProducts call more than: 500 expected [true] but found [false]
	at in.shark.online.web.test.catalogue.master.TestGetAllProductsApiTestNg.testGetAllProductstLoad(TestGetAllProductsApiTestNg.java:71)
	at org.springframework.test.context.testng.AbstractTestNGSpringContextTests.run(AbstractTestNGSpringContextTests.java:180)
	at java.util.concurrent.FutureTask.run(FutureTask.java:266)
	at java.util.concurrent.ThreadPoolExecutor.runWorker(ThreadPoolExecutor.java:1149)
	at java.util.concurrent.ThreadPoolExecutor$Worker.run(ThreadPoolExecutor.java:624)
	at java.lang.Thread.run(Thread.java:748)
... Removed 20 stack frames]]>
    </failure>
  </testcase> <!-- testGetAllProductstLoad -->
  <testcase name="testGetAllProductstLoad" time="0.69" classname="in.shark.online.web.test.catalogue.master.TestGetAllProductsApiTestNg">
    <failure type="java.lang.AssertionError" message="Response time of GetAllProducts call more than: 500 expected [true] but found [false]">
      <![CDATA[java.lang.AssertionError: Response time of GetAllProducts call more than: 500 expected [true] but found [false]
	at in.shark.online.web.test.catalogue.master.TestGetAllProductsApiTestNg.testGetAllProductstLoad(TestGetAllProductsApiTestNg.java:71)
	at org.springframework.test.context.testng.AbstractTestNGSpringContextTests.run(AbstractTestNGSpringContextTests.java:180)
	at java.util.concurrent.FutureTask.run(FutureTask.java:266)
	at java.util.concurrent.ThreadPoolExecutor.runWorker(ThreadPoolExecutor.java:1149)
	at java.util.concurrent.ThreadPoolExecutor$Worker.run(ThreadPoolExecutor.java:624)
	at java.lang.Thread.run(Thread.java:748)
... Removed 20 stack frames]]>
    </failure>
  </testcase> <!-- testGetAllProductstLoad -->
  <testcase name="testGetAllProductstLoad" time="0.693" classname="in.shark.online.web.test.catalogue.master.TestGetAllProductsApiTestNg">
    <failure type="java.lang.AssertionError" message="Response time of GetAllProducts call more than: 500 expected [true] but found [false]">
      <![CDATA[java.lang.AssertionError: Response time of GetAllProducts call more than: 500 expected [true] but found [false]
	at in.shark.online.web.test.catalogue.master.TestGetAllProductsApiTestNg.testGetAllProductstLoad(TestGetAllProductsApiTestNg.java:71)
	at org.springframework.test.context.testng.AbstractTestNGSpringContextTests.run(AbstractTestNGSpringContextTests.java:180)
	at java.util.concurrent.FutureTask.run(FutureTask.java:266)
	at java.util.concurrent.ThreadPoolExecutor.runWorker(ThreadPoolExecutor.java:1149)
	at java.util.concurrent.ThreadPoolExecutor$Worker.run(ThreadPoolExecutor.java:624)
	at java.lang.Thread.run(Thread.java:748)
... Removed 20 stack frames]]>
    </failure>
  </testcase> <!-- testGetAllProductstLoad -->
  <testcase name="testGetAllProductstLoad" time="0.711" classname="in.shark.online.web.test.catalogue.master.TestGetAllProductsApiTestNg">
    <failure type="java.lang.AssertionError" message="Response time of GetAllProducts call more than: 500 expected [true] but found [false]">
      <![CDATA[java.lang.AssertionError: Response time of GetAllProducts call more than: 500 expected [true] but found [false]
	at in.shark.online.web.test.catalogue.master.TestGetAllProductsApiTestNg.testGetAllProductstLoad(TestGetAllProductsApiTestNg.java:71)
	at org.springframework.test.context.testng.AbstractTestNGSpringContextTests.run(AbstractTestNGSpringContextTests.java:180)
	at java.util.concurrent.FutureTask.run(FutureTask.java:266)
	at java.util.concurrent.ThreadPoolExecutor.runWorker(ThreadPoolExecutor.java:1149)
	at java.util.concurrent.ThreadPoolExecutor$Worker.run(ThreadPoolExecutor.java:624)
	at java.lang.Thread.run(Thread.java:748)
... Removed 20 stack frames]]>
    </failure>
  </testcase> <!-- testGetAllProductstLoad -->
  <testcase name="testGetAllProductstLoad" time="0.715" classname="in.shark.online.web.test.catalogue.master.TestGetAllProductsApiTestNg">
    <failure type="java.lang.AssertionError" message="Response time of GetAllProducts call more than: 500 expected [true] but found [false]">
      <![CDATA[java.lang.AssertionError: Response time of GetAllProducts call more than: 500 expected [true] but found [false]
	at in.shark.online.web.test.catalogue.master.TestGetAllProductsApiTestNg.testGetAllProductstLoad(TestGetAllProductsApiTestNg.java:71)
	at org.springframework.test.context.testng.AbstractTestNGSpringContextTests.run(AbstractTestNGSpringContextTests.java:180)
	at java.util.concurrent.FutureTask.run(FutureTask.java:266)
	at java.util.concurrent.ThreadPoolExecutor.runWorker(ThreadPoolExecutor.java:1149)
	at java.util.concurrent.ThreadPoolExecutor$Worker.run(ThreadPoolExecutor.java:624)
	at java.lang.Thread.run(Thread.java:748)
... Removed 20 stack frames]]>
    </failure>
  </testcase> <!-- testGetAllProductstLoad -->
  <testcase name="testGetAllProductstLoad" time="0.407" classname="in.shark.online.web.test.catalogue.master.TestGetAllProductsApiTestNg"/>
  <testcase name="testGetAllProductstLoad" time="0.725" classname="in.shark.online.web.test.catalogue.master.TestGetAllProductsApiTestNg">
    <failure type="java.lang.AssertionError" message="Response time of GetAllProducts call more than: 500 expected [true] but found [false]">
      <![CDATA[java.lang.AssertionError: Response time of GetAllProducts call more than: 500 expected [true] but found [false]
	at in.shark.online.web.test.catalogue.master.TestGetAllProductsApiTestNg.testGetAllProductstLoad(TestGetAllProductsApiTestNg.java:71)
	at org.springframework.test.context.testng.AbstractTestNGSpringContextTests.run(AbstractTestNGSpringContextTests.java:180)
	at java.util.concurrent.FutureTask.run(FutureTask.java:266)
	at java.util.concurrent.ThreadPoolExecutor.runWorker(ThreadPoolExecutor.java:1149)
	at java.util.concurrent.ThreadPoolExecutor$Worker.run(ThreadPoolExecutor.java:624)
	at java.lang.Thread.run(Thread.java:748)
... Removed 20 stack frames]]>
    </failure>
  </testcase> <!-- testGetAllProductstLoad -->
  <testcase name="testGetAllProductstLoad" time="0.728" classname="in.shark.online.web.test.catalogue.master.TestGetAllProductsApiTestNg">
    <failure type="java.lang.AssertionError" message="Response time of GetAllProducts call more than: 500 expected [true] but found [false]">
      <![CDATA[java.lang.AssertionError: Response time of GetAllProducts call more than: 500 expected [true] but found [false]
	at in.shark.online.web.test.catalogue.master.TestGetAllProductsApiTestNg.testGetAllProductstLoad(TestGetAllProductsApiTestNg.java:71)
	at org.springframework.test.context.testng.AbstractTestNGSpringContextTests.run(AbstractTestNGSpringContextTests.java:180)
	at java.util.concurrent.FutureTask.run(FutureTask.java:266)
	at java.util.concurrent.ThreadPoolExecutor.runWorker(ThreadPoolExecutor.java:1149)
	at java.util.concurrent.ThreadPoolExecutor$Worker.run(ThreadPoolExecutor.java:624)
	at java.lang.Thread.run(Thread.java:748)
... Removed 20 stack frames]]>
    </failure>
  </testcase> <!-- testGetAllProductstLoad -->
  <testcase name="testGetAllProductstLoad" time="0.741" classname="in.shark.online.web.test.catalogue.master.TestGetAllProductsApiTestNg">
    <failure type="java.lang.AssertionError" message="Response time of GetAllProducts call more than: 500 expected [true] but found [false]">
      <![CDATA[java.lang.AssertionError: Response time of GetAllProducts call more than: 500 expected [true] but found [false]
	at in.shark.online.web.test.catalogue.master.TestGetAllProductsApiTestNg.testGetAllProductstLoad(TestGetAllProductsApiTestNg.java:71)
	at org.springframework.test.context.testng.AbstractTestNGSpringContextTests.run(AbstractTestNGSpringContextTests.java:180)
	at java.util.concurrent.FutureTask.run(FutureTask.java:266)
	at java.util.concurrent.ThreadPoolExecutor.runWorker(ThreadPoolExecutor.java:1149)
	at java.util.concurrent.ThreadPoolExecutor$Worker.run(ThreadPoolExecutor.java:624)
	at java.lang.Thread.run(Thread.java:748)
... Removed 20 stack frames]]>
    </failure>
  </testcase> <!-- testGetAllProductstLoad -->
  <testcase name="testGetAllProductstLoad" time="0.363" classname="in.shark.online.web.test.catalogue.master.TestGetAllProductsApiTestNg"/>
  <testcase name="testGetAllProductstLoad" time="0.398" classname="in.shark.online.web.test.catalogue.master.TestGetAllProductsApiTestNg"/>
  <testcase name="testGetAllProductstLoad" time="0.456" classname="in.shark.online.web.test.catalogue.master.TestGetAllProductsApiTestNg"/>
  <testcase name="testGetAllProductstLoad" time="0.475" classname="in.shark.online.web.test.catalogue.master.TestGetAllProductsApiTestNg"/>
  <testcase name="testGetAllProductstLoad" time="0.527" classname="in.shark.online.web.test.catalogue.master.TestGetAllProductsApiTestNg">
    <failure type="java.lang.AssertionError" message="Response time of GetAllProducts call more than: 500 expected [true] but found [false]">
      <![CDATA[java.lang.AssertionError: Response time of GetAllProducts call more than: 500 expected [true] but found [false]
	at in.shark.online.web.test.catalogue.master.TestGetAllProductsApiTestNg.testGetAllProductstLoad(TestGetAllProductsApiTestNg.java:71)
	at org.springframework.test.context.testng.AbstractTestNGSpringContextTests.run(AbstractTestNGSpringContextTests.java:180)
	at java.util.concurrent.FutureTask.run(FutureTask.java:266)
	at java.util.concurrent.ThreadPoolExecutor.runWorker(ThreadPoolExecutor.java:1149)
	at java.util.concurrent.ThreadPoolExecutor$Worker.run(ThreadPoolExecutor.java:624)
	at java.lang.Thread.run(Thread.java:748)
... Removed 20 stack frames]]>
    </failure>
  </testcase> <!-- testGetAllProductstLoad -->
  <testcase name="testGetAllProductstLoad" time="0.463" classname="in.shark.online.web.test.catalogue.master.TestGetAllProductsApiTestNg"/>
  <testcase name="testGetAllProductstLoad" time="0.472" classname="in.shark.online.web.test.catalogue.master.TestGetAllProductsApiTestNg"/>
  <testcase name="testGetAllProductstLoad" time="0.484" classname="in.shark.online.web.test.catalogue.master.TestGetAllProductsApiTestNg"/>
  <testcase name="testGetAllProductstLoad" time="0.477" classname="in.shark.online.web.test.catalogue.master.TestGetAllProductsApiTestNg"/>
  <testcase name="testGetAllProductstLoad" time="0.478" classname="in.shark.online.web.test.catalogue.master.TestGetAllProductsApiTestNg"/>
  <testcase name="testGetAllProductstLoad" time="0.246" classname="in.shark.online.web.test.catalogue.master.TestGetAllProductsApiTestNg"/>
  <testcase name="testGetAllProductstLoad" time="0.252" classname="in.shark.online.web.test.catalogue.master.TestGetAllProductsApiTestNg"/>
  <testcase name="testGetAllProductstLoad" time="0.295" classname="in.shark.online.web.test.catalogue.master.TestGetAllProductsApiTestNg"/>
  <testcase name="testGetAllProductstLoad" time="0.429" classname="in.shark.online.web.test.catalogue.master.TestGetAllProductsApiTestNg"/>
  <testcase name="testGetAllProductstLoad" time="0.432" classname="in.shark.online.web.test.catalogue.master.TestGetAllProductsApiTestNg"/>
  <testcase name="testGetAllProductstLoad" time="0.467" classname="in.shark.online.web.test.catalogue.master.TestGetAllProductsApiTestNg"/>
  <testcase name="testGetAllProductstLoad" time="0.487" classname="in.shark.online.web.test.catalogue.master.TestGetAllProductsApiTestNg"/>
  <testcase name="testGetAllProductstLoad" time="0.474" classname="in.shark.online.web.test.catalogue.master.TestGetAllProductsApiTestNg"/>
  <testcase name="testGetAllProductstLoad" time="0.348" classname="in.shark.online.web.test.catalogue.master.TestGetAllProductsApiTestNg"/>
  <testcase name="testGetAllProductstLoad" time="0.483" classname="in.shark.online.web.test.catalogue.master.TestGetAllProductsApiTestNg"/>
  <testcase name="testGetAllProductstLoad" time="0.356" classname="in.shark.online.web.test.catalogue.master.TestGetAllProductsApiTestNg"/>
  <testcase name="testGetAllProductstLoad" time="0.491" classname="in.shark.online.web.test.catalogue.master.TestGetAllProductsApiTestNg"/>
  <testcase name="testGetAllProductstLoad" time="0.292" classname="in.shark.online.web.test.catalogue.master.TestGetAllProductsApiTestNg"/>
  <testcase name="testGetAllProductstLoad" time="0.341" classname="in.shark.online.web.test.catalogue.master.TestGetAllProductsApiTestNg"/>
  <testcase name="testGetAllProductstLoad" time="0.365" classname="in.shark.online.web.test.catalogue.master.TestGetAllProductsApiTestNg"/>
  <testcase name="testGetAllProductstLoad" time="0.386" classname="in.shark.online.web.test.catalogue.master.TestGetAllProductsApiTestNg"/>
  <testcase name="testGetAllProductstLoad" time="0.37" classname="in.shark.online.web.test.catalogue.master.TestGetAllProductsApiTestNg"/>
  <testcase name="testGetAllProductstLoad" time="0.415" classname="in.shark.online.web.test.catalogue.master.TestGetAllProductsApiTestNg"/>
  <testcase name="testGetAllProductstLoad" time="0.444" classname="in.shark.online.web.test.catalogue.master.TestGetAllProductsApiTestNg"/>
  <testcase name="testGetAllProductstLoad" time="0.428" classname="in.shark.online.web.test.catalogue.master.TestGetAllProductsApiTestNg"/>
  <testcase name="testGetAllProductstLoad" time="0.452" classname="in.shark.online.web.test.catalogue.master.TestGetAllProductsApiTestNg"/>
  <testcase name="testGetAllProductstLoad" time="0.457" classname="in.shark.online.web.test.catalogue.master.TestGetAllProductsApiTestNg"/>
  <testcase name="testGetAllProductstLoad" time="0.416" classname="in.shark.online.web.test.catalogue.master.TestGetAllProductsApiTestNg"/>
  <testcase name="testGetAllProductstLoad" time="0.301" classname="in.shark.online.web.test.catalogue.master.TestGetAllProductsApiTestNg"/>
  <testcase name="testGetAllProductstLoad" time="0.245" classname="in.shark.online.web.test.catalogue.master.TestGetAllProductsApiTestNg"/>
  <testcase name="testGetAllProductstLoad" time="0.394" classname="in.shark.online.web.test.catalogue.master.TestGetAllProductsApiTestNg"/>
  <testcase name="testGetAllProductstLoad" time="0.35" classname="in.shark.online.web.test.catalogue.master.TestGetAllProductsApiTestNg"/>
  <testcase name="testGetAllProductstLoad" time="0.361" classname="in.shark.online.web.test.catalogue.master.TestGetAllProductsApiTestNg"/>
  <testcase name="testGetAllProductstLoad" time="0.383" classname="in.shark.online.web.test.catalogue.master.TestGetAllProductsApiTestNg"/>
  <testcase name="testGetAllProductstLoad" time="0.416" classname="in.shark.online.web.test.catalogue.master.TestGetAllProductsApiTestNg"/>
  <testcase name="testGetAllProductstLoad" time="0.433" classname="in.shark.online.web.test.catalogue.master.TestGetAllProductsApiTestNg"/>
  <testcase name="testGetAllProductstLoad" time="0.36" classname="in.shark.online.web.test.catalogue.master.TestGetAllProductsApiTestNg"/>
  <testcase name="testGetAllProductstLoad" time="0.526" classname="in.shark.online.web.test.catalogue.master.TestGetAllProductsApiTestNg">
    <failure type="java.lang.AssertionError" message="Response time of GetAllProducts call more than: 500 expected [true] but found [false]">
      <![CDATA[java.lang.AssertionError: Response time of GetAllProducts call more than: 500 expected [true] but found [false]
	at in.shark.online.web.test.catalogue.master.TestGetAllProductsApiTestNg.testGetAllProductstLoad(TestGetAllProductsApiTestNg.java:71)
	at org.springframework.test.context.testng.AbstractTestNGSpringContextTests.run(AbstractTestNGSpringContextTests.java:180)
	at java.util.concurrent.FutureTask.run(FutureTask.java:266)
	at java.util.concurrent.ThreadPoolExecutor.runWorker(ThreadPoolExecutor.java:1149)
	at java.util.concurrent.ThreadPoolExecutor$Worker.run(ThreadPoolExecutor.java:624)
	at java.lang.Thread.run(Thread.java:748)
... Removed 18 stack frames]]>
    </failure>
  </testcase> <!-- testGetAllProductstLoad -->
  <testcase name="testGetAllProductstLoad" time="0.409" classname="in.shark.online.web.test.catalogue.master.TestGetAllProductsApiTestNg"/>
  <testcase name="testGetAllProductstLoad" time="0.358" classname="in.shark.online.web.test.catalogue.master.TestGetAllProductsApiTestNg"/>
  <testcase name="testGetAllProductstLoad" time="0.349" classname="in.shark.online.web.test.catalogue.master.TestGetAllProductsApiTestNg"/>
  <testcase name="testGetAllProductstLoad" time="0.618" classname="in.shark.online.web.test.catalogue.master.TestGetAllProductsApiTestNg">
    <failure type="java.lang.AssertionError" message="Response time of GetAllProducts call more than: 500 expected [true] but found [false]">
      <![CDATA[java.lang.AssertionError: Response time of GetAllProducts call more than: 500 expected [true] but found [false]
	at in.shark.online.web.test.catalogue.master.TestGetAllProductsApiTestNg.testGetAllProductstLoad(TestGetAllProductsApiTestNg.java:71)
	at org.springframework.test.context.testng.AbstractTestNGSpringContextTests.run(AbstractTestNGSpringContextTests.java:180)
	at java.util.concurrent.FutureTask.run(FutureTask.java:266)
	at java.util.concurrent.ThreadPoolExecutor.runWorker(ThreadPoolExecutor.java:1149)
	at java.util.concurrent.ThreadPoolExecutor$Worker.run(ThreadPoolExecutor.java:624)
	at java.lang.Thread.run(Thread.java:748)
... Removed 18 stack frames]]>
    </failure>
  </testcase> <!-- testGetAllProductstLoad -->
  <testcase name="testGetAllProductstLoad" time="0.274" classname="in.shark.online.web.test.catalogue.master.TestGetAllProductsApiTestNg"/>
  <testcase name="testGetAllProductstLoad" time="0.313" classname="in.shark.online.web.test.catalogue.master.TestGetAllProductsApiTestNg"/>
  <testcase name="testGetAllProductstLoad" time="0.375" classname="in.shark.online.web.test.catalogue.master.TestGetAllProductsApiTestNg"/>
  <testcase name="testGetAllProductstLoad" time="0.389" classname="in.shark.online.web.test.catalogue.master.TestGetAllProductsApiTestNg"/>
  <testcase name="testGetAllProductstLoad" time="0.354" classname="in.shark.online.web.test.catalogue.master.TestGetAllProductsApiTestNg"/>
  <testcase name="testGetAllProductstLoad" time="0.492" classname="in.shark.online.web.test.catalogue.master.TestGetAllProductsApiTestNg"/>
  <testcase name="testGetAllProductstLoad" time="0.352" classname="in.shark.online.web.test.catalogue.master.TestGetAllProductsApiTestNg"/>
  <testcase name="testGetAllProductstLoad" time="0.354" classname="in.shark.online.web.test.catalogue.master.TestGetAllProductsApiTestNg"/>
  <testcase name="testGetAllProductstLoad" time="0.414" classname="in.shark.online.web.test.catalogue.master.TestGetAllProductsApiTestNg"/>
  <testcase name="testGetAllProductstLoad" time="0.34" classname="in.shark.online.web.test.catalogue.master.TestGetAllProductsApiTestNg"/>
  <testcase name="testGetAllProductstLoad" time="0.481" classname="in.shark.online.web.test.catalogue.master.TestGetAllProductsApiTestNg"/>
  <testcase name="testGetAllProductstLoad" time="0.341" classname="in.shark.online.web.test.catalogue.master.TestGetAllProductsApiTestNg"/>
  <testcase name="testGetAllProductstLoad" time="0.271" classname="in.shark.online.web.test.catalogue.master.TestGetAllProductsApiTestNg"/>
  <testcase name="testGetAllProductstLoad" time="0.284" classname="in.shark.online.web.test.catalogue.master.TestGetAllProductsApiTestNg"/>
  <testcase name="testGetAllProductstLoad" time="0.361" classname="in.shark.online.web.test.catalogue.master.TestGetAllProductsApiTestNg"/>
  <testcase name="testGetAllProductstLoad" time="0.997" classname="in.shark.online.web.test.catalogue.master.TestGetAllProductsApiTestNg">
    <failure type="java.lang.AssertionError" message="Response time of GetAllProducts call more than: 500 expected [true] but found [false]">
      <![CDATA[java.lang.AssertionError: Response time of GetAllProducts call more than: 500 expected [true] but found [false]
	at in.shark.online.web.test.catalogue.master.TestGetAllProductsApiTestNg.testGetAllProductstLoad(TestGetAllProductsApiTestNg.java:71)
	at org.springframework.test.context.testng.AbstractTestNGSpringContextTests.run(AbstractTestNGSpringContextTests.java:180)
	at java.util.concurrent.FutureTask.run(FutureTask.java:266)
	at java.util.concurrent.ThreadPoolExecutor.runWorker(ThreadPoolExecutor.java:1149)
	at java.util.concurrent.ThreadPoolExecutor$Worker.run(ThreadPoolExecutor.java:624)
	at java.lang.Thread.run(Thread.java:748)
... Removed 18 stack frames]]>
    </failure>
  </testcase> <!-- testGetAllProductstLoad -->
  <testcase name="testGetAllProductstLoad" time="0.377" classname="in.shark.online.web.test.catalogue.master.TestGetAllProductsApiTestNg"/>
  <testcase name="testGetAllProductstLoad" time="0.455" classname="in.shark.online.web.test.catalogue.master.TestGetAllProductsApiTestNg"/>
  <testcase name="testGetAllProductstLoad" time="0.481" classname="in.shark.online.web.test.catalogue.master.TestGetAllProductsApiTestNg"/>
  <testcase name="testGetAllProductstLoad" time="0.297" classname="in.shark.online.web.test.catalogue.master.TestGetAllProductsApiTestNg"/>
  <testcase name="testGetAllProductstLoad" time="0.437" classname="in.shark.online.web.test.catalogue.master.TestGetAllProductsApiTestNg"/>
  <testcase name="testGetAllProductstLoad" time="0.287" classname="in.shark.online.web.test.catalogue.master.TestGetAllProductsApiTestNg"/>
  <testcase name="testGetAllProductstLoad" time="0.261" classname="in.shark.online.web.test.catalogue.master.TestGetAllProductsApiTestNg"/>
  <testcase name="testGetAllProductstLoad" time="0.511" classname="in.shark.online.web.test.catalogue.master.TestGetAllProductsApiTestNg">
    <failure type="java.lang.AssertionError" message="Response time of GetAllProducts call more than: 500 expected [true] but found [false]">
      <![CDATA[java.lang.AssertionError: Response time of GetAllProducts call more than: 500 expected [true] but found [false]
	at in.shark.online.web.test.catalogue.master.TestGetAllProductsApiTestNg.testGetAllProductstLoad(TestGetAllProductsApiTestNg.java:71)
	at org.springframework.test.context.testng.AbstractTestNGSpringContextTests.run(AbstractTestNGSpringContextTests.java:180)
	at java.util.concurrent.FutureTask.run(FutureTask.java:266)
	at java.util.concurrent.ThreadPoolExecutor.runWorker(ThreadPoolExecutor.java:1149)
	at java.util.concurrent.ThreadPoolExecutor$Worker.run(ThreadPoolExecutor.java:624)
	at java.lang.Thread.run(Thread.java:748)
... Removed 18 stack frames]]>
    </failure>
  </testcase> <!-- testGetAllProductstLoad -->
  <testcase name="testGetAllProductstLoad" time="0.32" classname="in.shark.online.web.test.catalogue.master.TestGetAllProductsApiTestNg"/>
  <testcase name="testGetAllProductstLoad" time="0.509" classname="in.shark.online.web.test.catalogue.master.TestGetAllProductsApiTestNg">
    <failure type="java.lang.AssertionError" message="Response time of GetAllProducts call more than: 500 expected [true] but found [false]">
      <![CDATA[java.lang.AssertionError: Response time of GetAllProducts call more than: 500 expected [true] but found [false]
	at in.shark.online.web.test.catalogue.master.TestGetAllProductsApiTestNg.testGetAllProductstLoad(TestGetAllProductsApiTestNg.java:71)
	at org.springframework.test.context.testng.AbstractTestNGSpringContextTests.run(AbstractTestNGSpringContextTests.java:180)
	at java.util.concurrent.FutureTask.run(FutureTask.java:266)
	at java.util.concurrent.ThreadPoolExecutor.runWorker(ThreadPoolExecutor.java:1149)
	at java.util.concurrent.ThreadPoolExecutor$Worker.run(ThreadPoolExecutor.java:624)
	at java.lang.Thread.run(Thread.java:748)
... Removed 18 stack frames]]>
    </failure>
  </testcase> <!-- testGetAllProductstLoad -->
  <testcase name="testGetAllProductstLoad" time="0.443" classname="in.shark.online.web.test.catalogue.master.TestGetAllProductsApiTestNg"/>
  <testcase name="testGetAllProductstLoad" time="0.333" classname="in.shark.online.web.test.catalogue.master.TestGetAllProductsApiTestNg"/>
  <testcase name="testGetAllProductstLoad" time="0.468" classname="in.shark.online.web.test.catalogue.master.TestGetAllProductsApiTestNg"/>
  <testcase name="testGetAllProductstLoad" time="0.366" classname="in.shark.online.web.test.catalogue.master.TestGetAllProductsApiTestNg"/>
  <testcase name="testGetAllProductstLoad" time="0.35" classname="in.shark.online.web.test.catalogue.master.TestGetAllProductsApiTestNg"/>
  <testcase name="testGetAllProductstLoad" time="0.432" classname="in.shark.online.web.test.catalogue.master.TestGetAllProductsApiTestNg"/>
  <testcase name="testGetAllProductstLoad" time="0.626" classname="in.shark.online.web.test.catalogue.master.TestGetAllProductsApiTestNg">
    <failure type="java.lang.AssertionError" message="Response time of GetAllProducts call more than: 500 expected [true] but found [false]">
      <![CDATA[java.lang.AssertionError: Response time of GetAllProducts call more than: 500 expected [true] but found [false]
	at in.shark.online.web.test.catalogue.master.TestGetAllProductsApiTestNg.testGetAllProductstLoad(TestGetAllProductsApiTestNg.java:71)
	at org.springframework.test.context.testng.AbstractTestNGSpringContextTests.run(AbstractTestNGSpringContextTests.java:180)
	at java.util.concurrent.FutureTask.run(FutureTask.java:266)
	at java.util.concurrent.ThreadPoolExecutor.runWorker(ThreadPoolExecutor.java:1149)
	at java.util.concurrent.ThreadPoolExecutor$Worker.run(ThreadPoolExecutor.java:624)
	at java.lang.Thread.run(Thread.java:748)
... Removed 18 stack frames]]>
    </failure>
  </testcase> <!-- testGetAllProductstLoad -->
  <testcase name="testGetAllProductstLoad" time="0.41" classname="in.shark.online.web.test.catalogue.master.TestGetAllProductsApiTestNg"/>
  <testcase name="testGetAllProductstLoad" time="0.271" classname="in.shark.online.web.test.catalogue.master.TestGetAllProductsApiTestNg"/>
  <testcase name="testGetAllProductstLoad" time="0.291" classname="in.shark.online.web.test.catalogue.master.TestGetAllProductsApiTestNg"/>
  <testcase name="testGetAllProductstLoad" time="0.339" classname="in.shark.online.web.test.catalogue.master.TestGetAllProductsApiTestNg"/>
  <testcase name="testGetAllProductstLoad" time="0.323" classname="in.shark.online.web.test.catalogue.master.TestGetAllProductsApiTestNg"/>
  <testcase name="testGetAllProductstLoad" time="0.307" classname="in.shark.online.web.test.catalogue.master.TestGetAllProductsApiTestNg"/>
  <testcase name="testGetAllProductstLoad" time="0.367" classname="in.shark.online.web.test.catalogue.master.TestGetAllProductsApiTestNg"/>
  <testcase name="testGetAllProductstLoad" time="0.741" classname="in.shark.online.web.test.catalogue.master.TestGetAllProductsApiTestNg">
    <failure type="java.lang.AssertionError" message="Response time of GetAllProducts call more than: 500 expected [true] but found [false]">
      <![CDATA[java.lang.AssertionError: Response time of GetAllProducts call more than: 500 expected [true] but found [false]
	at in.shark.online.web.test.catalogue.master.TestGetAllProductsApiTestNg.testGetAllProductstLoad(TestGetAllProductsApiTestNg.java:71)
	at org.springframework.test.context.testng.AbstractTestNGSpringContextTests.run(AbstractTestNGSpringContextTests.java:180)
	at java.util.concurrent.FutureTask.run(FutureTask.java:266)
	at java.util.concurrent.ThreadPoolExecutor.runWorker(ThreadPoolExecutor.java:1149)
	at java.util.concurrent.ThreadPoolExecutor$Worker.run(ThreadPoolExecutor.java:624)
	at java.lang.Thread.run(Thread.java:748)
... Removed 18 stack frames]]>
    </failure>
  </testcase> <!-- testGetAllProductstLoad -->
  <testcase name="testGetAllProductstLoad" time="0.674" classname="in.shark.online.web.test.catalogue.master.TestGetAllProductsApiTestNg">
    <failure type="java.lang.AssertionError" message="Response time of GetAllProducts call more than: 500 expected [true] but found [false]">
      <![CDATA[java.lang.AssertionError: Response time of GetAllProducts call more than: 500 expected [true] but found [false]
	at in.shark.online.web.test.catalogue.master.TestGetAllProductsApiTestNg.testGetAllProductstLoad(TestGetAllProductsApiTestNg.java:71)
	at org.springframework.test.context.testng.AbstractTestNGSpringContextTests.run(AbstractTestNGSpringContextTests.java:180)
	at java.util.concurrent.FutureTask.run(FutureTask.java:266)
	at java.util.concurrent.ThreadPoolExecutor.runWorker(ThreadPoolExecutor.java:1149)
	at java.util.concurrent.ThreadPoolExecutor$Worker.run(ThreadPoolExecutor.java:624)
	at java.lang.Thread.run(Thread.java:748)
... Removed 18 stack frames]]>
    </failure>
  </testcase> <!-- testGetAllProductstLoad -->
</testsuite> <!-- getAllProductsLoadTest -->
