<html>
<head>
<title>TestNG:  getAllProductsLoadTest</title>
<link href="../testng.css" rel="stylesheet" type="text/css" />
<link href="../my-testng.css" rel="stylesheet" type="text/css" />

<style type="text/css">
.log { display: none;} 
.stack-trace { display: none;} 
</style>
<script type="text/javascript">
<!--
function flip(e) {
  current = e.style.display;
  if (current == 'block') {
    e.style.display = 'none';
    return 0;
  }
  else {
    e.style.display = 'block';
    return 1;
  }
}

function toggleBox(szDivId, elem, msg1, msg2)
{
  var res = -1;  if (document.getElementById) {
    res = flip(document.getElementById(szDivId));
  }
  else if (document.all) {
    // this is the way old msie versions work
    res = flip(document.all[szDivId]);
  }
  if(elem) {
    if(res == 0) elem.innerHTML = msg1; else elem.innerHTML = msg2;
  }

}

function toggleAllBoxes() {
  if (document.getElementsByTagName) {
    d = document.getElementsByTagName('div');
    for (i = 0; i < d.length; i++) {
      if (d[i].className == 'log') {
        flip(d[i]);
      }
    }
  }
}

// -->
</script>

</head>
<body>
<h2 align='center'>getAllProductsLoadTest</h2><table border='1' align="center">
<tr>
<td>Tests passed/Failed/Skipped:</td><td>82/18/0</td>
</tr><tr>
<td>Started on:</td><td>Mon Nov 25 18:07:08 IST 2019</td>
</tr>
<tr><td>Total time:</td><td>4 seconds (4475 ms)</td>
</tr><tr>
<td>Included groups:</td><td></td>
</tr><tr>
<td>Excluded groups:</td><td></td>
</tr>
</table><p/>
<small><i>(Hover the method name to see the test class name)</i></small><p/>
<table width='100%' border='1' class='invocation-failed'>
<tr><td colspan='4' align='center'><b>FAILED TESTS</b></td></tr>
<tr><td><b>Test method</b></td>
<td width="30%"><b>Exception</b></td>
<td width="10%"><b>Time (seconds)</b></td>
<td><b>Instance</b></td>
</tr>
<tr>
<td title='in.shark.online.web.test.catalogue.master.TestGetAllProductsApiTestNg.testGetAllProductstLoad()'><b>testGetAllProductstLoad</b><br>Test class: in.shark.online.web.test.catalogue.master.TestGetAllProductsApiTestNg<br>Parameters: 1234567, /api/catalogue-master/getAllProducts, 1, 500</td>
<td><div><pre>java.lang.AssertionError: Response time of GetAllProducts call more than: 500 expected [true] but found [false]
	at in.shark.online.web.test.catalogue.master.TestGetAllProductsApiTestNg.testGetAllProductstLoad(TestGetAllProductsApiTestNg.java:71)
	at org.springframework.test.context.testng.AbstractTestNGSpringContextTests.run(AbstractTestNGSpringContextTests.java:180)
	at java.util.concurrent.FutureTask.run(FutureTask.java:266)
	at java.util.concurrent.ThreadPoolExecutor.runWorker(ThreadPoolExecutor.java:1149)
	at java.util.concurrent.ThreadPoolExecutor$Worker.run(ThreadPoolExecutor.java:624)
	at java.lang.Thread.run(Thread.java:748)
... Removed 20 stack frames</pre></div><a href='#' onClick='toggleBox("stack-trace1450096582", this, "Click to show all stack frames", "Click to hide stack frames")'>Click to show all stack frames</a>
<div class='stack-trace' id='stack-trace1450096582'><pre>java.lang.AssertionError: Response time of GetAllProducts call more than: 500 expected [true] but found [false]
	at org.testng.Assert.fail(Assert.java:94)
	at org.testng.Assert.failNotEquals(Assert.java:494)
	at org.testng.Assert.assertTrue(Assert.java:42)
	at in.shark.online.web.test.catalogue.master.TestGetAllProductsApiTestNg.testGetAllProductstLoad(TestGetAllProductsApiTestNg.java:71)
	at sun.reflect.NativeMethodAccessorImpl.invoke0(Native Method)
	at sun.reflect.NativeMethodAccessorImpl.invoke(NativeMethodAccessorImpl.java:62)
	at sun.reflect.DelegatingMethodAccessorImpl.invoke(DelegatingMethodAccessorImpl.java:43)
	at java.lang.reflect.Method.invoke(Method.java:498)
	at org.testng.internal.MethodInvocationHelper.invokeMethod(MethodInvocationHelper.java:80)
	at org.testng.internal.MethodInvocationHelper$1.runTestMethod(MethodInvocationHelper.java:182)
	at org.springframework.test.context.testng.AbstractTestNGSpringContextTests.run(AbstractTestNGSpringContextTests.java:180)
	at sun.reflect.NativeMethodAccessorImpl.invoke0(Native Method)
	at sun.reflect.NativeMethodAccessorImpl.invoke(NativeMethodAccessorImpl.java:62)
	at sun.reflect.DelegatingMethodAccessorImpl.invoke(DelegatingMethodAccessorImpl.java:43)
	at java.lang.reflect.Method.invoke(Method.java:498)
	at org.testng.internal.MethodInvocationHelper.invokeHookable(MethodInvocationHelper.java:194)
	at org.testng.internal.Invoker.invokeMethod(Invoker.java:707)
	at org.testng.internal.Invoker.invokeTestMethod(Invoker.java:901)
	at org.testng.internal.Invoker.invokeTestMethods(Invoker.java:1231)
	at org.testng.internal.TestMethodWorker.invokeTestMethods(TestMethodWorker.java:127)
	at org.testng.internal.TestMethodWorker.run(TestMethodWorker.java:111)
	at org.testng.internal.thread.ThreadUtil$2.call(ThreadUtil.java:64)
	at java.util.concurrent.FutureTask.run(FutureTask.java:266)
	at java.util.concurrent.ThreadPoolExecutor.runWorker(ThreadPoolExecutor.java:1149)
	at java.util.concurrent.ThreadPoolExecutor$Worker.run(ThreadPoolExecutor.java:624)
	at java.lang.Thread.run(Thread.java:748)
</pre></div></td>
<td>0</td>
<td>in.shark.online.web.test.catalogue.master.TestGetAllProductsApiTestNg@65fb9ffc</td></tr>
<tr>
<td title='in.shark.online.web.test.catalogue.master.TestGetAllProductsApiTestNg.testGetAllProductstLoad()'><b>testGetAllProductstLoad</b><br>Test class: in.shark.online.web.test.catalogue.master.TestGetAllProductsApiTestNg<br>Parameters: 1234567, /api/catalogue-master/getAllProducts, 1, 500</td>
<td><div><pre>java.lang.AssertionError: Response time of GetAllProducts call more than: 500 expected [true] but found [false]
	at in.shark.online.web.test.catalogue.master.TestGetAllProductsApiTestNg.testGetAllProductstLoad(TestGetAllProductsApiTestNg.java:71)
	at org.springframework.test.context.testng.AbstractTestNGSpringContextTests.run(AbstractTestNGSpringContextTests.java:180)
	at java.util.concurrent.FutureTask.run(FutureTask.java:266)
	at java.util.concurrent.ThreadPoolExecutor.runWorker(ThreadPoolExecutor.java:1149)
	at java.util.concurrent.ThreadPoolExecutor$Worker.run(ThreadPoolExecutor.java:624)
	at java.lang.Thread.run(Thread.java:748)
... Removed 20 stack frames</pre></div><a href='#' onClick='toggleBox("stack-trace1524191050", this, "Click to show all stack frames", "Click to hide stack frames")'>Click to show all stack frames</a>
<div class='stack-trace' id='stack-trace1524191050'><pre>java.lang.AssertionError: Response time of GetAllProducts call more than: 500 expected [true] but found [false]
	at org.testng.Assert.fail(Assert.java:94)
	at org.testng.Assert.failNotEquals(Assert.java:494)
	at org.testng.Assert.assertTrue(Assert.java:42)
	at in.shark.online.web.test.catalogue.master.TestGetAllProductsApiTestNg.testGetAllProductstLoad(TestGetAllProductsApiTestNg.java:71)
	at sun.reflect.NativeMethodAccessorImpl.invoke0(Native Method)
	at sun.reflect.NativeMethodAccessorImpl.invoke(NativeMethodAccessorImpl.java:62)
	at sun.reflect.DelegatingMethodAccessorImpl.invoke(DelegatingMethodAccessorImpl.java:43)
	at java.lang.reflect.Method.invoke(Method.java:498)
	at org.testng.internal.MethodInvocationHelper.invokeMethod(MethodInvocationHelper.java:80)
	at org.testng.internal.MethodInvocationHelper$1.runTestMethod(MethodInvocationHelper.java:182)
	at org.springframework.test.context.testng.AbstractTestNGSpringContextTests.run(AbstractTestNGSpringContextTests.java:180)
	at sun.reflect.NativeMethodAccessorImpl.invoke0(Native Method)
	at sun.reflect.NativeMethodAccessorImpl.invoke(NativeMethodAccessorImpl.java:62)
	at sun.reflect.DelegatingMethodAccessorImpl.invoke(DelegatingMethodAccessorImpl.java:43)
	at java.lang.reflect.Method.invoke(Method.java:498)
	at org.testng.internal.MethodInvocationHelper.invokeHookable(MethodInvocationHelper.java:194)
	at org.testng.internal.Invoker.invokeMethod(Invoker.java:707)
	at org.testng.internal.Invoker.invokeTestMethod(Invoker.java:901)
	at org.testng.internal.Invoker.invokeTestMethods(Invoker.java:1231)
	at org.testng.internal.TestMethodWorker.invokeTestMethods(TestMethodWorker.java:127)
	at org.testng.internal.TestMethodWorker.run(TestMethodWorker.java:111)
	at org.testng.internal.thread.ThreadUtil$2.call(ThreadUtil.java:64)
	at java.util.concurrent.FutureTask.run(FutureTask.java:266)
	at java.util.concurrent.ThreadPoolExecutor.runWorker(ThreadPoolExecutor.java:1149)
	at java.util.concurrent.ThreadPoolExecutor$Worker.run(ThreadPoolExecutor.java:624)
	at java.lang.Thread.run(Thread.java:748)
</pre></div></td>
<td>0</td>
<td>in.shark.online.web.test.catalogue.master.TestGetAllProductsApiTestNg@65fb9ffc</td></tr>
<tr>
<td title='in.shark.online.web.test.catalogue.master.TestGetAllProductsApiTestNg.testGetAllProductstLoad()'><b>testGetAllProductstLoad</b><br>Test class: in.shark.online.web.test.catalogue.master.TestGetAllProductsApiTestNg<br>Parameters: 1234567, /api/catalogue-master/getAllProducts, 1, 500</td>
<td><div><pre>java.lang.AssertionError: Response time of GetAllProducts call more than: 500 expected [true] but found [false]
	at in.shark.online.web.test.catalogue.master.TestGetAllProductsApiTestNg.testGetAllProductstLoad(TestGetAllProductsApiTestNg.java:71)
	at org.springframework.test.context.testng.AbstractTestNGSpringContextTests.run(AbstractTestNGSpringContextTests.java:180)
	at java.util.concurrent.FutureTask.run(FutureTask.java:266)
	at java.util.concurrent.ThreadPoolExecutor.runWorker(ThreadPoolExecutor.java:1149)
	at java.util.concurrent.ThreadPoolExecutor$Worker.run(ThreadPoolExecutor.java:624)
	at java.lang.Thread.run(Thread.java:748)
... Removed 20 stack frames</pre></div><a href='#' onClick='toggleBox("stack-trace1994005508", this, "Click to show all stack frames", "Click to hide stack frames")'>Click to show all stack frames</a>
<div class='stack-trace' id='stack-trace1994005508'><pre>java.lang.AssertionError: Response time of GetAllProducts call more than: 500 expected [true] but found [false]
	at org.testng.Assert.fail(Assert.java:94)
	at org.testng.Assert.failNotEquals(Assert.java:494)
	at org.testng.Assert.assertTrue(Assert.java:42)
	at in.shark.online.web.test.catalogue.master.TestGetAllProductsApiTestNg.testGetAllProductstLoad(TestGetAllProductsApiTestNg.java:71)
	at sun.reflect.NativeMethodAccessorImpl.invoke0(Native Method)
	at sun.reflect.NativeMethodAccessorImpl.invoke(NativeMethodAccessorImpl.java:62)
	at sun.reflect.DelegatingMethodAccessorImpl.invoke(DelegatingMethodAccessorImpl.java:43)
	at java.lang.reflect.Method.invoke(Method.java:498)
	at org.testng.internal.MethodInvocationHelper.invokeMethod(MethodInvocationHelper.java:80)
	at org.testng.internal.MethodInvocationHelper$1.runTestMethod(MethodInvocationHelper.java:182)
	at org.springframework.test.context.testng.AbstractTestNGSpringContextTests.run(AbstractTestNGSpringContextTests.java:180)
	at sun.reflect.NativeMethodAccessorImpl.invoke0(Native Method)
	at sun.reflect.NativeMethodAccessorImpl.invoke(NativeMethodAccessorImpl.java:62)
	at sun.reflect.DelegatingMethodAccessorImpl.invoke(DelegatingMethodAccessorImpl.java:43)
	at java.lang.reflect.Method.invoke(Method.java:498)
	at org.testng.internal.MethodInvocationHelper.invokeHookable(MethodInvocationHelper.java:194)
	at org.testng.internal.Invoker.invokeMethod(Invoker.java:707)
	at org.testng.internal.Invoker.invokeTestMethod(Invoker.java:901)
	at org.testng.internal.Invoker.invokeTestMethods(Invoker.java:1231)
	at org.testng.internal.TestMethodWorker.invokeTestMethods(TestMethodWorker.java:127)
	at org.testng.internal.TestMethodWorker.run(TestMethodWorker.java:111)
	at org.testng.internal.thread.ThreadUtil$2.call(ThreadUtil.java:64)
	at java.util.concurrent.FutureTask.run(FutureTask.java:266)
	at java.util.concurrent.ThreadPoolExecutor.runWorker(ThreadPoolExecutor.java:1149)
	at java.util.concurrent.ThreadPoolExecutor$Worker.run(ThreadPoolExecutor.java:624)
	at java.lang.Thread.run(Thread.java:748)
</pre></div></td>
<td>0</td>
<td>in.shark.online.web.test.catalogue.master.TestGetAllProductsApiTestNg@65fb9ffc</td></tr>
<tr>
<td title='in.shark.online.web.test.catalogue.master.TestGetAllProductsApiTestNg.testGetAllProductstLoad()'><b>testGetAllProductstLoad</b><br>Test class: in.shark.online.web.test.catalogue.master.TestGetAllProductsApiTestNg<br>Parameters: 1234567, /api/catalogue-master/getAllProducts, 1, 500</td>
<td><div><pre>java.lang.AssertionError: Response time of GetAllProducts call more than: 500 expected [true] but found [false]
	at in.shark.online.web.test.catalogue.master.TestGetAllProductsApiTestNg.testGetAllProductstLoad(TestGetAllProductsApiTestNg.java:71)
	at org.springframework.test.context.testng.AbstractTestNGSpringContextTests.run(AbstractTestNGSpringContextTests.java:180)
	at java.util.concurrent.FutureTask.run(FutureTask.java:266)
	at java.util.concurrent.ThreadPoolExecutor.runWorker(ThreadPoolExecutor.java:1149)
	at java.util.concurrent.ThreadPoolExecutor$Worker.run(ThreadPoolExecutor.java:624)
	at java.lang.Thread.run(Thread.java:748)
... Removed 20 stack frames</pre></div><a href='#' onClick='toggleBox("stack-trace935428913", this, "Click to show all stack frames", "Click to hide stack frames")'>Click to show all stack frames</a>
<div class='stack-trace' id='stack-trace935428913'><pre>java.lang.AssertionError: Response time of GetAllProducts call more than: 500 expected [true] but found [false]
	at org.testng.Assert.fail(Assert.java:94)
	at org.testng.Assert.failNotEquals(Assert.java:494)
	at org.testng.Assert.assertTrue(Assert.java:42)
	at in.shark.online.web.test.catalogue.master.TestGetAllProductsApiTestNg.testGetAllProductstLoad(TestGetAllProductsApiTestNg.java:71)
	at sun.reflect.NativeMethodAccessorImpl.invoke0(Native Method)
	at sun.reflect.NativeMethodAccessorImpl.invoke(NativeMethodAccessorImpl.java:62)
	at sun.reflect.DelegatingMethodAccessorImpl.invoke(DelegatingMethodAccessorImpl.java:43)
	at java.lang.reflect.Method.invoke(Method.java:498)
	at org.testng.internal.MethodInvocationHelper.invokeMethod(MethodInvocationHelper.java:80)
	at org.testng.internal.MethodInvocationHelper$1.runTestMethod(MethodInvocationHelper.java:182)
	at org.springframework.test.context.testng.AbstractTestNGSpringContextTests.run(AbstractTestNGSpringContextTests.java:180)
	at sun.reflect.NativeMethodAccessorImpl.invoke0(Native Method)
	at sun.reflect.NativeMethodAccessorImpl.invoke(NativeMethodAccessorImpl.java:62)
	at sun.reflect.DelegatingMethodAccessorImpl.invoke(DelegatingMethodAccessorImpl.java:43)
	at java.lang.reflect.Method.invoke(Method.java:498)
	at org.testng.internal.MethodInvocationHelper.invokeHookable(MethodInvocationHelper.java:194)
	at org.testng.internal.Invoker.invokeMethod(Invoker.java:707)
	at org.testng.internal.Invoker.invokeTestMethod(Invoker.java:901)
	at org.testng.internal.Invoker.invokeTestMethods(Invoker.java:1231)
	at org.testng.internal.TestMethodWorker.invokeTestMethods(TestMethodWorker.java:127)
	at org.testng.internal.TestMethodWorker.run(TestMethodWorker.java:111)
	at org.testng.internal.thread.ThreadUtil$2.call(ThreadUtil.java:64)
	at java.util.concurrent.FutureTask.run(FutureTask.java:266)
	at java.util.concurrent.ThreadPoolExecutor.runWorker(ThreadPoolExecutor.java:1149)
	at java.util.concurrent.ThreadPoolExecutor$Worker.run(ThreadPoolExecutor.java:624)
	at java.lang.Thread.run(Thread.java:748)
</pre></div></td>
<td>0</td>
<td>in.shark.online.web.test.catalogue.master.TestGetAllProductsApiTestNg@65fb9ffc</td></tr>
<tr>
<td title='in.shark.online.web.test.catalogue.master.TestGetAllProductsApiTestNg.testGetAllProductstLoad()'><b>testGetAllProductstLoad</b><br>Test class: in.shark.online.web.test.catalogue.master.TestGetAllProductsApiTestNg<br>Parameters: 1234567, /api/catalogue-master/getAllProducts, 1, 500</td>
<td><div><pre>java.lang.AssertionError: Response time of GetAllProducts call more than: 500 expected [true] but found [false]
	at in.shark.online.web.test.catalogue.master.TestGetAllProductsApiTestNg.testGetAllProductstLoad(TestGetAllProductsApiTestNg.java:71)
	at org.springframework.test.context.testng.AbstractTestNGSpringContextTests.run(AbstractTestNGSpringContextTests.java:180)
	at java.util.concurrent.FutureTask.run(FutureTask.java:266)
	at java.util.concurrent.ThreadPoolExecutor.runWorker(ThreadPoolExecutor.java:1149)
	at java.util.concurrent.ThreadPoolExecutor$Worker.run(ThreadPoolExecutor.java:624)
	at java.lang.Thread.run(Thread.java:748)
... Removed 20 stack frames</pre></div><a href='#' onClick='toggleBox("stack-trace117434694", this, "Click to show all stack frames", "Click to hide stack frames")'>Click to show all stack frames</a>
<div class='stack-trace' id='stack-trace117434694'><pre>java.lang.AssertionError: Response time of GetAllProducts call more than: 500 expected [true] but found [false]
	at org.testng.Assert.fail(Assert.java:94)
	at org.testng.Assert.failNotEquals(Assert.java:494)
	at org.testng.Assert.assertTrue(Assert.java:42)
	at in.shark.online.web.test.catalogue.master.TestGetAllProductsApiTestNg.testGetAllProductstLoad(TestGetAllProductsApiTestNg.java:71)
	at sun.reflect.NativeMethodAccessorImpl.invoke0(Native Method)
	at sun.reflect.NativeMethodAccessorImpl.invoke(NativeMethodAccessorImpl.java:62)
	at sun.reflect.DelegatingMethodAccessorImpl.invoke(DelegatingMethodAccessorImpl.java:43)
	at java.lang.reflect.Method.invoke(Method.java:498)
	at org.testng.internal.MethodInvocationHelper.invokeMethod(MethodInvocationHelper.java:80)
	at org.testng.internal.MethodInvocationHelper$1.runTestMethod(MethodInvocationHelper.java:182)
	at org.springframework.test.context.testng.AbstractTestNGSpringContextTests.run(AbstractTestNGSpringContextTests.java:180)
	at sun.reflect.NativeMethodAccessorImpl.invoke0(Native Method)
	at sun.reflect.NativeMethodAccessorImpl.invoke(NativeMethodAccessorImpl.java:62)
	at sun.reflect.DelegatingMethodAccessorImpl.invoke(DelegatingMethodAccessorImpl.java:43)
	at java.lang.reflect.Method.invoke(Method.java:498)
	at org.testng.internal.MethodInvocationHelper.invokeHookable(MethodInvocationHelper.java:194)
	at org.testng.internal.Invoker.invokeMethod(Invoker.java:707)
	at org.testng.internal.Invoker.invokeTestMethod(Invoker.java:901)
	at org.testng.internal.Invoker.invokeTestMethods(Invoker.java:1231)
	at org.testng.internal.TestMethodWorker.invokeTestMethods(TestMethodWorker.java:127)
	at org.testng.internal.TestMethodWorker.run(TestMethodWorker.java:111)
	at org.testng.internal.thread.ThreadUtil$2.call(ThreadUtil.java:64)
	at java.util.concurrent.FutureTask.run(FutureTask.java:266)
	at java.util.concurrent.ThreadPoolExecutor.runWorker(ThreadPoolExecutor.java:1149)
	at java.util.concurrent.ThreadPoolExecutor$Worker.run(ThreadPoolExecutor.java:624)
	at java.lang.Thread.run(Thread.java:748)
</pre></div></td>
<td>0</td>
<td>in.shark.online.web.test.catalogue.master.TestGetAllProductsApiTestNg@65fb9ffc</td></tr>
<tr>
<td title='in.shark.online.web.test.catalogue.master.TestGetAllProductsApiTestNg.testGetAllProductstLoad()'><b>testGetAllProductstLoad</b><br>Test class: in.shark.online.web.test.catalogue.master.TestGetAllProductsApiTestNg<br>Parameters: 1234567, /api/catalogue-master/getAllProducts, 1, 500</td>
<td><div><pre>java.lang.AssertionError: Response time of GetAllProducts call more than: 500 expected [true] but found [false]
	at in.shark.online.web.test.catalogue.master.TestGetAllProductsApiTestNg.testGetAllProductstLoad(TestGetAllProductsApiTestNg.java:71)
	at org.springframework.test.context.testng.AbstractTestNGSpringContextTests.run(AbstractTestNGSpringContextTests.java:180)
	at java.util.concurrent.FutureTask.run(FutureTask.java:266)
	at java.util.concurrent.ThreadPoolExecutor.runWorker(ThreadPoolExecutor.java:1149)
	at java.util.concurrent.ThreadPoolExecutor$Worker.run(ThreadPoolExecutor.java:624)
	at java.lang.Thread.run(Thread.java:748)
... Removed 20 stack frames</pre></div><a href='#' onClick='toggleBox("stack-trace1879518019", this, "Click to show all stack frames", "Click to hide stack frames")'>Click to show all stack frames</a>
<div class='stack-trace' id='stack-trace1879518019'><pre>java.lang.AssertionError: Response time of GetAllProducts call more than: 500 expected [true] but found [false]
	at org.testng.Assert.fail(Assert.java:94)
	at org.testng.Assert.failNotEquals(Assert.java:494)
	at org.testng.Assert.assertTrue(Assert.java:42)
	at in.shark.online.web.test.catalogue.master.TestGetAllProductsApiTestNg.testGetAllProductstLoad(TestGetAllProductsApiTestNg.java:71)
	at sun.reflect.NativeMethodAccessorImpl.invoke0(Native Method)
	at sun.reflect.NativeMethodAccessorImpl.invoke(NativeMethodAccessorImpl.java:62)
	at sun.reflect.DelegatingMethodAccessorImpl.invoke(DelegatingMethodAccessorImpl.java:43)
	at java.lang.reflect.Method.invoke(Method.java:498)
	at org.testng.internal.MethodInvocationHelper.invokeMethod(MethodInvocationHelper.java:80)
	at org.testng.internal.MethodInvocationHelper$1.runTestMethod(MethodInvocationHelper.java:182)
	at org.springframework.test.context.testng.AbstractTestNGSpringContextTests.run(AbstractTestNGSpringContextTests.java:180)
	at sun.reflect.NativeMethodAccessorImpl.invoke0(Native Method)
	at sun.reflect.NativeMethodAccessorImpl.invoke(NativeMethodAccessorImpl.java:62)
	at sun.reflect.DelegatingMethodAccessorImpl.invoke(DelegatingMethodAccessorImpl.java:43)
	at java.lang.reflect.Method.invoke(Method.java:498)
	at org.testng.internal.MethodInvocationHelper.invokeHookable(MethodInvocationHelper.java:194)
	at org.testng.internal.Invoker.invokeMethod(Invoker.java:707)
	at org.testng.internal.Invoker.invokeTestMethod(Invoker.java:901)
	at org.testng.internal.Invoker.invokeTestMethods(Invoker.java:1231)
	at org.testng.internal.TestMethodWorker.invokeTestMethods(TestMethodWorker.java:127)
	at org.testng.internal.TestMethodWorker.run(TestMethodWorker.java:111)
	at org.testng.internal.thread.ThreadUtil$2.call(ThreadUtil.java:64)
	at java.util.concurrent.FutureTask.run(FutureTask.java:266)
	at java.util.concurrent.ThreadPoolExecutor.runWorker(ThreadPoolExecutor.java:1149)
	at java.util.concurrent.ThreadPoolExecutor$Worker.run(ThreadPoolExecutor.java:624)
	at java.lang.Thread.run(Thread.java:748)
</pre></div></td>
<td>0</td>
<td>in.shark.online.web.test.catalogue.master.TestGetAllProductsApiTestNg@65fb9ffc</td></tr>
<tr>
<td title='in.shark.online.web.test.catalogue.master.TestGetAllProductsApiTestNg.testGetAllProductstLoad()'><b>testGetAllProductstLoad</b><br>Test class: in.shark.online.web.test.catalogue.master.TestGetAllProductsApiTestNg<br>Parameters: 1234567, /api/catalogue-master/getAllProducts, 1, 500</td>
<td><div><pre>java.lang.AssertionError: Response time of GetAllProducts call more than: 500 expected [true] but found [false]
	at in.shark.online.web.test.catalogue.master.TestGetAllProductsApiTestNg.testGetAllProductstLoad(TestGetAllProductsApiTestNg.java:71)
	at org.springframework.test.context.testng.AbstractTestNGSpringContextTests.run(AbstractTestNGSpringContextTests.java:180)
	at java.util.concurrent.FutureTask.run(FutureTask.java:266)
	at java.util.concurrent.ThreadPoolExecutor.runWorker(ThreadPoolExecutor.java:1149)
	at java.util.concurrent.ThreadPoolExecutor$Worker.run(ThreadPoolExecutor.java:624)
	at java.lang.Thread.run(Thread.java:748)
... Removed 20 stack frames</pre></div><a href='#' onClick='toggleBox("stack-trace1700750547", this, "Click to show all stack frames", "Click to hide stack frames")'>Click to show all stack frames</a>
<div class='stack-trace' id='stack-trace1700750547'><pre>java.lang.AssertionError: Response time of GetAllProducts call more than: 500 expected [true] but found [false]
	at org.testng.Assert.fail(Assert.java:94)
	at org.testng.Assert.failNotEquals(Assert.java:494)
	at org.testng.Assert.assertTrue(Assert.java:42)
	at in.shark.online.web.test.catalogue.master.TestGetAllProductsApiTestNg.testGetAllProductstLoad(TestGetAllProductsApiTestNg.java:71)
	at sun.reflect.NativeMethodAccessorImpl.invoke0(Native Method)
	at sun.reflect.NativeMethodAccessorImpl.invoke(NativeMethodAccessorImpl.java:62)
	at sun.reflect.DelegatingMethodAccessorImpl.invoke(DelegatingMethodAccessorImpl.java:43)
	at java.lang.reflect.Method.invoke(Method.java:498)
	at org.testng.internal.MethodInvocationHelper.invokeMethod(MethodInvocationHelper.java:80)
	at org.testng.internal.MethodInvocationHelper$1.runTestMethod(MethodInvocationHelper.java:182)
	at org.springframework.test.context.testng.AbstractTestNGSpringContextTests.run(AbstractTestNGSpringContextTests.java:180)
	at sun.reflect.NativeMethodAccessorImpl.invoke0(Native Method)
	at sun.reflect.NativeMethodAccessorImpl.invoke(NativeMethodAccessorImpl.java:62)
	at sun.reflect.DelegatingMethodAccessorImpl.invoke(DelegatingMethodAccessorImpl.java:43)
	at java.lang.reflect.Method.invoke(Method.java:498)
	at org.testng.internal.MethodInvocationHelper.invokeHookable(MethodInvocationHelper.java:194)
	at org.testng.internal.Invoker.invokeMethod(Invoker.java:707)
	at org.testng.internal.Invoker.invokeTestMethod(Invoker.java:901)
	at org.testng.internal.Invoker.invokeTestMethods(Invoker.java:1231)
	at org.testng.internal.TestMethodWorker.invokeTestMethods(TestMethodWorker.java:127)
	at org.testng.internal.TestMethodWorker.run(TestMethodWorker.java:111)
	at org.testng.internal.thread.ThreadUtil$2.call(ThreadUtil.java:64)
	at java.util.concurrent.FutureTask.run(FutureTask.java:266)
	at java.util.concurrent.ThreadPoolExecutor.runWorker(ThreadPoolExecutor.java:1149)
	at java.util.concurrent.ThreadPoolExecutor$Worker.run(ThreadPoolExecutor.java:624)
	at java.lang.Thread.run(Thread.java:748)
</pre></div></td>
<td>0</td>
<td>in.shark.online.web.test.catalogue.master.TestGetAllProductsApiTestNg@65fb9ffc</td></tr>
<tr>
<td title='in.shark.online.web.test.catalogue.master.TestGetAllProductsApiTestNg.testGetAllProductstLoad()'><b>testGetAllProductstLoad</b><br>Test class: in.shark.online.web.test.catalogue.master.TestGetAllProductsApiTestNg<br>Parameters: 1234567, /api/catalogue-master/getAllProducts, 1, 500</td>
<td><div><pre>java.lang.AssertionError: Response time of GetAllProducts call more than: 500 expected [true] but found [false]
	at in.shark.online.web.test.catalogue.master.TestGetAllProductsApiTestNg.testGetAllProductstLoad(TestGetAllProductsApiTestNg.java:71)
	at org.springframework.test.context.testng.AbstractTestNGSpringContextTests.run(AbstractTestNGSpringContextTests.java:180)
	at java.util.concurrent.FutureTask.run(FutureTask.java:266)
	at java.util.concurrent.ThreadPoolExecutor.runWorker(ThreadPoolExecutor.java:1149)
	at java.util.concurrent.ThreadPoolExecutor$Worker.run(ThreadPoolExecutor.java:624)
	at java.lang.Thread.run(Thread.java:748)
... Removed 20 stack frames</pre></div><a href='#' onClick='toggleBox("stack-trace418789791", this, "Click to show all stack frames", "Click to hide stack frames")'>Click to show all stack frames</a>
<div class='stack-trace' id='stack-trace418789791'><pre>java.lang.AssertionError: Response time of GetAllProducts call more than: 500 expected [true] but found [false]
	at org.testng.Assert.fail(Assert.java:94)
	at org.testng.Assert.failNotEquals(Assert.java:494)
	at org.testng.Assert.assertTrue(Assert.java:42)
	at in.shark.online.web.test.catalogue.master.TestGetAllProductsApiTestNg.testGetAllProductstLoad(TestGetAllProductsApiTestNg.java:71)
	at sun.reflect.NativeMethodAccessorImpl.invoke0(Native Method)
	at sun.reflect.NativeMethodAccessorImpl.invoke(NativeMethodAccessorImpl.java:62)
	at sun.reflect.DelegatingMethodAccessorImpl.invoke(DelegatingMethodAccessorImpl.java:43)
	at java.lang.reflect.Method.invoke(Method.java:498)
	at org.testng.internal.MethodInvocationHelper.invokeMethod(MethodInvocationHelper.java:80)
	at org.testng.internal.MethodInvocationHelper$1.runTestMethod(MethodInvocationHelper.java:182)
	at org.springframework.test.context.testng.AbstractTestNGSpringContextTests.run(AbstractTestNGSpringContextTests.java:180)
	at sun.reflect.NativeMethodAccessorImpl.invoke0(Native Method)
	at sun.reflect.NativeMethodAccessorImpl.invoke(NativeMethodAccessorImpl.java:62)
	at sun.reflect.DelegatingMethodAccessorImpl.invoke(DelegatingMethodAccessorImpl.java:43)
	at java.lang.reflect.Method.invoke(Method.java:498)
	at org.testng.internal.MethodInvocationHelper.invokeHookable(MethodInvocationHelper.java:194)
	at org.testng.internal.Invoker.invokeMethod(Invoker.java:707)
	at org.testng.internal.Invoker.invokeTestMethod(Invoker.java:901)
	at org.testng.internal.Invoker.invokeTestMethods(Invoker.java:1231)
	at org.testng.internal.TestMethodWorker.invokeTestMethods(TestMethodWorker.java:127)
	at org.testng.internal.TestMethodWorker.run(TestMethodWorker.java:111)
	at org.testng.internal.thread.ThreadUtil$2.call(ThreadUtil.java:64)
	at java.util.concurrent.FutureTask.run(FutureTask.java:266)
	at java.util.concurrent.ThreadPoolExecutor.runWorker(ThreadPoolExecutor.java:1149)
	at java.util.concurrent.ThreadPoolExecutor$Worker.run(ThreadPoolExecutor.java:624)
	at java.lang.Thread.run(Thread.java:748)
</pre></div></td>
<td>0</td>
<td>in.shark.online.web.test.catalogue.master.TestGetAllProductsApiTestNg@65fb9ffc</td></tr>
<tr>
<td title='in.shark.online.web.test.catalogue.master.TestGetAllProductsApiTestNg.testGetAllProductstLoad()'><b>testGetAllProductstLoad</b><br>Test class: in.shark.online.web.test.catalogue.master.TestGetAllProductsApiTestNg<br>Parameters: 1234567, /api/catalogue-master/getAllProducts, 1, 500</td>
<td><div><pre>java.lang.AssertionError: Response time of GetAllProducts call more than: 500 expected [true] but found [false]
	at in.shark.online.web.test.catalogue.master.TestGetAllProductsApiTestNg.testGetAllProductstLoad(TestGetAllProductsApiTestNg.java:71)
	at org.springframework.test.context.testng.AbstractTestNGSpringContextTests.run(AbstractTestNGSpringContextTests.java:180)
	at java.util.concurrent.FutureTask.run(FutureTask.java:266)
	at java.util.concurrent.ThreadPoolExecutor.runWorker(ThreadPoolExecutor.java:1149)
	at java.util.concurrent.ThreadPoolExecutor$Worker.run(ThreadPoolExecutor.java:624)
	at java.lang.Thread.run(Thread.java:748)
... Removed 20 stack frames</pre></div><a href='#' onClick='toggleBox("stack-trace759222083", this, "Click to show all stack frames", "Click to hide stack frames")'>Click to show all stack frames</a>
<div class='stack-trace' id='stack-trace759222083'><pre>java.lang.AssertionError: Response time of GetAllProducts call more than: 500 expected [true] but found [false]
	at org.testng.Assert.fail(Assert.java:94)
	at org.testng.Assert.failNotEquals(Assert.java:494)
	at org.testng.Assert.assertTrue(Assert.java:42)
	at in.shark.online.web.test.catalogue.master.TestGetAllProductsApiTestNg.testGetAllProductstLoad(TestGetAllProductsApiTestNg.java:71)
	at sun.reflect.NativeMethodAccessorImpl.invoke0(Native Method)
	at sun.reflect.NativeMethodAccessorImpl.invoke(NativeMethodAccessorImpl.java:62)
	at sun.reflect.DelegatingMethodAccessorImpl.invoke(DelegatingMethodAccessorImpl.java:43)
	at java.lang.reflect.Method.invoke(Method.java:498)
	at org.testng.internal.MethodInvocationHelper.invokeMethod(MethodInvocationHelper.java:80)
	at org.testng.internal.MethodInvocationHelper$1.runTestMethod(MethodInvocationHelper.java:182)
	at org.springframework.test.context.testng.AbstractTestNGSpringContextTests.run(AbstractTestNGSpringContextTests.java:180)
	at sun.reflect.NativeMethodAccessorImpl.invoke0(Native Method)
	at sun.reflect.NativeMethodAccessorImpl.invoke(NativeMethodAccessorImpl.java:62)
	at sun.reflect.DelegatingMethodAccessorImpl.invoke(DelegatingMethodAccessorImpl.java:43)
	at java.lang.reflect.Method.invoke(Method.java:498)
	at org.testng.internal.MethodInvocationHelper.invokeHookable(MethodInvocationHelper.java:194)
	at org.testng.internal.Invoker.invokeMethod(Invoker.java:707)
	at org.testng.internal.Invoker.invokeTestMethod(Invoker.java:901)
	at org.testng.internal.Invoker.invokeTestMethods(Invoker.java:1231)
	at org.testng.internal.TestMethodWorker.invokeTestMethods(TestMethodWorker.java:127)
	at org.testng.internal.TestMethodWorker.run(TestMethodWorker.java:111)
	at org.testng.internal.thread.ThreadUtil$2.call(ThreadUtil.java:64)
	at java.util.concurrent.FutureTask.run(FutureTask.java:266)
	at java.util.concurrent.ThreadPoolExecutor.runWorker(ThreadPoolExecutor.java:1149)
	at java.util.concurrent.ThreadPoolExecutor$Worker.run(ThreadPoolExecutor.java:624)
	at java.lang.Thread.run(Thread.java:748)
</pre></div></td>
<td>0</td>
<td>in.shark.online.web.test.catalogue.master.TestGetAllProductsApiTestNg@65fb9ffc</td></tr>
<tr>
<td title='in.shark.online.web.test.catalogue.master.TestGetAllProductsApiTestNg.testGetAllProductstLoad()'><b>testGetAllProductstLoad</b><br>Test class: in.shark.online.web.test.catalogue.master.TestGetAllProductsApiTestNg<br>Parameters: 1234567, /api/catalogue-master/getAllProducts, 1, 500</td>
<td><div><pre>java.lang.AssertionError: Response time of GetAllProducts call more than: 500 expected [true] but found [false]
	at in.shark.online.web.test.catalogue.master.TestGetAllProductsApiTestNg.testGetAllProductstLoad(TestGetAllProductsApiTestNg.java:71)
	at org.springframework.test.context.testng.AbstractTestNGSpringContextTests.run(AbstractTestNGSpringContextTests.java:180)
	at java.util.concurrent.FutureTask.run(FutureTask.java:266)
	at java.util.concurrent.ThreadPoolExecutor.runWorker(ThreadPoolExecutor.java:1149)
	at java.util.concurrent.ThreadPoolExecutor$Worker.run(ThreadPoolExecutor.java:624)
	at java.lang.Thread.run(Thread.java:748)
... Removed 20 stack frames</pre></div><a href='#' onClick='toggleBox("stack-trace526125418", this, "Click to show all stack frames", "Click to hide stack frames")'>Click to show all stack frames</a>
<div class='stack-trace' id='stack-trace526125418'><pre>java.lang.AssertionError: Response time of GetAllProducts call more than: 500 expected [true] but found [false]
	at org.testng.Assert.fail(Assert.java:94)
	at org.testng.Assert.failNotEquals(Assert.java:494)
	at org.testng.Assert.assertTrue(Assert.java:42)
	at in.shark.online.web.test.catalogue.master.TestGetAllProductsApiTestNg.testGetAllProductstLoad(TestGetAllProductsApiTestNg.java:71)
	at sun.reflect.NativeMethodAccessorImpl.invoke0(Native Method)
	at sun.reflect.NativeMethodAccessorImpl.invoke(NativeMethodAccessorImpl.java:62)
	at sun.reflect.DelegatingMethodAccessorImpl.invoke(DelegatingMethodAccessorImpl.java:43)
	at java.lang.reflect.Method.invoke(Method.java:498)
	at org.testng.internal.MethodInvocationHelper.invokeMethod(MethodInvocationHelper.java:80)
	at org.testng.internal.MethodInvocationHelper$1.runTestMethod(MethodInvocationHelper.java:182)
	at org.springframework.test.context.testng.AbstractTestNGSpringContextTests.run(AbstractTestNGSpringContextTests.java:180)
	at sun.reflect.NativeMethodAccessorImpl.invoke0(Native Method)
	at sun.reflect.NativeMethodAccessorImpl.invoke(NativeMethodAccessorImpl.java:62)
	at sun.reflect.DelegatingMethodAccessorImpl.invoke(DelegatingMethodAccessorImpl.java:43)
	at java.lang.reflect.Method.invoke(Method.java:498)
	at org.testng.internal.MethodInvocationHelper.invokeHookable(MethodInvocationHelper.java:194)
	at org.testng.internal.Invoker.invokeMethod(Invoker.java:707)
	at org.testng.internal.Invoker.invokeTestMethod(Invoker.java:901)
	at org.testng.internal.Invoker.invokeTestMethods(Invoker.java:1231)
	at org.testng.internal.TestMethodWorker.invokeTestMethods(TestMethodWorker.java:127)
	at org.testng.internal.TestMethodWorker.run(TestMethodWorker.java:111)
	at org.testng.internal.thread.ThreadUtil$2.call(ThreadUtil.java:64)
	at java.util.concurrent.FutureTask.run(FutureTask.java:266)
	at java.util.concurrent.ThreadPoolExecutor.runWorker(ThreadPoolExecutor.java:1149)
	at java.util.concurrent.ThreadPoolExecutor$Worker.run(ThreadPoolExecutor.java:624)
	at java.lang.Thread.run(Thread.java:748)
</pre></div></td>
<td>0</td>
<td>in.shark.online.web.test.catalogue.master.TestGetAllProductsApiTestNg@65fb9ffc</td></tr>
<tr>
<td title='in.shark.online.web.test.catalogue.master.TestGetAllProductsApiTestNg.testGetAllProductstLoad()'><b>testGetAllProductstLoad</b><br>Test class: in.shark.online.web.test.catalogue.master.TestGetAllProductsApiTestNg<br>Parameters: 1234567, /api/catalogue-master/getAllProducts, 1, 500</td>
<td><div><pre>java.lang.AssertionError: Response time of GetAllProducts call more than: 500 expected [true] but found [false]
	at in.shark.online.web.test.catalogue.master.TestGetAllProductsApiTestNg.testGetAllProductstLoad(TestGetAllProductsApiTestNg.java:71)
	at org.springframework.test.context.testng.AbstractTestNGSpringContextTests.run(AbstractTestNGSpringContextTests.java:180)
	at java.util.concurrent.FutureTask.run(FutureTask.java:266)
	at java.util.concurrent.ThreadPoolExecutor.runWorker(ThreadPoolExecutor.java:1149)
	at java.util.concurrent.ThreadPoolExecutor$Worker.run(ThreadPoolExecutor.java:624)
	at java.lang.Thread.run(Thread.java:748)
... Removed 18 stack frames</pre></div><a href='#' onClick='toggleBox("stack-trace836423747", this, "Click to show all stack frames", "Click to hide stack frames")'>Click to show all stack frames</a>
<div class='stack-trace' id='stack-trace836423747'><pre>java.lang.AssertionError: Response time of GetAllProducts call more than: 500 expected [true] but found [false]
	at org.testng.Assert.fail(Assert.java:94)
	at org.testng.Assert.failNotEquals(Assert.java:494)
	at org.testng.Assert.assertTrue(Assert.java:42)
	at in.shark.online.web.test.catalogue.master.TestGetAllProductsApiTestNg.testGetAllProductstLoad(TestGetAllProductsApiTestNg.java:71)
	at sun.reflect.GeneratedMethodAccessor21.invoke(Unknown Source)
	at sun.reflect.DelegatingMethodAccessorImpl.invoke(DelegatingMethodAccessorImpl.java:43)
	at java.lang.reflect.Method.invoke(Method.java:498)
	at org.testng.internal.MethodInvocationHelper.invokeMethod(MethodInvocationHelper.java:80)
	at org.testng.internal.MethodInvocationHelper$1.runTestMethod(MethodInvocationHelper.java:182)
	at org.springframework.test.context.testng.AbstractTestNGSpringContextTests.run(AbstractTestNGSpringContextTests.java:180)
	at sun.reflect.GeneratedMethodAccessor20.invoke(Unknown Source)
	at sun.reflect.DelegatingMethodAccessorImpl.invoke(DelegatingMethodAccessorImpl.java:43)
	at java.lang.reflect.Method.invoke(Method.java:498)
	at org.testng.internal.MethodInvocationHelper.invokeHookable(MethodInvocationHelper.java:194)
	at org.testng.internal.Invoker.invokeMethod(Invoker.java:707)
	at org.testng.internal.Invoker.invokeTestMethod(Invoker.java:901)
	at org.testng.internal.Invoker.invokeTestMethods(Invoker.java:1231)
	at org.testng.internal.TestMethodWorker.invokeTestMethods(TestMethodWorker.java:127)
	at org.testng.internal.TestMethodWorker.run(TestMethodWorker.java:111)
	at org.testng.internal.thread.ThreadUtil$2.call(ThreadUtil.java:64)
	at java.util.concurrent.FutureTask.run(FutureTask.java:266)
	at java.util.concurrent.ThreadPoolExecutor.runWorker(ThreadPoolExecutor.java:1149)
	at java.util.concurrent.ThreadPoolExecutor$Worker.run(ThreadPoolExecutor.java:624)
	at java.lang.Thread.run(Thread.java:748)
</pre></div></td>
<td>0</td>
<td>in.shark.online.web.test.catalogue.master.TestGetAllProductsApiTestNg@65fb9ffc</td></tr>
<tr>
<td title='in.shark.online.web.test.catalogue.master.TestGetAllProductsApiTestNg.testGetAllProductstLoad()'><b>testGetAllProductstLoad</b><br>Test class: in.shark.online.web.test.catalogue.master.TestGetAllProductsApiTestNg<br>Parameters: 1234567, /api/catalogue-master/getAllProducts, 1, 500</td>
<td><div><pre>java.lang.AssertionError: Response time of GetAllProducts call more than: 500 expected [true] but found [false]
	at in.shark.online.web.test.catalogue.master.TestGetAllProductsApiTestNg.testGetAllProductstLoad(TestGetAllProductsApiTestNg.java:71)
	at org.springframework.test.context.testng.AbstractTestNGSpringContextTests.run(AbstractTestNGSpringContextTests.java:180)
	at java.util.concurrent.FutureTask.run(FutureTask.java:266)
	at java.util.concurrent.ThreadPoolExecutor.runWorker(ThreadPoolExecutor.java:1149)
	at java.util.concurrent.ThreadPoolExecutor$Worker.run(ThreadPoolExecutor.java:624)
	at java.lang.Thread.run(Thread.java:748)
... Removed 18 stack frames</pre></div><a href='#' onClick='toggleBox("stack-trace404702246", this, "Click to show all stack frames", "Click to hide stack frames")'>Click to show all stack frames</a>
<div class='stack-trace' id='stack-trace404702246'><pre>java.lang.AssertionError: Response time of GetAllProducts call more than: 500 expected [true] but found [false]
	at org.testng.Assert.fail(Assert.java:94)
	at org.testng.Assert.failNotEquals(Assert.java:494)
	at org.testng.Assert.assertTrue(Assert.java:42)
	at in.shark.online.web.test.catalogue.master.TestGetAllProductsApiTestNg.testGetAllProductstLoad(TestGetAllProductsApiTestNg.java:71)
	at sun.reflect.GeneratedMethodAccessor21.invoke(Unknown Source)
	at sun.reflect.DelegatingMethodAccessorImpl.invoke(DelegatingMethodAccessorImpl.java:43)
	at java.lang.reflect.Method.invoke(Method.java:498)
	at org.testng.internal.MethodInvocationHelper.invokeMethod(MethodInvocationHelper.java:80)
	at org.testng.internal.MethodInvocationHelper$1.runTestMethod(MethodInvocationHelper.java:182)
	at org.springframework.test.context.testng.AbstractTestNGSpringContextTests.run(AbstractTestNGSpringContextTests.java:180)
	at sun.reflect.GeneratedMethodAccessor20.invoke(Unknown Source)
	at sun.reflect.DelegatingMethodAccessorImpl.invoke(DelegatingMethodAccessorImpl.java:43)
	at java.lang.reflect.Method.invoke(Method.java:498)
	at org.testng.internal.MethodInvocationHelper.invokeHookable(MethodInvocationHelper.java:194)
	at org.testng.internal.Invoker.invokeMethod(Invoker.java:707)
	at org.testng.internal.Invoker.invokeTestMethod(Invoker.java:901)
	at org.testng.internal.Invoker.invokeTestMethods(Invoker.java:1231)
	at org.testng.internal.TestMethodWorker.invokeTestMethods(TestMethodWorker.java:127)
	at org.testng.internal.TestMethodWorker.run(TestMethodWorker.java:111)
	at org.testng.internal.thread.ThreadUtil$2.call(ThreadUtil.java:64)
	at java.util.concurrent.FutureTask.run(FutureTask.java:266)
	at java.util.concurrent.ThreadPoolExecutor.runWorker(ThreadPoolExecutor.java:1149)
	at java.util.concurrent.ThreadPoolExecutor$Worker.run(ThreadPoolExecutor.java:624)
	at java.lang.Thread.run(Thread.java:748)
</pre></div></td>
<td>0</td>
<td>in.shark.online.web.test.catalogue.master.TestGetAllProductsApiTestNg@65fb9ffc</td></tr>
<tr>
<td title='in.shark.online.web.test.catalogue.master.TestGetAllProductsApiTestNg.testGetAllProductstLoad()'><b>testGetAllProductstLoad</b><br>Test class: in.shark.online.web.test.catalogue.master.TestGetAllProductsApiTestNg<br>Parameters: 1234567, /api/catalogue-master/getAllProducts, 1, 500</td>
<td><div><pre>java.lang.AssertionError: Response time of GetAllProducts call more than: 500 expected [true] but found [false]
	at in.shark.online.web.test.catalogue.master.TestGetAllProductsApiTestNg.testGetAllProductstLoad(TestGetAllProductsApiTestNg.java:71)
	at org.springframework.test.context.testng.AbstractTestNGSpringContextTests.run(AbstractTestNGSpringContextTests.java:180)
	at java.util.concurrent.FutureTask.run(FutureTask.java:266)
	at java.util.concurrent.ThreadPoolExecutor.runWorker(ThreadPoolExecutor.java:1149)
	at java.util.concurrent.ThreadPoolExecutor$Worker.run(ThreadPoolExecutor.java:624)
	at java.lang.Thread.run(Thread.java:748)
... Removed 18 stack frames</pre></div><a href='#' onClick='toggleBox("stack-trace620396164", this, "Click to show all stack frames", "Click to hide stack frames")'>Click to show all stack frames</a>
<div class='stack-trace' id='stack-trace620396164'><pre>java.lang.AssertionError: Response time of GetAllProducts call more than: 500 expected [true] but found [false]
	at org.testng.Assert.fail(Assert.java:94)
	at org.testng.Assert.failNotEquals(Assert.java:494)
	at org.testng.Assert.assertTrue(Assert.java:42)
	at in.shark.online.web.test.catalogue.master.TestGetAllProductsApiTestNg.testGetAllProductstLoad(TestGetAllProductsApiTestNg.java:71)
	at sun.reflect.GeneratedMethodAccessor21.invoke(Unknown Source)
	at sun.reflect.DelegatingMethodAccessorImpl.invoke(DelegatingMethodAccessorImpl.java:43)
	at java.lang.reflect.Method.invoke(Method.java:498)
	at org.testng.internal.MethodInvocationHelper.invokeMethod(MethodInvocationHelper.java:80)
	at org.testng.internal.MethodInvocationHelper$1.runTestMethod(MethodInvocationHelper.java:182)
	at org.springframework.test.context.testng.AbstractTestNGSpringContextTests.run(AbstractTestNGSpringContextTests.java:180)
	at sun.reflect.GeneratedMethodAccessor20.invoke(Unknown Source)
	at sun.reflect.DelegatingMethodAccessorImpl.invoke(DelegatingMethodAccessorImpl.java:43)
	at java.lang.reflect.Method.invoke(Method.java:498)
	at org.testng.internal.MethodInvocationHelper.invokeHookable(MethodInvocationHelper.java:194)
	at org.testng.internal.Invoker.invokeMethod(Invoker.java:707)
	at org.testng.internal.Invoker.invokeTestMethod(Invoker.java:901)
	at org.testng.internal.Invoker.invokeTestMethods(Invoker.java:1231)
	at org.testng.internal.TestMethodWorker.invokeTestMethods(TestMethodWorker.java:127)
	at org.testng.internal.TestMethodWorker.run(TestMethodWorker.java:111)
	at org.testng.internal.thread.ThreadUtil$2.call(ThreadUtil.java:64)
	at java.util.concurrent.FutureTask.run(FutureTask.java:266)
	at java.util.concurrent.ThreadPoolExecutor.runWorker(ThreadPoolExecutor.java:1149)
	at java.util.concurrent.ThreadPoolExecutor$Worker.run(ThreadPoolExecutor.java:624)
	at java.lang.Thread.run(Thread.java:748)
</pre></div></td>
<td>0</td>
<td>in.shark.online.web.test.catalogue.master.TestGetAllProductsApiTestNg@65fb9ffc</td></tr>
<tr>
<td title='in.shark.online.web.test.catalogue.master.TestGetAllProductsApiTestNg.testGetAllProductstLoad()'><b>testGetAllProductstLoad</b><br>Test class: in.shark.online.web.test.catalogue.master.TestGetAllProductsApiTestNg<br>Parameters: 1234567, /api/catalogue-master/getAllProducts, 1, 500</td>
<td><div><pre>java.lang.AssertionError: Response time of GetAllProducts call more than: 500 expected [true] but found [false]
	at in.shark.online.web.test.catalogue.master.TestGetAllProductsApiTestNg.testGetAllProductstLoad(TestGetAllProductsApiTestNg.java:71)
	at org.springframework.test.context.testng.AbstractTestNGSpringContextTests.run(AbstractTestNGSpringContextTests.java:180)
	at java.util.concurrent.FutureTask.run(FutureTask.java:266)
	at java.util.concurrent.ThreadPoolExecutor.runWorker(ThreadPoolExecutor.java:1149)
	at java.util.concurrent.ThreadPoolExecutor$Worker.run(ThreadPoolExecutor.java:624)
	at java.lang.Thread.run(Thread.java:748)
... Removed 18 stack frames</pre></div><a href='#' onClick='toggleBox("stack-trace2088979112", this, "Click to show all stack frames", "Click to hide stack frames")'>Click to show all stack frames</a>
<div class='stack-trace' id='stack-trace2088979112'><pre>java.lang.AssertionError: Response time of GetAllProducts call more than: 500 expected [true] but found [false]
	at org.testng.Assert.fail(Assert.java:94)
	at org.testng.Assert.failNotEquals(Assert.java:494)
	at org.testng.Assert.assertTrue(Assert.java:42)
	at in.shark.online.web.test.catalogue.master.TestGetAllProductsApiTestNg.testGetAllProductstLoad(TestGetAllProductsApiTestNg.java:71)
	at sun.reflect.GeneratedMethodAccessor21.invoke(Unknown Source)
	at sun.reflect.DelegatingMethodAccessorImpl.invoke(DelegatingMethodAccessorImpl.java:43)
	at java.lang.reflect.Method.invoke(Method.java:498)
	at org.testng.internal.MethodInvocationHelper.invokeMethod(MethodInvocationHelper.java:80)
	at org.testng.internal.MethodInvocationHelper$1.runTestMethod(MethodInvocationHelper.java:182)
	at org.springframework.test.context.testng.AbstractTestNGSpringContextTests.run(AbstractTestNGSpringContextTests.java:180)
	at sun.reflect.GeneratedMethodAccessor20.invoke(Unknown Source)
	at sun.reflect.DelegatingMethodAccessorImpl.invoke(DelegatingMethodAccessorImpl.java:43)
	at java.lang.reflect.Method.invoke(Method.java:498)
	at org.testng.internal.MethodInvocationHelper.invokeHookable(MethodInvocationHelper.java:194)
	at org.testng.internal.Invoker.invokeMethod(Invoker.java:707)
	at org.testng.internal.Invoker.invokeTestMethod(Invoker.java:901)
	at org.testng.internal.Invoker.invokeTestMethods(Invoker.java:1231)
	at org.testng.internal.TestMethodWorker.invokeTestMethods(TestMethodWorker.java:127)
	at org.testng.internal.TestMethodWorker.run(TestMethodWorker.java:111)
	at org.testng.internal.thread.ThreadUtil$2.call(ThreadUtil.java:64)
	at java.util.concurrent.FutureTask.run(FutureTask.java:266)
	at java.util.concurrent.ThreadPoolExecutor.runWorker(ThreadPoolExecutor.java:1149)
	at java.util.concurrent.ThreadPoolExecutor$Worker.run(ThreadPoolExecutor.java:624)
	at java.lang.Thread.run(Thread.java:748)
</pre></div></td>
<td>0</td>
<td>in.shark.online.web.test.catalogue.master.TestGetAllProductsApiTestNg@65fb9ffc</td></tr>
<tr>
<td title='in.shark.online.web.test.catalogue.master.TestGetAllProductsApiTestNg.testGetAllProductstLoad()'><b>testGetAllProductstLoad</b><br>Test class: in.shark.online.web.test.catalogue.master.TestGetAllProductsApiTestNg<br>Parameters: 1234567, /api/catalogue-master/getAllProducts, 1, 500</td>
<td><div><pre>java.lang.AssertionError: Response time of GetAllProducts call more than: 500 expected [true] but found [false]
	at in.shark.online.web.test.catalogue.master.TestGetAllProductsApiTestNg.testGetAllProductstLoad(TestGetAllProductsApiTestNg.java:71)
	at org.springframework.test.context.testng.AbstractTestNGSpringContextTests.run(AbstractTestNGSpringContextTests.java:180)
	at java.util.concurrent.FutureTask.run(FutureTask.java:266)
	at java.util.concurrent.ThreadPoolExecutor.runWorker(ThreadPoolExecutor.java:1149)
	at java.util.concurrent.ThreadPoolExecutor$Worker.run(ThreadPoolExecutor.java:624)
	at java.lang.Thread.run(Thread.java:748)
... Removed 18 stack frames</pre></div><a href='#' onClick='toggleBox("stack-trace438115701", this, "Click to show all stack frames", "Click to hide stack frames")'>Click to show all stack frames</a>
<div class='stack-trace' id='stack-trace438115701'><pre>java.lang.AssertionError: Response time of GetAllProducts call more than: 500 expected [true] but found [false]
	at org.testng.Assert.fail(Assert.java:94)
	at org.testng.Assert.failNotEquals(Assert.java:494)
	at org.testng.Assert.assertTrue(Assert.java:42)
	at in.shark.online.web.test.catalogue.master.TestGetAllProductsApiTestNg.testGetAllProductstLoad(TestGetAllProductsApiTestNg.java:71)
	at sun.reflect.GeneratedMethodAccessor21.invoke(Unknown Source)
	at sun.reflect.DelegatingMethodAccessorImpl.invoke(DelegatingMethodAccessorImpl.java:43)
	at java.lang.reflect.Method.invoke(Method.java:498)
	at org.testng.internal.MethodInvocationHelper.invokeMethod(MethodInvocationHelper.java:80)
	at org.testng.internal.MethodInvocationHelper$1.runTestMethod(MethodInvocationHelper.java:182)
	at org.springframework.test.context.testng.AbstractTestNGSpringContextTests.run(AbstractTestNGSpringContextTests.java:180)
	at sun.reflect.GeneratedMethodAccessor20.invoke(Unknown Source)
	at sun.reflect.DelegatingMethodAccessorImpl.invoke(DelegatingMethodAccessorImpl.java:43)
	at java.lang.reflect.Method.invoke(Method.java:498)
	at org.testng.internal.MethodInvocationHelper.invokeHookable(MethodInvocationHelper.java:194)
	at org.testng.internal.Invoker.invokeMethod(Invoker.java:707)
	at org.testng.internal.Invoker.invokeTestMethod(Invoker.java:901)
	at org.testng.internal.Invoker.invokeTestMethods(Invoker.java:1231)
	at org.testng.internal.TestMethodWorker.invokeTestMethods(TestMethodWorker.java:127)
	at org.testng.internal.TestMethodWorker.run(TestMethodWorker.java:111)
	at org.testng.internal.thread.ThreadUtil$2.call(ThreadUtil.java:64)
	at java.util.concurrent.FutureTask.run(FutureTask.java:266)
	at java.util.concurrent.ThreadPoolExecutor.runWorker(ThreadPoolExecutor.java:1149)
	at java.util.concurrent.ThreadPoolExecutor$Worker.run(ThreadPoolExecutor.java:624)
	at java.lang.Thread.run(Thread.java:748)
</pre></div></td>
<td>0</td>
<td>in.shark.online.web.test.catalogue.master.TestGetAllProductsApiTestNg@65fb9ffc</td></tr>
<tr>
<td title='in.shark.online.web.test.catalogue.master.TestGetAllProductsApiTestNg.testGetAllProductstLoad()'><b>testGetAllProductstLoad</b><br>Test class: in.shark.online.web.test.catalogue.master.TestGetAllProductsApiTestNg<br>Parameters: 1234567, /api/catalogue-master/getAllProducts, 1, 500</td>
<td><div><pre>java.lang.AssertionError: Response time of GetAllProducts call more than: 500 expected [true] but found [false]
	at in.shark.online.web.test.catalogue.master.TestGetAllProductsApiTestNg.testGetAllProductstLoad(TestGetAllProductsApiTestNg.java:71)
	at org.springframework.test.context.testng.AbstractTestNGSpringContextTests.run(AbstractTestNGSpringContextTests.java:180)
	at java.util.concurrent.FutureTask.run(FutureTask.java:266)
	at java.util.concurrent.ThreadPoolExecutor.runWorker(ThreadPoolExecutor.java:1149)
	at java.util.concurrent.ThreadPoolExecutor$Worker.run(ThreadPoolExecutor.java:624)
	at java.lang.Thread.run(Thread.java:748)
... Removed 18 stack frames</pre></div><a href='#' onClick='toggleBox("stack-trace18300195", this, "Click to show all stack frames", "Click to hide stack frames")'>Click to show all stack frames</a>
<div class='stack-trace' id='stack-trace18300195'><pre>java.lang.AssertionError: Response time of GetAllProducts call more than: 500 expected [true] but found [false]
	at org.testng.Assert.fail(Assert.java:94)
	at org.testng.Assert.failNotEquals(Assert.java:494)
	at org.testng.Assert.assertTrue(Assert.java:42)
	at in.shark.online.web.test.catalogue.master.TestGetAllProductsApiTestNg.testGetAllProductstLoad(TestGetAllProductsApiTestNg.java:71)
	at sun.reflect.GeneratedMethodAccessor21.invoke(Unknown Source)
	at sun.reflect.DelegatingMethodAccessorImpl.invoke(DelegatingMethodAccessorImpl.java:43)
	at java.lang.reflect.Method.invoke(Method.java:498)
	at org.testng.internal.MethodInvocationHelper.invokeMethod(MethodInvocationHelper.java:80)
	at org.testng.internal.MethodInvocationHelper$1.runTestMethod(MethodInvocationHelper.java:182)
	at org.springframework.test.context.testng.AbstractTestNGSpringContextTests.run(AbstractTestNGSpringContextTests.java:180)
	at sun.reflect.GeneratedMethodAccessor20.invoke(Unknown Source)
	at sun.reflect.DelegatingMethodAccessorImpl.invoke(DelegatingMethodAccessorImpl.java:43)
	at java.lang.reflect.Method.invoke(Method.java:498)
	at org.testng.internal.MethodInvocationHelper.invokeHookable(MethodInvocationHelper.java:194)
	at org.testng.internal.Invoker.invokeMethod(Invoker.java:707)
	at org.testng.internal.Invoker.invokeTestMethod(Invoker.java:901)
	at org.testng.internal.Invoker.invokeTestMethods(Invoker.java:1231)
	at org.testng.internal.TestMethodWorker.invokeTestMethods(TestMethodWorker.java:127)
	at org.testng.internal.TestMethodWorker.run(TestMethodWorker.java:111)
	at org.testng.internal.thread.ThreadUtil$2.call(ThreadUtil.java:64)
	at java.util.concurrent.FutureTask.run(FutureTask.java:266)
	at java.util.concurrent.ThreadPoolExecutor.runWorker(ThreadPoolExecutor.java:1149)
	at java.util.concurrent.ThreadPoolExecutor$Worker.run(ThreadPoolExecutor.java:624)
	at java.lang.Thread.run(Thread.java:748)
</pre></div></td>
<td>0</td>
<td>in.shark.online.web.test.catalogue.master.TestGetAllProductsApiTestNg@65fb9ffc</td></tr>
<tr>
<td title='in.shark.online.web.test.catalogue.master.TestGetAllProductsApiTestNg.testGetAllProductstLoad()'><b>testGetAllProductstLoad</b><br>Test class: in.shark.online.web.test.catalogue.master.TestGetAllProductsApiTestNg<br>Parameters: 1234567, /api/catalogue-master/getAllProducts, 1, 500</td>
<td><div><pre>java.lang.AssertionError: Response time of GetAllProducts call more than: 500 expected [true] but found [false]
	at in.shark.online.web.test.catalogue.master.TestGetAllProductsApiTestNg.testGetAllProductstLoad(TestGetAllProductsApiTestNg.java:71)
	at org.springframework.test.context.testng.AbstractTestNGSpringContextTests.run(AbstractTestNGSpringContextTests.java:180)
	at java.util.concurrent.FutureTask.run(FutureTask.java:266)
	at java.util.concurrent.ThreadPoolExecutor.runWorker(ThreadPoolExecutor.java:1149)
	at java.util.concurrent.ThreadPoolExecutor$Worker.run(ThreadPoolExecutor.java:624)
	at java.lang.Thread.run(Thread.java:748)
... Removed 18 stack frames</pre></div><a href='#' onClick='toggleBox("stack-trace1847108512", this, "Click to show all stack frames", "Click to hide stack frames")'>Click to show all stack frames</a>
<div class='stack-trace' id='stack-trace1847108512'><pre>java.lang.AssertionError: Response time of GetAllProducts call more than: 500 expected [true] but found [false]
	at org.testng.Assert.fail(Assert.java:94)
	at org.testng.Assert.failNotEquals(Assert.java:494)
	at org.testng.Assert.assertTrue(Assert.java:42)
	at in.shark.online.web.test.catalogue.master.TestGetAllProductsApiTestNg.testGetAllProductstLoad(TestGetAllProductsApiTestNg.java:71)
	at sun.reflect.GeneratedMethodAccessor21.invoke(Unknown Source)
	at sun.reflect.DelegatingMethodAccessorImpl.invoke(DelegatingMethodAccessorImpl.java:43)
	at java.lang.reflect.Method.invoke(Method.java:498)
	at org.testng.internal.MethodInvocationHelper.invokeMethod(MethodInvocationHelper.java:80)
	at org.testng.internal.MethodInvocationHelper$1.runTestMethod(MethodInvocationHelper.java:182)
	at org.springframework.test.context.testng.AbstractTestNGSpringContextTests.run(AbstractTestNGSpringContextTests.java:180)
	at sun.reflect.GeneratedMethodAccessor20.invoke(Unknown Source)
	at sun.reflect.DelegatingMethodAccessorImpl.invoke(DelegatingMethodAccessorImpl.java:43)
	at java.lang.reflect.Method.invoke(Method.java:498)
	at org.testng.internal.MethodInvocationHelper.invokeHookable(MethodInvocationHelper.java:194)
	at org.testng.internal.Invoker.invokeMethod(Invoker.java:707)
	at org.testng.internal.Invoker.invokeTestMethod(Invoker.java:901)
	at org.testng.internal.Invoker.invokeTestMethods(Invoker.java:1231)
	at org.testng.internal.TestMethodWorker.invokeTestMethods(TestMethodWorker.java:127)
	at org.testng.internal.TestMethodWorker.run(TestMethodWorker.java:111)
	at org.testng.internal.thread.ThreadUtil$2.call(ThreadUtil.java:64)
	at java.util.concurrent.FutureTask.run(FutureTask.java:266)
	at java.util.concurrent.ThreadPoolExecutor.runWorker(ThreadPoolExecutor.java:1149)
	at java.util.concurrent.ThreadPoolExecutor$Worker.run(ThreadPoolExecutor.java:624)
	at java.lang.Thread.run(Thread.java:748)
</pre></div></td>
<td>0</td>
<td>in.shark.online.web.test.catalogue.master.TestGetAllProductsApiTestNg@65fb9ffc</td></tr>
<tr>
<td title='in.shark.online.web.test.catalogue.master.TestGetAllProductsApiTestNg.testGetAllProductstLoad()'><b>testGetAllProductstLoad</b><br>Test class: in.shark.online.web.test.catalogue.master.TestGetAllProductsApiTestNg<br>Parameters: 1234567, /api/catalogue-master/getAllProducts, 1, 500</td>
<td><div><pre>java.lang.AssertionError: Response time of GetAllProducts call more than: 500 expected [true] but found [false]
	at in.shark.online.web.test.catalogue.master.TestGetAllProductsApiTestNg.testGetAllProductstLoad(TestGetAllProductsApiTestNg.java:71)
	at org.springframework.test.context.testng.AbstractTestNGSpringContextTests.run(AbstractTestNGSpringContextTests.java:180)
	at java.util.concurrent.FutureTask.run(FutureTask.java:266)
	at java.util.concurrent.ThreadPoolExecutor.runWorker(ThreadPoolExecutor.java:1149)
	at java.util.concurrent.ThreadPoolExecutor$Worker.run(ThreadPoolExecutor.java:624)
	at java.lang.Thread.run(Thread.java:748)
... Removed 18 stack frames</pre></div><a href='#' onClick='toggleBox("stack-trace655604009", this, "Click to show all stack frames", "Click to hide stack frames")'>Click to show all stack frames</a>
<div class='stack-trace' id='stack-trace655604009'><pre>java.lang.AssertionError: Response time of GetAllProducts call more than: 500 expected [true] but found [false]
	at org.testng.Assert.fail(Assert.java:94)
	at org.testng.Assert.failNotEquals(Assert.java:494)
	at org.testng.Assert.assertTrue(Assert.java:42)
	at in.shark.online.web.test.catalogue.master.TestGetAllProductsApiTestNg.testGetAllProductstLoad(TestGetAllProductsApiTestNg.java:71)
	at sun.reflect.GeneratedMethodAccessor21.invoke(Unknown Source)
	at sun.reflect.DelegatingMethodAccessorImpl.invoke(DelegatingMethodAccessorImpl.java:43)
	at java.lang.reflect.Method.invoke(Method.java:498)
	at org.testng.internal.MethodInvocationHelper.invokeMethod(MethodInvocationHelper.java:80)
	at org.testng.internal.MethodInvocationHelper$1.runTestMethod(MethodInvocationHelper.java:182)
	at org.springframework.test.context.testng.AbstractTestNGSpringContextTests.run(AbstractTestNGSpringContextTests.java:180)
	at sun.reflect.GeneratedMethodAccessor20.invoke(Unknown Source)
	at sun.reflect.DelegatingMethodAccessorImpl.invoke(DelegatingMethodAccessorImpl.java:43)
	at java.lang.reflect.Method.invoke(Method.java:498)
	at org.testng.internal.MethodInvocationHelper.invokeHookable(MethodInvocationHelper.java:194)
	at org.testng.internal.Invoker.invokeMethod(Invoker.java:707)
	at org.testng.internal.Invoker.invokeTestMethod(Invoker.java:901)
	at org.testng.internal.Invoker.invokeTestMethods(Invoker.java:1231)
	at org.testng.internal.TestMethodWorker.invokeTestMethods(TestMethodWorker.java:127)
	at org.testng.internal.TestMethodWorker.run(TestMethodWorker.java:111)
	at org.testng.internal.thread.ThreadUtil$2.call(ThreadUtil.java:64)
	at java.util.concurrent.FutureTask.run(FutureTask.java:266)
	at java.util.concurrent.ThreadPoolExecutor.runWorker(ThreadPoolExecutor.java:1149)
	at java.util.concurrent.ThreadPoolExecutor$Worker.run(ThreadPoolExecutor.java:624)
	at java.lang.Thread.run(Thread.java:748)
</pre></div></td>
<td>0</td>
<td>in.shark.online.web.test.catalogue.master.TestGetAllProductsApiTestNg@65fb9ffc</td></tr>
</table><p>
<table width='100%' border='1' class='invocation-passed'>
<tr><td colspan='4' align='center'><b>PASSED TESTS</b></td></tr>
<tr><td><b>Test method</b></td>
<td width="30%"><b>Exception</b></td>
<td width="10%"><b>Time (seconds)</b></td>
<td><b>Instance</b></td>
</tr>
<tr>
<td title='in.shark.online.web.test.catalogue.master.TestGetAllProductsApiTestNg.testGetAllProductstLoad()'><b>testGetAllProductstLoad</b><br>Test class: in.shark.online.web.test.catalogue.master.TestGetAllProductsApiTestNg<br>Parameters: 1234567, /api/catalogue-master/getAllProducts, 1, 500</td>
<td></td>
<td>0</td>
<td>in.shark.online.web.test.catalogue.master.TestGetAllProductsApiTestNg@65fb9ffc</td></tr>
<tr>
<td title='in.shark.online.web.test.catalogue.master.TestGetAllProductsApiTestNg.testGetAllProductstLoad()'><b>testGetAllProductstLoad</b><br>Test class: in.shark.online.web.test.catalogue.master.TestGetAllProductsApiTestNg<br>Parameters: 1234567, /api/catalogue-master/getAllProducts, 1, 500</td>
<td></td>
<td>0</td>
<td>in.shark.online.web.test.catalogue.master.TestGetAllProductsApiTestNg@65fb9ffc</td></tr>
<tr>
<td title='in.shark.online.web.test.catalogue.master.TestGetAllProductsApiTestNg.testGetAllProductstLoad()'><b>testGetAllProductstLoad</b><br>Test class: in.shark.online.web.test.catalogue.master.TestGetAllProductsApiTestNg<br>Parameters: 1234567, /api/catalogue-master/getAllProducts, 1, 500</td>
<td></td>
<td>0</td>
<td>in.shark.online.web.test.catalogue.master.TestGetAllProductsApiTestNg@65fb9ffc</td></tr>
<tr>
<td title='in.shark.online.web.test.catalogue.master.TestGetAllProductsApiTestNg.testGetAllProductstLoad()'><b>testGetAllProductstLoad</b><br>Test class: in.shark.online.web.test.catalogue.master.TestGetAllProductsApiTestNg<br>Parameters: 1234567, /api/catalogue-master/getAllProducts, 1, 500</td>
<td></td>
<td>0</td>
<td>in.shark.online.web.test.catalogue.master.TestGetAllProductsApiTestNg@65fb9ffc</td></tr>
<tr>
<td title='in.shark.online.web.test.catalogue.master.TestGetAllProductsApiTestNg.testGetAllProductstLoad()'><b>testGetAllProductstLoad</b><br>Test class: in.shark.online.web.test.catalogue.master.TestGetAllProductsApiTestNg<br>Parameters: 1234567, /api/catalogue-master/getAllProducts, 1, 500</td>
<td></td>
<td>0</td>
<td>in.shark.online.web.test.catalogue.master.TestGetAllProductsApiTestNg@65fb9ffc</td></tr>
<tr>
<td title='in.shark.online.web.test.catalogue.master.TestGetAllProductsApiTestNg.testGetAllProductstLoad()'><b>testGetAllProductstLoad</b><br>Test class: in.shark.online.web.test.catalogue.master.TestGetAllProductsApiTestNg<br>Parameters: 1234567, /api/catalogue-master/getAllProducts, 1, 500</td>
<td></td>
<td>0</td>
<td>in.shark.online.web.test.catalogue.master.TestGetAllProductsApiTestNg@65fb9ffc</td></tr>
<tr>
<td title='in.shark.online.web.test.catalogue.master.TestGetAllProductsApiTestNg.testGetAllProductstLoad()'><b>testGetAllProductstLoad</b><br>Test class: in.shark.online.web.test.catalogue.master.TestGetAllProductsApiTestNg<br>Parameters: 1234567, /api/catalogue-master/getAllProducts, 1, 500</td>
<td></td>
<td>0</td>
<td>in.shark.online.web.test.catalogue.master.TestGetAllProductsApiTestNg@65fb9ffc</td></tr>
<tr>
<td title='in.shark.online.web.test.catalogue.master.TestGetAllProductsApiTestNg.testGetAllProductstLoad()'><b>testGetAllProductstLoad</b><br>Test class: in.shark.online.web.test.catalogue.master.TestGetAllProductsApiTestNg<br>Parameters: 1234567, /api/catalogue-master/getAllProducts, 1, 500</td>
<td></td>
<td>0</td>
<td>in.shark.online.web.test.catalogue.master.TestGetAllProductsApiTestNg@65fb9ffc</td></tr>
<tr>
<td title='in.shark.online.web.test.catalogue.master.TestGetAllProductsApiTestNg.testGetAllProductstLoad()'><b>testGetAllProductstLoad</b><br>Test class: in.shark.online.web.test.catalogue.master.TestGetAllProductsApiTestNg<br>Parameters: 1234567, /api/catalogue-master/getAllProducts, 1, 500</td>
<td></td>
<td>0</td>
<td>in.shark.online.web.test.catalogue.master.TestGetAllProductsApiTestNg@65fb9ffc</td></tr>
<tr>
<td title='in.shark.online.web.test.catalogue.master.TestGetAllProductsApiTestNg.testGetAllProductstLoad()'><b>testGetAllProductstLoad</b><br>Test class: in.shark.online.web.test.catalogue.master.TestGetAllProductsApiTestNg<br>Parameters: 1234567, /api/catalogue-master/getAllProducts, 1, 500</td>
<td></td>
<td>0</td>
<td>in.shark.online.web.test.catalogue.master.TestGetAllProductsApiTestNg@65fb9ffc</td></tr>
<tr>
<td title='in.shark.online.web.test.catalogue.master.TestGetAllProductsApiTestNg.testGetAllProductstLoad()'><b>testGetAllProductstLoad</b><br>Test class: in.shark.online.web.test.catalogue.master.TestGetAllProductsApiTestNg<br>Parameters: 1234567, /api/catalogue-master/getAllProducts, 1, 500</td>
<td></td>
<td>0</td>
<td>in.shark.online.web.test.catalogue.master.TestGetAllProductsApiTestNg@65fb9ffc</td></tr>
<tr>
<td title='in.shark.online.web.test.catalogue.master.TestGetAllProductsApiTestNg.testGetAllProductstLoad()'><b>testGetAllProductstLoad</b><br>Test class: in.shark.online.web.test.catalogue.master.TestGetAllProductsApiTestNg<br>Parameters: 1234567, /api/catalogue-master/getAllProducts, 1, 500</td>
<td></td>
<td>0</td>
<td>in.shark.online.web.test.catalogue.master.TestGetAllProductsApiTestNg@65fb9ffc</td></tr>
<tr>
<td title='in.shark.online.web.test.catalogue.master.TestGetAllProductsApiTestNg.testGetAllProductstLoad()'><b>testGetAllProductstLoad</b><br>Test class: in.shark.online.web.test.catalogue.master.TestGetAllProductsApiTestNg<br>Parameters: 1234567, /api/catalogue-master/getAllProducts, 1, 500</td>
<td></td>
<td>0</td>
<td>in.shark.online.web.test.catalogue.master.TestGetAllProductsApiTestNg@65fb9ffc</td></tr>
<tr>
<td title='in.shark.online.web.test.catalogue.master.TestGetAllProductsApiTestNg.testGetAllProductstLoad()'><b>testGetAllProductstLoad</b><br>Test class: in.shark.online.web.test.catalogue.master.TestGetAllProductsApiTestNg<br>Parameters: 1234567, /api/catalogue-master/getAllProducts, 1, 500</td>
<td></td>
<td>0</td>
<td>in.shark.online.web.test.catalogue.master.TestGetAllProductsApiTestNg@65fb9ffc</td></tr>
<tr>
<td title='in.shark.online.web.test.catalogue.master.TestGetAllProductsApiTestNg.testGetAllProductstLoad()'><b>testGetAllProductstLoad</b><br>Test class: in.shark.online.web.test.catalogue.master.TestGetAllProductsApiTestNg<br>Parameters: 1234567, /api/catalogue-master/getAllProducts, 1, 500</td>
<td></td>
<td>0</td>
<td>in.shark.online.web.test.catalogue.master.TestGetAllProductsApiTestNg@65fb9ffc</td></tr>
<tr>
<td title='in.shark.online.web.test.catalogue.master.TestGetAllProductsApiTestNg.testGetAllProductstLoad()'><b>testGetAllProductstLoad</b><br>Test class: in.shark.online.web.test.catalogue.master.TestGetAllProductsApiTestNg<br>Parameters: 1234567, /api/catalogue-master/getAllProducts, 1, 500</td>
<td></td>
<td>0</td>
<td>in.shark.online.web.test.catalogue.master.TestGetAllProductsApiTestNg@65fb9ffc</td></tr>
<tr>
<td title='in.shark.online.web.test.catalogue.master.TestGetAllProductsApiTestNg.testGetAllProductstLoad()'><b>testGetAllProductstLoad</b><br>Test class: in.shark.online.web.test.catalogue.master.TestGetAllProductsApiTestNg<br>Parameters: 1234567, /api/catalogue-master/getAllProducts, 1, 500</td>
<td></td>
<td>0</td>
<td>in.shark.online.web.test.catalogue.master.TestGetAllProductsApiTestNg@65fb9ffc</td></tr>
<tr>
<td title='in.shark.online.web.test.catalogue.master.TestGetAllProductsApiTestNg.testGetAllProductstLoad()'><b>testGetAllProductstLoad</b><br>Test class: in.shark.online.web.test.catalogue.master.TestGetAllProductsApiTestNg<br>Parameters: 1234567, /api/catalogue-master/getAllProducts, 1, 500</td>
<td></td>
<td>0</td>
<td>in.shark.online.web.test.catalogue.master.TestGetAllProductsApiTestNg@65fb9ffc</td></tr>
<tr>
<td title='in.shark.online.web.test.catalogue.master.TestGetAllProductsApiTestNg.testGetAllProductstLoad()'><b>testGetAllProductstLoad</b><br>Test class: in.shark.online.web.test.catalogue.master.TestGetAllProductsApiTestNg<br>Parameters: 1234567, /api/catalogue-master/getAllProducts, 1, 500</td>
<td></td>
<td>0</td>
<td>in.shark.online.web.test.catalogue.master.TestGetAllProductsApiTestNg@65fb9ffc</td></tr>
<tr>
<td title='in.shark.online.web.test.catalogue.master.TestGetAllProductsApiTestNg.testGetAllProductstLoad()'><b>testGetAllProductstLoad</b><br>Test class: in.shark.online.web.test.catalogue.master.TestGetAllProductsApiTestNg<br>Parameters: 1234567, /api/catalogue-master/getAllProducts, 1, 500</td>
<td></td>
<td>0</td>
<td>in.shark.online.web.test.catalogue.master.TestGetAllProductsApiTestNg@65fb9ffc</td></tr>
<tr>
<td title='in.shark.online.web.test.catalogue.master.TestGetAllProductsApiTestNg.testGetAllProductstLoad()'><b>testGetAllProductstLoad</b><br>Test class: in.shark.online.web.test.catalogue.master.TestGetAllProductsApiTestNg<br>Parameters: 1234567, /api/catalogue-master/getAllProducts, 1, 500</td>
<td></td>
<td>0</td>
<td>in.shark.online.web.test.catalogue.master.TestGetAllProductsApiTestNg@65fb9ffc</td></tr>
<tr>
<td title='in.shark.online.web.test.catalogue.master.TestGetAllProductsApiTestNg.testGetAllProductstLoad()'><b>testGetAllProductstLoad</b><br>Test class: in.shark.online.web.test.catalogue.master.TestGetAllProductsApiTestNg<br>Parameters: 1234567, /api/catalogue-master/getAllProducts, 1, 500</td>
<td></td>
<td>0</td>
<td>in.shark.online.web.test.catalogue.master.TestGetAllProductsApiTestNg@65fb9ffc</td></tr>
<tr>
<td title='in.shark.online.web.test.catalogue.master.TestGetAllProductsApiTestNg.testGetAllProductstLoad()'><b>testGetAllProductstLoad</b><br>Test class: in.shark.online.web.test.catalogue.master.TestGetAllProductsApiTestNg<br>Parameters: 1234567, /api/catalogue-master/getAllProducts, 1, 500</td>
<td></td>
<td>0</td>
<td>in.shark.online.web.test.catalogue.master.TestGetAllProductsApiTestNg@65fb9ffc</td></tr>
<tr>
<td title='in.shark.online.web.test.catalogue.master.TestGetAllProductsApiTestNg.testGetAllProductstLoad()'><b>testGetAllProductstLoad</b><br>Test class: in.shark.online.web.test.catalogue.master.TestGetAllProductsApiTestNg<br>Parameters: 1234567, /api/catalogue-master/getAllProducts, 1, 500</td>
<td></td>
<td>0</td>
<td>in.shark.online.web.test.catalogue.master.TestGetAllProductsApiTestNg@65fb9ffc</td></tr>
<tr>
<td title='in.shark.online.web.test.catalogue.master.TestGetAllProductsApiTestNg.testGetAllProductstLoad()'><b>testGetAllProductstLoad</b><br>Test class: in.shark.online.web.test.catalogue.master.TestGetAllProductsApiTestNg<br>Parameters: 1234567, /api/catalogue-master/getAllProducts, 1, 500</td>
<td></td>
<td>0</td>
<td>in.shark.online.web.test.catalogue.master.TestGetAllProductsApiTestNg@65fb9ffc</td></tr>
<tr>
<td title='in.shark.online.web.test.catalogue.master.TestGetAllProductsApiTestNg.testGetAllProductstLoad()'><b>testGetAllProductstLoad</b><br>Test class: in.shark.online.web.test.catalogue.master.TestGetAllProductsApiTestNg<br>Parameters: 1234567, /api/catalogue-master/getAllProducts, 1, 500</td>
<td></td>
<td>0</td>
<td>in.shark.online.web.test.catalogue.master.TestGetAllProductsApiTestNg@65fb9ffc</td></tr>
<tr>
<td title='in.shark.online.web.test.catalogue.master.TestGetAllProductsApiTestNg.testGetAllProductstLoad()'><b>testGetAllProductstLoad</b><br>Test class: in.shark.online.web.test.catalogue.master.TestGetAllProductsApiTestNg<br>Parameters: 1234567, /api/catalogue-master/getAllProducts, 1, 500</td>
<td></td>
<td>0</td>
<td>in.shark.online.web.test.catalogue.master.TestGetAllProductsApiTestNg@65fb9ffc</td></tr>
<tr>
<td title='in.shark.online.web.test.catalogue.master.TestGetAllProductsApiTestNg.testGetAllProductstLoad()'><b>testGetAllProductstLoad</b><br>Test class: in.shark.online.web.test.catalogue.master.TestGetAllProductsApiTestNg<br>Parameters: 1234567, /api/catalogue-master/getAllProducts, 1, 500</td>
<td></td>
<td>0</td>
<td>in.shark.online.web.test.catalogue.master.TestGetAllProductsApiTestNg@65fb9ffc</td></tr>
<tr>
<td title='in.shark.online.web.test.catalogue.master.TestGetAllProductsApiTestNg.testGetAllProductstLoad()'><b>testGetAllProductstLoad</b><br>Test class: in.shark.online.web.test.catalogue.master.TestGetAllProductsApiTestNg<br>Parameters: 1234567, /api/catalogue-master/getAllProducts, 1, 500</td>
<td></td>
<td>0</td>
<td>in.shark.online.web.test.catalogue.master.TestGetAllProductsApiTestNg@65fb9ffc</td></tr>
<tr>
<td title='in.shark.online.web.test.catalogue.master.TestGetAllProductsApiTestNg.testGetAllProductstLoad()'><b>testGetAllProductstLoad</b><br>Test class: in.shark.online.web.test.catalogue.master.TestGetAllProductsApiTestNg<br>Parameters: 1234567, /api/catalogue-master/getAllProducts, 1, 500</td>
<td></td>
<td>0</td>
<td>in.shark.online.web.test.catalogue.master.TestGetAllProductsApiTestNg@65fb9ffc</td></tr>
<tr>
<td title='in.shark.online.web.test.catalogue.master.TestGetAllProductsApiTestNg.testGetAllProductstLoad()'><b>testGetAllProductstLoad</b><br>Test class: in.shark.online.web.test.catalogue.master.TestGetAllProductsApiTestNg<br>Parameters: 1234567, /api/catalogue-master/getAllProducts, 1, 500</td>
<td></td>
<td>0</td>
<td>in.shark.online.web.test.catalogue.master.TestGetAllProductsApiTestNg@65fb9ffc</td></tr>
<tr>
<td title='in.shark.online.web.test.catalogue.master.TestGetAllProductsApiTestNg.testGetAllProductstLoad()'><b>testGetAllProductstLoad</b><br>Test class: in.shark.online.web.test.catalogue.master.TestGetAllProductsApiTestNg<br>Parameters: 1234567, /api/catalogue-master/getAllProducts, 1, 500</td>
<td></td>
<td>0</td>
<td>in.shark.online.web.test.catalogue.master.TestGetAllProductsApiTestNg@65fb9ffc</td></tr>
<tr>
<td title='in.shark.online.web.test.catalogue.master.TestGetAllProductsApiTestNg.testGetAllProductstLoad()'><b>testGetAllProductstLoad</b><br>Test class: in.shark.online.web.test.catalogue.master.TestGetAllProductsApiTestNg<br>Parameters: 1234567, /api/catalogue-master/getAllProducts, 1, 500</td>
<td></td>
<td>0</td>
<td>in.shark.online.web.test.catalogue.master.TestGetAllProductsApiTestNg@65fb9ffc</td></tr>
<tr>
<td title='in.shark.online.web.test.catalogue.master.TestGetAllProductsApiTestNg.testGetAllProductstLoad()'><b>testGetAllProductstLoad</b><br>Test class: in.shark.online.web.test.catalogue.master.TestGetAllProductsApiTestNg<br>Parameters: 1234567, /api/catalogue-master/getAllProducts, 1, 500</td>
<td></td>
<td>0</td>
<td>in.shark.online.web.test.catalogue.master.TestGetAllProductsApiTestNg@65fb9ffc</td></tr>
<tr>
<td title='in.shark.online.web.test.catalogue.master.TestGetAllProductsApiTestNg.testGetAllProductstLoad()'><b>testGetAllProductstLoad</b><br>Test class: in.shark.online.web.test.catalogue.master.TestGetAllProductsApiTestNg<br>Parameters: 1234567, /api/catalogue-master/getAllProducts, 1, 500</td>
<td></td>
<td>0</td>
<td>in.shark.online.web.test.catalogue.master.TestGetAllProductsApiTestNg@65fb9ffc</td></tr>
<tr>
<td title='in.shark.online.web.test.catalogue.master.TestGetAllProductsApiTestNg.testGetAllProductstLoad()'><b>testGetAllProductstLoad</b><br>Test class: in.shark.online.web.test.catalogue.master.TestGetAllProductsApiTestNg<br>Parameters: 1234567, /api/catalogue-master/getAllProducts, 1, 500</td>
<td></td>
<td>0</td>
<td>in.shark.online.web.test.catalogue.master.TestGetAllProductsApiTestNg@65fb9ffc</td></tr>
<tr>
<td title='in.shark.online.web.test.catalogue.master.TestGetAllProductsApiTestNg.testGetAllProductstLoad()'><b>testGetAllProductstLoad</b><br>Test class: in.shark.online.web.test.catalogue.master.TestGetAllProductsApiTestNg<br>Parameters: 1234567, /api/catalogue-master/getAllProducts, 1, 500</td>
<td></td>
<td>0</td>
<td>in.shark.online.web.test.catalogue.master.TestGetAllProductsApiTestNg@65fb9ffc</td></tr>
<tr>
<td title='in.shark.online.web.test.catalogue.master.TestGetAllProductsApiTestNg.testGetAllProductstLoad()'><b>testGetAllProductstLoad</b><br>Test class: in.shark.online.web.test.catalogue.master.TestGetAllProductsApiTestNg<br>Parameters: 1234567, /api/catalogue-master/getAllProducts, 1, 500</td>
<td></td>
<td>0</td>
<td>in.shark.online.web.test.catalogue.master.TestGetAllProductsApiTestNg@65fb9ffc</td></tr>
<tr>
<td title='in.shark.online.web.test.catalogue.master.TestGetAllProductsApiTestNg.testGetAllProductstLoad()'><b>testGetAllProductstLoad</b><br>Test class: in.shark.online.web.test.catalogue.master.TestGetAllProductsApiTestNg<br>Parameters: 1234567, /api/catalogue-master/getAllProducts, 1, 500</td>
<td></td>
<td>0</td>
<td>in.shark.online.web.test.catalogue.master.TestGetAllProductsApiTestNg@65fb9ffc</td></tr>
<tr>
<td title='in.shark.online.web.test.catalogue.master.TestGetAllProductsApiTestNg.testGetAllProductstLoad()'><b>testGetAllProductstLoad</b><br>Test class: in.shark.online.web.test.catalogue.master.TestGetAllProductsApiTestNg<br>Parameters: 1234567, /api/catalogue-master/getAllProducts, 1, 500</td>
<td></td>
<td>0</td>
<td>in.shark.online.web.test.catalogue.master.TestGetAllProductsApiTestNg@65fb9ffc</td></tr>
<tr>
<td title='in.shark.online.web.test.catalogue.master.TestGetAllProductsApiTestNg.testGetAllProductstLoad()'><b>testGetAllProductstLoad</b><br>Test class: in.shark.online.web.test.catalogue.master.TestGetAllProductsApiTestNg<br>Parameters: 1234567, /api/catalogue-master/getAllProducts, 1, 500</td>
<td></td>
<td>0</td>
<td>in.shark.online.web.test.catalogue.master.TestGetAllProductsApiTestNg@65fb9ffc</td></tr>
<tr>
<td title='in.shark.online.web.test.catalogue.master.TestGetAllProductsApiTestNg.testGetAllProductstLoad()'><b>testGetAllProductstLoad</b><br>Test class: in.shark.online.web.test.catalogue.master.TestGetAllProductsApiTestNg<br>Parameters: 1234567, /api/catalogue-master/getAllProducts, 1, 500</td>
<td></td>
<td>0</td>
<td>in.shark.online.web.test.catalogue.master.TestGetAllProductsApiTestNg@65fb9ffc</td></tr>
<tr>
<td title='in.shark.online.web.test.catalogue.master.TestGetAllProductsApiTestNg.testGetAllProductstLoad()'><b>testGetAllProductstLoad</b><br>Test class: in.shark.online.web.test.catalogue.master.TestGetAllProductsApiTestNg<br>Parameters: 1234567, /api/catalogue-master/getAllProducts, 1, 500</td>
<td></td>
<td>0</td>
<td>in.shark.online.web.test.catalogue.master.TestGetAllProductsApiTestNg@65fb9ffc</td></tr>
<tr>
<td title='in.shark.online.web.test.catalogue.master.TestGetAllProductsApiTestNg.testGetAllProductstLoad()'><b>testGetAllProductstLoad</b><br>Test class: in.shark.online.web.test.catalogue.master.TestGetAllProductsApiTestNg<br>Parameters: 1234567, /api/catalogue-master/getAllProducts, 1, 500</td>
<td></td>
<td>0</td>
<td>in.shark.online.web.test.catalogue.master.TestGetAllProductsApiTestNg@65fb9ffc</td></tr>
<tr>
<td title='in.shark.online.web.test.catalogue.master.TestGetAllProductsApiTestNg.testGetAllProductstLoad()'><b>testGetAllProductstLoad</b><br>Test class: in.shark.online.web.test.catalogue.master.TestGetAllProductsApiTestNg<br>Parameters: 1234567, /api/catalogue-master/getAllProducts, 1, 500</td>
<td></td>
<td>0</td>
<td>in.shark.online.web.test.catalogue.master.TestGetAllProductsApiTestNg@65fb9ffc</td></tr>
<tr>
<td title='in.shark.online.web.test.catalogue.master.TestGetAllProductsApiTestNg.testGetAllProductstLoad()'><b>testGetAllProductstLoad</b><br>Test class: in.shark.online.web.test.catalogue.master.TestGetAllProductsApiTestNg<br>Parameters: 1234567, /api/catalogue-master/getAllProducts, 1, 500</td>
<td></td>
<td>0</td>
<td>in.shark.online.web.test.catalogue.master.TestGetAllProductsApiTestNg@65fb9ffc</td></tr>
<tr>
<td title='in.shark.online.web.test.catalogue.master.TestGetAllProductsApiTestNg.testGetAllProductstLoad()'><b>testGetAllProductstLoad</b><br>Test class: in.shark.online.web.test.catalogue.master.TestGetAllProductsApiTestNg<br>Parameters: 1234567, /api/catalogue-master/getAllProducts, 1, 500</td>
<td></td>
<td>0</td>
<td>in.shark.online.web.test.catalogue.master.TestGetAllProductsApiTestNg@65fb9ffc</td></tr>
<tr>
<td title='in.shark.online.web.test.catalogue.master.TestGetAllProductsApiTestNg.testGetAllProductstLoad()'><b>testGetAllProductstLoad</b><br>Test class: in.shark.online.web.test.catalogue.master.TestGetAllProductsApiTestNg<br>Parameters: 1234567, /api/catalogue-master/getAllProducts, 1, 500</td>
<td></td>
<td>0</td>
<td>in.shark.online.web.test.catalogue.master.TestGetAllProductsApiTestNg@65fb9ffc</td></tr>
<tr>
<td title='in.shark.online.web.test.catalogue.master.TestGetAllProductsApiTestNg.testGetAllProductstLoad()'><b>testGetAllProductstLoad</b><br>Test class: in.shark.online.web.test.catalogue.master.TestGetAllProductsApiTestNg<br>Parameters: 1234567, /api/catalogue-master/getAllProducts, 1, 500</td>
<td></td>
<td>0</td>
<td>in.shark.online.web.test.catalogue.master.TestGetAllProductsApiTestNg@65fb9ffc</td></tr>
<tr>
<td title='in.shark.online.web.test.catalogue.master.TestGetAllProductsApiTestNg.testGetAllProductstLoad()'><b>testGetAllProductstLoad</b><br>Test class: in.shark.online.web.test.catalogue.master.TestGetAllProductsApiTestNg<br>Parameters: 1234567, /api/catalogue-master/getAllProducts, 1, 500</td>
<td></td>
<td>0</td>
<td>in.shark.online.web.test.catalogue.master.TestGetAllProductsApiTestNg@65fb9ffc</td></tr>
<tr>
<td title='in.shark.online.web.test.catalogue.master.TestGetAllProductsApiTestNg.testGetAllProductstLoad()'><b>testGetAllProductstLoad</b><br>Test class: in.shark.online.web.test.catalogue.master.TestGetAllProductsApiTestNg<br>Parameters: 1234567, /api/catalogue-master/getAllProducts, 1, 500</td>
<td></td>
<td>0</td>
<td>in.shark.online.web.test.catalogue.master.TestGetAllProductsApiTestNg@65fb9ffc</td></tr>
<tr>
<td title='in.shark.online.web.test.catalogue.master.TestGetAllProductsApiTestNg.testGetAllProductstLoad()'><b>testGetAllProductstLoad</b><br>Test class: in.shark.online.web.test.catalogue.master.TestGetAllProductsApiTestNg<br>Parameters: 1234567, /api/catalogue-master/getAllProducts, 1, 500</td>
<td></td>
<td>0</td>
<td>in.shark.online.web.test.catalogue.master.TestGetAllProductsApiTestNg@65fb9ffc</td></tr>
<tr>
<td title='in.shark.online.web.test.catalogue.master.TestGetAllProductsApiTestNg.testGetAllProductstLoad()'><b>testGetAllProductstLoad</b><br>Test class: in.shark.online.web.test.catalogue.master.TestGetAllProductsApiTestNg<br>Parameters: 1234567, /api/catalogue-master/getAllProducts, 1, 500</td>
<td></td>
<td>0</td>
<td>in.shark.online.web.test.catalogue.master.TestGetAllProductsApiTestNg@65fb9ffc</td></tr>
<tr>
<td title='in.shark.online.web.test.catalogue.master.TestGetAllProductsApiTestNg.testGetAllProductstLoad()'><b>testGetAllProductstLoad</b><br>Test class: in.shark.online.web.test.catalogue.master.TestGetAllProductsApiTestNg<br>Parameters: 1234567, /api/catalogue-master/getAllProducts, 1, 500</td>
<td></td>
<td>0</td>
<td>in.shark.online.web.test.catalogue.master.TestGetAllProductsApiTestNg@65fb9ffc</td></tr>
<tr>
<td title='in.shark.online.web.test.catalogue.master.TestGetAllProductsApiTestNg.testGetAllProductstLoad()'><b>testGetAllProductstLoad</b><br>Test class: in.shark.online.web.test.catalogue.master.TestGetAllProductsApiTestNg<br>Parameters: 1234567, /api/catalogue-master/getAllProducts, 1, 500</td>
<td></td>
<td>0</td>
<td>in.shark.online.web.test.catalogue.master.TestGetAllProductsApiTestNg@65fb9ffc</td></tr>
<tr>
<td title='in.shark.online.web.test.catalogue.master.TestGetAllProductsApiTestNg.testGetAllProductstLoad()'><b>testGetAllProductstLoad</b><br>Test class: in.shark.online.web.test.catalogue.master.TestGetAllProductsApiTestNg<br>Parameters: 1234567, /api/catalogue-master/getAllProducts, 1, 500</td>
<td></td>
<td>0</td>
<td>in.shark.online.web.test.catalogue.master.TestGetAllProductsApiTestNg@65fb9ffc</td></tr>
<tr>
<td title='in.shark.online.web.test.catalogue.master.TestGetAllProductsApiTestNg.testGetAllProductstLoad()'><b>testGetAllProductstLoad</b><br>Test class: in.shark.online.web.test.catalogue.master.TestGetAllProductsApiTestNg<br>Parameters: 1234567, /api/catalogue-master/getAllProducts, 1, 500</td>
<td></td>
<td>0</td>
<td>in.shark.online.web.test.catalogue.master.TestGetAllProductsApiTestNg@65fb9ffc</td></tr>
<tr>
<td title='in.shark.online.web.test.catalogue.master.TestGetAllProductsApiTestNg.testGetAllProductstLoad()'><b>testGetAllProductstLoad</b><br>Test class: in.shark.online.web.test.catalogue.master.TestGetAllProductsApiTestNg<br>Parameters: 1234567, /api/catalogue-master/getAllProducts, 1, 500</td>
<td></td>
<td>0</td>
<td>in.shark.online.web.test.catalogue.master.TestGetAllProductsApiTestNg@65fb9ffc</td></tr>
<tr>
<td title='in.shark.online.web.test.catalogue.master.TestGetAllProductsApiTestNg.testGetAllProductstLoad()'><b>testGetAllProductstLoad</b><br>Test class: in.shark.online.web.test.catalogue.master.TestGetAllProductsApiTestNg<br>Parameters: 1234567, /api/catalogue-master/getAllProducts, 1, 500</td>
<td></td>
<td>0</td>
<td>in.shark.online.web.test.catalogue.master.TestGetAllProductsApiTestNg@65fb9ffc</td></tr>
<tr>
<td title='in.shark.online.web.test.catalogue.master.TestGetAllProductsApiTestNg.testGetAllProductstLoad()'><b>testGetAllProductstLoad</b><br>Test class: in.shark.online.web.test.catalogue.master.TestGetAllProductsApiTestNg<br>Parameters: 1234567, /api/catalogue-master/getAllProducts, 1, 500</td>
<td></td>
<td>0</td>
<td>in.shark.online.web.test.catalogue.master.TestGetAllProductsApiTestNg@65fb9ffc</td></tr>
<tr>
<td title='in.shark.online.web.test.catalogue.master.TestGetAllProductsApiTestNg.testGetAllProductstLoad()'><b>testGetAllProductstLoad</b><br>Test class: in.shark.online.web.test.catalogue.master.TestGetAllProductsApiTestNg<br>Parameters: 1234567, /api/catalogue-master/getAllProducts, 1, 500</td>
<td></td>
<td>0</td>
<td>in.shark.online.web.test.catalogue.master.TestGetAllProductsApiTestNg@65fb9ffc</td></tr>
<tr>
<td title='in.shark.online.web.test.catalogue.master.TestGetAllProductsApiTestNg.testGetAllProductstLoad()'><b>testGetAllProductstLoad</b><br>Test class: in.shark.online.web.test.catalogue.master.TestGetAllProductsApiTestNg<br>Parameters: 1234567, /api/catalogue-master/getAllProducts, 1, 500</td>
<td></td>
<td>0</td>
<td>in.shark.online.web.test.catalogue.master.TestGetAllProductsApiTestNg@65fb9ffc</td></tr>
<tr>
<td title='in.shark.online.web.test.catalogue.master.TestGetAllProductsApiTestNg.testGetAllProductstLoad()'><b>testGetAllProductstLoad</b><br>Test class: in.shark.online.web.test.catalogue.master.TestGetAllProductsApiTestNg<br>Parameters: 1234567, /api/catalogue-master/getAllProducts, 1, 500</td>
<td></td>
<td>0</td>
<td>in.shark.online.web.test.catalogue.master.TestGetAllProductsApiTestNg@65fb9ffc</td></tr>
<tr>
<td title='in.shark.online.web.test.catalogue.master.TestGetAllProductsApiTestNg.testGetAllProductstLoad()'><b>testGetAllProductstLoad</b><br>Test class: in.shark.online.web.test.catalogue.master.TestGetAllProductsApiTestNg<br>Parameters: 1234567, /api/catalogue-master/getAllProducts, 1, 500</td>
<td></td>
<td>0</td>
<td>in.shark.online.web.test.catalogue.master.TestGetAllProductsApiTestNg@65fb9ffc</td></tr>
<tr>
<td title='in.shark.online.web.test.catalogue.master.TestGetAllProductsApiTestNg.testGetAllProductstLoad()'><b>testGetAllProductstLoad</b><br>Test class: in.shark.online.web.test.catalogue.master.TestGetAllProductsApiTestNg<br>Parameters: 1234567, /api/catalogue-master/getAllProducts, 1, 500</td>
<td></td>
<td>0</td>
<td>in.shark.online.web.test.catalogue.master.TestGetAllProductsApiTestNg@65fb9ffc</td></tr>
<tr>
<td title='in.shark.online.web.test.catalogue.master.TestGetAllProductsApiTestNg.testGetAllProductstLoad()'><b>testGetAllProductstLoad</b><br>Test class: in.shark.online.web.test.catalogue.master.TestGetAllProductsApiTestNg<br>Parameters: 1234567, /api/catalogue-master/getAllProducts, 1, 500</td>
<td></td>
<td>0</td>
<td>in.shark.online.web.test.catalogue.master.TestGetAllProductsApiTestNg@65fb9ffc</td></tr>
<tr>
<td title='in.shark.online.web.test.catalogue.master.TestGetAllProductsApiTestNg.testGetAllProductstLoad()'><b>testGetAllProductstLoad</b><br>Test class: in.shark.online.web.test.catalogue.master.TestGetAllProductsApiTestNg<br>Parameters: 1234567, /api/catalogue-master/getAllProducts, 1, 500</td>
<td></td>
<td>0</td>
<td>in.shark.online.web.test.catalogue.master.TestGetAllProductsApiTestNg@65fb9ffc</td></tr>
<tr>
<td title='in.shark.online.web.test.catalogue.master.TestGetAllProductsApiTestNg.testGetAllProductstLoad()'><b>testGetAllProductstLoad</b><br>Test class: in.shark.online.web.test.catalogue.master.TestGetAllProductsApiTestNg<br>Parameters: 1234567, /api/catalogue-master/getAllProducts, 1, 500</td>
<td></td>
<td>0</td>
<td>in.shark.online.web.test.catalogue.master.TestGetAllProductsApiTestNg@65fb9ffc</td></tr>
<tr>
<td title='in.shark.online.web.test.catalogue.master.TestGetAllProductsApiTestNg.testGetAllProductstLoad()'><b>testGetAllProductstLoad</b><br>Test class: in.shark.online.web.test.catalogue.master.TestGetAllProductsApiTestNg<br>Parameters: 1234567, /api/catalogue-master/getAllProducts, 1, 500</td>
<td></td>
<td>0</td>
<td>in.shark.online.web.test.catalogue.master.TestGetAllProductsApiTestNg@65fb9ffc</td></tr>
<tr>
<td title='in.shark.online.web.test.catalogue.master.TestGetAllProductsApiTestNg.testGetAllProductstLoad()'><b>testGetAllProductstLoad</b><br>Test class: in.shark.online.web.test.catalogue.master.TestGetAllProductsApiTestNg<br>Parameters: 1234567, /api/catalogue-master/getAllProducts, 1, 500</td>
<td></td>
<td>0</td>
<td>in.shark.online.web.test.catalogue.master.TestGetAllProductsApiTestNg@65fb9ffc</td></tr>
<tr>
<td title='in.shark.online.web.test.catalogue.master.TestGetAllProductsApiTestNg.testGetAllProductstLoad()'><b>testGetAllProductstLoad</b><br>Test class: in.shark.online.web.test.catalogue.master.TestGetAllProductsApiTestNg<br>Parameters: 1234567, /api/catalogue-master/getAllProducts, 1, 500</td>
<td></td>
<td>0</td>
<td>in.shark.online.web.test.catalogue.master.TestGetAllProductsApiTestNg@65fb9ffc</td></tr>
<tr>
<td title='in.shark.online.web.test.catalogue.master.TestGetAllProductsApiTestNg.testGetAllProductstLoad()'><b>testGetAllProductstLoad</b><br>Test class: in.shark.online.web.test.catalogue.master.TestGetAllProductsApiTestNg<br>Parameters: 1234567, /api/catalogue-master/getAllProducts, 1, 500</td>
<td></td>
<td>0</td>
<td>in.shark.online.web.test.catalogue.master.TestGetAllProductsApiTestNg@65fb9ffc</td></tr>
<tr>
<td title='in.shark.online.web.test.catalogue.master.TestGetAllProductsApiTestNg.testGetAllProductstLoad()'><b>testGetAllProductstLoad</b><br>Test class: in.shark.online.web.test.catalogue.master.TestGetAllProductsApiTestNg<br>Parameters: 1234567, /api/catalogue-master/getAllProducts, 1, 500</td>
<td></td>
<td>0</td>
<td>in.shark.online.web.test.catalogue.master.TestGetAllProductsApiTestNg@65fb9ffc</td></tr>
<tr>
<td title='in.shark.online.web.test.catalogue.master.TestGetAllProductsApiTestNg.testGetAllProductstLoad()'><b>testGetAllProductstLoad</b><br>Test class: in.shark.online.web.test.catalogue.master.TestGetAllProductsApiTestNg<br>Parameters: 1234567, /api/catalogue-master/getAllProducts, 1, 500</td>
<td></td>
<td>0</td>
<td>in.shark.online.web.test.catalogue.master.TestGetAllProductsApiTestNg@65fb9ffc</td></tr>
<tr>
<td title='in.shark.online.web.test.catalogue.master.TestGetAllProductsApiTestNg.testGetAllProductstLoad()'><b>testGetAllProductstLoad</b><br>Test class: in.shark.online.web.test.catalogue.master.TestGetAllProductsApiTestNg<br>Parameters: 1234567, /api/catalogue-master/getAllProducts, 1, 500</td>
<td></td>
<td>0</td>
<td>in.shark.online.web.test.catalogue.master.TestGetAllProductsApiTestNg@65fb9ffc</td></tr>
<tr>
<td title='in.shark.online.web.test.catalogue.master.TestGetAllProductsApiTestNg.testGetAllProductstLoad()'><b>testGetAllProductstLoad</b><br>Test class: in.shark.online.web.test.catalogue.master.TestGetAllProductsApiTestNg<br>Parameters: 1234567, /api/catalogue-master/getAllProducts, 1, 500</td>
<td></td>
<td>0</td>
<td>in.shark.online.web.test.catalogue.master.TestGetAllProductsApiTestNg@65fb9ffc</td></tr>
<tr>
<td title='in.shark.online.web.test.catalogue.master.TestGetAllProductsApiTestNg.testGetAllProductstLoad()'><b>testGetAllProductstLoad</b><br>Test class: in.shark.online.web.test.catalogue.master.TestGetAllProductsApiTestNg<br>Parameters: 1234567, /api/catalogue-master/getAllProducts, 1, 500</td>
<td></td>
<td>0</td>
<td>in.shark.online.web.test.catalogue.master.TestGetAllProductsApiTestNg@65fb9ffc</td></tr>
<tr>
<td title='in.shark.online.web.test.catalogue.master.TestGetAllProductsApiTestNg.testGetAllProductstLoad()'><b>testGetAllProductstLoad</b><br>Test class: in.shark.online.web.test.catalogue.master.TestGetAllProductsApiTestNg<br>Parameters: 1234567, /api/catalogue-master/getAllProducts, 1, 500</td>
<td></td>
<td>0</td>
<td>in.shark.online.web.test.catalogue.master.TestGetAllProductsApiTestNg@65fb9ffc</td></tr>
<tr>
<td title='in.shark.online.web.test.catalogue.master.TestGetAllProductsApiTestNg.testGetAllProductstLoad()'><b>testGetAllProductstLoad</b><br>Test class: in.shark.online.web.test.catalogue.master.TestGetAllProductsApiTestNg<br>Parameters: 1234567, /api/catalogue-master/getAllProducts, 1, 500</td>
<td></td>
<td>0</td>
<td>in.shark.online.web.test.catalogue.master.TestGetAllProductsApiTestNg@65fb9ffc</td></tr>
<tr>
<td title='in.shark.online.web.test.catalogue.master.TestGetAllProductsApiTestNg.testGetAllProductstLoad()'><b>testGetAllProductstLoad</b><br>Test class: in.shark.online.web.test.catalogue.master.TestGetAllProductsApiTestNg<br>Parameters: 1234567, /api/catalogue-master/getAllProducts, 1, 500</td>
<td></td>
<td>0</td>
<td>in.shark.online.web.test.catalogue.master.TestGetAllProductsApiTestNg@65fb9ffc</td></tr>
<tr>
<td title='in.shark.online.web.test.catalogue.master.TestGetAllProductsApiTestNg.testGetAllProductstLoad()'><b>testGetAllProductstLoad</b><br>Test class: in.shark.online.web.test.catalogue.master.TestGetAllProductsApiTestNg<br>Parameters: 1234567, /api/catalogue-master/getAllProducts, 1, 500</td>
<td></td>
<td>0</td>
<td>in.shark.online.web.test.catalogue.master.TestGetAllProductsApiTestNg@65fb9ffc</td></tr>
<tr>
<td title='in.shark.online.web.test.catalogue.master.TestGetAllProductsApiTestNg.testGetAllProductstLoad()'><b>testGetAllProductstLoad</b><br>Test class: in.shark.online.web.test.catalogue.master.TestGetAllProductsApiTestNg<br>Parameters: 1234567, /api/catalogue-master/getAllProducts, 1, 500</td>
<td></td>
<td>0</td>
<td>in.shark.online.web.test.catalogue.master.TestGetAllProductsApiTestNg@65fb9ffc</td></tr>
</table><p>
</body>
</html>