<!DOCTYPE html>

<html>
  <head>
  <title>TestNG reports</title>

    <link type="text/css" href="testng-reports.css" rel="stylesheet" />  
    <script type="text/javascript" src="jquery-1.7.1.min.js"></script>
    <script type="text/javascript" src="testng-reports.js"></script>
    <script type="text/javascript" src="https://www.google.com/jsapi"></script>
    <script type='text/javascript'>
      google.load('visualization', '1', {packages:['table']});
      google.setOnLoadCallback(drawTable);
      var suiteTableInitFunctions = new Array();
      var suiteTableData = new Array();
    </script>
    <!--
      <script type="text/javascript" src="jquery-ui/js/jquery-ui-1.8.16.custom.min.js"></script>
     -->
  </head>

  <body>
    <div class="top-banner-root">
      <span class="top-banner-title-font">Test results</span>
      <br/>
      <span class="top-banner-font-1">1 suite, 7 failed tests</span>
    </div> <!-- top-banner-root -->
    <div class="navigator-root">
      <div class="navigator-suite-header">
        <span>All suites</span>
        <a href="#" class="collapse-all-link" title="Collapse/expand all the suites">
          <img class="collapse-all-icon" src="collapseall.gif">
          </img> <!-- collapse-all-icon -->
        </a> <!-- collapse-all-link -->
      </div> <!-- navigator-suite-header -->
      <div class="suite">
        <div class="rounded-window">
          <div class="suite-header light-rounded-window-top">
            <a href="#" class="navigator-link" panel-name="suite-catalogue-master-getProductCatalogue">
              <span class="suite-name border-failed">catalogue-master-getProductCatalogue</span>
            </a> <!-- navigator-link -->
          </div> <!-- suite-header light-rounded-window-top -->
          <div class="navigator-suite-content">
            <div class="suite-section-title">
              <span>Info</span>
            </div> <!-- suite-section-title -->
            <div class="suite-section-content">
              <ul>
                <li>
                  <a href="#" class="navigator-link " panel-name="test-xml-catalogue-master-getProductCatalogue">
                    <span>catalogue-master-getProductCatalogue.xml</span>
                  </a> <!-- navigator-link  -->
                </li>
                <li>
                  <a href="#" class="navigator-link " panel-name="testlist-catalogue-master-getProductCatalogue">
                    <span class="test-stats">7 tests</span>
                  </a> <!-- navigator-link  -->
                </li>
                <li>
                  <a href="#" class="navigator-link " panel-name="group-catalogue-master-getProductCatalogue">
                    <span>0 groups</span>
                  </a> <!-- navigator-link  -->
                </li>
                <li>
                  <a href="#" class="navigator-link " panel-name="times-catalogue-master-getProductCatalogue">
                    <span>Times</span>
                  </a> <!-- navigator-link  -->
                </li>
                <li>
                  <a href="#" class="navigator-link " panel-name="reporter-catalogue-master-getProductCatalogue">
                    <span>Reporter output</span>
                  </a> <!-- navigator-link  -->
                </li>
                <li>
                  <a href="#" class="navigator-link " panel-name="ignored-methods-catalogue-master-getProductCatalogue">
                    <span>Ignored methods</span>
                  </a> <!-- navigator-link  -->
                </li>
                <li>
                  <a href="#" class="navigator-link " panel-name="chronological-catalogue-master-getProductCatalogue">
                    <span>Chronological view</span>
                  </a> <!-- navigator-link  -->
                </li>
              </ul>
            </div> <!-- suite-section-content -->
            <div class="result-section">
              <div class="suite-section-title">
                <span>Results</span>
              </div> <!-- suite-section-title -->
              <div class="suite-section-content">
                <ul>
                  <li>
                    <span class="method-stats">7 methods, 7 failed,   </span>
                  </li>
                  <li>
                    <span class="method-list-title failed">Failed methods</span>
                    <span class="show-or-hide-methods failed">
                      <a href="#" panel-name="suite-catalogue-master-getProductCatalogue" class="hide-methods failed suite-catalogue-master-getProductCatalogue"> (hide)</a> <!-- hide-methods failed suite-catalogue-master-getProductCatalogue -->
                      <a href="#" panel-name="suite-catalogue-master-getProductCatalogue" class="show-methods failed suite-catalogue-master-getProductCatalogue"> (show)</a> <!-- show-methods failed suite-catalogue-master-getProductCatalogue -->
                    </span>
                    <div class="method-list-content failed suite-catalogue-master-getProductCatalogue">
                      <span>
                        <img width="3%" src="failed.png"/>
                        <a href="#" class="method navigator-link" panel-name="suite-catalogue-master-getProductCatalogue" title="cool.fountain.online.web.test.errors.TestErrorsForPostReq" hash-for-method="testErrorCode(1234567, /api/catalogue-master/getProductCatalogue, test-files/json-data/catalogue-master/getProduct...)">testErrorCode(1234567, /api/catalogue-master/getProductCatalogue, test-files/json-data/catalogue-master/getProduct...)</a> <!-- method navigator-link -->
                      </span>
                      <br/>
                      <span>
                        <img width="3%" src="failed.png"/>
                        <a href="#" class="method navigator-link" panel-name="suite-catalogue-master-getProductCatalogue" title="cool.fountain.online.web.test.errors.TestErrorsForPostReq" hash-for-method="testErrorCode(1234567, /api/catalogue-master/getProductCatalogue, test-files/json-data/catalogue-master/getProduct...)">testErrorCode(1234567, /api/catalogue-master/getProductCatalogue, test-files/json-data/catalogue-master/getProduct...)</a> <!-- method navigator-link -->
                      </span>
                      <br/>
                      <span>
                        <img width="3%" src="failed.png"/>
                        <a href="#" class="method navigator-link" panel-name="suite-catalogue-master-getProductCatalogue" title="cool.fountain.online.web.test.errors.TestErrorsForPostReq" hash-for-method="testErrorCode(1234567, /api/catalogue-master/getProductCatalogue, test-files/json-data/catalogue-master/getProduct...)">testErrorCode(1234567, /api/catalogue-master/getProductCatalogue, test-files/json-data/catalogue-master/getProduct...)</a> <!-- method navigator-link -->
                      </span>
                      <br/>
                      <span>
                        <img width="3%" src="failed.png"/>
                        <a href="#" class="method navigator-link" panel-name="suite-catalogue-master-getProductCatalogue" title="cool.fountain.online.web.test.errors.TestErrorsForPostReq" hash-for-method="testErrorCode(1234567, /api/catalogue-master/getProductCatalogue, test-files/json-data/catalogue-master/getProduct...)">testErrorCode(1234567, /api/catalogue-master/getProductCatalogue, test-files/json-data/catalogue-master/getProduct...)</a> <!-- method navigator-link -->
                      </span>
                      <br/>
                      <span>
                        <img width="3%" src="failed.png"/>
                        <a href="#" class="method navigator-link" panel-name="suite-catalogue-master-getProductCatalogue" title="cool.fountain.online.web.test.catalogue.master.TestGetProductCatalogueApiTestNg" hash-for-method="testGetProductCatalogue(1234567, /api/catalogue-master/getProductCatalogue, test-files/json-data/catalogue-master/getProduct...)">testGetProductCatalogue(1234567, /api/catalogue-master/getProductCatalogue, test-files/json-data/catalogue-master/getProduct...)</a> <!-- method navigator-link -->
                      </span>
                      <br/>
                      <span>
                        <img width="3%" src="failed.png"/>
                        <a href="#" class="method navigator-link" panel-name="suite-catalogue-master-getProductCatalogue" title="cool.fountain.online.web.test.errors.TestErrorsForPostReq" hash-for-method="testServiceAuthKey(, /api/catalogue-master/getProductCatalogue, test-files/json-data/catalogue-master/getProductCatalog...)">testServiceAuthKey(, /api/catalogue-master/getProductCatalogue, test-files/json-data/catalogue-master/getProductCatalog...)</a> <!-- method navigator-link -->
                      </span>
                      <br/>
                      <span>
                        <img width="3%" src="failed.png"/>
                        <a href="#" class="method navigator-link" panel-name="suite-catalogue-master-getProductCatalogue" title="cool.fountain.online.web.test.errors.TestErrorsForPostReq" hash-for-method="testServiceAuthKey(123, /api/catalogue-master/getProductCatalogue, test-files/json-data/catalogue-master/getProductCata...)">testServiceAuthKey(123, /api/catalogue-master/getProductCatalogue, test-files/json-data/catalogue-master/getProductCata...)</a> <!-- method navigator-link -->
                      </span>
                      <br/>
                    </div> <!-- method-list-content failed suite-catalogue-master-getProductCatalogue -->
                  </li>
                </ul>
              </div> <!-- suite-section-content -->
            </div> <!-- result-section -->
          </div> <!-- navigator-suite-content -->
        </div> <!-- rounded-window -->
      </div> <!-- suite -->
    </div> <!-- navigator-root -->
    <div class="wrapper">
      <div class="main-panel-root">
        <div panel-name="suite-catalogue-master-getProductCatalogue" class="panel catalogue-master-getProductCatalogue">
          <div class="suite-catalogue-master-getProductCatalogue-class-failed">
            <div class="main-panel-header rounded-window-top">
              <img src="failed.png"/>
              <span class="class-name">cool.fountain.online.web.test.errors.TestErrorsForPostReq</span>
            </div> <!-- main-panel-header rounded-window-top -->
            <div class="main-panel-content rounded-window-bottom">
              <div class="method">
                <div class="method-content">
                  <a name="testErrorCode(1234567, /api/catalogue-master/getProductCatalogue, test-files/json-data/catalogue-master/getProduct...)">
                  </a> <!-- testErrorCode(1234567, /api/catalogue-master/getProductCatalogue, test-files/json-data/catalogue-master/getProduct...) -->
                  <span class="method-name">testErrorCode</span>
                  <span class="parameters">(1234567, /api/catalogue-master/getProductCatalogue, test-files/json-data/catalogue-master/getProductCatalogue/TerminalIdNotInDb.json, INVALID_REQUEST)</span>
                  <div class="stack-trace"><b>"java.lang.AssertionError: Status expected:&lt;400 BAD_REQUEST&gt; but was:&lt;404 NOT_FOUND&gt;

&gt; POST https://qa3-api.chaipoint.com/outlet-pos-api/api/catalogue-master/getProductCatalogue
&gt; WebTestClient-Request-Id: [1]
&gt; Content-Length: [28]
&gt; service.auth.key: [1234567]
&gt; Content-Type: [application/json]

{
  &quot;terminalId&quot;: &quot;999888&quot;
}

&lt; 404 NOT_FOUND Not Found
&lt; Date: [Wed, 04 Dec 2019 12:47:37 GMT]
&lt; Content-Type: [text/html;charset=utf-8]
&lt; Content-Length: [1102]
&lt; Connection: [keep-alive]
&lt; Server: [Apache-Coyote/1.1]
&lt; Content-Language: [en]

&lt;!DOCTYPE html&gt;&lt;html&gt;&lt;head&gt;&lt;title&gt;Apache Tomcat/8.5.0 - Error report&lt;/title&gt;&lt;style type=&quot;text/css&quot;&gt;H1 {font-family:Tahoma,Arial,sans-serif;color:white;background-color:#525D76;font-size:22px;} H2 {font-family:Tahoma,Arial,sans-serif;color:white;background-color:#525D76;font-size:16px;} H3 {font-family:Tahoma,Arial,sans-serif;color:white;background-color:#525D76;font-size:14px;} BODY {font-family:Tahoma,Arial,sans-serif;color:black;background-color:white;} B {font-family:Tahoma,Arial,sans-serif;color:white;background-color:#525D76;} P {font-family:Tahoma,Arial,sans-serif;background:white;color:black;font-size:12px;}A {color : black;}A.name {color : black;}.line {height: 1px; background-color: #525D76; border: none;}&lt;/style&gt; &lt;/head&gt;&lt;body&gt;&lt;h1&gt;HTTP Status 404 - /outlet-pos-api/api/catalogue-master/getProductCatalogue&lt;/h1&gt;&lt;div class=&quot;line&quot;&gt;&lt;/div&gt;&lt;p&gt;&lt;b&gt;type&lt;/b&gt; Status report&lt;/p&gt;&lt;p&gt;&lt;b&gt;message&lt;/b&gt; &lt;u&gt;/outlet-pos-api/api/catalogue-master/getProductCatalogue&lt;/u&gt;&lt;/p&gt;&lt;p&gt;&lt;b&gt;description&lt;/b&gt; &lt;u&gt;The requested resource is not available.&lt;/u&gt;&lt;/p&gt;&lt;hr class=&quot;line&quot;&gt;&lt;h3&gt;Apache Tomcat/8.5.0&lt;/h3&gt;&lt;/body&gt;&lt;/html&gt;

	at org.springframework.test.web.reactive.server.ExchangeResult.assertWithDiagnostics(ExchangeResult.java:200)
	at org.springframework.test.web.reactive.server.StatusAssertions.assertStatusAndReturn(StatusAssertions.java:227)
	at org.springframework.test.web.reactive.server.StatusAssertions.isBadRequest(StatusAssertions.java:131)
	at cool.fountain.online.web.test.errors.TestErrorsForPostReq.testErrorCode(TestErrorsForPostReq.java:61)
	at org.springframework.test.context.testng.AbstractTestNGSpringContextTests.run(AbstractTestNGSpringContextTests.java:180)
Caused by: java.lang.AssertionError: Status expected:&lt;400 BAD_REQUEST&gt; but was:&lt;404 NOT_FOUND&gt;
	at org.springframework.test.util.AssertionErrors.fail(AssertionErrors.java:55)
	at org.springframework.test.util.AssertionErrors.assertEquals(AssertionErrors.java:82)
	at org.springframework.test.web.reactive.server.StatusAssertions.lambda$assertStatusAndReturn$4(StatusAssertions.java:227)
	at org.springframework.test.web.reactive.server.ExchangeResult.assertWithDiagnostics(ExchangeResult.java:197)
	... 34 more
... Removed 30 stack frames<br/> java.lang.AssertionError: Status expected:&lt;400 BAD_REQUEST&gt; but was:&lt;404 NOT_FOUND&gt;

&gt; POST https://qa3-api.chaipoint.com/outlet-pos-api/api/catalogue-master/getProductCatalogue
&gt; WebTestClient-Request-Id: [1]
&gt; Content-Length: [28]
&gt; service.auth.key: [1234567]
&gt; Content-Type: [application/json]

{
  &quot;terminalId&quot;: &quot;999888&quot;
}

&lt; 404 NOT_FOUND Not Found
&lt; Date: [Wed, 04 Dec 2019 12:47:37 GMT]
&lt; Content-Type: [text/html;charset=utf-8]
&lt; Content-Length: [1102]
&lt; Connection: [keep-alive]
&lt; Server: [Apache-Coyote/1.1]
&lt; Content-Language: [en]

&lt;!DOCTYPE html&gt;&lt;html&gt;&lt;head&gt;&lt;title&gt;Apache Tomcat/8.5.0 - Error report&lt;/title&gt;&lt;style type=&quot;text/css&quot;&gt;H1 {font-family:Tahoma,Arial,sans-serif;color:white;background-color:#525D76;font-size:22px;} H2 {font-family:Tahoma,Arial,sans-serif;color:white;background-color:#525D76;font-size:16px;} H3 {font-family:Tahoma,Arial,sans-serif;color:white;background-color:#525D76;font-size:14px;} BODY {font-family:Tahoma,Arial,sans-serif;color:black;background-color:white;} B {font-family:Tahoma,Arial,sans-serif;color:white;background-color:#525D76;} P {font-family:Tahoma,Arial,sans-serif;background:white;color:black;font-size:12px;}A {color : black;}A.name {color : black;}.line {height: 1px; background-color: #525D76; border: none;}&lt;/style&gt; &lt;/head&gt;&lt;body&gt;&lt;h1&gt;HTTP Status 404 - /outlet-pos-api/api/catalogue-master/getProductCatalogue&lt;/h1&gt;&lt;div class=&quot;line&quot;&gt;&lt;/div&gt;&lt;p&gt;&lt;b&gt;type&lt;/b&gt; Status report&lt;/p&gt;&lt;p&gt;&lt;b&gt;message&lt;/b&gt; &lt;u&gt;/outlet-pos-api/api/catalogue-master/getProductCatalogue&lt;/u&gt;&lt;/p&gt;&lt;p&gt;&lt;b&gt;description&lt;/b&gt; &lt;u&gt;The requested resource is not available.&lt;/u&gt;&lt;/p&gt;&lt;hr class=&quot;line&quot;&gt;&lt;h3&gt;Apache Tomcat/8.5.0&lt;/h3&gt;&lt;/body&gt;&lt;/html&gt;

	at org.springframework.test.web.reactive.server.ExchangeResult.assertWithDiagnostics(ExchangeResult.java:200)
	at org.springframework.test.web.reactive.server.StatusAssertions.assertStatusAndReturn(StatusAssertions.java:227)
	at org.springframework.test.web.reactive.server.StatusAssertions.isBadRequest(StatusAssertions.java:131)
	at cool.fountain.online.web.test.errors.TestErrorsForPostReq.testErrorCode(TestErrorsForPostReq.java:61)
	at sun.reflect.NativeMethodAccessorImpl.invoke0(Native Method)
	at sun.reflect.NativeMethodAccessorImpl.invoke(NativeMethodAccessorImpl.java:62)
	at sun.reflect.DelegatingMethodAccessorImpl.invoke(DelegatingMethodAccessorImpl.java:43)
	at java.lang.reflect.Method.invoke(Method.java:498)
	at org.testng.internal.MethodInvocationHelper.invokeMethod(MethodInvocationHelper.java:80)
	at org.testng.internal.MethodInvocationHelper$1.runTestMethod(MethodInvocationHelper.java:182)
	at org.springframework.test.context.testng.AbstractTestNGSpringContextTests.run(AbstractTestNGSpringContextTests.java:180)
	at sun.reflect.NativeMethodAccessorImpl.invoke0(Native Method)
	at sun.reflect.NativeMethodAccessorImpl.invoke(NativeMethodAccessorImpl.java:62)
	at sun.reflect.DelegatingMethodAccessorImpl.invoke(DelegatingMethodAccessorImpl.java:43)
	at java.lang.reflect.Method.invoke(Method.java:498)
	at org.testng.internal.MethodInvocationHelper.invokeHookable(MethodInvocationHelper.java:194)
	at org.testng.internal.Invoker.invokeMethod(Invoker.java:707)
	at org.testng.internal.Invoker.invokeTestMethod(Invoker.java:901)
	at org.testng.internal.Invoker.invokeTestMethods(Invoker.java:1231)
	at org.testng.internal.TestMethodWorker.invokeTestMethods(TestMethodWorker.java:127)
	at org.testng.internal.TestMethodWorker.run(TestMethodWorker.java:111)
	at org.testng.TestRunner.privateRun(TestRunner.java:767)
	at org.testng.TestRunner.run(TestRunner.java:617)
	at org.testng.SuiteRunner.runTest(SuiteRunner.java:334)
	at org.testng.SuiteRunner.runSequentially(SuiteRunner.java:329)
	at org.testng.SuiteRunner.privateRun(SuiteRunner.java:291)
	at org.testng.SuiteRunner.run(SuiteRunner.java:240)
	at org.testng.SuiteRunnerWorker.runSuite(SuiteRunnerWorker.java:52)
	at org.testng.SuiteRunnerWorker.run(SuiteRunnerWorker.java:86)
	at org.testng.TestNG.runSuitesSequentially(TestNG.java:1198)
	at org.testng.TestNG.runSuitesLocally(TestNG.java:1123)
	at org.testng.TestNG.run(TestNG.java:1031)
	at org.testng.remote.AbstractRemoteTestNG.run(AbstractRemoteTestNG.java:115)
	at org.testng.remote.RemoteTestNG.initAndRun(RemoteTestNG.java:251)
	at org.testng.remote.RemoteTestNG.main(RemoteTestNG.java:77)
Caused by: java.lang.AssertionError: Status expected:&lt;400 BAD_REQUEST&gt; but was:&lt;404 NOT_FOUND&gt;
	at org.springframework.test.util.AssertionErrors.fail(AssertionErrors.java:55)
	at org.springframework.test.util.AssertionErrors.assertEquals(AssertionErrors.java:82)
	at org.springframework.test.web.reactive.server.StatusAssertions.lambda$assertStatusAndReturn$4(StatusAssertions.java:227)
	at org.springframework.test.web.reactive.server.ExchangeResult.assertWithDiagnostics(ExchangeResult.java:197)
	... 34 more
"</b><br>org.springframework.test.web.reactive.server.ExchangeResult.assertWithDiagnostics(ExchangeResult.java:200)<br>org.springframework.test.web.reactive.server.StatusAssertions.assertStatusAndReturn(StatusAssertions.java:227)<br>org.springframework.test.web.reactive.server.StatusAssertions.isBadRequest(StatusAssertions.java:131)<br>cool.fountain.online.web.test.errors.TestErrorsForPostReq.testErrorCode(TestErrorsForPostReq.java:61)<br>sun.reflect.NativeMethodAccessorImpl.invoke0(Native Method)<br>sun.reflect.NativeMethodAccessorImpl.invoke(NativeMethodAccessorImpl.java:62)<br>sun.reflect.DelegatingMethodAccessorImpl.invoke(DelegatingMethodAccessorImpl.java:43)<br>java.lang.reflect.Method.invoke(Method.java:498)<br>org.testng.internal.MethodInvocationHelper.invokeMethod(MethodInvocationHelper.java:80)<br>org.testng.internal.MethodInvocationHelper$1.runTestMethod(MethodInvocationHelper.java:182)<br>org.springframework.test.context.testng.AbstractTestNGSpringContextTests.run(AbstractTestNGSpringContextTests.java:180)<br>sun.reflect.NativeMethodAccessorImpl.invoke0(Native Method)<br>sun.reflect.NativeMethodAccessorImpl.invoke(NativeMethodAccessorImpl.java:62)<br>sun.reflect.DelegatingMethodAccessorImpl.invoke(DelegatingMethodAccessorImpl.java:43)<br>java.lang.reflect.Method.invoke(Method.java:498)<br>org.testng.internal.MethodInvocationHelper.invokeHookable(MethodInvocationHelper.java:194)<br>org.testng.internal.Invoker.invokeMethod(Invoker.java:707)<br>org.testng.internal.Invoker.invokeTestMethod(Invoker.java:901)<br>org.testng.internal.Invoker.invokeTestMethods(Invoker.java:1231)<br>org.testng.internal.TestMethodWorker.invokeTestMethods(TestMethodWorker.java:127)<br>org.testng.internal.TestMethodWorker.run(TestMethodWorker.java:111)<br>org.testng.TestRunner.privateRun(TestRunner.java:767)<br>org.testng.TestRunner.run(TestRunner.java:617)<br>org.testng.SuiteRunner.runTest(SuiteRunner.java:334)<br>org.testng.SuiteRunner.runSequentially(SuiteRunner.java:329)<br>org.testng.SuiteRunner.privateRun(SuiteRunner.java:291)<br>org.testng.SuiteRunner.run(SuiteRunner.java:240)<br>org.testng.SuiteRunnerWorker.runSuite(SuiteRunnerWorker.java:52)<br>org.testng.SuiteRunnerWorker.run(SuiteRunnerWorker.java:86)<br>org.testng.TestNG.runSuitesSequentially(TestNG.java:1198)<br>org.testng.TestNG.runSuitesLocally(TestNG.java:1123)<br>org.testng.TestNG.run(TestNG.java:1031)<br>org.testng.remote.AbstractRemoteTestNG.run(AbstractRemoteTestNG.java:115)<br>org.testng.remote.RemoteTestNG.initAndRun(RemoteTestNG.java:251)<br>org.testng.remote.RemoteTestNG.main(RemoteTestNG.java:77)<br>
</div> <!-- stack-trace -->
                </div> <!-- method-content -->
              </div> <!-- method -->
              <div class="method">
                <div class="method-content">
                  <a name="testErrorCode(1234567, /api/catalogue-master/getProductCatalogue, test-files/json-data/catalogue-master/getProduct...)">
                  </a> <!-- testErrorCode(1234567, /api/catalogue-master/getProductCatalogue, test-files/json-data/catalogue-master/getProduct...) -->
                  <span class="method-name">testErrorCode</span>
                  <span class="parameters">(1234567, /api/catalogue-master/getProductCatalogue, test-files/json-data/catalogue-master/getProductCatalogue/TerminalIdNotInDb.json, INVALID_TERMINAL_ID)</span>
                  <div class="stack-trace"><b>"java.lang.AssertionError: Status expected:&lt;400 BAD_REQUEST&gt; but was:&lt;404 NOT_FOUND&gt;

&gt; POST https://qa3-api.chaipoint.com/outlet-pos-api/api/catalogue-master/getProductCatalogue
&gt; WebTestClient-Request-Id: [1]
&gt; Content-Length: [28]
&gt; service.auth.key: [1234567]
&gt; Content-Type: [application/json]

{
  &quot;terminalId&quot;: &quot;999888&quot;
}

&lt; 404 NOT_FOUND Not Found
&lt; Date: [Wed, 04 Dec 2019 12:47:42 GMT]
&lt; Content-Type: [text/html;charset=utf-8]
&lt; Content-Length: [1102]
&lt; Connection: [keep-alive]
&lt; Server: [Apache-Coyote/1.1]
&lt; Content-Language: [en]

&lt;!DOCTYPE html&gt;&lt;html&gt;&lt;head&gt;&lt;title&gt;Apache Tomcat/8.5.0 - Error report&lt;/title&gt;&lt;style type=&quot;text/css&quot;&gt;H1 {font-family:Tahoma,Arial,sans-serif;color:white;background-color:#525D76;font-size:22px;} H2 {font-family:Tahoma,Arial,sans-serif;color:white;background-color:#525D76;font-size:16px;} H3 {font-family:Tahoma,Arial,sans-serif;color:white;background-color:#525D76;font-size:14px;} BODY {font-family:Tahoma,Arial,sans-serif;color:black;background-color:white;} B {font-family:Tahoma,Arial,sans-serif;color:white;background-color:#525D76;} P {font-family:Tahoma,Arial,sans-serif;background:white;color:black;font-size:12px;}A {color : black;}A.name {color : black;}.line {height: 1px; background-color: #525D76; border: none;}&lt;/style&gt; &lt;/head&gt;&lt;body&gt;&lt;h1&gt;HTTP Status 404 - /outlet-pos-api/api/catalogue-master/getProductCatalogue&lt;/h1&gt;&lt;div class=&quot;line&quot;&gt;&lt;/div&gt;&lt;p&gt;&lt;b&gt;type&lt;/b&gt; Status report&lt;/p&gt;&lt;p&gt;&lt;b&gt;message&lt;/b&gt; &lt;u&gt;/outlet-pos-api/api/catalogue-master/getProductCatalogue&lt;/u&gt;&lt;/p&gt;&lt;p&gt;&lt;b&gt;description&lt;/b&gt; &lt;u&gt;The requested resource is not available.&lt;/u&gt;&lt;/p&gt;&lt;hr class=&quot;line&quot;&gt;&lt;h3&gt;Apache Tomcat/8.5.0&lt;/h3&gt;&lt;/body&gt;&lt;/html&gt;

	at org.springframework.test.web.reactive.server.ExchangeResult.assertWithDiagnostics(ExchangeResult.java:200)
	at org.springframework.test.web.reactive.server.StatusAssertions.assertStatusAndReturn(StatusAssertions.java:227)
	at org.springframework.test.web.reactive.server.StatusAssertions.isBadRequest(StatusAssertions.java:131)
	at cool.fountain.online.web.test.errors.TestErrorsForPostReq.testErrorCode(TestErrorsForPostReq.java:61)
	at org.springframework.test.context.testng.AbstractTestNGSpringContextTests.run(AbstractTestNGSpringContextTests.java:180)
Caused by: java.lang.AssertionError: Status expected:&lt;400 BAD_REQUEST&gt; but was:&lt;404 NOT_FOUND&gt;
	at org.springframework.test.util.AssertionErrors.fail(AssertionErrors.java:55)
	at org.springframework.test.util.AssertionErrors.assertEquals(AssertionErrors.java:82)
	at org.springframework.test.web.reactive.server.StatusAssertions.lambda$assertStatusAndReturn$4(StatusAssertions.java:227)
	at org.springframework.test.web.reactive.server.ExchangeResult.assertWithDiagnostics(ExchangeResult.java:197)
	... 34 more
... Removed 30 stack frames<br/> java.lang.AssertionError: Status expected:&lt;400 BAD_REQUEST&gt; but was:&lt;404 NOT_FOUND&gt;

&gt; POST https://qa3-api.chaipoint.com/outlet-pos-api/api/catalogue-master/getProductCatalogue
&gt; WebTestClient-Request-Id: [1]
&gt; Content-Length: [28]
&gt; service.auth.key: [1234567]
&gt; Content-Type: [application/json]

{
  &quot;terminalId&quot;: &quot;999888&quot;
}

&lt; 404 NOT_FOUND Not Found
&lt; Date: [Wed, 04 Dec 2019 12:47:42 GMT]
&lt; Content-Type: [text/html;charset=utf-8]
&lt; Content-Length: [1102]
&lt; Connection: [keep-alive]
&lt; Server: [Apache-Coyote/1.1]
&lt; Content-Language: [en]

&lt;!DOCTYPE html&gt;&lt;html&gt;&lt;head&gt;&lt;title&gt;Apache Tomcat/8.5.0 - Error report&lt;/title&gt;&lt;style type=&quot;text/css&quot;&gt;H1 {font-family:Tahoma,Arial,sans-serif;color:white;background-color:#525D76;font-size:22px;} H2 {font-family:Tahoma,Arial,sans-serif;color:white;background-color:#525D76;font-size:16px;} H3 {font-family:Tahoma,Arial,sans-serif;color:white;background-color:#525D76;font-size:14px;} BODY {font-family:Tahoma,Arial,sans-serif;color:black;background-color:white;} B {font-family:Tahoma,Arial,sans-serif;color:white;background-color:#525D76;} P {font-family:Tahoma,Arial,sans-serif;background:white;color:black;font-size:12px;}A {color : black;}A.name {color : black;}.line {height: 1px; background-color: #525D76; border: none;}&lt;/style&gt; &lt;/head&gt;&lt;body&gt;&lt;h1&gt;HTTP Status 404 - /outlet-pos-api/api/catalogue-master/getProductCatalogue&lt;/h1&gt;&lt;div class=&quot;line&quot;&gt;&lt;/div&gt;&lt;p&gt;&lt;b&gt;type&lt;/b&gt; Status report&lt;/p&gt;&lt;p&gt;&lt;b&gt;message&lt;/b&gt; &lt;u&gt;/outlet-pos-api/api/catalogue-master/getProductCatalogue&lt;/u&gt;&lt;/p&gt;&lt;p&gt;&lt;b&gt;description&lt;/b&gt; &lt;u&gt;The requested resource is not available.&lt;/u&gt;&lt;/p&gt;&lt;hr class=&quot;line&quot;&gt;&lt;h3&gt;Apache Tomcat/8.5.0&lt;/h3&gt;&lt;/body&gt;&lt;/html&gt;

	at org.springframework.test.web.reactive.server.ExchangeResult.assertWithDiagnostics(ExchangeResult.java:200)
	at org.springframework.test.web.reactive.server.StatusAssertions.assertStatusAndReturn(StatusAssertions.java:227)
	at org.springframework.test.web.reactive.server.StatusAssertions.isBadRequest(StatusAssertions.java:131)
	at cool.fountain.online.web.test.errors.TestErrorsForPostReq.testErrorCode(TestErrorsForPostReq.java:61)
	at sun.reflect.NativeMethodAccessorImpl.invoke0(Native Method)
	at sun.reflect.NativeMethodAccessorImpl.invoke(NativeMethodAccessorImpl.java:62)
	at sun.reflect.DelegatingMethodAccessorImpl.invoke(DelegatingMethodAccessorImpl.java:43)
	at java.lang.reflect.Method.invoke(Method.java:498)
	at org.testng.internal.MethodInvocationHelper.invokeMethod(MethodInvocationHelper.java:80)
	at org.testng.internal.MethodInvocationHelper$1.runTestMethod(MethodInvocationHelper.java:182)
	at org.springframework.test.context.testng.AbstractTestNGSpringContextTests.run(AbstractTestNGSpringContextTests.java:180)
	at sun.reflect.NativeMethodAccessorImpl.invoke0(Native Method)
	at sun.reflect.NativeMethodAccessorImpl.invoke(NativeMethodAccessorImpl.java:62)
	at sun.reflect.DelegatingMethodAccessorImpl.invoke(DelegatingMethodAccessorImpl.java:43)
	at java.lang.reflect.Method.invoke(Method.java:498)
	at org.testng.internal.MethodInvocationHelper.invokeHookable(MethodInvocationHelper.java:194)
	at org.testng.internal.Invoker.invokeMethod(Invoker.java:707)
	at org.testng.internal.Invoker.invokeTestMethod(Invoker.java:901)
	at org.testng.internal.Invoker.invokeTestMethods(Invoker.java:1231)
	at org.testng.internal.TestMethodWorker.invokeTestMethods(TestMethodWorker.java:127)
	at org.testng.internal.TestMethodWorker.run(TestMethodWorker.java:111)
	at org.testng.TestRunner.privateRun(TestRunner.java:767)
	at org.testng.TestRunner.run(TestRunner.java:617)
	at org.testng.SuiteRunner.runTest(SuiteRunner.java:334)
	at org.testng.SuiteRunner.runSequentially(SuiteRunner.java:329)
	at org.testng.SuiteRunner.privateRun(SuiteRunner.java:291)
	at org.testng.SuiteRunner.run(SuiteRunner.java:240)
	at org.testng.SuiteRunnerWorker.runSuite(SuiteRunnerWorker.java:52)
	at org.testng.SuiteRunnerWorker.run(SuiteRunnerWorker.java:86)
	at org.testng.TestNG.runSuitesSequentially(TestNG.java:1198)
	at org.testng.TestNG.runSuitesLocally(TestNG.java:1123)
	at org.testng.TestNG.run(TestNG.java:1031)
	at org.testng.remote.AbstractRemoteTestNG.run(AbstractRemoteTestNG.java:115)
	at org.testng.remote.RemoteTestNG.initAndRun(RemoteTestNG.java:251)
	at org.testng.remote.RemoteTestNG.main(RemoteTestNG.java:77)
Caused by: java.lang.AssertionError: Status expected:&lt;400 BAD_REQUEST&gt; but was:&lt;404 NOT_FOUND&gt;
	at org.springframework.test.util.AssertionErrors.fail(AssertionErrors.java:55)
	at org.springframework.test.util.AssertionErrors.assertEquals(AssertionErrors.java:82)
	at org.springframework.test.web.reactive.server.StatusAssertions.lambda$assertStatusAndReturn$4(StatusAssertions.java:227)
	at org.springframework.test.web.reactive.server.ExchangeResult.assertWithDiagnostics(ExchangeResult.java:197)
	... 34 more
"</b><br>org.springframework.test.web.reactive.server.ExchangeResult.assertWithDiagnostics(ExchangeResult.java:200)<br>org.springframework.test.web.reactive.server.StatusAssertions.assertStatusAndReturn(StatusAssertions.java:227)<br>org.springframework.test.web.reactive.server.StatusAssertions.isBadRequest(StatusAssertions.java:131)<br>cool.fountain.online.web.test.errors.TestErrorsForPostReq.testErrorCode(TestErrorsForPostReq.java:61)<br>sun.reflect.NativeMethodAccessorImpl.invoke0(Native Method)<br>sun.reflect.NativeMethodAccessorImpl.invoke(NativeMethodAccessorImpl.java:62)<br>sun.reflect.DelegatingMethodAccessorImpl.invoke(DelegatingMethodAccessorImpl.java:43)<br>java.lang.reflect.Method.invoke(Method.java:498)<br>org.testng.internal.MethodInvocationHelper.invokeMethod(MethodInvocationHelper.java:80)<br>org.testng.internal.MethodInvocationHelper$1.runTestMethod(MethodInvocationHelper.java:182)<br>org.springframework.test.context.testng.AbstractTestNGSpringContextTests.run(AbstractTestNGSpringContextTests.java:180)<br>sun.reflect.NativeMethodAccessorImpl.invoke0(Native Method)<br>sun.reflect.NativeMethodAccessorImpl.invoke(NativeMethodAccessorImpl.java:62)<br>sun.reflect.DelegatingMethodAccessorImpl.invoke(DelegatingMethodAccessorImpl.java:43)<br>java.lang.reflect.Method.invoke(Method.java:498)<br>org.testng.internal.MethodInvocationHelper.invokeHookable(MethodInvocationHelper.java:194)<br>org.testng.internal.Invoker.invokeMethod(Invoker.java:707)<br>org.testng.internal.Invoker.invokeTestMethod(Invoker.java:901)<br>org.testng.internal.Invoker.invokeTestMethods(Invoker.java:1231)<br>org.testng.internal.TestMethodWorker.invokeTestMethods(TestMethodWorker.java:127)<br>org.testng.internal.TestMethodWorker.run(TestMethodWorker.java:111)<br>org.testng.TestRunner.privateRun(TestRunner.java:767)<br>org.testng.TestRunner.run(TestRunner.java:617)<br>org.testng.SuiteRunner.runTest(SuiteRunner.java:334)<br>org.testng.SuiteRunner.runSequentially(SuiteRunner.java:329)<br>org.testng.SuiteRunner.privateRun(SuiteRunner.java:291)<br>org.testng.SuiteRunner.run(SuiteRunner.java:240)<br>org.testng.SuiteRunnerWorker.runSuite(SuiteRunnerWorker.java:52)<br>org.testng.SuiteRunnerWorker.run(SuiteRunnerWorker.java:86)<br>org.testng.TestNG.runSuitesSequentially(TestNG.java:1198)<br>org.testng.TestNG.runSuitesLocally(TestNG.java:1123)<br>org.testng.TestNG.run(TestNG.java:1031)<br>org.testng.remote.AbstractRemoteTestNG.run(AbstractRemoteTestNG.java:115)<br>org.testng.remote.RemoteTestNG.initAndRun(RemoteTestNG.java:251)<br>org.testng.remote.RemoteTestNG.main(RemoteTestNG.java:77)<br>
</div> <!-- stack-trace -->
                </div> <!-- method-content -->
              </div> <!-- method -->
              <div class="method">
                <div class="method-content">
                  <a name="testErrorCode(1234567, /api/catalogue-master/getProductCatalogue, test-files/json-data/catalogue-master/getProduct...)">
                  </a> <!-- testErrorCode(1234567, /api/catalogue-master/getProductCatalogue, test-files/json-data/catalogue-master/getProduct...) -->
                  <span class="method-name">testErrorCode</span>
                  <span class="parameters">(1234567, /api/catalogue-master/getProductCatalogue, test-files/json-data/catalogue-master/getProductCatalogue/nullTerminalId.json, INVALID_TERMINAL_ID)</span>
                  <div class="stack-trace"><b>"java.lang.AssertionError: Status expected:&lt;400 BAD_REQUEST&gt; but was:&lt;404 NOT_FOUND&gt;

&gt; POST https://qa3-api.chaipoint.com/outlet-pos-api/api/catalogue-master/getProductCatalogue
&gt; WebTestClient-Request-Id: [1]
&gt; service.auth.key: [1234567]
&gt; Content-Type: [application/json]
&gt; Content-Length: [23]

{
  &quot;terminalId&quot;:null
}

&lt; 404 NOT_FOUND Not Found
&lt; Date: [Wed, 04 Dec 2019 12:47:47 GMT]
&lt; Content-Type: [text/html;charset=utf-8]
&lt; Content-Length: [1102]
&lt; Connection: [keep-alive]
&lt; Server: [Apache-Coyote/1.1]
&lt; Content-Language: [en]

&lt;!DOCTYPE html&gt;&lt;html&gt;&lt;head&gt;&lt;title&gt;Apache Tomcat/8.5.0 - Error report&lt;/title&gt;&lt;style type=&quot;text/css&quot;&gt;H1 {font-family:Tahoma,Arial,sans-serif;color:white;background-color:#525D76;font-size:22px;} H2 {font-family:Tahoma,Arial,sans-serif;color:white;background-color:#525D76;font-size:16px;} H3 {font-family:Tahoma,Arial,sans-serif;color:white;background-color:#525D76;font-size:14px;} BODY {font-family:Tahoma,Arial,sans-serif;color:black;background-color:white;} B {font-family:Tahoma,Arial,sans-serif;color:white;background-color:#525D76;} P {font-family:Tahoma,Arial,sans-serif;background:white;color:black;font-size:12px;}A {color : black;}A.name {color : black;}.line {height: 1px; background-color: #525D76; border: none;}&lt;/style&gt; &lt;/head&gt;&lt;body&gt;&lt;h1&gt;HTTP Status 404 - /outlet-pos-api/api/catalogue-master/getProductCatalogue&lt;/h1&gt;&lt;div class=&quot;line&quot;&gt;&lt;/div&gt;&lt;p&gt;&lt;b&gt;type&lt;/b&gt; Status report&lt;/p&gt;&lt;p&gt;&lt;b&gt;message&lt;/b&gt; &lt;u&gt;/outlet-pos-api/api/catalogue-master/getProductCatalogue&lt;/u&gt;&lt;/p&gt;&lt;p&gt;&lt;b&gt;description&lt;/b&gt; &lt;u&gt;The requested resource is not available.&lt;/u&gt;&lt;/p&gt;&lt;hr class=&quot;line&quot;&gt;&lt;h3&gt;Apache Tomcat/8.5.0&lt;/h3&gt;&lt;/body&gt;&lt;/html&gt;

	at org.springframework.test.web.reactive.server.ExchangeResult.assertWithDiagnostics(ExchangeResult.java:200)
	at org.springframework.test.web.reactive.server.StatusAssertions.assertStatusAndReturn(StatusAssertions.java:227)
	at org.springframework.test.web.reactive.server.StatusAssertions.isBadRequest(StatusAssertions.java:131)
	at cool.fountain.online.web.test.errors.TestErrorsForPostReq.testErrorCode(TestErrorsForPostReq.java:61)
	at org.springframework.test.context.testng.AbstractTestNGSpringContextTests.run(AbstractTestNGSpringContextTests.java:180)
Caused by: java.lang.AssertionError: Status expected:&lt;400 BAD_REQUEST&gt; but was:&lt;404 NOT_FOUND&gt;
	at org.springframework.test.util.AssertionErrors.fail(AssertionErrors.java:55)
	at org.springframework.test.util.AssertionErrors.assertEquals(AssertionErrors.java:82)
	at org.springframework.test.web.reactive.server.StatusAssertions.lambda$assertStatusAndReturn$4(StatusAssertions.java:227)
	at org.springframework.test.web.reactive.server.ExchangeResult.assertWithDiagnostics(ExchangeResult.java:197)
	... 34 more
... Removed 30 stack frames<br/> java.lang.AssertionError: Status expected:&lt;400 BAD_REQUEST&gt; but was:&lt;404 NOT_FOUND&gt;

&gt; POST https://qa3-api.chaipoint.com/outlet-pos-api/api/catalogue-master/getProductCatalogue
&gt; WebTestClient-Request-Id: [1]
&gt; service.auth.key: [1234567]
&gt; Content-Type: [application/json]
&gt; Content-Length: [23]

{
  &quot;terminalId&quot;:null
}

&lt; 404 NOT_FOUND Not Found
&lt; Date: [Wed, 04 Dec 2019 12:47:47 GMT]
&lt; Content-Type: [text/html;charset=utf-8]
&lt; Content-Length: [1102]
&lt; Connection: [keep-alive]
&lt; Server: [Apache-Coyote/1.1]
&lt; Content-Language: [en]

&lt;!DOCTYPE html&gt;&lt;html&gt;&lt;head&gt;&lt;title&gt;Apache Tomcat/8.5.0 - Error report&lt;/title&gt;&lt;style type=&quot;text/css&quot;&gt;H1 {font-family:Tahoma,Arial,sans-serif;color:white;background-color:#525D76;font-size:22px;} H2 {font-family:Tahoma,Arial,sans-serif;color:white;background-color:#525D76;font-size:16px;} H3 {font-family:Tahoma,Arial,sans-serif;color:white;background-color:#525D76;font-size:14px;} BODY {font-family:Tahoma,Arial,sans-serif;color:black;background-color:white;} B {font-family:Tahoma,Arial,sans-serif;color:white;background-color:#525D76;} P {font-family:Tahoma,Arial,sans-serif;background:white;color:black;font-size:12px;}A {color : black;}A.name {color : black;}.line {height: 1px; background-color: #525D76; border: none;}&lt;/style&gt; &lt;/head&gt;&lt;body&gt;&lt;h1&gt;HTTP Status 404 - /outlet-pos-api/api/catalogue-master/getProductCatalogue&lt;/h1&gt;&lt;div class=&quot;line&quot;&gt;&lt;/div&gt;&lt;p&gt;&lt;b&gt;type&lt;/b&gt; Status report&lt;/p&gt;&lt;p&gt;&lt;b&gt;message&lt;/b&gt; &lt;u&gt;/outlet-pos-api/api/catalogue-master/getProductCatalogue&lt;/u&gt;&lt;/p&gt;&lt;p&gt;&lt;b&gt;description&lt;/b&gt; &lt;u&gt;The requested resource is not available.&lt;/u&gt;&lt;/p&gt;&lt;hr class=&quot;line&quot;&gt;&lt;h3&gt;Apache Tomcat/8.5.0&lt;/h3&gt;&lt;/body&gt;&lt;/html&gt;

	at org.springframework.test.web.reactive.server.ExchangeResult.assertWithDiagnostics(ExchangeResult.java:200)
	at org.springframework.test.web.reactive.server.StatusAssertions.assertStatusAndReturn(StatusAssertions.java:227)
	at org.springframework.test.web.reactive.server.StatusAssertions.isBadRequest(StatusAssertions.java:131)
	at cool.fountain.online.web.test.errors.TestErrorsForPostReq.testErrorCode(TestErrorsForPostReq.java:61)
	at sun.reflect.NativeMethodAccessorImpl.invoke0(Native Method)
	at sun.reflect.NativeMethodAccessorImpl.invoke(NativeMethodAccessorImpl.java:62)
	at sun.reflect.DelegatingMethodAccessorImpl.invoke(DelegatingMethodAccessorImpl.java:43)
	at java.lang.reflect.Method.invoke(Method.java:498)
	at org.testng.internal.MethodInvocationHelper.invokeMethod(MethodInvocationHelper.java:80)
	at org.testng.internal.MethodInvocationHelper$1.runTestMethod(MethodInvocationHelper.java:182)
	at org.springframework.test.context.testng.AbstractTestNGSpringContextTests.run(AbstractTestNGSpringContextTests.java:180)
	at sun.reflect.NativeMethodAccessorImpl.invoke0(Native Method)
	at sun.reflect.NativeMethodAccessorImpl.invoke(NativeMethodAccessorImpl.java:62)
	at sun.reflect.DelegatingMethodAccessorImpl.invoke(DelegatingMethodAccessorImpl.java:43)
	at java.lang.reflect.Method.invoke(Method.java:498)
	at org.testng.internal.MethodInvocationHelper.invokeHookable(MethodInvocationHelper.java:194)
	at org.testng.internal.Invoker.invokeMethod(Invoker.java:707)
	at org.testng.internal.Invoker.invokeTestMethod(Invoker.java:901)
	at org.testng.internal.Invoker.invokeTestMethods(Invoker.java:1231)
	at org.testng.internal.TestMethodWorker.invokeTestMethods(TestMethodWorker.java:127)
	at org.testng.internal.TestMethodWorker.run(TestMethodWorker.java:111)
	at org.testng.TestRunner.privateRun(TestRunner.java:767)
	at org.testng.TestRunner.run(TestRunner.java:617)
	at org.testng.SuiteRunner.runTest(SuiteRunner.java:334)
	at org.testng.SuiteRunner.runSequentially(SuiteRunner.java:329)
	at org.testng.SuiteRunner.privateRun(SuiteRunner.java:291)
	at org.testng.SuiteRunner.run(SuiteRunner.java:240)
	at org.testng.SuiteRunnerWorker.runSuite(SuiteRunnerWorker.java:52)
	at org.testng.SuiteRunnerWorker.run(SuiteRunnerWorker.java:86)
	at org.testng.TestNG.runSuitesSequentially(TestNG.java:1198)
	at org.testng.TestNG.runSuitesLocally(TestNG.java:1123)
	at org.testng.TestNG.run(TestNG.java:1031)
	at org.testng.remote.AbstractRemoteTestNG.run(AbstractRemoteTestNG.java:115)
	at org.testng.remote.RemoteTestNG.initAndRun(RemoteTestNG.java:251)
	at org.testng.remote.RemoteTestNG.main(RemoteTestNG.java:77)
Caused by: java.lang.AssertionError: Status expected:&lt;400 BAD_REQUEST&gt; but was:&lt;404 NOT_FOUND&gt;
	at org.springframework.test.util.AssertionErrors.fail(AssertionErrors.java:55)
	at org.springframework.test.util.AssertionErrors.assertEquals(AssertionErrors.java:82)
	at org.springframework.test.web.reactive.server.StatusAssertions.lambda$assertStatusAndReturn$4(StatusAssertions.java:227)
	at org.springframework.test.web.reactive.server.ExchangeResult.assertWithDiagnostics(ExchangeResult.java:197)
	... 34 more
"</b><br>org.springframework.test.web.reactive.server.ExchangeResult.assertWithDiagnostics(ExchangeResult.java:200)<br>org.springframework.test.web.reactive.server.StatusAssertions.assertStatusAndReturn(StatusAssertions.java:227)<br>org.springframework.test.web.reactive.server.StatusAssertions.isBadRequest(StatusAssertions.java:131)<br>cool.fountain.online.web.test.errors.TestErrorsForPostReq.testErrorCode(TestErrorsForPostReq.java:61)<br>sun.reflect.NativeMethodAccessorImpl.invoke0(Native Method)<br>sun.reflect.NativeMethodAccessorImpl.invoke(NativeMethodAccessorImpl.java:62)<br>sun.reflect.DelegatingMethodAccessorImpl.invoke(DelegatingMethodAccessorImpl.java:43)<br>java.lang.reflect.Method.invoke(Method.java:498)<br>org.testng.internal.MethodInvocationHelper.invokeMethod(MethodInvocationHelper.java:80)<br>org.testng.internal.MethodInvocationHelper$1.runTestMethod(MethodInvocationHelper.java:182)<br>org.springframework.test.context.testng.AbstractTestNGSpringContextTests.run(AbstractTestNGSpringContextTests.java:180)<br>sun.reflect.NativeMethodAccessorImpl.invoke0(Native Method)<br>sun.reflect.NativeMethodAccessorImpl.invoke(NativeMethodAccessorImpl.java:62)<br>sun.reflect.DelegatingMethodAccessorImpl.invoke(DelegatingMethodAccessorImpl.java:43)<br>java.lang.reflect.Method.invoke(Method.java:498)<br>org.testng.internal.MethodInvocationHelper.invokeHookable(MethodInvocationHelper.java:194)<br>org.testng.internal.Invoker.invokeMethod(Invoker.java:707)<br>org.testng.internal.Invoker.invokeTestMethod(Invoker.java:901)<br>org.testng.internal.Invoker.invokeTestMethods(Invoker.java:1231)<br>org.testng.internal.TestMethodWorker.invokeTestMethods(TestMethodWorker.java:127)<br>org.testng.internal.TestMethodWorker.run(TestMethodWorker.java:111)<br>org.testng.TestRunner.privateRun(TestRunner.java:767)<br>org.testng.TestRunner.run(TestRunner.java:617)<br>org.testng.SuiteRunner.runTest(SuiteRunner.java:334)<br>org.testng.SuiteRunner.runSequentially(SuiteRunner.java:329)<br>org.testng.SuiteRunner.privateRun(SuiteRunner.java:291)<br>org.testng.SuiteRunner.run(SuiteRunner.java:240)<br>org.testng.SuiteRunnerWorker.runSuite(SuiteRunnerWorker.java:52)<br>org.testng.SuiteRunnerWorker.run(SuiteRunnerWorker.java:86)<br>org.testng.TestNG.runSuitesSequentially(TestNG.java:1198)<br>org.testng.TestNG.runSuitesLocally(TestNG.java:1123)<br>org.testng.TestNG.run(TestNG.java:1031)<br>org.testng.remote.AbstractRemoteTestNG.run(AbstractRemoteTestNG.java:115)<br>org.testng.remote.RemoteTestNG.initAndRun(RemoteTestNG.java:251)<br>org.testng.remote.RemoteTestNG.main(RemoteTestNG.java:77)<br>
</div> <!-- stack-trace -->
                </div> <!-- method-content -->
              </div> <!-- method -->
              <div class="method">
                <div class="method-content">
                  <a name="testErrorCode(1234567, /api/catalogue-master/getProductCatalogue, test-files/json-data/catalogue-master/getProduct...)">
                  </a> <!-- testErrorCode(1234567, /api/catalogue-master/getProductCatalogue, test-files/json-data/catalogue-master/getProduct...) -->
                  <span class="method-name">testErrorCode</span>
                  <span class="parameters">(1234567, /api/catalogue-master/getProductCatalogue, test-files/json-data/catalogue-master/getProductCatalogue/emptyTerminalId.json, INVALID_TERMINAL_ID)</span>
                  <div class="stack-trace"><b>"java.lang.AssertionError: Status expected:&lt;400 BAD_REQUEST&gt; but was:&lt;404 NOT_FOUND&gt;

&gt; POST https://qa3-api.chaipoint.com/outlet-pos-api/api/catalogue-master/getProductCatalogue
&gt; Content-Length: [21]
&gt; WebTestClient-Request-Id: [1]
&gt; service.auth.key: [1234567]
&gt; Content-Type: [application/json]

{
  &quot;terminalId&quot;:&quot;&quot;
}

&lt; 404 NOT_FOUND Not Found
&lt; Date: [Wed, 04 Dec 2019 12:47:52 GMT]
&lt; Content-Type: [text/html;charset=utf-8]
&lt; Content-Length: [1102]
&lt; Connection: [keep-alive]
&lt; Server: [Apache-Coyote/1.1]
&lt; Content-Language: [en]

&lt;!DOCTYPE html&gt;&lt;html&gt;&lt;head&gt;&lt;title&gt;Apache Tomcat/8.5.0 - Error report&lt;/title&gt;&lt;style type=&quot;text/css&quot;&gt;H1 {font-family:Tahoma,Arial,sans-serif;color:white;background-color:#525D76;font-size:22px;} H2 {font-family:Tahoma,Arial,sans-serif;color:white;background-color:#525D76;font-size:16px;} H3 {font-family:Tahoma,Arial,sans-serif;color:white;background-color:#525D76;font-size:14px;} BODY {font-family:Tahoma,Arial,sans-serif;color:black;background-color:white;} B {font-family:Tahoma,Arial,sans-serif;color:white;background-color:#525D76;} P {font-family:Tahoma,Arial,sans-serif;background:white;color:black;font-size:12px;}A {color : black;}A.name {color : black;}.line {height: 1px; background-color: #525D76; border: none;}&lt;/style&gt; &lt;/head&gt;&lt;body&gt;&lt;h1&gt;HTTP Status 404 - /outlet-pos-api/api/catalogue-master/getProductCatalogue&lt;/h1&gt;&lt;div class=&quot;line&quot;&gt;&lt;/div&gt;&lt;p&gt;&lt;b&gt;type&lt;/b&gt; Status report&lt;/p&gt;&lt;p&gt;&lt;b&gt;message&lt;/b&gt; &lt;u&gt;/outlet-pos-api/api/catalogue-master/getProductCatalogue&lt;/u&gt;&lt;/p&gt;&lt;p&gt;&lt;b&gt;description&lt;/b&gt; &lt;u&gt;The requested resource is not available.&lt;/u&gt;&lt;/p&gt;&lt;hr class=&quot;line&quot;&gt;&lt;h3&gt;Apache Tomcat/8.5.0&lt;/h3&gt;&lt;/body&gt;&lt;/html&gt;

	at org.springframework.test.web.reactive.server.ExchangeResult.assertWithDiagnostics(ExchangeResult.java:200)
	at org.springframework.test.web.reactive.server.StatusAssertions.assertStatusAndReturn(StatusAssertions.java:227)
	at org.springframework.test.web.reactive.server.StatusAssertions.isBadRequest(StatusAssertions.java:131)
	at cool.fountain.online.web.test.errors.TestErrorsForPostReq.testErrorCode(TestErrorsForPostReq.java:61)
	at org.springframework.test.context.testng.AbstractTestNGSpringContextTests.run(AbstractTestNGSpringContextTests.java:180)
Caused by: java.lang.AssertionError: Status expected:&lt;400 BAD_REQUEST&gt; but was:&lt;404 NOT_FOUND&gt;
	at org.springframework.test.util.AssertionErrors.fail(AssertionErrors.java:55)
	at org.springframework.test.util.AssertionErrors.assertEquals(AssertionErrors.java:82)
	at org.springframework.test.web.reactive.server.StatusAssertions.lambda$assertStatusAndReturn$4(StatusAssertions.java:227)
	at org.springframework.test.web.reactive.server.ExchangeResult.assertWithDiagnostics(ExchangeResult.java:197)
	... 34 more
... Removed 30 stack frames<br/> java.lang.AssertionError: Status expected:&lt;400 BAD_REQUEST&gt; but was:&lt;404 NOT_FOUND&gt;

&gt; POST https://qa3-api.chaipoint.com/outlet-pos-api/api/catalogue-master/getProductCatalogue
&gt; Content-Length: [21]
&gt; WebTestClient-Request-Id: [1]
&gt; service.auth.key: [1234567]
&gt; Content-Type: [application/json]

{
  &quot;terminalId&quot;:&quot;&quot;
}

&lt; 404 NOT_FOUND Not Found
&lt; Date: [Wed, 04 Dec 2019 12:47:52 GMT]
&lt; Content-Type: [text/html;charset=utf-8]
&lt; Content-Length: [1102]
&lt; Connection: [keep-alive]
&lt; Server: [Apache-Coyote/1.1]
&lt; Content-Language: [en]

&lt;!DOCTYPE html&gt;&lt;html&gt;&lt;head&gt;&lt;title&gt;Apache Tomcat/8.5.0 - Error report&lt;/title&gt;&lt;style type=&quot;text/css&quot;&gt;H1 {font-family:Tahoma,Arial,sans-serif;color:white;background-color:#525D76;font-size:22px;} H2 {font-family:Tahoma,Arial,sans-serif;color:white;background-color:#525D76;font-size:16px;} H3 {font-family:Tahoma,Arial,sans-serif;color:white;background-color:#525D76;font-size:14px;} BODY {font-family:Tahoma,Arial,sans-serif;color:black;background-color:white;} B {font-family:Tahoma,Arial,sans-serif;color:white;background-color:#525D76;} P {font-family:Tahoma,Arial,sans-serif;background:white;color:black;font-size:12px;}A {color : black;}A.name {color : black;}.line {height: 1px; background-color: #525D76; border: none;}&lt;/style&gt; &lt;/head&gt;&lt;body&gt;&lt;h1&gt;HTTP Status 404 - /outlet-pos-api/api/catalogue-master/getProductCatalogue&lt;/h1&gt;&lt;div class=&quot;line&quot;&gt;&lt;/div&gt;&lt;p&gt;&lt;b&gt;type&lt;/b&gt; Status report&lt;/p&gt;&lt;p&gt;&lt;b&gt;message&lt;/b&gt; &lt;u&gt;/outlet-pos-api/api/catalogue-master/getProductCatalogue&lt;/u&gt;&lt;/p&gt;&lt;p&gt;&lt;b&gt;description&lt;/b&gt; &lt;u&gt;The requested resource is not available.&lt;/u&gt;&lt;/p&gt;&lt;hr class=&quot;line&quot;&gt;&lt;h3&gt;Apache Tomcat/8.5.0&lt;/h3&gt;&lt;/body&gt;&lt;/html&gt;

	at org.springframework.test.web.reactive.server.ExchangeResult.assertWithDiagnostics(ExchangeResult.java:200)
	at org.springframework.test.web.reactive.server.StatusAssertions.assertStatusAndReturn(StatusAssertions.java:227)
	at org.springframework.test.web.reactive.server.StatusAssertions.isBadRequest(StatusAssertions.java:131)
	at cool.fountain.online.web.test.errors.TestErrorsForPostReq.testErrorCode(TestErrorsForPostReq.java:61)
	at sun.reflect.NativeMethodAccessorImpl.invoke0(Native Method)
	at sun.reflect.NativeMethodAccessorImpl.invoke(NativeMethodAccessorImpl.java:62)
	at sun.reflect.DelegatingMethodAccessorImpl.invoke(DelegatingMethodAccessorImpl.java:43)
	at java.lang.reflect.Method.invoke(Method.java:498)
	at org.testng.internal.MethodInvocationHelper.invokeMethod(MethodInvocationHelper.java:80)
	at org.testng.internal.MethodInvocationHelper$1.runTestMethod(MethodInvocationHelper.java:182)
	at org.springframework.test.context.testng.AbstractTestNGSpringContextTests.run(AbstractTestNGSpringContextTests.java:180)
	at sun.reflect.NativeMethodAccessorImpl.invoke0(Native Method)
	at sun.reflect.NativeMethodAccessorImpl.invoke(NativeMethodAccessorImpl.java:62)
	at sun.reflect.DelegatingMethodAccessorImpl.invoke(DelegatingMethodAccessorImpl.java:43)
	at java.lang.reflect.Method.invoke(Method.java:498)
	at org.testng.internal.MethodInvocationHelper.invokeHookable(MethodInvocationHelper.java:194)
	at org.testng.internal.Invoker.invokeMethod(Invoker.java:707)
	at org.testng.internal.Invoker.invokeTestMethod(Invoker.java:901)
	at org.testng.internal.Invoker.invokeTestMethods(Invoker.java:1231)
	at org.testng.internal.TestMethodWorker.invokeTestMethods(TestMethodWorker.java:127)
	at org.testng.internal.TestMethodWorker.run(TestMethodWorker.java:111)
	at org.testng.TestRunner.privateRun(TestRunner.java:767)
	at org.testng.TestRunner.run(TestRunner.java:617)
	at org.testng.SuiteRunner.runTest(SuiteRunner.java:334)
	at org.testng.SuiteRunner.runSequentially(SuiteRunner.java:329)
	at org.testng.SuiteRunner.privateRun(SuiteRunner.java:291)
	at org.testng.SuiteRunner.run(SuiteRunner.java:240)
	at org.testng.SuiteRunnerWorker.runSuite(SuiteRunnerWorker.java:52)
	at org.testng.SuiteRunnerWorker.run(SuiteRunnerWorker.java:86)
	at org.testng.TestNG.runSuitesSequentially(TestNG.java:1198)
	at org.testng.TestNG.runSuitesLocally(TestNG.java:1123)
	at org.testng.TestNG.run(TestNG.java:1031)
	at org.testng.remote.AbstractRemoteTestNG.run(AbstractRemoteTestNG.java:115)
	at org.testng.remote.RemoteTestNG.initAndRun(RemoteTestNG.java:251)
	at org.testng.remote.RemoteTestNG.main(RemoteTestNG.java:77)
Caused by: java.lang.AssertionError: Status expected:&lt;400 BAD_REQUEST&gt; but was:&lt;404 NOT_FOUND&gt;
	at org.springframework.test.util.AssertionErrors.fail(AssertionErrors.java:55)
	at org.springframework.test.util.AssertionErrors.assertEquals(AssertionErrors.java:82)
	at org.springframework.test.web.reactive.server.StatusAssertions.lambda$assertStatusAndReturn$4(StatusAssertions.java:227)
	at org.springframework.test.web.reactive.server.ExchangeResult.assertWithDiagnostics(ExchangeResult.java:197)
	... 34 more
"</b><br>org.springframework.test.web.reactive.server.ExchangeResult.assertWithDiagnostics(ExchangeResult.java:200)<br>org.springframework.test.web.reactive.server.StatusAssertions.assertStatusAndReturn(StatusAssertions.java:227)<br>org.springframework.test.web.reactive.server.StatusAssertions.isBadRequest(StatusAssertions.java:131)<br>cool.fountain.online.web.test.errors.TestErrorsForPostReq.testErrorCode(TestErrorsForPostReq.java:61)<br>sun.reflect.NativeMethodAccessorImpl.invoke0(Native Method)<br>sun.reflect.NativeMethodAccessorImpl.invoke(NativeMethodAccessorImpl.java:62)<br>sun.reflect.DelegatingMethodAccessorImpl.invoke(DelegatingMethodAccessorImpl.java:43)<br>java.lang.reflect.Method.invoke(Method.java:498)<br>org.testng.internal.MethodInvocationHelper.invokeMethod(MethodInvocationHelper.java:80)<br>org.testng.internal.MethodInvocationHelper$1.runTestMethod(MethodInvocationHelper.java:182)<br>org.springframework.test.context.testng.AbstractTestNGSpringContextTests.run(AbstractTestNGSpringContextTests.java:180)<br>sun.reflect.NativeMethodAccessorImpl.invoke0(Native Method)<br>sun.reflect.NativeMethodAccessorImpl.invoke(NativeMethodAccessorImpl.java:62)<br>sun.reflect.DelegatingMethodAccessorImpl.invoke(DelegatingMethodAccessorImpl.java:43)<br>java.lang.reflect.Method.invoke(Method.java:498)<br>org.testng.internal.MethodInvocationHelper.invokeHookable(MethodInvocationHelper.java:194)<br>org.testng.internal.Invoker.invokeMethod(Invoker.java:707)<br>org.testng.internal.Invoker.invokeTestMethod(Invoker.java:901)<br>org.testng.internal.Invoker.invokeTestMethods(Invoker.java:1231)<br>org.testng.internal.TestMethodWorker.invokeTestMethods(TestMethodWorker.java:127)<br>org.testng.internal.TestMethodWorker.run(TestMethodWorker.java:111)<br>org.testng.TestRunner.privateRun(TestRunner.java:767)<br>org.testng.TestRunner.run(TestRunner.java:617)<br>org.testng.SuiteRunner.runTest(SuiteRunner.java:334)<br>org.testng.SuiteRunner.runSequentially(SuiteRunner.java:329)<br>org.testng.SuiteRunner.privateRun(SuiteRunner.java:291)<br>org.testng.SuiteRunner.run(SuiteRunner.java:240)<br>org.testng.SuiteRunnerWorker.runSuite(SuiteRunnerWorker.java:52)<br>org.testng.SuiteRunnerWorker.run(SuiteRunnerWorker.java:86)<br>org.testng.TestNG.runSuitesSequentially(TestNG.java:1198)<br>org.testng.TestNG.runSuitesLocally(TestNG.java:1123)<br>org.testng.TestNG.run(TestNG.java:1031)<br>org.testng.remote.AbstractRemoteTestNG.run(AbstractRemoteTestNG.java:115)<br>org.testng.remote.RemoteTestNG.initAndRun(RemoteTestNG.java:251)<br>org.testng.remote.RemoteTestNG.main(RemoteTestNG.java:77)<br>
</div> <!-- stack-trace -->
                </div> <!-- method-content -->
              </div> <!-- method -->
              <div class="method">
                <div class="method-content">
                  <a name="testServiceAuthKey(, /api/catalogue-master/getProductCatalogue, test-files/json-data/catalogue-master/getProductCatalog...)">
                  </a> <!-- testServiceAuthKey(, /api/catalogue-master/getProductCatalogue, test-files/json-data/catalogue-master/getProductCatalog...) -->
                  <span class="method-name">testServiceAuthKey</span>
                  <span class="parameters">(, /api/catalogue-master/getProductCatalogue, test-files/json-data/catalogue-master/getProductCatalogue/validParameters.json)</span>
                  <div class="stack-trace"><b>"java.lang.AssertionError: Status expected:&lt;403 FORBIDDEN&gt; but was:&lt;404 NOT_FOUND&gt;

&gt; POST https://qa3-api.chaipoint.com/outlet-pos-api/api/catalogue-master/getProductCatalogue
&gt; Content-Length: [31]
&gt; WebTestClient-Request-Id: [1]
&gt; Content-Type: [application/json]
&gt; service.auth.key: []

{
  &quot;terminalId&quot;:&quot;terminal_1&quot;
}

&lt; 404 NOT_FOUND Not Found
&lt; Date: [Wed, 04 Dec 2019 12:47:57 GMT]
&lt; Content-Type: [text/html;charset=utf-8]
&lt; Content-Length: [1102]
&lt; Connection: [keep-alive]
&lt; Server: [Apache-Coyote/1.1]
&lt; Content-Language: [en]

&lt;!DOCTYPE html&gt;&lt;html&gt;&lt;head&gt;&lt;title&gt;Apache Tomcat/8.5.0 - Error report&lt;/title&gt;&lt;style type=&quot;text/css&quot;&gt;H1 {font-family:Tahoma,Arial,sans-serif;color:white;background-color:#525D76;font-size:22px;} H2 {font-family:Tahoma,Arial,sans-serif;color:white;background-color:#525D76;font-size:16px;} H3 {font-family:Tahoma,Arial,sans-serif;color:white;background-color:#525D76;font-size:14px;} BODY {font-family:Tahoma,Arial,sans-serif;color:black;background-color:white;} B {font-family:Tahoma,Arial,sans-serif;color:white;background-color:#525D76;} P {font-family:Tahoma,Arial,sans-serif;background:white;color:black;font-size:12px;}A {color : black;}A.name {color : black;}.line {height: 1px; background-color: #525D76; border: none;}&lt;/style&gt; &lt;/head&gt;&lt;body&gt;&lt;h1&gt;HTTP Status 404 - /outlet-pos-api/api/catalogue-master/getProductCatalogue&lt;/h1&gt;&lt;div class=&quot;line&quot;&gt;&lt;/div&gt;&lt;p&gt;&lt;b&gt;type&lt;/b&gt; Status report&lt;/p&gt;&lt;p&gt;&lt;b&gt;message&lt;/b&gt; &lt;u&gt;/outlet-pos-api/api/catalogue-master/getProductCatalogue&lt;/u&gt;&lt;/p&gt;&lt;p&gt;&lt;b&gt;description&lt;/b&gt; &lt;u&gt;The requested resource is not available.&lt;/u&gt;&lt;/p&gt;&lt;hr class=&quot;line&quot;&gt;&lt;h3&gt;Apache Tomcat/8.5.0&lt;/h3&gt;&lt;/body&gt;&lt;/html&gt;

	at org.springframework.test.web.reactive.server.ExchangeResult.assertWithDiagnostics(ExchangeResult.java:200)
	at org.springframework.test.web.reactive.server.StatusAssertions.assertStatusAndReturn(StatusAssertions.java:227)
	at org.springframework.test.web.reactive.server.StatusAssertions.isForbidden(StatusAssertions.java:146)
	at cool.fountain.online.web.test.errors.TestErrorsForPostReq.testServiceAuthKey(TestErrorsForPostReq.java:73)
	at org.springframework.test.context.testng.AbstractTestNGSpringContextTests.run(AbstractTestNGSpringContextTests.java:180)
Caused by: java.lang.AssertionError: Status expected:&lt;403 FORBIDDEN&gt; but was:&lt;404 NOT_FOUND&gt;
	at org.springframework.test.util.AssertionErrors.fail(AssertionErrors.java:55)
	at org.springframework.test.util.AssertionErrors.assertEquals(AssertionErrors.java:82)
	at org.springframework.test.web.reactive.server.StatusAssertions.lambda$assertStatusAndReturn$4(StatusAssertions.java:227)
	at org.springframework.test.web.reactive.server.ExchangeResult.assertWithDiagnostics(ExchangeResult.java:197)
	... 34 more
... Removed 30 stack frames<br/> java.lang.AssertionError: Status expected:&lt;403 FORBIDDEN&gt; but was:&lt;404 NOT_FOUND&gt;

&gt; POST https://qa3-api.chaipoint.com/outlet-pos-api/api/catalogue-master/getProductCatalogue
&gt; Content-Length: [31]
&gt; WebTestClient-Request-Id: [1]
&gt; Content-Type: [application/json]
&gt; service.auth.key: []

{
  &quot;terminalId&quot;:&quot;terminal_1&quot;
}

&lt; 404 NOT_FOUND Not Found
&lt; Date: [Wed, 04 Dec 2019 12:47:57 GMT]
&lt; Content-Type: [text/html;charset=utf-8]
&lt; Content-Length: [1102]
&lt; Connection: [keep-alive]
&lt; Server: [Apache-Coyote/1.1]
&lt; Content-Language: [en]

&lt;!DOCTYPE html&gt;&lt;html&gt;&lt;head&gt;&lt;title&gt;Apache Tomcat/8.5.0 - Error report&lt;/title&gt;&lt;style type=&quot;text/css&quot;&gt;H1 {font-family:Tahoma,Arial,sans-serif;color:white;background-color:#525D76;font-size:22px;} H2 {font-family:Tahoma,Arial,sans-serif;color:white;background-color:#525D76;font-size:16px;} H3 {font-family:Tahoma,Arial,sans-serif;color:white;background-color:#525D76;font-size:14px;} BODY {font-family:Tahoma,Arial,sans-serif;color:black;background-color:white;} B {font-family:Tahoma,Arial,sans-serif;color:white;background-color:#525D76;} P {font-family:Tahoma,Arial,sans-serif;background:white;color:black;font-size:12px;}A {color : black;}A.name {color : black;}.line {height: 1px; background-color: #525D76; border: none;}&lt;/style&gt; &lt;/head&gt;&lt;body&gt;&lt;h1&gt;HTTP Status 404 - /outlet-pos-api/api/catalogue-master/getProductCatalogue&lt;/h1&gt;&lt;div class=&quot;line&quot;&gt;&lt;/div&gt;&lt;p&gt;&lt;b&gt;type&lt;/b&gt; Status report&lt;/p&gt;&lt;p&gt;&lt;b&gt;message&lt;/b&gt; &lt;u&gt;/outlet-pos-api/api/catalogue-master/getProductCatalogue&lt;/u&gt;&lt;/p&gt;&lt;p&gt;&lt;b&gt;description&lt;/b&gt; &lt;u&gt;The requested resource is not available.&lt;/u&gt;&lt;/p&gt;&lt;hr class=&quot;line&quot;&gt;&lt;h3&gt;Apache Tomcat/8.5.0&lt;/h3&gt;&lt;/body&gt;&lt;/html&gt;

	at org.springframework.test.web.reactive.server.ExchangeResult.assertWithDiagnostics(ExchangeResult.java:200)
	at org.springframework.test.web.reactive.server.StatusAssertions.assertStatusAndReturn(StatusAssertions.java:227)
	at org.springframework.test.web.reactive.server.StatusAssertions.isForbidden(StatusAssertions.java:146)
	at cool.fountain.online.web.test.errors.TestErrorsForPostReq.testServiceAuthKey(TestErrorsForPostReq.java:73)
	at sun.reflect.NativeMethodAccessorImpl.invoke0(Native Method)
	at sun.reflect.NativeMethodAccessorImpl.invoke(NativeMethodAccessorImpl.java:62)
	at sun.reflect.DelegatingMethodAccessorImpl.invoke(DelegatingMethodAccessorImpl.java:43)
	at java.lang.reflect.Method.invoke(Method.java:498)
	at org.testng.internal.MethodInvocationHelper.invokeMethod(MethodInvocationHelper.java:80)
	at org.testng.internal.MethodInvocationHelper$1.runTestMethod(MethodInvocationHelper.java:182)
	at org.springframework.test.context.testng.AbstractTestNGSpringContextTests.run(AbstractTestNGSpringContextTests.java:180)
	at sun.reflect.NativeMethodAccessorImpl.invoke0(Native Method)
	at sun.reflect.NativeMethodAccessorImpl.invoke(NativeMethodAccessorImpl.java:62)
	at sun.reflect.DelegatingMethodAccessorImpl.invoke(DelegatingMethodAccessorImpl.java:43)
	at java.lang.reflect.Method.invoke(Method.java:498)
	at org.testng.internal.MethodInvocationHelper.invokeHookable(MethodInvocationHelper.java:194)
	at org.testng.internal.Invoker.invokeMethod(Invoker.java:707)
	at org.testng.internal.Invoker.invokeTestMethod(Invoker.java:901)
	at org.testng.internal.Invoker.invokeTestMethods(Invoker.java:1231)
	at org.testng.internal.TestMethodWorker.invokeTestMethods(TestMethodWorker.java:127)
	at org.testng.internal.TestMethodWorker.run(TestMethodWorker.java:111)
	at org.testng.TestRunner.privateRun(TestRunner.java:767)
	at org.testng.TestRunner.run(TestRunner.java:617)
	at org.testng.SuiteRunner.runTest(SuiteRunner.java:334)
	at org.testng.SuiteRunner.runSequentially(SuiteRunner.java:329)
	at org.testng.SuiteRunner.privateRun(SuiteRunner.java:291)
	at org.testng.SuiteRunner.run(SuiteRunner.java:240)
	at org.testng.SuiteRunnerWorker.runSuite(SuiteRunnerWorker.java:52)
	at org.testng.SuiteRunnerWorker.run(SuiteRunnerWorker.java:86)
	at org.testng.TestNG.runSuitesSequentially(TestNG.java:1198)
	at org.testng.TestNG.runSuitesLocally(TestNG.java:1123)
	at org.testng.TestNG.run(TestNG.java:1031)
	at org.testng.remote.AbstractRemoteTestNG.run(AbstractRemoteTestNG.java:115)
	at org.testng.remote.RemoteTestNG.initAndRun(RemoteTestNG.java:251)
	at org.testng.remote.RemoteTestNG.main(RemoteTestNG.java:77)
Caused by: java.lang.AssertionError: Status expected:&lt;403 FORBIDDEN&gt; but was:&lt;404 NOT_FOUND&gt;
	at org.springframework.test.util.AssertionErrors.fail(AssertionErrors.java:55)
	at org.springframework.test.util.AssertionErrors.assertEquals(AssertionErrors.java:82)
	at org.springframework.test.web.reactive.server.StatusAssertions.lambda$assertStatusAndReturn$4(StatusAssertions.java:227)
	at org.springframework.test.web.reactive.server.ExchangeResult.assertWithDiagnostics(ExchangeResult.java:197)
	... 34 more
"</b><br>org.springframework.test.web.reactive.server.ExchangeResult.assertWithDiagnostics(ExchangeResult.java:200)<br>org.springframework.test.web.reactive.server.StatusAssertions.assertStatusAndReturn(StatusAssertions.java:227)<br>org.springframework.test.web.reactive.server.StatusAssertions.isForbidden(StatusAssertions.java:146)<br>cool.fountain.online.web.test.errors.TestErrorsForPostReq.testServiceAuthKey(TestErrorsForPostReq.java:73)<br>sun.reflect.NativeMethodAccessorImpl.invoke0(Native Method)<br>sun.reflect.NativeMethodAccessorImpl.invoke(NativeMethodAccessorImpl.java:62)<br>sun.reflect.DelegatingMethodAccessorImpl.invoke(DelegatingMethodAccessorImpl.java:43)<br>java.lang.reflect.Method.invoke(Method.java:498)<br>org.testng.internal.MethodInvocationHelper.invokeMethod(MethodInvocationHelper.java:80)<br>org.testng.internal.MethodInvocationHelper$1.runTestMethod(MethodInvocationHelper.java:182)<br>org.springframework.test.context.testng.AbstractTestNGSpringContextTests.run(AbstractTestNGSpringContextTests.java:180)<br>sun.reflect.NativeMethodAccessorImpl.invoke0(Native Method)<br>sun.reflect.NativeMethodAccessorImpl.invoke(NativeMethodAccessorImpl.java:62)<br>sun.reflect.DelegatingMethodAccessorImpl.invoke(DelegatingMethodAccessorImpl.java:43)<br>java.lang.reflect.Method.invoke(Method.java:498)<br>org.testng.internal.MethodInvocationHelper.invokeHookable(MethodInvocationHelper.java:194)<br>org.testng.internal.Invoker.invokeMethod(Invoker.java:707)<br>org.testng.internal.Invoker.invokeTestMethod(Invoker.java:901)<br>org.testng.internal.Invoker.invokeTestMethods(Invoker.java:1231)<br>org.testng.internal.TestMethodWorker.invokeTestMethods(TestMethodWorker.java:127)<br>org.testng.internal.TestMethodWorker.run(TestMethodWorker.java:111)<br>org.testng.TestRunner.privateRun(TestRunner.java:767)<br>org.testng.TestRunner.run(TestRunner.java:617)<br>org.testng.SuiteRunner.runTest(SuiteRunner.java:334)<br>org.testng.SuiteRunner.runSequentially(SuiteRunner.java:329)<br>org.testng.SuiteRunner.privateRun(SuiteRunner.java:291)<br>org.testng.SuiteRunner.run(SuiteRunner.java:240)<br>org.testng.SuiteRunnerWorker.runSuite(SuiteRunnerWorker.java:52)<br>org.testng.SuiteRunnerWorker.run(SuiteRunnerWorker.java:86)<br>org.testng.TestNG.runSuitesSequentially(TestNG.java:1198)<br>org.testng.TestNG.runSuitesLocally(TestNG.java:1123)<br>org.testng.TestNG.run(TestNG.java:1031)<br>org.testng.remote.AbstractRemoteTestNG.run(AbstractRemoteTestNG.java:115)<br>org.testng.remote.RemoteTestNG.initAndRun(RemoteTestNG.java:251)<br>org.testng.remote.RemoteTestNG.main(RemoteTestNG.java:77)<br>
</div> <!-- stack-trace -->
                </div> <!-- method-content -->
              </div> <!-- method -->
              <div class="method">
                <div class="method-content">
                  <a name="testServiceAuthKey(123, /api/catalogue-master/getProductCatalogue, test-files/json-data/catalogue-master/getProductCata...)">
                  </a> <!-- testServiceAuthKey(123, /api/catalogue-master/getProductCatalogue, test-files/json-data/catalogue-master/getProductCata...) -->
                  <span class="method-name">testServiceAuthKey</span>
                  <span class="parameters">(123, /api/catalogue-master/getProductCatalogue, test-files/json-data/catalogue-master/getProductCatalogue/validParameters.json)</span>
                  <div class="stack-trace"><b>"java.lang.AssertionError: Status expected:&lt;403 FORBIDDEN&gt; but was:&lt;404 NOT_FOUND&gt;

&gt; POST https://qa3-api.chaipoint.com/outlet-pos-api/api/catalogue-master/getProductCatalogue
&gt; Content-Length: [31]
&gt; service.auth.key: [123]
&gt; WebTestClient-Request-Id: [1]
&gt; Content-Type: [application/json]

{
  &quot;terminalId&quot;:&quot;terminal_1&quot;
}

&lt; 404 NOT_FOUND Not Found
&lt; Date: [Wed, 04 Dec 2019 12:48:03 GMT]
&lt; Content-Type: [text/html;charset=utf-8]
&lt; Content-Length: [1102]
&lt; Connection: [keep-alive]
&lt; Server: [Apache-Coyote/1.1]
&lt; Content-Language: [en]

&lt;!DOCTYPE html&gt;&lt;html&gt;&lt;head&gt;&lt;title&gt;Apache Tomcat/8.5.0 - Error report&lt;/title&gt;&lt;style type=&quot;text/css&quot;&gt;H1 {font-family:Tahoma,Arial,sans-serif;color:white;background-color:#525D76;font-size:22px;} H2 {font-family:Tahoma,Arial,sans-serif;color:white;background-color:#525D76;font-size:16px;} H3 {font-family:Tahoma,Arial,sans-serif;color:white;background-color:#525D76;font-size:14px;} BODY {font-family:Tahoma,Arial,sans-serif;color:black;background-color:white;} B {font-family:Tahoma,Arial,sans-serif;color:white;background-color:#525D76;} P {font-family:Tahoma,Arial,sans-serif;background:white;color:black;font-size:12px;}A {color : black;}A.name {color : black;}.line {height: 1px; background-color: #525D76; border: none;}&lt;/style&gt; &lt;/head&gt;&lt;body&gt;&lt;h1&gt;HTTP Status 404 - /outlet-pos-api/api/catalogue-master/getProductCatalogue&lt;/h1&gt;&lt;div class=&quot;line&quot;&gt;&lt;/div&gt;&lt;p&gt;&lt;b&gt;type&lt;/b&gt; Status report&lt;/p&gt;&lt;p&gt;&lt;b&gt;message&lt;/b&gt; &lt;u&gt;/outlet-pos-api/api/catalogue-master/getProductCatalogue&lt;/u&gt;&lt;/p&gt;&lt;p&gt;&lt;b&gt;description&lt;/b&gt; &lt;u&gt;The requested resource is not available.&lt;/u&gt;&lt;/p&gt;&lt;hr class=&quot;line&quot;&gt;&lt;h3&gt;Apache Tomcat/8.5.0&lt;/h3&gt;&lt;/body&gt;&lt;/html&gt;

	at org.springframework.test.web.reactive.server.ExchangeResult.assertWithDiagnostics(ExchangeResult.java:200)
	at org.springframework.test.web.reactive.server.StatusAssertions.assertStatusAndReturn(StatusAssertions.java:227)
	at org.springframework.test.web.reactive.server.StatusAssertions.isForbidden(StatusAssertions.java:146)
	at cool.fountain.online.web.test.errors.TestErrorsForPostReq.testServiceAuthKey(TestErrorsForPostReq.java:73)
	at org.springframework.test.context.testng.AbstractTestNGSpringContextTests.run(AbstractTestNGSpringContextTests.java:180)
Caused by: java.lang.AssertionError: Status expected:&lt;403 FORBIDDEN&gt; but was:&lt;404 NOT_FOUND&gt;
	at org.springframework.test.util.AssertionErrors.fail(AssertionErrors.java:55)
	at org.springframework.test.util.AssertionErrors.assertEquals(AssertionErrors.java:82)
	at org.springframework.test.web.reactive.server.StatusAssertions.lambda$assertStatusAndReturn$4(StatusAssertions.java:227)
	at org.springframework.test.web.reactive.server.ExchangeResult.assertWithDiagnostics(ExchangeResult.java:197)
	... 34 more
... Removed 30 stack frames<br/> java.lang.AssertionError: Status expected:&lt;403 FORBIDDEN&gt; but was:&lt;404 NOT_FOUND&gt;

&gt; POST https://qa3-api.chaipoint.com/outlet-pos-api/api/catalogue-master/getProductCatalogue
&gt; Content-Length: [31]
&gt; service.auth.key: [123]
&gt; WebTestClient-Request-Id: [1]
&gt; Content-Type: [application/json]

{
  &quot;terminalId&quot;:&quot;terminal_1&quot;
}

&lt; 404 NOT_FOUND Not Found
&lt; Date: [Wed, 04 Dec 2019 12:48:03 GMT]
&lt; Content-Type: [text/html;charset=utf-8]
&lt; Content-Length: [1102]
&lt; Connection: [keep-alive]
&lt; Server: [Apache-Coyote/1.1]
&lt; Content-Language: [en]

&lt;!DOCTYPE html&gt;&lt;html&gt;&lt;head&gt;&lt;title&gt;Apache Tomcat/8.5.0 - Error report&lt;/title&gt;&lt;style type=&quot;text/css&quot;&gt;H1 {font-family:Tahoma,Arial,sans-serif;color:white;background-color:#525D76;font-size:22px;} H2 {font-family:Tahoma,Arial,sans-serif;color:white;background-color:#525D76;font-size:16px;} H3 {font-family:Tahoma,Arial,sans-serif;color:white;background-color:#525D76;font-size:14px;} BODY {font-family:Tahoma,Arial,sans-serif;color:black;background-color:white;} B {font-family:Tahoma,Arial,sans-serif;color:white;background-color:#525D76;} P {font-family:Tahoma,Arial,sans-serif;background:white;color:black;font-size:12px;}A {color : black;}A.name {color : black;}.line {height: 1px; background-color: #525D76; border: none;}&lt;/style&gt; &lt;/head&gt;&lt;body&gt;&lt;h1&gt;HTTP Status 404 - /outlet-pos-api/api/catalogue-master/getProductCatalogue&lt;/h1&gt;&lt;div class=&quot;line&quot;&gt;&lt;/div&gt;&lt;p&gt;&lt;b&gt;type&lt;/b&gt; Status report&lt;/p&gt;&lt;p&gt;&lt;b&gt;message&lt;/b&gt; &lt;u&gt;/outlet-pos-api/api/catalogue-master/getProductCatalogue&lt;/u&gt;&lt;/p&gt;&lt;p&gt;&lt;b&gt;description&lt;/b&gt; &lt;u&gt;The requested resource is not available.&lt;/u&gt;&lt;/p&gt;&lt;hr class=&quot;line&quot;&gt;&lt;h3&gt;Apache Tomcat/8.5.0&lt;/h3&gt;&lt;/body&gt;&lt;/html&gt;

	at org.springframework.test.web.reactive.server.ExchangeResult.assertWithDiagnostics(ExchangeResult.java:200)
	at org.springframework.test.web.reactive.server.StatusAssertions.assertStatusAndReturn(StatusAssertions.java:227)
	at org.springframework.test.web.reactive.server.StatusAssertions.isForbidden(StatusAssertions.java:146)
	at cool.fountain.online.web.test.errors.TestErrorsForPostReq.testServiceAuthKey(TestErrorsForPostReq.java:73)
	at sun.reflect.NativeMethodAccessorImpl.invoke0(Native Method)
	at sun.reflect.NativeMethodAccessorImpl.invoke(NativeMethodAccessorImpl.java:62)
	at sun.reflect.DelegatingMethodAccessorImpl.invoke(DelegatingMethodAccessorImpl.java:43)
	at java.lang.reflect.Method.invoke(Method.java:498)
	at org.testng.internal.MethodInvocationHelper.invokeMethod(MethodInvocationHelper.java:80)
	at org.testng.internal.MethodInvocationHelper$1.runTestMethod(MethodInvocationHelper.java:182)
	at org.springframework.test.context.testng.AbstractTestNGSpringContextTests.run(AbstractTestNGSpringContextTests.java:180)
	at sun.reflect.NativeMethodAccessorImpl.invoke0(Native Method)
	at sun.reflect.NativeMethodAccessorImpl.invoke(NativeMethodAccessorImpl.java:62)
	at sun.reflect.DelegatingMethodAccessorImpl.invoke(DelegatingMethodAccessorImpl.java:43)
	at java.lang.reflect.Method.invoke(Method.java:498)
	at org.testng.internal.MethodInvocationHelper.invokeHookable(MethodInvocationHelper.java:194)
	at org.testng.internal.Invoker.invokeMethod(Invoker.java:707)
	at org.testng.internal.Invoker.invokeTestMethod(Invoker.java:901)
	at org.testng.internal.Invoker.invokeTestMethods(Invoker.java:1231)
	at org.testng.internal.TestMethodWorker.invokeTestMethods(TestMethodWorker.java:127)
	at org.testng.internal.TestMethodWorker.run(TestMethodWorker.java:111)
	at org.testng.TestRunner.privateRun(TestRunner.java:767)
	at org.testng.TestRunner.run(TestRunner.java:617)
	at org.testng.SuiteRunner.runTest(SuiteRunner.java:334)
	at org.testng.SuiteRunner.runSequentially(SuiteRunner.java:329)
	at org.testng.SuiteRunner.privateRun(SuiteRunner.java:291)
	at org.testng.SuiteRunner.run(SuiteRunner.java:240)
	at org.testng.SuiteRunnerWorker.runSuite(SuiteRunnerWorker.java:52)
	at org.testng.SuiteRunnerWorker.run(SuiteRunnerWorker.java:86)
	at org.testng.TestNG.runSuitesSequentially(TestNG.java:1198)
	at org.testng.TestNG.runSuitesLocally(TestNG.java:1123)
	at org.testng.TestNG.run(TestNG.java:1031)
	at org.testng.remote.AbstractRemoteTestNG.run(AbstractRemoteTestNG.java:115)
	at org.testng.remote.RemoteTestNG.initAndRun(RemoteTestNG.java:251)
	at org.testng.remote.RemoteTestNG.main(RemoteTestNG.java:77)
Caused by: java.lang.AssertionError: Status expected:&lt;403 FORBIDDEN&gt; but was:&lt;404 NOT_FOUND&gt;
	at org.springframework.test.util.AssertionErrors.fail(AssertionErrors.java:55)
	at org.springframework.test.util.AssertionErrors.assertEquals(AssertionErrors.java:82)
	at org.springframework.test.web.reactive.server.StatusAssertions.lambda$assertStatusAndReturn$4(StatusAssertions.java:227)
	at org.springframework.test.web.reactive.server.ExchangeResult.assertWithDiagnostics(ExchangeResult.java:197)
	... 34 more
"</b><br>org.springframework.test.web.reactive.server.ExchangeResult.assertWithDiagnostics(ExchangeResult.java:200)<br>org.springframework.test.web.reactive.server.StatusAssertions.assertStatusAndReturn(StatusAssertions.java:227)<br>org.springframework.test.web.reactive.server.StatusAssertions.isForbidden(StatusAssertions.java:146)<br>cool.fountain.online.web.test.errors.TestErrorsForPostReq.testServiceAuthKey(TestErrorsForPostReq.java:73)<br>sun.reflect.NativeMethodAccessorImpl.invoke0(Native Method)<br>sun.reflect.NativeMethodAccessorImpl.invoke(NativeMethodAccessorImpl.java:62)<br>sun.reflect.DelegatingMethodAccessorImpl.invoke(DelegatingMethodAccessorImpl.java:43)<br>java.lang.reflect.Method.invoke(Method.java:498)<br>org.testng.internal.MethodInvocationHelper.invokeMethod(MethodInvocationHelper.java:80)<br>org.testng.internal.MethodInvocationHelper$1.runTestMethod(MethodInvocationHelper.java:182)<br>org.springframework.test.context.testng.AbstractTestNGSpringContextTests.run(AbstractTestNGSpringContextTests.java:180)<br>sun.reflect.NativeMethodAccessorImpl.invoke0(Native Method)<br>sun.reflect.NativeMethodAccessorImpl.invoke(NativeMethodAccessorImpl.java:62)<br>sun.reflect.DelegatingMethodAccessorImpl.invoke(DelegatingMethodAccessorImpl.java:43)<br>java.lang.reflect.Method.invoke(Method.java:498)<br>org.testng.internal.MethodInvocationHelper.invokeHookable(MethodInvocationHelper.java:194)<br>org.testng.internal.Invoker.invokeMethod(Invoker.java:707)<br>org.testng.internal.Invoker.invokeTestMethod(Invoker.java:901)<br>org.testng.internal.Invoker.invokeTestMethods(Invoker.java:1231)<br>org.testng.internal.TestMethodWorker.invokeTestMethods(TestMethodWorker.java:127)<br>org.testng.internal.TestMethodWorker.run(TestMethodWorker.java:111)<br>org.testng.TestRunner.privateRun(TestRunner.java:767)<br>org.testng.TestRunner.run(TestRunner.java:617)<br>org.testng.SuiteRunner.runTest(SuiteRunner.java:334)<br>org.testng.SuiteRunner.runSequentially(SuiteRunner.java:329)<br>org.testng.SuiteRunner.privateRun(SuiteRunner.java:291)<br>org.testng.SuiteRunner.run(SuiteRunner.java:240)<br>org.testng.SuiteRunnerWorker.runSuite(SuiteRunnerWorker.java:52)<br>org.testng.SuiteRunnerWorker.run(SuiteRunnerWorker.java:86)<br>org.testng.TestNG.runSuitesSequentially(TestNG.java:1198)<br>org.testng.TestNG.runSuitesLocally(TestNG.java:1123)<br>org.testng.TestNG.run(TestNG.java:1031)<br>org.testng.remote.AbstractRemoteTestNG.run(AbstractRemoteTestNG.java:115)<br>org.testng.remote.RemoteTestNG.initAndRun(RemoteTestNG.java:251)<br>org.testng.remote.RemoteTestNG.main(RemoteTestNG.java:77)<br>
</div> <!-- stack-trace -->
                </div> <!-- method-content -->
              </div> <!-- method -->
            </div> <!-- main-panel-content rounded-window-bottom -->
          </div> <!-- suite-catalogue-master-getProductCatalogue-class-failed -->
          <div class="suite-catalogue-master-getProductCatalogue-class-failed">
            <div class="main-panel-header rounded-window-top">
              <img src="failed.png"/>
              <span class="class-name">cool.fountain.online.web.test.catalogue.master.TestGetProductCatalogueApiTestNg</span>
            </div> <!-- main-panel-header rounded-window-top -->
            <div class="main-panel-content rounded-window-bottom">
              <div class="method">
                <div class="method-content">
                  <a name="testGetProductCatalogue(1234567, /api/catalogue-master/getProductCatalogue, test-files/json-data/catalogue-master/getProduct...)">
                  </a> <!-- testGetProductCatalogue(1234567, /api/catalogue-master/getProductCatalogue, test-files/json-data/catalogue-master/getProduct...) -->
                  <span class="method-name">testGetProductCatalogue</span>
                  <span class="parameters">(1234567, /api/catalogue-master/getProductCatalogue, test-files/json-data/catalogue-master/getProductCatalogue/validParameters.json, 1, 2, 3, 4, 220, 220, 220, 220)</span>
                  <div class="stack-trace"><b>"java.lang.AssertionError: expected [true] but found [false]
	at cool.fountain.online.web.test.catalogue.master.TestGetProductCatalogueApiTestNg.testGetProductCatalogue(TestGetProductCatalogueApiTestNg.java:101)
	at org.springframework.test.context.testng.AbstractTestNGSpringContextTests.run(AbstractTestNGSpringContextTests.java:180)
... Removed 34 stack frames<br/> java.lang.AssertionError: expected [true] but found [false]
	at org.testng.Assert.fail(Assert.java:94)
	at org.testng.Assert.failNotEquals(Assert.java:494)
	at org.testng.Assert.assertTrue(Assert.java:42)
	at org.testng.Assert.assertTrue(Assert.java:52)
	at cool.fountain.online.web.test.catalogue.master.TestGetProductCatalogueApiTestNg.testGetProductCatalogue(TestGetProductCatalogueApiTestNg.java:101)
	at sun.reflect.NativeMethodAccessorImpl.invoke0(Native Method)
	at sun.reflect.NativeMethodAccessorImpl.invoke(NativeMethodAccessorImpl.java:62)
	at sun.reflect.DelegatingMethodAccessorImpl.invoke(DelegatingMethodAccessorImpl.java:43)
	at java.lang.reflect.Method.invoke(Method.java:498)
	at org.testng.internal.MethodInvocationHelper.invokeMethod(MethodInvocationHelper.java:80)
	at org.testng.internal.MethodInvocationHelper$1.runTestMethod(MethodInvocationHelper.java:182)
	at org.springframework.test.context.testng.AbstractTestNGSpringContextTests.run(AbstractTestNGSpringContextTests.java:180)
	at sun.reflect.NativeMethodAccessorImpl.invoke0(Native Method)
	at sun.reflect.NativeMethodAccessorImpl.invoke(NativeMethodAccessorImpl.java:62)
	at sun.reflect.DelegatingMethodAccessorImpl.invoke(DelegatingMethodAccessorImpl.java:43)
	at java.lang.reflect.Method.invoke(Method.java:498)
	at org.testng.internal.MethodInvocationHelper.invokeHookable(MethodInvocationHelper.java:194)
	at org.testng.internal.Invoker.invokeMethod(Invoker.java:707)
	at org.testng.internal.Invoker.invokeTestMethod(Invoker.java:901)
	at org.testng.internal.Invoker.invokeTestMethods(Invoker.java:1231)
	at org.testng.internal.TestMethodWorker.invokeTestMethods(TestMethodWorker.java:127)
	at org.testng.internal.TestMethodWorker.run(TestMethodWorker.java:111)
	at org.testng.TestRunner.privateRun(TestRunner.java:767)
	at org.testng.TestRunner.run(TestRunner.java:617)
	at org.testng.SuiteRunner.runTest(SuiteRunner.java:334)
	at org.testng.SuiteRunner.runSequentially(SuiteRunner.java:329)
	at org.testng.SuiteRunner.privateRun(SuiteRunner.java:291)
	at org.testng.SuiteRunner.run(SuiteRunner.java:240)
	at org.testng.SuiteRunnerWorker.runSuite(SuiteRunnerWorker.java:52)
	at org.testng.SuiteRunnerWorker.run(SuiteRunnerWorker.java:86)
	at org.testng.TestNG.runSuitesSequentially(TestNG.java:1198)
	at org.testng.TestNG.runSuitesLocally(TestNG.java:1123)
	at org.testng.TestNG.run(TestNG.java:1031)
	at org.testng.remote.AbstractRemoteTestNG.run(AbstractRemoteTestNG.java:115)
	at org.testng.remote.RemoteTestNG.initAndRun(RemoteTestNG.java:251)
	at org.testng.remote.RemoteTestNG.main(RemoteTestNG.java:77)
"</b><br>org.testng.Assert.fail(Assert.java:94)<br>org.testng.Assert.failNotEquals(Assert.java:494)<br>org.testng.Assert.assertTrue(Assert.java:42)<br>org.testng.Assert.assertTrue(Assert.java:52)<br>cool.fountain.online.web.test.catalogue.master.TestGetProductCatalogueApiTestNg.testGetProductCatalogue(TestGetProductCatalogueApiTestNg.java:101)<br>sun.reflect.NativeMethodAccessorImpl.invoke0(Native Method)<br>sun.reflect.NativeMethodAccessorImpl.invoke(NativeMethodAccessorImpl.java:62)<br>sun.reflect.DelegatingMethodAccessorImpl.invoke(DelegatingMethodAccessorImpl.java:43)<br>java.lang.reflect.Method.invoke(Method.java:498)<br>org.testng.internal.MethodInvocationHelper.invokeMethod(MethodInvocationHelper.java:80)<br>org.testng.internal.MethodInvocationHelper$1.runTestMethod(MethodInvocationHelper.java:182)<br>org.springframework.test.context.testng.AbstractTestNGSpringContextTests.run(AbstractTestNGSpringContextTests.java:180)<br>sun.reflect.NativeMethodAccessorImpl.invoke0(Native Method)<br>sun.reflect.NativeMethodAccessorImpl.invoke(NativeMethodAccessorImpl.java:62)<br>sun.reflect.DelegatingMethodAccessorImpl.invoke(DelegatingMethodAccessorImpl.java:43)<br>java.lang.reflect.Method.invoke(Method.java:498)<br>org.testng.internal.MethodInvocationHelper.invokeHookable(MethodInvocationHelper.java:194)<br>org.testng.internal.Invoker.invokeMethod(Invoker.java:707)<br>org.testng.internal.Invoker.invokeTestMethod(Invoker.java:901)<br>org.testng.internal.Invoker.invokeTestMethods(Invoker.java:1231)<br>org.testng.internal.TestMethodWorker.invokeTestMethods(TestMethodWorker.java:127)<br>org.testng.internal.TestMethodWorker.run(TestMethodWorker.java:111)<br>org.testng.TestRunner.privateRun(TestRunner.java:767)<br>org.testng.TestRunner.run(TestRunner.java:617)<br>org.testng.SuiteRunner.runTest(SuiteRunner.java:334)<br>org.testng.SuiteRunner.runSequentially(SuiteRunner.java:329)<br>org.testng.SuiteRunner.privateRun(SuiteRunner.java:291)<br>org.testng.SuiteRunner.run(SuiteRunner.java:240)<br>org.testng.SuiteRunnerWorker.runSuite(SuiteRunnerWorker.java:52)<br>org.testng.SuiteRunnerWorker.run(SuiteRunnerWorker.java:86)<br>org.testng.TestNG.runSuitesSequentially(TestNG.java:1198)<br>org.testng.TestNG.runSuitesLocally(TestNG.java:1123)<br>org.testng.TestNG.run(TestNG.java:1031)<br>org.testng.remote.AbstractRemoteTestNG.run(AbstractRemoteTestNG.java:115)<br>org.testng.remote.RemoteTestNG.initAndRun(RemoteTestNG.java:251)<br>org.testng.remote.RemoteTestNG.main(RemoteTestNG.java:77)<br>
</div> <!-- stack-trace -->
                </div> <!-- method-content -->
              </div> <!-- method -->
            </div> <!-- main-panel-content rounded-window-bottom -->
          </div> <!-- suite-catalogue-master-getProductCatalogue-class-failed -->
        </div> <!-- panel catalogue-master-getProductCatalogue -->
        <div panel-name="test-xml-catalogue-master-getProductCatalogue" class="panel">
          <div class="main-panel-header rounded-window-top">
            <span class="header-content">/Users/chaipoint/Documents/workspace/pos-ag-test/test-files/catalogue-master-getProductCatalogue.xml</span>
          </div> <!-- main-panel-header rounded-window-top -->
          <div class="main-panel-content rounded-window-bottom">
            <pre>
&lt;?xml version=&quot;1.0&quot; encoding=&quot;UTF-8&quot;?&gt;
&lt;!DOCTYPE suite SYSTEM &quot;http://testng.org/testng-1.0.dtd&quot;&gt;
&lt;suite name=&quot;catalogue-master-getProductCatalogue&quot;&gt;
  &lt;parameter name=&quot;apiUri&quot; value=&quot;/api/catalogue-master/getProductCatalogue&quot;/&gt;
  &lt;parameter name=&quot;apiKey&quot; value=&quot;1234567&quot;/&gt;
  &lt;test name=&quot;validParameters&quot;&gt;
    &lt;parameter name=&quot;requestJsonfile&quot; value=&quot;test-files/json-data/catalogue-master/getProductCatalogue/validParameters.json&quot;/&gt;
    &lt;parameter name=&quot;productListSize&quot; value=&quot;220, 220, 220, 220&quot;/&gt;
    &lt;parameter name=&quot;sellerIdList&quot; value=&quot;1, 2, 3, 4&quot;/&gt;
    &lt;classes&gt;
      &lt;class name=&quot;cool.fountain.online.web.test.catalogue.master.TestGetProductCatalogueApiTestNg&quot;&gt;
        &lt;methods&gt;
          &lt;include name=&quot;testGetProductCatalogue&quot;/&gt;
        &lt;/methods&gt;
      &lt;/class&gt; &lt;!-- cool.fountain.online.web.test.catalogue.master.TestGetProductCatalogueApiTestNg --&gt;
    &lt;/classes&gt;
  &lt;/test&gt; &lt;!-- validParameters --&gt;
  &lt;test name=&quot;emptypayload&quot;&gt;
    &lt;parameter name=&quot;requestJsonfile&quot; value=&quot;test-files/json-data/catalogue-master/getProductCatalogue/TerminalIdNotInDb.json&quot;/&gt;
    &lt;parameter name=&quot;expectedErrorCode&quot; value=&quot;INVALID_REQUEST&quot;/&gt;
    &lt;classes&gt;
      &lt;class name=&quot;cool.fountain.online.web.test.errors.TestErrorsForPostReq&quot;&gt;
        &lt;methods&gt;
          &lt;include name=&quot;testErrorCode&quot;/&gt;
        &lt;/methods&gt;
      &lt;/class&gt; &lt;!-- cool.fountain.online.web.test.errors.TestErrorsForPostReq --&gt;
    &lt;/classes&gt;
  &lt;/test&gt; &lt;!-- emptypayload --&gt;
  &lt;test name=&quot;TerminalIdNotInDb&quot;&gt;
    &lt;parameter name=&quot;requestJsonfile&quot; value=&quot;test-files/json-data/catalogue-master/getProductCatalogue/TerminalIdNotInDb.json&quot;/&gt;
    &lt;parameter name=&quot;expectedErrorCode&quot; value=&quot;INVALID_TERMINAL_ID&quot;/&gt;
    &lt;classes&gt;
      &lt;class name=&quot;cool.fountain.online.web.test.errors.TestErrorsForPostReq&quot;&gt;
        &lt;methods&gt;
          &lt;include name=&quot;testErrorCode&quot;/&gt;
        &lt;/methods&gt;
      &lt;/class&gt; &lt;!-- cool.fountain.online.web.test.errors.TestErrorsForPostReq --&gt;
    &lt;/classes&gt;
  &lt;/test&gt; &lt;!-- TerminalIdNotInDb --&gt;
  &lt;test name=&quot;nullTerminalId&quot;&gt;
    &lt;parameter name=&quot;requestJsonfile&quot; value=&quot;test-files/json-data/catalogue-master/getProductCatalogue/nullTerminalId.json&quot;/&gt;
    &lt;parameter name=&quot;expectedErrorCode&quot; value=&quot;INVALID_TERMINAL_ID&quot;/&gt;
    &lt;classes&gt;
      &lt;class name=&quot;cool.fountain.online.web.test.errors.TestErrorsForPostReq&quot;&gt;
        &lt;methods&gt;
          &lt;include name=&quot;testErrorCode&quot;/&gt;
        &lt;/methods&gt;
      &lt;/class&gt; &lt;!-- cool.fountain.online.web.test.errors.TestErrorsForPostReq --&gt;
    &lt;/classes&gt;
  &lt;/test&gt; &lt;!-- nullTerminalId --&gt;
  &lt;test name=&quot;emptyTerminalId&quot;&gt;
    &lt;parameter name=&quot;requestJsonfile&quot; value=&quot;test-files/json-data/catalogue-master/getProductCatalogue/emptyTerminalId.json&quot;/&gt;
    &lt;parameter name=&quot;expectedErrorCode&quot; value=&quot;INVALID_TERMINAL_ID&quot;/&gt;
    &lt;classes&gt;
      &lt;class name=&quot;cool.fountain.online.web.test.errors.TestErrorsForPostReq&quot;&gt;
        &lt;methods&gt;
          &lt;include name=&quot;testErrorCode&quot;/&gt;
        &lt;/methods&gt;
      &lt;/class&gt; &lt;!-- cool.fountain.online.web.test.errors.TestErrorsForPostReq --&gt;
    &lt;/classes&gt;
  &lt;/test&gt; &lt;!-- emptyTerminalId --&gt;
  &lt;test name=&quot;emptyServiceAuthKey&quot;&gt;
    &lt;parameter name=&quot;requestJsonfile&quot; value=&quot;test-files/json-data/catalogue-master/getProductCatalogue/validParameters.json&quot;/&gt;
    &lt;parameter name=&quot;apiKey&quot; value=&quot;&quot;/&gt;
    &lt;classes&gt;
      &lt;class name=&quot;cool.fountain.online.web.test.errors.TestErrorsForPostReq&quot;&gt;
        &lt;methods&gt;
          &lt;include name=&quot;testServiceAuthKey&quot;/&gt;
        &lt;/methods&gt;
      &lt;/class&gt; &lt;!-- cool.fountain.online.web.test.errors.TestErrorsForPostReq --&gt;
    &lt;/classes&gt;
  &lt;/test&gt; &lt;!-- emptyServiceAuthKey --&gt;
  &lt;test name=&quot;invalidServiceAuthKey&quot;&gt;
    &lt;parameter name=&quot;requestJsonfile&quot; value=&quot;test-files/json-data/catalogue-master/getProductCatalogue/validParameters.json&quot;/&gt;
    &lt;parameter name=&quot;apiKey&quot; value=&quot;123&quot;/&gt;
    &lt;classes&gt;
      &lt;class name=&quot;cool.fountain.online.web.test.errors.TestErrorsForPostReq&quot;&gt;
        &lt;methods&gt;
          &lt;include name=&quot;testServiceAuthKey&quot;/&gt;
        &lt;/methods&gt;
      &lt;/class&gt; &lt;!-- cool.fountain.online.web.test.errors.TestErrorsForPostReq --&gt;
    &lt;/classes&gt;
  &lt;/test&gt; &lt;!-- invalidServiceAuthKey --&gt;
&lt;/suite&gt; &lt;!-- catalogue-master-getProductCatalogue --&gt;
            </pre>
          </div> <!-- main-panel-content rounded-window-bottom -->
        </div> <!-- panel -->
        <div panel-name="testlist-catalogue-master-getProductCatalogue" class="panel">
          <div class="main-panel-header rounded-window-top">
            <span class="header-content">Tests for catalogue-master-getProductCatalogue</span>
          </div> <!-- main-panel-header rounded-window-top -->
          <div class="main-panel-content rounded-window-bottom">
            <ul>
              <li>
                <span class="test-name">validParameters (1 class)</span>
              </li>
              <li>
                <span class="test-name">emptypayload (1 class)</span>
              </li>
              <li>
                <span class="test-name">TerminalIdNotInDb (1 class)</span>
              </li>
              <li>
                <span class="test-name">nullTerminalId (1 class)</span>
              </li>
              <li>
                <span class="test-name">emptyTerminalId (1 class)</span>
              </li>
              <li>
                <span class="test-name">emptyServiceAuthKey (1 class)</span>
              </li>
              <li>
                <span class="test-name">invalidServiceAuthKey (1 class)</span>
              </li>
            </ul>
          </div> <!-- main-panel-content rounded-window-bottom -->
        </div> <!-- panel -->
        <div panel-name="group-catalogue-master-getProductCatalogue" class="panel">
          <div class="main-panel-header rounded-window-top">
            <span class="header-content">Groups for catalogue-master-getProductCatalogue</span>
          </div> <!-- main-panel-header rounded-window-top -->
          <div class="main-panel-content rounded-window-bottom">
          </div> <!-- main-panel-content rounded-window-bottom -->
        </div> <!-- panel -->
        <div panel-name="times-catalogue-master-getProductCatalogue" class="panel">
          <div class="main-panel-header rounded-window-top">
            <span class="header-content">Times for catalogue-master-getProductCatalogue</span>
          </div> <!-- main-panel-header rounded-window-top -->
          <div class="main-panel-content rounded-window-bottom">
            <div class="times-div">
              <script type="text/javascript">
suiteTableInitFunctions.push('tableData_catalogue-master-getProductCatalogue');
function tableData_catalogue-master-getProductCatalogue() {
var data = new google.visualization.DataTable();
data.addColumn('number', 'Number');
data.addColumn('string', 'Method');
data.addColumn('string', 'Class');
data.addColumn('number', 'Time (ms)');
data.addRows(7);
data.setCell(0, 0, 0)
data.setCell(0, 1, 'testGetProductCatalogue')
data.setCell(0, 2, 'cool.fountain.online.web.test.catalogue.master.TestGetProductCatalogueApiTestNg')
data.setCell(0, 3, 6384);
data.setCell(1, 0, 1)
data.setCell(1, 1, 'testErrorCode')
data.setCell(1, 2, 'cool.fountain.online.web.test.errors.TestErrorsForPostReq')
data.setCell(1, 3, 200);
data.setCell(2, 0, 2)
data.setCell(2, 1, 'testErrorCode')
data.setCell(2, 2, 'cool.fountain.online.web.test.errors.TestErrorsForPostReq')
data.setCell(2, 3, 182);
data.setCell(3, 0, 3)
data.setCell(3, 1, 'testServiceAuthKey')
data.setCell(3, 2, 'cool.fountain.online.web.test.errors.TestErrorsForPostReq')
data.setCell(3, 3, 113);
data.setCell(4, 0, 4)
data.setCell(4, 1, 'testErrorCode')
data.setCell(4, 2, 'cool.fountain.online.web.test.errors.TestErrorsForPostReq')
data.setCell(4, 3, 72);
data.setCell(5, 0, 5)
data.setCell(5, 1, 'testServiceAuthKey')
data.setCell(5, 2, 'cool.fountain.online.web.test.errors.TestErrorsForPostReq')
data.setCell(5, 3, 68);
data.setCell(6, 0, 6)
data.setCell(6, 1, 'testErrorCode')
data.setCell(6, 2, 'cool.fountain.online.web.test.errors.TestErrorsForPostReq')
data.setCell(6, 3, 66);
window.suiteTableData['catalogue-master-getProductCatalogue']= { tableData: data, tableDiv: 'times-div-catalogue-master-getProductCatalogue'}
return data;
}
              </script>
              <span class="suite-total-time">Total running time: 7 seconds</span>
              <div id="times-div-catalogue-master-getProductCatalogue">
              </div> <!-- times-div-catalogue-master-getProductCatalogue -->
            </div> <!-- times-div -->
          </div> <!-- main-panel-content rounded-window-bottom -->
        </div> <!-- panel -->
        <div panel-name="reporter-catalogue-master-getProductCatalogue" class="panel">
          <div class="main-panel-header rounded-window-top">
            <span class="header-content">Reporter output for catalogue-master-getProductCatalogue</span>
          </div> <!-- main-panel-header rounded-window-top -->
          <div class="main-panel-content rounded-window-bottom">
          </div> <!-- main-panel-content rounded-window-bottom -->
        </div> <!-- panel -->
        <div panel-name="ignored-methods-catalogue-master-getProductCatalogue" class="panel">
          <div class="main-panel-header rounded-window-top">
            <span class="header-content">14 ignored methods</span>
          </div> <!-- main-panel-header rounded-window-top -->
          <div class="main-panel-content rounded-window-bottom">
            <div class="ignored-class-div">
              <span class="ignored-class-name">cool.fountain.online.web.test.errors.TestErrorsForPostReq</span>
              <div class="ignored-methods-div">
                <span class="ignored-method-name">testServiceAuthKey</span>
                <br/>
                <span class="ignored-method-name">testServiceAuthKey</span>
                <br/>
                <span class="ignored-method-name">testServiceAuthKey</span>
                <br/>
                <span class="ignored-method-name">testServiceAuthKey</span>
                <br/>
                <span class="ignored-method-name">testBadRequest</span>
                <br/>
                <span class="ignored-method-name">testBadRequest</span>
                <br/>
                <span class="ignored-method-name">testBadRequest</span>
                <br/>
                <span class="ignored-method-name">testBadRequest</span>
                <br/>
                <span class="ignored-method-name">testBadRequest</span>
                <br/>
                <span class="ignored-method-name">testBadRequest</span>
                <br/>
                <span class="ignored-method-name">testErrorCode</span>
                <br/>
                <span class="ignored-method-name">testErrorCode</span>
                <br/>
              </div> <!-- ignored-methods-div -->
            </div> <!-- ignored-class-div -->
            <div class="ignored-class-div">
              <span class="ignored-class-name">cool.fountain.online.web.test.catalogue.master.TestGetProductCatalogueApiTestNg</span>
              <div class="ignored-methods-div">
                <span class="ignored-method-name">getProductCatalogue</span>
                <br/>
                <span class="ignored-method-name">testGetProductCatalogueLoad</span>
                <br/>
              </div> <!-- ignored-methods-div -->
            </div> <!-- ignored-class-div -->
          </div> <!-- main-panel-content rounded-window-bottom -->
        </div> <!-- panel -->
        <div panel-name="chronological-catalogue-master-getProductCatalogue" class="panel">
          <div class="main-panel-header rounded-window-top">
            <span class="header-content">Methods in chronological order</span>
          </div> <!-- main-panel-header rounded-window-top -->
          <div class="main-panel-content rounded-window-bottom">
            <div class="chronological-class">
              <div class="chronological-class-name">cool.fountain.online.web.test.catalogue.master.TestGetProductCatalogueApiTestNg</div> <!-- chronological-class-name -->
              <div class="configuration-class before">
                <span class="method-name">springTestContextBeforeTestClass</span>
                <span class="method-start">0 ms</span>
              </div> <!-- configuration-class before -->
              <div class="configuration-class before">
                <span class="method-name">springTestContextPrepareTestInstance</span>
                <span class="method-start">35 ms</span>
              </div> <!-- configuration-class before -->
              <div class="configuration-method before">
                <span class="method-name">springTestContextBeforeTestMethod(public void cool.fountain.online.web.test.catalogue.master.TestGetProductCatalogueApiTestNg.testGetP...)</span>
                <span class="method-start">24362 ms</span>
              </div> <!-- configuration-method before -->
              <div class="test-method">
                <img src="failed.png">
                </img>
                <span class="method-name">testGetProductCatalogue(1234567, /api/catalogue-master/getProductCatalogue, test-files/json-data/catalogue-master/getProduct...)</span>
                <span class="method-start">24364 ms</span>
              </div> <!-- test-method -->
              <div class="configuration-method after">
                <span class="method-name">springTestContextAfterTestMethod(public void cool.fountain.online.web.test.catalogue.master.TestGetProductCatalogueApiTestNg.testGetP...)</span>
                <span class="method-start">30751 ms</span>
              </div> <!-- configuration-method after -->
              <div class="configuration-class after">
                <span class="method-name">springTestContextAfterTestClass</span>
                <span class="method-start">30752 ms</span>
              </div> <!-- configuration-class after -->
            </div> <!-- chronological-class -->
            <div class="chronological-class">
              <div class="chronological-class-name">cool.fountain.online.web.test.errors.TestErrorsForPostReq</div> <!-- chronological-class-name -->
              <div class="configuration-class before">
                <span class="method-name">springTestContextBeforeTestClass</span>
                <span class="method-start">35779 ms</span>
              </div> <!-- configuration-class before -->
              <div class="configuration-class before">
                <span class="method-name">springTestContextPrepareTestInstance</span>
                <span class="method-start">35779 ms</span>
              </div> <!-- configuration-class before -->
              <div class="configuration-method before">
                <span class="method-name">springTestContextBeforeTestMethod(public void cool.fountain.online.web.test.errors.TestErrorsForPostReq.testErrorCode(java.lang.String...)</span>
                <span class="method-start">35788 ms</span>
              </div> <!-- configuration-method before -->
              <div class="test-method">
                <img src="failed.png">
                </img>
                <span class="method-name">testErrorCode(1234567, /api/catalogue-master/getProductCatalogue, test-files/json-data/catalogue-master/getProduct...)</span>
                <span class="method-start">35788 ms</span>
              </div> <!-- test-method -->
              <div class="configuration-class after">
                <span class="method-name">springTestContextAfterTestClass</span>
                <span class="method-start">35991 ms</span>
              </div> <!-- configuration-class after -->
              <div class="configuration-method after">
                <span class="method-name">springTestContextAfterTestMethod(public void cool.fountain.online.web.test.errors.TestErrorsForPostReq.testErrorCode(java.lang.String...)</span>
                <span class="method-start">35991 ms</span>
              </div> <!-- configuration-method after -->
              <div class="configuration-class before">
                <span class="method-name">springTestContextBeforeTestClass</span>
                <span class="method-start">41004 ms</span>
              </div> <!-- configuration-class before -->
              <div class="configuration-class before">
                <span class="method-name">springTestContextPrepareTestInstance</span>
                <span class="method-start">41005 ms</span>
              </div> <!-- configuration-class before -->
              <div class="configuration-method before">
                <span class="method-name">springTestContextBeforeTestMethod(public void cool.fountain.online.web.test.errors.TestErrorsForPostReq.testErrorCode(java.lang.String...)</span>
                <span class="method-start">41007 ms</span>
              </div> <!-- configuration-method before -->
              <div class="test-method">
                <img src="failed.png">
                </img>
                <span class="method-name">testErrorCode(1234567, /api/catalogue-master/getProductCatalogue, test-files/json-data/catalogue-master/getProduct...)</span>
                <span class="method-start">41007 ms</span>
              </div> <!-- test-method -->
              <div class="configuration-method after">
                <span class="method-name">springTestContextAfterTestMethod(public void cool.fountain.online.web.test.errors.TestErrorsForPostReq.testErrorCode(java.lang.String...)</span>
                <span class="method-start">41082 ms</span>
              </div> <!-- configuration-method after -->
              <div class="configuration-class after">
                <span class="method-name">springTestContextAfterTestClass</span>
                <span class="method-start">41083 ms</span>
              </div> <!-- configuration-class after -->
              <div class="configuration-class before">
                <span class="method-name">springTestContextBeforeTestClass</span>
                <span class="method-start">46094 ms</span>
              </div> <!-- configuration-class before -->
              <div class="configuration-class before">
                <span class="method-name">springTestContextPrepareTestInstance</span>
                <span class="method-start">46094 ms</span>
              </div> <!-- configuration-class before -->
              <div class="configuration-method before">
                <span class="method-name">springTestContextBeforeTestMethod(public void cool.fountain.online.web.test.errors.TestErrorsForPostReq.testErrorCode(java.lang.String...)</span>
                <span class="method-start">46095 ms</span>
              </div> <!-- configuration-method before -->
              <div class="test-method">
                <img src="failed.png">
                </img>
                <span class="method-name">testErrorCode(1234567, /api/catalogue-master/getProductCatalogue, test-files/json-data/catalogue-master/getProduct...)</span>
                <span class="method-start">46096 ms</span>
              </div> <!-- test-method -->
              <div class="configuration-class after">
                <span class="method-name">springTestContextAfterTestClass</span>
                <span class="method-start">46282 ms</span>
              </div> <!-- configuration-class after -->
              <div class="configuration-method after">
                <span class="method-name">springTestContextAfterTestMethod(public void cool.fountain.online.web.test.errors.TestErrorsForPostReq.testErrorCode(java.lang.String...)</span>
                <span class="method-start">46282 ms</span>
              </div> <!-- configuration-method after -->
              <div class="configuration-class before">
                <span class="method-name">springTestContextBeforeTestClass</span>
                <span class="method-start">51297 ms</span>
              </div> <!-- configuration-class before -->
              <div class="configuration-class before">
                <span class="method-name">springTestContextPrepareTestInstance</span>
                <span class="method-start">51298 ms</span>
              </div> <!-- configuration-class before -->
              <div class="configuration-method before">
                <span class="method-name">springTestContextBeforeTestMethod(public void cool.fountain.online.web.test.errors.TestErrorsForPostReq.testErrorCode(java.lang.String...)</span>
                <span class="method-start">51300 ms</span>
              </div> <!-- configuration-method before -->
              <div class="test-method">
                <img src="failed.png">
                </img>
                <span class="method-name">testErrorCode(1234567, /api/catalogue-master/getProductCatalogue, test-files/json-data/catalogue-master/getProduct...)</span>
                <span class="method-start">51300 ms</span>
              </div> <!-- test-method -->
              <div class="configuration-class after">
                <span class="method-name">springTestContextAfterTestClass</span>
                <span class="method-start">51369 ms</span>
              </div> <!-- configuration-class after -->
              <div class="configuration-method after">
                <span class="method-name">springTestContextAfterTestMethod(public void cool.fountain.online.web.test.errors.TestErrorsForPostReq.testErrorCode(java.lang.String...)</span>
                <span class="method-start">51369 ms</span>
              </div> <!-- configuration-method after -->
              <div class="configuration-class before">
                <span class="method-name">springTestContextBeforeTestClass</span>
                <span class="method-start">56382 ms</span>
              </div> <!-- configuration-class before -->
              <div class="configuration-class before">
                <span class="method-name">springTestContextPrepareTestInstance</span>
                <span class="method-start">56383 ms</span>
              </div> <!-- configuration-class before -->
              <div class="configuration-method before">
                <span class="method-name">springTestContextBeforeTestMethod(public void cool.fountain.online.web.test.errors.TestErrorsForPostReq.testServiceAuthKey(java.lang.S...)</span>
                <span class="method-start">56384 ms</span>
              </div> <!-- configuration-method before -->
              <div class="test-method">
                <img src="failed.png">
                </img>
                <span class="method-name">testServiceAuthKey(, /api/catalogue-master/getProductCatalogue, test-files/json-data/catalogue-master/getProductCatalog...)</span>
                <span class="method-start">56384 ms</span>
              </div> <!-- test-method -->
              <div class="configuration-method after">
                <span class="method-name">springTestContextAfterTestMethod(public void cool.fountain.online.web.test.errors.TestErrorsForPostReq.testServiceAuthKey(java.lang.S...)</span>
                <span class="method-start">56456 ms</span>
              </div> <!-- configuration-method after -->
              <div class="configuration-class after">
                <span class="method-name">springTestContextAfterTestClass</span>
                <span class="method-start">56457 ms</span>
              </div> <!-- configuration-class after -->
              <div class="configuration-class before">
                <span class="method-name">springTestContextBeforeTestClass</span>
                <span class="method-start">61477 ms</span>
              </div> <!-- configuration-class before -->
              <div class="configuration-class before">
                <span class="method-name">springTestContextPrepareTestInstance</span>
                <span class="method-start">61477 ms</span>
              </div> <!-- configuration-class before -->
              <div class="configuration-method before">
                <span class="method-name">springTestContextBeforeTestMethod(public void cool.fountain.online.web.test.errors.TestErrorsForPostReq.testServiceAuthKey(java.lang.S...)</span>
                <span class="method-start">61479 ms</span>
              </div> <!-- configuration-method before -->
              <div class="test-method">
                <img src="failed.png">
                </img>
                <span class="method-name">testServiceAuthKey(123, /api/catalogue-master/getProductCatalogue, test-files/json-data/catalogue-master/getProductCata...)</span>
                <span class="method-start">61479 ms</span>
              </div> <!-- test-method -->
              <div class="configuration-class after">
                <span class="method-name">springTestContextAfterTestClass</span>
                <span class="method-start">61594 ms</span>
              </div> <!-- configuration-class after -->
              <div class="configuration-method after">
                <span class="method-name">springTestContextAfterTestMethod(public void cool.fountain.online.web.test.errors.TestErrorsForPostReq.testServiceAuthKey(java.lang.S...)</span>
                <span class="method-start">61594 ms</span>
              </div> <!-- configuration-method after -->
          </div> <!-- main-panel-content rounded-window-bottom -->
        </div> <!-- panel -->
      </div> <!-- main-panel-root -->
    </div> <!-- wrapper -->
  </body>
</html>
