<?xml version="1.0" encoding="UTF-8"?>
<!-- Generated by org.testng.reporters.JUnitXMLReporter -->
<testsuite hostname="Chaipoints-MacBook-Air.local" name="emptyPayload" tests="1" failures="1" timestamp="8 Jan 2020 10:36:34 GMT" time="0.065" errors="0">
  <testcase name="testErrorCode" time="0.061" classname="cool.fountain.online.web.test.errors.TestErrorsForPostReq">
    <failure type="java.lang.AssertionError" message="JSON path &amp;quot;$.errorCode&amp;quot; expected:&amp;lt;INVALID_REQUEST&amp;gt; but was:&amp;lt;INVALID_TERMINAL_MODULE_ID&amp;gt;">
      <![CDATA[java.lang.AssertionError: JSON path "$.errorCode" expected:<INVALID_REQUEST> but was:<INVALID_TERMINAL_MODULE_ID>
	at org.springframework.test.util.AssertionErrors.fail(AssertionErrors.java:55)
	at org.springframework.test.util.AssertionErrors.assertEquals(AssertionErrors.java:82)
	at org.springframework.test.util.JsonPathExpectationsHelper.assertValue(JsonPathExpectationsHelper.java:116)
	at org.springframework.test.web.reactive.server.JsonPathAssertions.isEqualTo(JsonPathAssertions.java:53)
	at cool.fountain.online.web.test.errors.TestErrorsForPostReq.testErrorCode(TestErrorsForPostReq.java:62)
	at org.springframework.test.context.testng.AbstractTestNGSpringContextTests.run(AbstractTestNGSpringContextTests.java:180)
	at org.apache.maven.surefire.testng.TestNGExecutor.run(TestNGExecutor.java:283)
	at org.apache.maven.surefire.testng.TestNGXmlTestSuite.execute(TestNGXmlTestSuite.java:75)
	at org.apache.maven.surefire.testng.TestNGProvider.invoke(TestNGProvider.java:120)
	at org.apache.maven.surefire.booter.ForkedBooter.invokeProviderInSameClassLoader(ForkedBooter.java:384)
	at org.apache.maven.surefire.booter.ForkedBooter.runSuitesInProcess(ForkedBooter.java:345)
	at org.apache.maven.surefire.booter.ForkedBooter.execute(ForkedBooter.java:126)
	at org.apache.maven.surefire.booter.ForkedBooter.main(ForkedBooter.java:418)
... Removed 26 stack frames]]>
    </failure>
  </testcase> <!-- testErrorCode -->
</testsuite> <!-- emptyPayload -->
