<?xml version="1.0" encoding="UTF-8"?>
<!-- Generated by org.testng.reporters.JUnitReportReporter -->
<testsuite hostname="Chaipoints-MacBook-Air.local" name="in.shark.online.web.test.catalogue.master.TestGetAllProductsApiTestNg" tests="101" failures="0" timestamp="25 Nov 2019 12:37:33 GMT" time="49.587" errors="18">
  <testcase name="testGetAllProductstLoad" time="0.275" classname="in.shark.online.web.test.catalogue.master.TestGetAllProductsApiTestNg"/>
  <testcase name="testGetAllProductstLoad" time="0.742" classname="in.shark.online.web.test.catalogue.master.TestGetAllProductsApiTestNg">
    <error type="java.lang.AssertionError" message="Response time of GetAllProducts call more than: 500 expected [true] but found [false]">
      <![CDATA[java.lang.AssertionError: Response time of GetAllProducts call more than: 500 expected [true] but found [false]
	at org.testng.Assert.fail(Assert.java:94)
	at org.testng.Assert.failNotEquals(Assert.java:494)
	at org.testng.Assert.assertTrue(Assert.java:42)
	at in.shark.online.web.test.catalogue.master.TestGetAllProductsApiTestNg.testGetAllProductstLoad(TestGetAllProductsApiTestNg.java:71)
	at sun.reflect.NativeMethodAccessorImpl.invoke0(Native Method)
	at sun.reflect.NativeMethodAccessorImpl.invoke(NativeMethodAccessorImpl.java:62)
	at sun.reflect.DelegatingMethodAccessorImpl.invoke(DelegatingMethodAccessorImpl.java:43)
	at java.lang.reflect.Method.invoke(Method.java:498)
	at org.testng.internal.MethodInvocationHelper.invokeMethod(MethodInvocationHelper.java:80)
	at org.testng.internal.MethodInvocationHelper$1.runTestMethod(MethodInvocationHelper.java:182)
	at org.springframework.test.context.testng.AbstractTestNGSpringContextTests.run(AbstractTestNGSpringContextTests.java:180)
	at sun.reflect.NativeMethodAccessorImpl.invoke0(Native Method)
	at sun.reflect.NativeMethodAccessorImpl.invoke(NativeMethodAccessorImpl.java:62)
	at sun.reflect.DelegatingMethodAccessorImpl.invoke(DelegatingMethodAccessorImpl.java:43)
	at java.lang.reflect.Method.invoke(Method.java:498)
	at org.testng.internal.MethodInvocationHelper.invokeHookable(MethodInvocationHelper.java:194)
	at org.testng.internal.Invoker.invokeMethod(Invoker.java:707)
	at org.testng.internal.Invoker.invokeTestMethod(Invoker.java:901)
	at org.testng.internal.Invoker.invokeTestMethods(Invoker.java:1231)
	at org.testng.internal.TestMethodWorker.invokeTestMethods(TestMethodWorker.java:127)
	at org.testng.internal.TestMethodWorker.run(TestMethodWorker.java:111)
	at org.testng.internal.thread.ThreadUtil$2.call(ThreadUtil.java:64)
	at java.util.concurrent.FutureTask.run(FutureTask.java:266)
	at java.util.concurrent.ThreadPoolExecutor.runWorker(ThreadPoolExecutor.java:1149)
	at java.util.concurrent.ThreadPoolExecutor$Worker.run(ThreadPoolExecutor.java:624)
	at java.lang.Thread.run(Thread.java:748)
]]>
    </error>
  </testcase> <!-- testGetAllProductstLoad -->
  <testcase name="testGetAllProductstLoad" time="0.341" classname="in.shark.online.web.test.catalogue.master.TestGetAllProductsApiTestNg"/>
  <testcase name="testGetAllProductstLoad" time="0.453" classname="in.shark.online.web.test.catalogue.master.TestGetAllProductsApiTestNg"/>
  <testcase name="testGetAllProductstLoad" time="0.443" classname="in.shark.online.web.test.catalogue.master.TestGetAllProductsApiTestNg"/>
  <testcase name="testGetAllProductstLoad" time="0.362" classname="in.shark.online.web.test.catalogue.master.TestGetAllProductsApiTestNg"/>
  <testcase name="testGetAllProductstLoad" time="0.313" classname="in.shark.online.web.test.catalogue.master.TestGetAllProductsApiTestNg"/>
  <testcase name="testGetAllProductstLoad" time="0.492" classname="in.shark.online.web.test.catalogue.master.TestGetAllProductsApiTestNg"/>
  <testcase name="testGetAllProductstLoad" time="0.487" classname="in.shark.online.web.test.catalogue.master.TestGetAllProductsApiTestNg"/>
  <testcase name="testGetAllProductstLoad" time="0.351" classname="in.shark.online.web.test.catalogue.master.TestGetAllProductsApiTestNg"/>
  <testcase name="testGetAllProductstLoad" time="0.358" classname="in.shark.online.web.test.catalogue.master.TestGetAllProductsApiTestNg"/>
  <testcase name="testGetAllProductstLoad" time="0.389" classname="in.shark.online.web.test.catalogue.master.TestGetAllProductsApiTestNg"/>
  <testcase name="testGetAllProductstLoad" time="0.478" classname="in.shark.online.web.test.catalogue.master.TestGetAllProductsApiTestNg"/>
  <testcase name="testGetAllProductstLoad" time="0.376" classname="in.shark.online.web.test.catalogue.master.TestGetAllProductsApiTestNg"/>
  <testcase name="testGetAllProductstLoad" time="0.370" classname="in.shark.online.web.test.catalogue.master.TestGetAllProductsApiTestNg"/>
  <testcase name="testGetAllProductstLoad" time="0.476" classname="in.shark.online.web.test.catalogue.master.TestGetAllProductsApiTestNg"/>
  <testcase name="testGetAllProductstLoad" time="0.513" classname="in.shark.online.web.test.catalogue.master.TestGetAllProductsApiTestNg">
    <error type="java.lang.AssertionError" message="Response time of GetAllProducts call more than: 500 expected [true] but found [false]">
      <![CDATA[java.lang.AssertionError: Response time of GetAllProducts call more than: 500 expected [true] but found [false]
	at org.testng.Assert.fail(Assert.java:94)
	at org.testng.Assert.failNotEquals(Assert.java:494)
	at org.testng.Assert.assertTrue(Assert.java:42)
	at in.shark.online.web.test.catalogue.master.TestGetAllProductsApiTestNg.testGetAllProductstLoad(TestGetAllProductsApiTestNg.java:71)
	at sun.reflect.GeneratedMethodAccessor21.invoke(Unknown Source)
	at sun.reflect.DelegatingMethodAccessorImpl.invoke(DelegatingMethodAccessorImpl.java:43)
	at java.lang.reflect.Method.invoke(Method.java:498)
	at org.testng.internal.MethodInvocationHelper.invokeMethod(MethodInvocationHelper.java:80)
	at org.testng.internal.MethodInvocationHelper$1.runTestMethod(MethodInvocationHelper.java:182)
	at org.springframework.test.context.testng.AbstractTestNGSpringContextTests.run(AbstractTestNGSpringContextTests.java:180)
	at sun.reflect.GeneratedMethodAccessor20.invoke(Unknown Source)
	at sun.reflect.DelegatingMethodAccessorImpl.invoke(DelegatingMethodAccessorImpl.java:43)
	at java.lang.reflect.Method.invoke(Method.java:498)
	at org.testng.internal.MethodInvocationHelper.invokeHookable(MethodInvocationHelper.java:194)
	at org.testng.internal.Invoker.invokeMethod(Invoker.java:707)
	at org.testng.internal.Invoker.invokeTestMethod(Invoker.java:901)
	at org.testng.internal.Invoker.invokeTestMethods(Invoker.java:1231)
	at org.testng.internal.TestMethodWorker.invokeTestMethods(TestMethodWorker.java:127)
	at org.testng.internal.TestMethodWorker.run(TestMethodWorker.java:111)
	at org.testng.internal.thread.ThreadUtil$2.call(ThreadUtil.java:64)
	at java.util.concurrent.FutureTask.run(FutureTask.java:266)
	at java.util.concurrent.ThreadPoolExecutor.runWorker(ThreadPoolExecutor.java:1149)
	at java.util.concurrent.ThreadPoolExecutor$Worker.run(ThreadPoolExecutor.java:624)
	at java.lang.Thread.run(Thread.java:748)
]]>
    </error>
  </testcase> <!-- testGetAllProductstLoad -->
  <testcase name="testGetAllProductstLoad" time="0.477" classname="in.shark.online.web.test.catalogue.master.TestGetAllProductsApiTestNg"/>
  <testcase name="testGetAllProductstLoad" time="0.399" classname="in.shark.online.web.test.catalogue.master.TestGetAllProductsApiTestNg"/>
  <testcase name="testGetAllProductstLoad" time="0.484" classname="in.shark.online.web.test.catalogue.master.TestGetAllProductsApiTestNg"/>
  <testcase name="testGetAllProductstLoad" time="0.354" classname="in.shark.online.web.test.catalogue.master.TestGetAllProductsApiTestNg"/>
  <testcase name="testGetAllProductstLoad" time="0.627" classname="in.shark.online.web.test.catalogue.master.TestGetAllProductsApiTestNg">
    <error type="java.lang.AssertionError" message="Response time of GetAllProducts call more than: 500 expected [true] but found [false]">
      <![CDATA[java.lang.AssertionError: Response time of GetAllProducts call more than: 500 expected [true] but found [false]
	at org.testng.Assert.fail(Assert.java:94)
	at org.testng.Assert.failNotEquals(Assert.java:494)
	at org.testng.Assert.assertTrue(Assert.java:42)
	at in.shark.online.web.test.catalogue.master.TestGetAllProductsApiTestNg.testGetAllProductstLoad(TestGetAllProductsApiTestNg.java:71)
	at sun.reflect.GeneratedMethodAccessor21.invoke(Unknown Source)
	at sun.reflect.DelegatingMethodAccessorImpl.invoke(DelegatingMethodAccessorImpl.java:43)
	at java.lang.reflect.Method.invoke(Method.java:498)
	at org.testng.internal.MethodInvocationHelper.invokeMethod(MethodInvocationHelper.java:80)
	at org.testng.internal.MethodInvocationHelper$1.runTestMethod(MethodInvocationHelper.java:182)
	at org.springframework.test.context.testng.AbstractTestNGSpringContextTests.run(AbstractTestNGSpringContextTests.java:180)
	at sun.reflect.GeneratedMethodAccessor20.invoke(Unknown Source)
	at sun.reflect.DelegatingMethodAccessorImpl.invoke(DelegatingMethodAccessorImpl.java:43)
	at java.lang.reflect.Method.invoke(Method.java:498)
	at org.testng.internal.MethodInvocationHelper.invokeHookable(MethodInvocationHelper.java:194)
	at org.testng.internal.Invoker.invokeMethod(Invoker.java:707)
	at org.testng.internal.Invoker.invokeTestMethod(Invoker.java:901)
	at org.testng.internal.Invoker.invokeTestMethods(Invoker.java:1231)
	at org.testng.internal.TestMethodWorker.invokeTestMethods(TestMethodWorker.java:127)
	at org.testng.internal.TestMethodWorker.run(TestMethodWorker.java:111)
	at org.testng.internal.thread.ThreadUtil$2.call(ThreadUtil.java:64)
	at java.util.concurrent.FutureTask.run(FutureTask.java:266)
	at java.util.concurrent.ThreadPoolExecutor.runWorker(ThreadPoolExecutor.java:1149)
	at java.util.concurrent.ThreadPoolExecutor$Worker.run(ThreadPoolExecutor.java:624)
	at java.lang.Thread.run(Thread.java:748)
]]>
    </error>
  </testcase> <!-- testGetAllProductstLoad -->
  <testcase name="testGetAllProductstLoad" time="0.527" classname="in.shark.online.web.test.catalogue.master.TestGetAllProductsApiTestNg">
    <error type="java.lang.AssertionError" message="Response time of GetAllProducts call more than: 500 expected [true] but found [false]">
      <![CDATA[java.lang.AssertionError: Response time of GetAllProducts call more than: 500 expected [true] but found [false]
	at org.testng.Assert.fail(Assert.java:94)
	at org.testng.Assert.failNotEquals(Assert.java:494)
	at org.testng.Assert.assertTrue(Assert.java:42)
	at in.shark.online.web.test.catalogue.master.TestGetAllProductsApiTestNg.testGetAllProductstLoad(TestGetAllProductsApiTestNg.java:71)
	at sun.reflect.NativeMethodAccessorImpl.invoke0(Native Method)
	at sun.reflect.NativeMethodAccessorImpl.invoke(NativeMethodAccessorImpl.java:62)
	at sun.reflect.DelegatingMethodAccessorImpl.invoke(DelegatingMethodAccessorImpl.java:43)
	at java.lang.reflect.Method.invoke(Method.java:498)
	at org.testng.internal.MethodInvocationHelper.invokeMethod(MethodInvocationHelper.java:80)
	at org.testng.internal.MethodInvocationHelper$1.runTestMethod(MethodInvocationHelper.java:182)
	at org.springframework.test.context.testng.AbstractTestNGSpringContextTests.run(AbstractTestNGSpringContextTests.java:180)
	at sun.reflect.NativeMethodAccessorImpl.invoke0(Native Method)
	at sun.reflect.NativeMethodAccessorImpl.invoke(NativeMethodAccessorImpl.java:62)
	at sun.reflect.DelegatingMethodAccessorImpl.invoke(DelegatingMethodAccessorImpl.java:43)
	at java.lang.reflect.Method.invoke(Method.java:498)
	at org.testng.internal.MethodInvocationHelper.invokeHookable(MethodInvocationHelper.java:194)
	at org.testng.internal.Invoker.invokeMethod(Invoker.java:707)
	at org.testng.internal.Invoker.invokeTestMethod(Invoker.java:901)
	at org.testng.internal.Invoker.invokeTestMethods(Invoker.java:1231)
	at org.testng.internal.TestMethodWorker.invokeTestMethods(TestMethodWorker.java:127)
	at org.testng.internal.TestMethodWorker.run(TestMethodWorker.java:111)
	at org.testng.internal.thread.ThreadUtil$2.call(ThreadUtil.java:64)
	at java.util.concurrent.FutureTask.run(FutureTask.java:266)
	at java.util.concurrent.ThreadPoolExecutor.runWorker(ThreadPoolExecutor.java:1149)
	at java.util.concurrent.ThreadPoolExecutor$Worker.run(ThreadPoolExecutor.java:624)
	at java.lang.Thread.run(Thread.java:748)
]]>
    </error>
  </testcase> <!-- testGetAllProductstLoad -->
  <testcase name="testGetAllProductstLoad" time="0.619" classname="in.shark.online.web.test.catalogue.master.TestGetAllProductsApiTestNg">
    <error type="java.lang.AssertionError" message="Response time of GetAllProducts call more than: 500 expected [true] but found [false]">
      <![CDATA[java.lang.AssertionError: Response time of GetAllProducts call more than: 500 expected [true] but found [false]
	at org.testng.Assert.fail(Assert.java:94)
	at org.testng.Assert.failNotEquals(Assert.java:494)
	at org.testng.Assert.assertTrue(Assert.java:42)
	at in.shark.online.web.test.catalogue.master.TestGetAllProductsApiTestNg.testGetAllProductstLoad(TestGetAllProductsApiTestNg.java:71)
	at sun.reflect.GeneratedMethodAccessor21.invoke(Unknown Source)
	at sun.reflect.DelegatingMethodAccessorImpl.invoke(DelegatingMethodAccessorImpl.java:43)
	at java.lang.reflect.Method.invoke(Method.java:498)
	at org.testng.internal.MethodInvocationHelper.invokeMethod(MethodInvocationHelper.java:80)
	at org.testng.internal.MethodInvocationHelper$1.runTestMethod(MethodInvocationHelper.java:182)
	at org.springframework.test.context.testng.AbstractTestNGSpringContextTests.run(AbstractTestNGSpringContextTests.java:180)
	at sun.reflect.GeneratedMethodAccessor20.invoke(Unknown Source)
	at sun.reflect.DelegatingMethodAccessorImpl.invoke(DelegatingMethodAccessorImpl.java:43)
	at java.lang.reflect.Method.invoke(Method.java:498)
	at org.testng.internal.MethodInvocationHelper.invokeHookable(MethodInvocationHelper.java:194)
	at org.testng.internal.Invoker.invokeMethod(Invoker.java:707)
	at org.testng.internal.Invoker.invokeTestMethod(Invoker.java:901)
	at org.testng.internal.Invoker.invokeTestMethods(Invoker.java:1231)
	at org.testng.internal.TestMethodWorker.invokeTestMethods(TestMethodWorker.java:127)
	at org.testng.internal.TestMethodWorker.run(TestMethodWorker.java:111)
	at org.testng.internal.thread.ThreadUtil$2.call(ThreadUtil.java:64)
	at java.util.concurrent.FutureTask.run(FutureTask.java:266)
	at java.util.concurrent.ThreadPoolExecutor.runWorker(ThreadPoolExecutor.java:1149)
	at java.util.concurrent.ThreadPoolExecutor$Worker.run(ThreadPoolExecutor.java:624)
	at java.lang.Thread.run(Thread.java:748)
]]>
    </error>
  </testcase> <!-- testGetAllProductstLoad -->
  <testcase name="testGetAllProductstLoad" time="0.674" classname="in.shark.online.web.test.catalogue.master.TestGetAllProductsApiTestNg">
    <error type="java.lang.AssertionError" message="Response time of GetAllProducts call more than: 500 expected [true] but found [false]">
      <![CDATA[java.lang.AssertionError: Response time of GetAllProducts call more than: 500 expected [true] but found [false]
	at org.testng.Assert.fail(Assert.java:94)
	at org.testng.Assert.failNotEquals(Assert.java:494)
	at org.testng.Assert.assertTrue(Assert.java:42)
	at in.shark.online.web.test.catalogue.master.TestGetAllProductsApiTestNg.testGetAllProductstLoad(TestGetAllProductsApiTestNg.java:71)
	at sun.reflect.GeneratedMethodAccessor21.invoke(Unknown Source)
	at sun.reflect.DelegatingMethodAccessorImpl.invoke(DelegatingMethodAccessorImpl.java:43)
	at java.lang.reflect.Method.invoke(Method.java:498)
	at org.testng.internal.MethodInvocationHelper.invokeMethod(MethodInvocationHelper.java:80)
	at org.testng.internal.MethodInvocationHelper$1.runTestMethod(MethodInvocationHelper.java:182)
	at org.springframework.test.context.testng.AbstractTestNGSpringContextTests.run(AbstractTestNGSpringContextTests.java:180)
	at sun.reflect.GeneratedMethodAccessor20.invoke(Unknown Source)
	at sun.reflect.DelegatingMethodAccessorImpl.invoke(DelegatingMethodAccessorImpl.java:43)
	at java.lang.reflect.Method.invoke(Method.java:498)
	at org.testng.internal.MethodInvocationHelper.invokeHookable(MethodInvocationHelper.java:194)
	at org.testng.internal.Invoker.invokeMethod(Invoker.java:707)
	at org.testng.internal.Invoker.invokeTestMethod(Invoker.java:901)
	at org.testng.internal.Invoker.invokeTestMethods(Invoker.java:1231)
	at org.testng.internal.TestMethodWorker.invokeTestMethods(TestMethodWorker.java:127)
	at org.testng.internal.TestMethodWorker.run(TestMethodWorker.java:111)
	at org.testng.internal.thread.ThreadUtil$2.call(ThreadUtil.java:64)
	at java.util.concurrent.FutureTask.run(FutureTask.java:266)
	at java.util.concurrent.ThreadPoolExecutor.runWorker(ThreadPoolExecutor.java:1149)
	at java.util.concurrent.ThreadPoolExecutor$Worker.run(ThreadPoolExecutor.java:624)
	at java.lang.Thread.run(Thread.java:748)
]]>
    </error>
  </testcase> <!-- testGetAllProductstLoad -->
  <testcase name="testGetAllProductstLoad" time="0.467" classname="in.shark.online.web.test.catalogue.master.TestGetAllProductsApiTestNg"/>
  <testcase name="testGetAllProductstLoad" time="0.361" classname="in.shark.online.web.test.catalogue.master.TestGetAllProductsApiTestNg"/>
  <testcase name="testGetAllProductstLoad" time="0.247" classname="in.shark.online.web.test.catalogue.master.TestGetAllProductsApiTestNg"/>
  <testcase name="testGetAllProductstLoad" time="0.717" classname="in.shark.online.web.test.catalogue.master.TestGetAllProductsApiTestNg">
    <error type="java.lang.AssertionError" message="Response time of GetAllProducts call more than: 500 expected [true] but found [false]">
      <![CDATA[java.lang.AssertionError: Response time of GetAllProducts call more than: 500 expected [true] but found [false]
	at org.testng.Assert.fail(Assert.java:94)
	at org.testng.Assert.failNotEquals(Assert.java:494)
	at org.testng.Assert.assertTrue(Assert.java:42)
	at in.shark.online.web.test.catalogue.master.TestGetAllProductsApiTestNg.testGetAllProductstLoad(TestGetAllProductsApiTestNg.java:71)
	at sun.reflect.NativeMethodAccessorImpl.invoke0(Native Method)
	at sun.reflect.NativeMethodAccessorImpl.invoke(NativeMethodAccessorImpl.java:62)
	at sun.reflect.DelegatingMethodAccessorImpl.invoke(DelegatingMethodAccessorImpl.java:43)
	at java.lang.reflect.Method.invoke(Method.java:498)
	at org.testng.internal.MethodInvocationHelper.invokeMethod(MethodInvocationHelper.java:80)
	at org.testng.internal.MethodInvocationHelper$1.runTestMethod(MethodInvocationHelper.java:182)
	at org.springframework.test.context.testng.AbstractTestNGSpringContextTests.run(AbstractTestNGSpringContextTests.java:180)
	at sun.reflect.NativeMethodAccessorImpl.invoke0(Native Method)
	at sun.reflect.NativeMethodAccessorImpl.invoke(NativeMethodAccessorImpl.java:62)
	at sun.reflect.DelegatingMethodAccessorImpl.invoke(DelegatingMethodAccessorImpl.java:43)
	at java.lang.reflect.Method.invoke(Method.java:498)
	at org.testng.internal.MethodInvocationHelper.invokeHookable(MethodInvocationHelper.java:194)
	at org.testng.internal.Invoker.invokeMethod(Invoker.java:707)
	at org.testng.internal.Invoker.invokeTestMethod(Invoker.java:901)
	at org.testng.internal.Invoker.invokeTestMethods(Invoker.java:1231)
	at org.testng.internal.TestMethodWorker.invokeTestMethods(TestMethodWorker.java:127)
	at org.testng.internal.TestMethodWorker.run(TestMethodWorker.java:111)
	at org.testng.internal.thread.ThreadUtil$2.call(ThreadUtil.java:64)
	at java.util.concurrent.FutureTask.run(FutureTask.java:266)
	at java.util.concurrent.ThreadPoolExecutor.runWorker(ThreadPoolExecutor.java:1149)
	at java.util.concurrent.ThreadPoolExecutor$Worker.run(ThreadPoolExecutor.java:624)
	at java.lang.Thread.run(Thread.java:748)
]]>
    </error>
  </testcase> <!-- testGetAllProductstLoad -->
  <testcase name="testGetAllProductstLoad" time="0.363" classname="in.shark.online.web.test.catalogue.master.TestGetAllProductsApiTestNg"/>
  <testcase name="testGetAllProductstLoad" time="0.482" classname="in.shark.online.web.test.catalogue.master.TestGetAllProductsApiTestNg"/>
  <testcase name="testGetAllProductstLoad" time="0.430" classname="in.shark.online.web.test.catalogue.master.TestGetAllProductsApiTestNg"/>
  <testcase name="testGetAllProductstLoad" time="0.439" classname="in.shark.online.web.test.catalogue.master.TestGetAllProductsApiTestNg"/>
  <testcase name="testGetAllProductstLoad" time="0.321" classname="in.shark.online.web.test.catalogue.master.TestGetAllProductsApiTestNg"/>
  <testcase name="testGetAllProductstLoad" time="0.303" classname="in.shark.online.web.test.catalogue.master.TestGetAllProductsApiTestNg"/>
  <testcase name="testGetAllProductstLoad" time="0.468" classname="in.shark.online.web.test.catalogue.master.TestGetAllProductsApiTestNg"/>
  <testcase name="testGetAllProductstLoad" time="0.455" classname="in.shark.online.web.test.catalogue.master.TestGetAllProductsApiTestNg"/>
  <testcase name="testGetAllProductstLoad" time="0.263" classname="in.shark.online.web.test.catalogue.master.TestGetAllProductsApiTestNg"/>
  <testcase name="testGetAllProductstLoad" time="0.308" classname="in.shark.online.web.test.catalogue.master.TestGetAllProductsApiTestNg"/>
  <testcase name="testGetAllProductstLoad" time="0.395" classname="in.shark.online.web.test.catalogue.master.TestGetAllProductsApiTestNg"/>
  <testcase name="testGetAllProductstLoad" time="0.510" classname="in.shark.online.web.test.catalogue.master.TestGetAllProductsApiTestNg">
    <error type="java.lang.AssertionError" message="Response time of GetAllProducts call more than: 500 expected [true] but found [false]">
      <![CDATA[java.lang.AssertionError: Response time of GetAllProducts call more than: 500 expected [true] but found [false]
	at org.testng.Assert.fail(Assert.java:94)
	at org.testng.Assert.failNotEquals(Assert.java:494)
	at org.testng.Assert.assertTrue(Assert.java:42)
	at in.shark.online.web.test.catalogue.master.TestGetAllProductsApiTestNg.testGetAllProductstLoad(TestGetAllProductsApiTestNg.java:71)
	at sun.reflect.GeneratedMethodAccessor21.invoke(Unknown Source)
	at sun.reflect.DelegatingMethodAccessorImpl.invoke(DelegatingMethodAccessorImpl.java:43)
	at java.lang.reflect.Method.invoke(Method.java:498)
	at org.testng.internal.MethodInvocationHelper.invokeMethod(MethodInvocationHelper.java:80)
	at org.testng.internal.MethodInvocationHelper$1.runTestMethod(MethodInvocationHelper.java:182)
	at org.springframework.test.context.testng.AbstractTestNGSpringContextTests.run(AbstractTestNGSpringContextTests.java:180)
	at sun.reflect.GeneratedMethodAccessor20.invoke(Unknown Source)
	at sun.reflect.DelegatingMethodAccessorImpl.invoke(DelegatingMethodAccessorImpl.java:43)
	at java.lang.reflect.Method.invoke(Method.java:498)
	at org.testng.internal.MethodInvocationHelper.invokeHookable(MethodInvocationHelper.java:194)
	at org.testng.internal.Invoker.invokeMethod(Invoker.java:707)
	at org.testng.internal.Invoker.invokeTestMethod(Invoker.java:901)
	at org.testng.internal.Invoker.invokeTestMethods(Invoker.java:1231)
	at org.testng.internal.TestMethodWorker.invokeTestMethods(TestMethodWorker.java:127)
	at org.testng.internal.TestMethodWorker.run(TestMethodWorker.java:111)
	at org.testng.internal.thread.ThreadUtil$2.call(ThreadUtil.java:64)
	at java.util.concurrent.FutureTask.run(FutureTask.java:266)
	at java.util.concurrent.ThreadPoolExecutor.runWorker(ThreadPoolExecutor.java:1149)
	at java.util.concurrent.ThreadPoolExecutor$Worker.run(ThreadPoolExecutor.java:624)
	at java.lang.Thread.run(Thread.java:748)
]]>
    </error>
  </testcase> <!-- testGetAllProductstLoad -->
  <testcase name="testGetAllProductstLoad" time="0.729" classname="in.shark.online.web.test.catalogue.master.TestGetAllProductsApiTestNg">
    <error type="java.lang.AssertionError" message="Response time of GetAllProducts call more than: 500 expected [true] but found [false]">
      <![CDATA[java.lang.AssertionError: Response time of GetAllProducts call more than: 500 expected [true] but found [false]
	at org.testng.Assert.fail(Assert.java:94)
	at org.testng.Assert.failNotEquals(Assert.java:494)
	at org.testng.Assert.assertTrue(Assert.java:42)
	at in.shark.online.web.test.catalogue.master.TestGetAllProductsApiTestNg.testGetAllProductstLoad(TestGetAllProductsApiTestNg.java:71)
	at sun.reflect.NativeMethodAccessorImpl.invoke0(Native Method)
	at sun.reflect.NativeMethodAccessorImpl.invoke(NativeMethodAccessorImpl.java:62)
	at sun.reflect.DelegatingMethodAccessorImpl.invoke(DelegatingMethodAccessorImpl.java:43)
	at java.lang.reflect.Method.invoke(Method.java:498)
	at org.testng.internal.MethodInvocationHelper.invokeMethod(MethodInvocationHelper.java:80)
	at org.testng.internal.MethodInvocationHelper$1.runTestMethod(MethodInvocationHelper.java:182)
	at org.springframework.test.context.testng.AbstractTestNGSpringContextTests.run(AbstractTestNGSpringContextTests.java:180)
	at sun.reflect.NativeMethodAccessorImpl.invoke0(Native Method)
	at sun.reflect.NativeMethodAccessorImpl.invoke(NativeMethodAccessorImpl.java:62)
	at sun.reflect.DelegatingMethodAccessorImpl.invoke(DelegatingMethodAccessorImpl.java:43)
	at java.lang.reflect.Method.invoke(Method.java:498)
	at org.testng.internal.MethodInvocationHelper.invokeHookable(MethodInvocationHelper.java:194)
	at org.testng.internal.Invoker.invokeMethod(Invoker.java:707)
	at org.testng.internal.Invoker.invokeTestMethod(Invoker.java:901)
	at org.testng.internal.Invoker.invokeTestMethods(Invoker.java:1231)
	at org.testng.internal.TestMethodWorker.invokeTestMethods(TestMethodWorker.java:127)
	at org.testng.internal.TestMethodWorker.run(TestMethodWorker.java:111)
	at org.testng.internal.thread.ThreadUtil$2.call(ThreadUtil.java:64)
	at java.util.concurrent.FutureTask.run(FutureTask.java:266)
	at java.util.concurrent.ThreadPoolExecutor.runWorker(ThreadPoolExecutor.java:1149)
	at java.util.concurrent.ThreadPoolExecutor$Worker.run(ThreadPoolExecutor.java:624)
	at java.lang.Thread.run(Thread.java:748)
]]>
    </error>
  </testcase> <!-- testGetAllProductstLoad -->
  <testcase name="testGetAllProductstLoad" time="0.297" classname="in.shark.online.web.test.catalogue.master.TestGetAllProductsApiTestNg"/>
  <testcase name="testGetAllProductstLoad" time="0.246" classname="in.shark.online.web.test.catalogue.master.TestGetAllProductsApiTestNg"/>
  <testcase name="testGetAllProductstLoad" time="0.354" classname="in.shark.online.web.test.catalogue.master.TestGetAllProductsApiTestNg"/>
  <testcase name="testGetAllProductstLoad" time="0.354" classname="in.shark.online.web.test.catalogue.master.TestGetAllProductsApiTestNg"/>
  <testcase name="testGetAllProductstLoad" time="0.378" classname="in.shark.online.web.test.catalogue.master.TestGetAllProductsApiTestNg"/>
  <testcase name="testGetAllProductstLoad" time="0.293" classname="in.shark.online.web.test.catalogue.master.TestGetAllProductsApiTestNg"/>
  <testcase name="testGetAllProductstLoad" time="0.472" classname="in.shark.online.web.test.catalogue.master.TestGetAllProductsApiTestNg"/>
  <testcase name="testGetAllProductstLoad" time="0.272" classname="in.shark.online.web.test.catalogue.master.TestGetAllProductsApiTestNg"/>
  <testcase name="testGetAllProductstLoad" time="0.474" classname="in.shark.online.web.test.catalogue.master.TestGetAllProductsApiTestNg"/>
  <testcase name="testGetAllProductstLoad" time="0.340" classname="in.shark.online.web.test.catalogue.master.TestGetAllProductsApiTestNg"/>
  <testcase name="testGetAllProductstLoad" time="0.997" classname="in.shark.online.web.test.catalogue.master.TestGetAllProductsApiTestNg">
    <error type="java.lang.AssertionError" message="Response time of GetAllProducts call more than: 500 expected [true] but found [false]">
      <![CDATA[java.lang.AssertionError: Response time of GetAllProducts call more than: 500 expected [true] but found [false]
	at org.testng.Assert.fail(Assert.java:94)
	at org.testng.Assert.failNotEquals(Assert.java:494)
	at org.testng.Assert.assertTrue(Assert.java:42)
	at in.shark.online.web.test.catalogue.master.TestGetAllProductsApiTestNg.testGetAllProductstLoad(TestGetAllProductsApiTestNg.java:71)
	at sun.reflect.GeneratedMethodAccessor21.invoke(Unknown Source)
	at sun.reflect.DelegatingMethodAccessorImpl.invoke(DelegatingMethodAccessorImpl.java:43)
	at java.lang.reflect.Method.invoke(Method.java:498)
	at org.testng.internal.MethodInvocationHelper.invokeMethod(MethodInvocationHelper.java:80)
	at org.testng.internal.MethodInvocationHelper$1.runTestMethod(MethodInvocationHelper.java:182)
	at org.springframework.test.context.testng.AbstractTestNGSpringContextTests.run(AbstractTestNGSpringContextTests.java:180)
	at sun.reflect.GeneratedMethodAccessor20.invoke(Unknown Source)
	at sun.reflect.DelegatingMethodAccessorImpl.invoke(DelegatingMethodAccessorImpl.java:43)
	at java.lang.reflect.Method.invoke(Method.java:498)
	at org.testng.internal.MethodInvocationHelper.invokeHookable(MethodInvocationHelper.java:194)
	at org.testng.internal.Invoker.invokeMethod(Invoker.java:707)
	at org.testng.internal.Invoker.invokeTestMethod(Invoker.java:901)
	at org.testng.internal.Invoker.invokeTestMethods(Invoker.java:1231)
	at org.testng.internal.TestMethodWorker.invokeTestMethods(TestMethodWorker.java:127)
	at org.testng.internal.TestMethodWorker.run(TestMethodWorker.java:111)
	at org.testng.internal.thread.ThreadUtil$2.call(ThreadUtil.java:64)
	at java.util.concurrent.FutureTask.run(FutureTask.java:266)
	at java.util.concurrent.ThreadPoolExecutor.runWorker(ThreadPoolExecutor.java:1149)
	at java.util.concurrent.ThreadPoolExecutor$Worker.run(ThreadPoolExecutor.java:624)
	at java.lang.Thread.run(Thread.java:748)
]]>
    </error>
  </testcase> <!-- testGetAllProductstLoad -->
  <testcase name="testGetAllProductstLoad" time="0.252" classname="in.shark.online.web.test.catalogue.master.TestGetAllProductsApiTestNg"/>
  <testcase name="testGetAllProductstLoad" time="0.485" classname="in.shark.online.web.test.catalogue.master.TestGetAllProductsApiTestNg"/>
  <testcase name="testGetAllProductstLoad" time="0.726" classname="in.shark.online.web.test.catalogue.master.TestGetAllProductsApiTestNg">
    <error type="java.lang.AssertionError" message="Response time of GetAllProducts call more than: 500 expected [true] but found [false]">
      <![CDATA[java.lang.AssertionError: Response time of GetAllProducts call more than: 500 expected [true] but found [false]
	at org.testng.Assert.fail(Assert.java:94)
	at org.testng.Assert.failNotEquals(Assert.java:494)
	at org.testng.Assert.assertTrue(Assert.java:42)
	at in.shark.online.web.test.catalogue.master.TestGetAllProductsApiTestNg.testGetAllProductstLoad(TestGetAllProductsApiTestNg.java:71)
	at sun.reflect.NativeMethodAccessorImpl.invoke0(Native Method)
	at sun.reflect.NativeMethodAccessorImpl.invoke(NativeMethodAccessorImpl.java:62)
	at sun.reflect.DelegatingMethodAccessorImpl.invoke(DelegatingMethodAccessorImpl.java:43)
	at java.lang.reflect.Method.invoke(Method.java:498)
	at org.testng.internal.MethodInvocationHelper.invokeMethod(MethodInvocationHelper.java:80)
	at org.testng.internal.MethodInvocationHelper$1.runTestMethod(MethodInvocationHelper.java:182)
	at org.springframework.test.context.testng.AbstractTestNGSpringContextTests.run(AbstractTestNGSpringContextTests.java:180)
	at sun.reflect.NativeMethodAccessorImpl.invoke0(Native Method)
	at sun.reflect.NativeMethodAccessorImpl.invoke(NativeMethodAccessorImpl.java:62)
	at sun.reflect.DelegatingMethodAccessorImpl.invoke(DelegatingMethodAccessorImpl.java:43)
	at java.lang.reflect.Method.invoke(Method.java:498)
	at org.testng.internal.MethodInvocationHelper.invokeHookable(MethodInvocationHelper.java:194)
	at org.testng.internal.Invoker.invokeMethod(Invoker.java:707)
	at org.testng.internal.Invoker.invokeTestMethod(Invoker.java:901)
	at org.testng.internal.Invoker.invokeTestMethods(Invoker.java:1231)
	at org.testng.internal.TestMethodWorker.invokeTestMethods(TestMethodWorker.java:127)
	at org.testng.internal.TestMethodWorker.run(TestMethodWorker.java:111)
	at org.testng.internal.thread.ThreadUtil$2.call(ThreadUtil.java:64)
	at java.util.concurrent.FutureTask.run(FutureTask.java:266)
	at java.util.concurrent.ThreadPoolExecutor.runWorker(ThreadPoolExecutor.java:1149)
	at java.util.concurrent.ThreadPoolExecutor$Worker.run(ThreadPoolExecutor.java:624)
	at java.lang.Thread.run(Thread.java:748)
]]>
    </error>
  </testcase> <!-- testGetAllProductstLoad -->
  <testcase name="testGetAllProductstLoad" time="0.308" classname="in.shark.online.web.test.catalogue.master.TestGetAllProductsApiTestNg"/>
  <testcase name="testGetAllProductstLoad" time="0.350" classname="in.shark.online.web.test.catalogue.master.TestGetAllProductsApiTestNg"/>
  <testcase name="testGetAllProductstLoad" time="0.463" classname="in.shark.online.web.test.catalogue.master.TestGetAllProductsApiTestNg"/>
  <testcase name="testGetAllProductstLoad" time="0.457" classname="in.shark.online.web.test.catalogue.master.TestGetAllProductsApiTestNg"/>
  <testcase name="testGetAllProductstLoad" time="0.648" classname="in.shark.online.web.test.catalogue.master.TestGetAllProductsApiTestNg">
    <error type="java.lang.AssertionError" message="Response time of GetAllProducts call more than: 500 expected [true] but found [false]">
      <![CDATA[java.lang.AssertionError: Response time of GetAllProducts call more than: 500 expected [true] but found [false]
	at org.testng.Assert.fail(Assert.java:94)
	at org.testng.Assert.failNotEquals(Assert.java:494)
	at org.testng.Assert.assertTrue(Assert.java:42)
	at in.shark.online.web.test.catalogue.master.TestGetAllProductsApiTestNg.testGetAllProductstLoad(TestGetAllProductsApiTestNg.java:71)
	at sun.reflect.NativeMethodAccessorImpl.invoke0(Native Method)
	at sun.reflect.NativeMethodAccessorImpl.invoke(NativeMethodAccessorImpl.java:62)
	at sun.reflect.DelegatingMethodAccessorImpl.invoke(DelegatingMethodAccessorImpl.java:43)
	at java.lang.reflect.Method.invoke(Method.java:498)
	at org.testng.internal.MethodInvocationHelper.invokeMethod(MethodInvocationHelper.java:80)
	at org.testng.internal.MethodInvocationHelper$1.runTestMethod(MethodInvocationHelper.java:182)
	at org.springframework.test.context.testng.AbstractTestNGSpringContextTests.run(AbstractTestNGSpringContextTests.java:180)
	at sun.reflect.NativeMethodAccessorImpl.invoke0(Native Method)
	at sun.reflect.NativeMethodAccessorImpl.invoke(NativeMethodAccessorImpl.java:62)
	at sun.reflect.DelegatingMethodAccessorImpl.invoke(DelegatingMethodAccessorImpl.java:43)
	at java.lang.reflect.Method.invoke(Method.java:498)
	at org.testng.internal.MethodInvocationHelper.invokeHookable(MethodInvocationHelper.java:194)
	at org.testng.internal.Invoker.invokeMethod(Invoker.java:707)
	at org.testng.internal.Invoker.invokeTestMethod(Invoker.java:901)
	at org.testng.internal.Invoker.invokeTestMethods(Invoker.java:1231)
	at org.testng.internal.TestMethodWorker.invokeTestMethods(TestMethodWorker.java:127)
	at org.testng.internal.TestMethodWorker.run(TestMethodWorker.java:111)
	at org.testng.internal.thread.ThreadUtil$2.call(ThreadUtil.java:64)
	at java.util.concurrent.FutureTask.run(FutureTask.java:266)
	at java.util.concurrent.ThreadPoolExecutor.runWorker(ThreadPoolExecutor.java:1149)
	at java.util.concurrent.ThreadPoolExecutor$Worker.run(ThreadPoolExecutor.java:624)
	at java.lang.Thread.run(Thread.java:748)
]]>
    </error>
  </testcase> <!-- testGetAllProductstLoad -->
  <testcase name="testGetAllProductstLoad" time="0.416" classname="in.shark.online.web.test.catalogue.master.TestGetAllProductsApiTestNg"/>
  <testcase name="testGetAllProductstLoad" time="0.528" classname="in.shark.online.web.test.catalogue.master.TestGetAllProductsApiTestNg">
    <error type="java.lang.AssertionError" message="Response time of GetAllProducts call more than: 500 expected [true] but found [false]">
      <![CDATA[java.lang.AssertionError: Response time of GetAllProducts call more than: 500 expected [true] but found [false]
	at org.testng.Assert.fail(Assert.java:94)
	at org.testng.Assert.failNotEquals(Assert.java:494)
	at org.testng.Assert.assertTrue(Assert.java:42)
	at in.shark.online.web.test.catalogue.master.TestGetAllProductsApiTestNg.testGetAllProductstLoad(TestGetAllProductsApiTestNg.java:71)
	at sun.reflect.GeneratedMethodAccessor21.invoke(Unknown Source)
	at sun.reflect.DelegatingMethodAccessorImpl.invoke(DelegatingMethodAccessorImpl.java:43)
	at java.lang.reflect.Method.invoke(Method.java:498)
	at org.testng.internal.MethodInvocationHelper.invokeMethod(MethodInvocationHelper.java:80)
	at org.testng.internal.MethodInvocationHelper$1.runTestMethod(MethodInvocationHelper.java:182)
	at org.springframework.test.context.testng.AbstractTestNGSpringContextTests.run(AbstractTestNGSpringContextTests.java:180)
	at sun.reflect.GeneratedMethodAccessor20.invoke(Unknown Source)
	at sun.reflect.DelegatingMethodAccessorImpl.invoke(DelegatingMethodAccessorImpl.java:43)
	at java.lang.reflect.Method.invoke(Method.java:498)
	at org.testng.internal.MethodInvocationHelper.invokeHookable(MethodInvocationHelper.java:194)
	at org.testng.internal.Invoker.invokeMethod(Invoker.java:707)
	at org.testng.internal.Invoker.invokeTestMethod(Invoker.java:901)
	at org.testng.internal.Invoker.invokeTestMethods(Invoker.java:1231)
	at org.testng.internal.TestMethodWorker.invokeTestMethods(TestMethodWorker.java:127)
	at org.testng.internal.TestMethodWorker.run(TestMethodWorker.java:111)
	at org.testng.internal.thread.ThreadUtil$2.call(ThreadUtil.java:64)
	at java.util.concurrent.FutureTask.run(FutureTask.java:266)
	at java.util.concurrent.ThreadPoolExecutor.runWorker(ThreadPoolExecutor.java:1149)
	at java.util.concurrent.ThreadPoolExecutor$Worker.run(ThreadPoolExecutor.java:624)
	at java.lang.Thread.run(Thread.java:748)
]]>
    </error>
  </testcase> <!-- testGetAllProductstLoad -->
  <testcase name="testGetAllProductstLoad" time="0.271" classname="in.shark.online.web.test.catalogue.master.TestGetAllProductsApiTestNg"/>
  <testcase name="testGetAllProductstLoad" time="0.429" classname="in.shark.online.web.test.catalogue.master.TestGetAllProductsApiTestNg"/>
  <testcase name="testGetAllProductstLoad" time="0.366" classname="in.shark.online.web.test.catalogue.master.TestGetAllProductsApiTestNg"/>
  <testcase name="testGetAllProductstLoad" time="0.298" classname="in.shark.online.web.test.catalogue.master.TestGetAllProductsApiTestNg"/>
  <testcase name="testGetAllProductstLoad" time="0.351" classname="in.shark.online.web.test.catalogue.master.TestGetAllProductsApiTestNg"/>
  <testcase name="testGetAllProductstLoad" time="0.639" classname="in.shark.online.web.test.catalogue.master.TestGetAllProductsApiTestNg">
    <error type="java.lang.AssertionError" message="Response time of GetAllProducts call more than: 500 expected [true] but found [false]">
      <![CDATA[java.lang.AssertionError: Response time of GetAllProducts call more than: 500 expected [true] but found [false]
	at org.testng.Assert.fail(Assert.java:94)
	at org.testng.Assert.failNotEquals(Assert.java:494)
	at org.testng.Assert.assertTrue(Assert.java:42)
	at in.shark.online.web.test.catalogue.master.TestGetAllProductsApiTestNg.testGetAllProductstLoad(TestGetAllProductsApiTestNg.java:71)
	at sun.reflect.NativeMethodAccessorImpl.invoke0(Native Method)
	at sun.reflect.NativeMethodAccessorImpl.invoke(NativeMethodAccessorImpl.java:62)
	at sun.reflect.DelegatingMethodAccessorImpl.invoke(DelegatingMethodAccessorImpl.java:43)
	at java.lang.reflect.Method.invoke(Method.java:498)
	at org.testng.internal.MethodInvocationHelper.invokeMethod(MethodInvocationHelper.java:80)
	at org.testng.internal.MethodInvocationHelper$1.runTestMethod(MethodInvocationHelper.java:182)
	at org.springframework.test.context.testng.AbstractTestNGSpringContextTests.run(AbstractTestNGSpringContextTests.java:180)
	at sun.reflect.NativeMethodAccessorImpl.invoke0(Native Method)
	at sun.reflect.NativeMethodAccessorImpl.invoke(NativeMethodAccessorImpl.java:62)
	at sun.reflect.DelegatingMethodAccessorImpl.invoke(DelegatingMethodAccessorImpl.java:43)
	at java.lang.reflect.Method.invoke(Method.java:498)
	at org.testng.internal.MethodInvocationHelper.invokeHookable(MethodInvocationHelper.java:194)
	at org.testng.internal.Invoker.invokeMethod(Invoker.java:707)
	at org.testng.internal.Invoker.invokeTestMethod(Invoker.java:901)
	at org.testng.internal.Invoker.invokeTestMethods(Invoker.java:1231)
	at org.testng.internal.TestMethodWorker.invokeTestMethods(TestMethodWorker.java:127)
	at org.testng.internal.TestMethodWorker.run(TestMethodWorker.java:111)
	at org.testng.internal.thread.ThreadUtil$2.call(ThreadUtil.java:64)
	at java.util.concurrent.FutureTask.run(FutureTask.java:266)
	at java.util.concurrent.ThreadPoolExecutor.runWorker(ThreadPoolExecutor.java:1149)
	at java.util.concurrent.ThreadPoolExecutor$Worker.run(ThreadPoolExecutor.java:624)
	at java.lang.Thread.run(Thread.java:748)
]]>
    </error>
  </testcase> <!-- testGetAllProductstLoad -->
  <testcase name="testGetAllProducts" time="6.213" classname="in.shark.online.web.test.catalogue.master.TestGetAllProductsApiTestNg"/>
  <testcase name="testGetAllProductstLoad" time="0.351" classname="in.shark.online.web.test.catalogue.master.TestGetAllProductsApiTestNg"/>
  <testcase name="testGetAllProductstLoad" time="0.416" classname="in.shark.online.web.test.catalogue.master.TestGetAllProductsApiTestNg"/>
  <testcase name="testGetAllProductstLoad" time="0.444" classname="in.shark.online.web.test.catalogue.master.TestGetAllProductsApiTestNg"/>
  <testcase name="testGetAllProductstLoad" time="0.433" classname="in.shark.online.web.test.catalogue.master.TestGetAllProductsApiTestNg"/>
  <testcase name="testGetAllProductstLoad" time="0.418" classname="in.shark.online.web.test.catalogue.master.TestGetAllProductsApiTestNg"/>
  <testcase name="testGetAllProductstLoad" time="0.742" classname="in.shark.online.web.test.catalogue.master.TestGetAllProductsApiTestNg">
    <error type="java.lang.AssertionError" message="Response time of GetAllProducts call more than: 500 expected [true] but found [false]">
      <![CDATA[java.lang.AssertionError: Response time of GetAllProducts call more than: 500 expected [true] but found [false]
	at org.testng.Assert.fail(Assert.java:94)
	at org.testng.Assert.failNotEquals(Assert.java:494)
	at org.testng.Assert.assertTrue(Assert.java:42)
	at in.shark.online.web.test.catalogue.master.TestGetAllProductsApiTestNg.testGetAllProductstLoad(TestGetAllProductsApiTestNg.java:71)
	at sun.reflect.GeneratedMethodAccessor21.invoke(Unknown Source)
	at sun.reflect.DelegatingMethodAccessorImpl.invoke(DelegatingMethodAccessorImpl.java:43)
	at java.lang.reflect.Method.invoke(Method.java:498)
	at org.testng.internal.MethodInvocationHelper.invokeMethod(MethodInvocationHelper.java:80)
	at org.testng.internal.MethodInvocationHelper$1.runTestMethod(MethodInvocationHelper.java:182)
	at org.springframework.test.context.testng.AbstractTestNGSpringContextTests.run(AbstractTestNGSpringContextTests.java:180)
	at sun.reflect.GeneratedMethodAccessor20.invoke(Unknown Source)
	at sun.reflect.DelegatingMethodAccessorImpl.invoke(DelegatingMethodAccessorImpl.java:43)
	at java.lang.reflect.Method.invoke(Method.java:498)
	at org.testng.internal.MethodInvocationHelper.invokeHookable(MethodInvocationHelper.java:194)
	at org.testng.internal.Invoker.invokeMethod(Invoker.java:707)
	at org.testng.internal.Invoker.invokeTestMethod(Invoker.java:901)
	at org.testng.internal.Invoker.invokeTestMethods(Invoker.java:1231)
	at org.testng.internal.TestMethodWorker.invokeTestMethods(TestMethodWorker.java:127)
	at org.testng.internal.TestMethodWorker.run(TestMethodWorker.java:111)
	at org.testng.internal.thread.ThreadUtil$2.call(ThreadUtil.java:64)
	at java.util.concurrent.FutureTask.run(FutureTask.java:266)
	at java.util.concurrent.ThreadPoolExecutor.runWorker(ThreadPoolExecutor.java:1149)
	at java.util.concurrent.ThreadPoolExecutor$Worker.run(ThreadPoolExecutor.java:624)
	at java.lang.Thread.run(Thread.java:748)
]]>
    </error>
  </testcase> <!-- testGetAllProductstLoad -->
  <testcase name="testGetAllProductstLoad" time="0.712" classname="in.shark.online.web.test.catalogue.master.TestGetAllProductsApiTestNg">
    <error type="java.lang.AssertionError" message="Response time of GetAllProducts call more than: 500 expected [true] but found [false]">
      <![CDATA[java.lang.AssertionError: Response time of GetAllProducts call more than: 500 expected [true] but found [false]
	at org.testng.Assert.fail(Assert.java:94)
	at org.testng.Assert.failNotEquals(Assert.java:494)
	at org.testng.Assert.assertTrue(Assert.java:42)
	at in.shark.online.web.test.catalogue.master.TestGetAllProductsApiTestNg.testGetAllProductstLoad(TestGetAllProductsApiTestNg.java:71)
	at sun.reflect.NativeMethodAccessorImpl.invoke0(Native Method)
	at sun.reflect.NativeMethodAccessorImpl.invoke(NativeMethodAccessorImpl.java:62)
	at sun.reflect.DelegatingMethodAccessorImpl.invoke(DelegatingMethodAccessorImpl.java:43)
	at java.lang.reflect.Method.invoke(Method.java:498)
	at org.testng.internal.MethodInvocationHelper.invokeMethod(MethodInvocationHelper.java:80)
	at org.testng.internal.MethodInvocationHelper$1.runTestMethod(MethodInvocationHelper.java:182)
	at org.springframework.test.context.testng.AbstractTestNGSpringContextTests.run(AbstractTestNGSpringContextTests.java:180)
	at sun.reflect.NativeMethodAccessorImpl.invoke0(Native Method)
	at sun.reflect.NativeMethodAccessorImpl.invoke(NativeMethodAccessorImpl.java:62)
	at sun.reflect.DelegatingMethodAccessorImpl.invoke(DelegatingMethodAccessorImpl.java:43)
	at java.lang.reflect.Method.invoke(Method.java:498)
	at org.testng.internal.MethodInvocationHelper.invokeHookable(MethodInvocationHelper.java:194)
	at org.testng.internal.Invoker.invokeMethod(Invoker.java:707)
	at org.testng.internal.Invoker.invokeTestMethod(Invoker.java:901)
	at org.testng.internal.Invoker.invokeTestMethods(Invoker.java:1231)
	at org.testng.internal.TestMethodWorker.invokeTestMethods(TestMethodWorker.java:127)
	at org.testng.internal.TestMethodWorker.run(TestMethodWorker.java:111)
	at org.testng.internal.thread.ThreadUtil$2.call(ThreadUtil.java:64)
	at java.util.concurrent.FutureTask.run(FutureTask.java:266)
	at java.util.concurrent.ThreadPoolExecutor.runWorker(ThreadPoolExecutor.java:1149)
	at java.util.concurrent.ThreadPoolExecutor$Worker.run(ThreadPoolExecutor.java:624)
	at java.lang.Thread.run(Thread.java:748)
]]>
    </error>
  </testcase> <!-- testGetAllProductstLoad -->
  <testcase name="testGetAllProductstLoad" time="0.457" classname="in.shark.online.web.test.catalogue.master.TestGetAllProductsApiTestNg"/>
  <testcase name="testGetAllProductstLoad" time="0.340" classname="in.shark.online.web.test.catalogue.master.TestGetAllProductsApiTestNg"/>
  <testcase name="testGetAllProductstLoad" time="0.482" classname="in.shark.online.web.test.catalogue.master.TestGetAllProductsApiTestNg"/>
  <testcase name="testGetAllProductstLoad" time="0.388" classname="in.shark.online.web.test.catalogue.master.TestGetAllProductsApiTestNg"/>
  <testcase name="testGetAllProductstLoad" time="0.287" classname="in.shark.online.web.test.catalogue.master.TestGetAllProductsApiTestNg"/>
  <testcase name="testGetAllProductstLoad" time="0.323" classname="in.shark.online.web.test.catalogue.master.TestGetAllProductsApiTestNg"/>
  <testcase name="testGetAllProductstLoad" time="0.366" classname="in.shark.online.web.test.catalogue.master.TestGetAllProductsApiTestNg"/>
  <testcase name="testGetAllProductstLoad" time="0.416" classname="in.shark.online.web.test.catalogue.master.TestGetAllProductsApiTestNg"/>
  <testcase name="testGetAllProductstLoad" time="0.362" classname="in.shark.online.web.test.catalogue.master.TestGetAllProductsApiTestNg"/>
  <testcase name="testGetAllProductstLoad" time="0.384" classname="in.shark.online.web.test.catalogue.master.TestGetAllProductsApiTestNg"/>
  <testcase name="testGetAllProductstLoad" time="0.292" classname="in.shark.online.web.test.catalogue.master.TestGetAllProductsApiTestNg"/>
  <testcase name="testGetAllProductstLoad" time="0.343" classname="in.shark.online.web.test.catalogue.master.TestGetAllProductsApiTestNg"/>
  <testcase name="testGetAllProductstLoad" time="0.690" classname="in.shark.online.web.test.catalogue.master.TestGetAllProductsApiTestNg">
    <error type="java.lang.AssertionError" message="Response time of GetAllProducts call more than: 500 expected [true] but found [false]">
      <![CDATA[java.lang.AssertionError: Response time of GetAllProducts call more than: 500 expected [true] but found [false]
	at org.testng.Assert.fail(Assert.java:94)
	at org.testng.Assert.failNotEquals(Assert.java:494)
	at org.testng.Assert.assertTrue(Assert.java:42)
	at in.shark.online.web.test.catalogue.master.TestGetAllProductsApiTestNg.testGetAllProductstLoad(TestGetAllProductsApiTestNg.java:71)
	at sun.reflect.NativeMethodAccessorImpl.invoke0(Native Method)
	at sun.reflect.NativeMethodAccessorImpl.invoke(NativeMethodAccessorImpl.java:62)
	at sun.reflect.DelegatingMethodAccessorImpl.invoke(DelegatingMethodAccessorImpl.java:43)
	at java.lang.reflect.Method.invoke(Method.java:498)
	at org.testng.internal.MethodInvocationHelper.invokeMethod(MethodInvocationHelper.java:80)
	at org.testng.internal.MethodInvocationHelper$1.runTestMethod(MethodInvocationHelper.java:182)
	at org.springframework.test.context.testng.AbstractTestNGSpringContextTests.run(AbstractTestNGSpringContextTests.java:180)
	at sun.reflect.NativeMethodAccessorImpl.invoke0(Native Method)
	at sun.reflect.NativeMethodAccessorImpl.invoke(NativeMethodAccessorImpl.java:62)
	at sun.reflect.DelegatingMethodAccessorImpl.invoke(DelegatingMethodAccessorImpl.java:43)
	at java.lang.reflect.Method.invoke(Method.java:498)
	at org.testng.internal.MethodInvocationHelper.invokeHookable(MethodInvocationHelper.java:194)
	at org.testng.internal.Invoker.invokeMethod(Invoker.java:707)
	at org.testng.internal.Invoker.invokeTestMethod(Invoker.java:901)
	at org.testng.internal.Invoker.invokeTestMethods(Invoker.java:1231)
	at org.testng.internal.TestMethodWorker.invokeTestMethods(TestMethodWorker.java:127)
	at org.testng.internal.TestMethodWorker.run(TestMethodWorker.java:111)
	at org.testng.internal.thread.ThreadUtil$2.call(ThreadUtil.java:64)
	at java.util.concurrent.FutureTask.run(FutureTask.java:266)
	at java.util.concurrent.ThreadPoolExecutor.runWorker(ThreadPoolExecutor.java:1149)
	at java.util.concurrent.ThreadPoolExecutor$Worker.run(ThreadPoolExecutor.java:624)
	at java.lang.Thread.run(Thread.java:748)
]]>
    </error>
  </testcase> <!-- testGetAllProductstLoad -->
  <testcase name="testGetAllProductstLoad" time="0.410" classname="in.shark.online.web.test.catalogue.master.TestGetAllProductsApiTestNg"/>
  <testcase name="testGetAllProductstLoad" time="0.367" classname="in.shark.online.web.test.catalogue.master.TestGetAllProductsApiTestNg"/>
  <testcase name="testGetAllProductstLoad" time="0.492" classname="in.shark.online.web.test.catalogue.master.TestGetAllProductsApiTestNg"/>
  <testcase name="testGetAllProductstLoad" time="0.411" classname="in.shark.online.web.test.catalogue.master.TestGetAllProductsApiTestNg"/>
  <testcase name="testGetAllProductstLoad" time="0.434" classname="in.shark.online.web.test.catalogue.master.TestGetAllProductsApiTestNg"/>
  <testcase name="testGetAllProductstLoad" time="0.693" classname="in.shark.online.web.test.catalogue.master.TestGetAllProductsApiTestNg">
    <error type="java.lang.AssertionError" message="Response time of GetAllProducts call more than: 500 expected [true] but found [false]">
      <![CDATA[java.lang.AssertionError: Response time of GetAllProducts call more than: 500 expected [true] but found [false]
	at org.testng.Assert.fail(Assert.java:94)
	at org.testng.Assert.failNotEquals(Assert.java:494)
	at org.testng.Assert.assertTrue(Assert.java:42)
	at in.shark.online.web.test.catalogue.master.TestGetAllProductsApiTestNg.testGetAllProductstLoad(TestGetAllProductsApiTestNg.java:71)
	at sun.reflect.NativeMethodAccessorImpl.invoke0(Native Method)
	at sun.reflect.NativeMethodAccessorImpl.invoke(NativeMethodAccessorImpl.java:62)
	at sun.reflect.DelegatingMethodAccessorImpl.invoke(DelegatingMethodAccessorImpl.java:43)
	at java.lang.reflect.Method.invoke(Method.java:498)
	at org.testng.internal.MethodInvocationHelper.invokeMethod(MethodInvocationHelper.java:80)
	at org.testng.internal.MethodInvocationHelper$1.runTestMethod(MethodInvocationHelper.java:182)
	at org.springframework.test.context.testng.AbstractTestNGSpringContextTests.run(AbstractTestNGSpringContextTests.java:180)
	at sun.reflect.NativeMethodAccessorImpl.invoke0(Native Method)
	at sun.reflect.NativeMethodAccessorImpl.invoke(NativeMethodAccessorImpl.java:62)
	at sun.reflect.DelegatingMethodAccessorImpl.invoke(DelegatingMethodAccessorImpl.java:43)
	at java.lang.reflect.Method.invoke(Method.java:498)
	at org.testng.internal.MethodInvocationHelper.invokeHookable(MethodInvocationHelper.java:194)
	at org.testng.internal.Invoker.invokeMethod(Invoker.java:707)
	at org.testng.internal.Invoker.invokeTestMethod(Invoker.java:901)
	at org.testng.internal.Invoker.invokeTestMethods(Invoker.java:1231)
	at org.testng.internal.TestMethodWorker.invokeTestMethods(TestMethodWorker.java:127)
	at org.testng.internal.TestMethodWorker.run(TestMethodWorker.java:111)
	at org.testng.internal.thread.ThreadUtil$2.call(ThreadUtil.java:64)
	at java.util.concurrent.FutureTask.run(FutureTask.java:266)
	at java.util.concurrent.ThreadPoolExecutor.runWorker(ThreadPoolExecutor.java:1149)
	at java.util.concurrent.ThreadPoolExecutor$Worker.run(ThreadPoolExecutor.java:624)
	at java.lang.Thread.run(Thread.java:748)
]]>
    </error>
  </testcase> <!-- testGetAllProductstLoad -->
  <testcase name="testGetAllProductstLoad" time="0.409" classname="in.shark.online.web.test.catalogue.master.TestGetAllProductsApiTestNg"/>
  <testcase name="testGetAllProductstLoad" time="0.358" classname="in.shark.online.web.test.catalogue.master.TestGetAllProductsApiTestNg"/>
  <testcase name="testGetAllProductstLoad" time="0.334" classname="in.shark.online.web.test.catalogue.master.TestGetAllProductsApiTestNg"/>
  <testcase name="testGetAllProductstLoad" time="0.284" classname="in.shark.online.web.test.catalogue.master.TestGetAllProductsApiTestNg"/>
  <testcase name="testGetAllProductstLoad" time="0.434" classname="in.shark.online.web.test.catalogue.master.TestGetAllProductsApiTestNg"/>
</testsuite> <!-- in.shark.online.web.test.catalogue.master.TestGetAllProductsApiTestNg -->
