<?xml version="1.0" encoding="UTF-8"?>
<!-- Generated by org.testng.reporters.JUnitReportReporter -->
<testsuite hostname="Chaipoints-MacBook-Air.local" name="in.shark.online.web.test.catalogue.master.TestGetProductCatalogueApiTestNg" tests="101" failures="0" timestamp="25 Nov 2019 12:37:38 GMT" time="40.563" errors="12">
  <testcase name="testGetProductCatalogueLoad" time="0.388" classname="in.shark.online.web.test.catalogue.master.TestGetProductCatalogueApiTestNg"/>
  <testcase name="testGetProductCatalogueLoad" time="0.375" classname="in.shark.online.web.test.catalogue.master.TestGetProductCatalogueApiTestNg"/>
  <testcase name="testGetProductCatalogueLoad" time="0.461" classname="in.shark.online.web.test.catalogue.master.TestGetProductCatalogueApiTestNg"/>
  <testcase name="testGetProductCatalogueLoad" time="0.369" classname="in.shark.online.web.test.catalogue.master.TestGetProductCatalogueApiTestNg"/>
  <testcase name="testGetProductCatalogueLoad" time="0.345" classname="in.shark.online.web.test.catalogue.master.TestGetProductCatalogueApiTestNg"/>
  <testcase name="testGetProductCatalogueLoad" time="0.379" classname="in.shark.online.web.test.catalogue.master.TestGetProductCatalogueApiTestNg"/>
  <testcase name="testGetProductCatalogueLoad" time="0.381" classname="in.shark.online.web.test.catalogue.master.TestGetProductCatalogueApiTestNg"/>
  <testcase name="testGetProductCatalogueLoad" time="0.402" classname="in.shark.online.web.test.catalogue.master.TestGetProductCatalogueApiTestNg"/>
  <testcase name="testGetProductCatalogueLoad" time="0.396" classname="in.shark.online.web.test.catalogue.master.TestGetProductCatalogueApiTestNg"/>
  <testcase name="testGetProductCatalogueLoad" time="0.316" classname="in.shark.online.web.test.catalogue.master.TestGetProductCatalogueApiTestNg"/>
  <testcase name="testGetProductCatalogueLoad" time="0.484" classname="in.shark.online.web.test.catalogue.master.TestGetProductCatalogueApiTestNg"/>
  <testcase name="testGetProductCatalogueLoad" time="0.496" classname="in.shark.online.web.test.catalogue.master.TestGetProductCatalogueApiTestNg"/>
  <testcase name="testGetProductCatalogueLoad" time="0.367" classname="in.shark.online.web.test.catalogue.master.TestGetProductCatalogueApiTestNg"/>
  <testcase name="testGetProductCatalogueLoad" time="0.274" classname="in.shark.online.web.test.catalogue.master.TestGetProductCatalogueApiTestNg"/>
  <testcase name="testGetProductCatalogueLoad" time="0.402" classname="in.shark.online.web.test.catalogue.master.TestGetProductCatalogueApiTestNg"/>
  <testcase name="testGetProductCatalogueLoad" time="0.580" classname="in.shark.online.web.test.catalogue.master.TestGetProductCatalogueApiTestNg">
    <error type="java.lang.AssertionError" message="Response time of GetProductCatalogue call more than: 500 expected [true] but found [false]">
      <![CDATA[java.lang.AssertionError: Response time of GetProductCatalogue call more than: 500 expected [true] but found [false]
	at org.testng.Assert.fail(Assert.java:94)
	at org.testng.Assert.failNotEquals(Assert.java:494)
	at org.testng.Assert.assertTrue(Assert.java:42)
	at in.shark.online.web.test.catalogue.master.TestGetProductCatalogueApiTestNg.testGetProductCatalogueLoad(TestGetProductCatalogueApiTestNg.java:74)
	at sun.reflect.GeneratedMethodAccessor23.invoke(Unknown Source)
	at sun.reflect.DelegatingMethodAccessorImpl.invoke(DelegatingMethodAccessorImpl.java:43)
	at java.lang.reflect.Method.invoke(Method.java:498)
	at org.testng.internal.MethodInvocationHelper.invokeMethod(MethodInvocationHelper.java:80)
	at org.testng.internal.MethodInvocationHelper$1.runTestMethod(MethodInvocationHelper.java:182)
	at org.springframework.test.context.testng.AbstractTestNGSpringContextTests.run(AbstractTestNGSpringContextTests.java:180)
	at sun.reflect.GeneratedMethodAccessor20.invoke(Unknown Source)
	at sun.reflect.DelegatingMethodAccessorImpl.invoke(DelegatingMethodAccessorImpl.java:43)
	at java.lang.reflect.Method.invoke(Method.java:498)
	at org.testng.internal.MethodInvocationHelper.invokeHookable(MethodInvocationHelper.java:194)
	at org.testng.internal.Invoker.invokeMethod(Invoker.java:707)
	at org.testng.internal.Invoker.invokeTestMethod(Invoker.java:901)
	at org.testng.internal.Invoker.invokeTestMethods(Invoker.java:1231)
	at org.testng.internal.TestMethodWorker.invokeTestMethods(TestMethodWorker.java:127)
	at org.testng.internal.TestMethodWorker.run(TestMethodWorker.java:111)
	at org.testng.internal.thread.ThreadUtil$2.call(ThreadUtil.java:64)
	at java.util.concurrent.FutureTask.run(FutureTask.java:266)
	at java.util.concurrent.ThreadPoolExecutor.runWorker(ThreadPoolExecutor.java:1149)
	at java.util.concurrent.ThreadPoolExecutor$Worker.run(ThreadPoolExecutor.java:624)
	at java.lang.Thread.run(Thread.java:748)
]]>
    </error>
  </testcase> <!-- testGetProductCatalogueLoad -->
  <testcase name="testGetProductCatalogueLoad" time="0.372" classname="in.shark.online.web.test.catalogue.master.TestGetProductCatalogueApiTestNg"/>
  <testcase name="testGetProductCatalogueLoad" time="0.400" classname="in.shark.online.web.test.catalogue.master.TestGetProductCatalogueApiTestNg"/>
  <testcase name="testGetProductCatalogueLoad" time="0.630" classname="in.shark.online.web.test.catalogue.master.TestGetProductCatalogueApiTestNg">
    <error type="java.lang.AssertionError" message="Response time of GetProductCatalogue call more than: 500 expected [true] but found [false]">
      <![CDATA[java.lang.AssertionError: Response time of GetProductCatalogue call more than: 500 expected [true] but found [false]
	at org.testng.Assert.fail(Assert.java:94)
	at org.testng.Assert.failNotEquals(Assert.java:494)
	at org.testng.Assert.assertTrue(Assert.java:42)
	at in.shark.online.web.test.catalogue.master.TestGetProductCatalogueApiTestNg.testGetProductCatalogueLoad(TestGetProductCatalogueApiTestNg.java:74)
	at sun.reflect.GeneratedMethodAccessor23.invoke(Unknown Source)
	at sun.reflect.DelegatingMethodAccessorImpl.invoke(DelegatingMethodAccessorImpl.java:43)
	at java.lang.reflect.Method.invoke(Method.java:498)
	at org.testng.internal.MethodInvocationHelper.invokeMethod(MethodInvocationHelper.java:80)
	at org.testng.internal.MethodInvocationHelper$1.runTestMethod(MethodInvocationHelper.java:182)
	at org.springframework.test.context.testng.AbstractTestNGSpringContextTests.run(AbstractTestNGSpringContextTests.java:180)
	at sun.reflect.GeneratedMethodAccessor20.invoke(Unknown Source)
	at sun.reflect.DelegatingMethodAccessorImpl.invoke(DelegatingMethodAccessorImpl.java:43)
	at java.lang.reflect.Method.invoke(Method.java:498)
	at org.testng.internal.MethodInvocationHelper.invokeHookable(MethodInvocationHelper.java:194)
	at org.testng.internal.Invoker.invokeMethod(Invoker.java:707)
	at org.testng.internal.Invoker.invokeTestMethod(Invoker.java:901)
	at org.testng.internal.Invoker.invokeTestMethods(Invoker.java:1231)
	at org.testng.internal.TestMethodWorker.invokeTestMethods(TestMethodWorker.java:127)
	at org.testng.internal.TestMethodWorker.run(TestMethodWorker.java:111)
	at org.testng.internal.thread.ThreadUtil$2.call(ThreadUtil.java:64)
	at java.util.concurrent.FutureTask.run(FutureTask.java:266)
	at java.util.concurrent.ThreadPoolExecutor.runWorker(ThreadPoolExecutor.java:1149)
	at java.util.concurrent.ThreadPoolExecutor$Worker.run(ThreadPoolExecutor.java:624)
	at java.lang.Thread.run(Thread.java:748)
]]>
    </error>
  </testcase> <!-- testGetProductCatalogueLoad -->
  <testcase name="testGetProductCatalogueLoad" time="0.331" classname="in.shark.online.web.test.catalogue.master.TestGetProductCatalogueApiTestNg"/>
  <testcase name="testGetProductCatalogueLoad" time="0.472" classname="in.shark.online.web.test.catalogue.master.TestGetProductCatalogueApiTestNg"/>
  <testcase name="testGetProductCatalogueLoad" time="0.360" classname="in.shark.online.web.test.catalogue.master.TestGetProductCatalogueApiTestNg"/>
  <testcase name="testGetProductCatalogueLoad" time="0.392" classname="in.shark.online.web.test.catalogue.master.TestGetProductCatalogueApiTestNg"/>
  <testcase name="testGetProductCatalogueLoad" time="0.319" classname="in.shark.online.web.test.catalogue.master.TestGetProductCatalogueApiTestNg"/>
  <testcase name="testGetProductCatalogueLoad" time="0.388" classname="in.shark.online.web.test.catalogue.master.TestGetProductCatalogueApiTestNg"/>
  <testcase name="testGetProductCatalogueLoad" time="0.297" classname="in.shark.online.web.test.catalogue.master.TestGetProductCatalogueApiTestNg"/>
  <testcase name="testGetProductCatalogueLoad" time="0.424" classname="in.shark.online.web.test.catalogue.master.TestGetProductCatalogueApiTestNg"/>
  <testcase name="testGetProductCatalogueLoad" time="0.773" classname="in.shark.online.web.test.catalogue.master.TestGetProductCatalogueApiTestNg">
    <error type="java.lang.AssertionError" message="Response time of GetProductCatalogue call more than: 500 expected [true] but found [false]">
      <![CDATA[java.lang.AssertionError: Response time of GetProductCatalogue call more than: 500 expected [true] but found [false]
	at org.testng.Assert.fail(Assert.java:94)
	at org.testng.Assert.failNotEquals(Assert.java:494)
	at org.testng.Assert.assertTrue(Assert.java:42)
	at in.shark.online.web.test.catalogue.master.TestGetProductCatalogueApiTestNg.testGetProductCatalogueLoad(TestGetProductCatalogueApiTestNg.java:74)
	at sun.reflect.NativeMethodAccessorImpl.invoke0(Native Method)
	at sun.reflect.NativeMethodAccessorImpl.invoke(NativeMethodAccessorImpl.java:62)
	at sun.reflect.DelegatingMethodAccessorImpl.invoke(DelegatingMethodAccessorImpl.java:43)
	at java.lang.reflect.Method.invoke(Method.java:498)
	at org.testng.internal.MethodInvocationHelper.invokeMethod(MethodInvocationHelper.java:80)
	at org.testng.internal.MethodInvocationHelper$1.runTestMethod(MethodInvocationHelper.java:182)
	at org.springframework.test.context.testng.AbstractTestNGSpringContextTests.run(AbstractTestNGSpringContextTests.java:180)
	at sun.reflect.GeneratedMethodAccessor20.invoke(Unknown Source)
	at sun.reflect.DelegatingMethodAccessorImpl.invoke(DelegatingMethodAccessorImpl.java:43)
	at java.lang.reflect.Method.invoke(Method.java:498)
	at org.testng.internal.MethodInvocationHelper.invokeHookable(MethodInvocationHelper.java:194)
	at org.testng.internal.Invoker.invokeMethod(Invoker.java:707)
	at org.testng.internal.Invoker.invokeTestMethod(Invoker.java:901)
	at org.testng.internal.Invoker.invokeTestMethods(Invoker.java:1231)
	at org.testng.internal.TestMethodWorker.invokeTestMethods(TestMethodWorker.java:127)
	at org.testng.internal.TestMethodWorker.run(TestMethodWorker.java:111)
	at org.testng.internal.thread.ThreadUtil$2.call(ThreadUtil.java:64)
	at java.util.concurrent.FutureTask.run(FutureTask.java:266)
	at java.util.concurrent.ThreadPoolExecutor.runWorker(ThreadPoolExecutor.java:1149)
	at java.util.concurrent.ThreadPoolExecutor$Worker.run(ThreadPoolExecutor.java:624)
	at java.lang.Thread.run(Thread.java:748)
]]>
    </error>
  </testcase> <!-- testGetProductCatalogueLoad -->
  <testcase name="testGetProductCatalogueLoad" time="0.337" classname="in.shark.online.web.test.catalogue.master.TestGetProductCatalogueApiTestNg"/>
  <testcase name="testGetProductCatalogueLoad" time="0.631" classname="in.shark.online.web.test.catalogue.master.TestGetProductCatalogueApiTestNg">
    <error type="java.lang.AssertionError" message="Response time of GetProductCatalogue call more than: 500 expected [true] but found [false]">
      <![CDATA[java.lang.AssertionError: Response time of GetProductCatalogue call more than: 500 expected [true] but found [false]
	at org.testng.Assert.fail(Assert.java:94)
	at org.testng.Assert.failNotEquals(Assert.java:494)
	at org.testng.Assert.assertTrue(Assert.java:42)
	at in.shark.online.web.test.catalogue.master.TestGetProductCatalogueApiTestNg.testGetProductCatalogueLoad(TestGetProductCatalogueApiTestNg.java:74)
	at sun.reflect.NativeMethodAccessorImpl.invoke0(Native Method)
	at sun.reflect.NativeMethodAccessorImpl.invoke(NativeMethodAccessorImpl.java:62)
	at sun.reflect.DelegatingMethodAccessorImpl.invoke(DelegatingMethodAccessorImpl.java:43)
	at java.lang.reflect.Method.invoke(Method.java:498)
	at org.testng.internal.MethodInvocationHelper.invokeMethod(MethodInvocationHelper.java:80)
	at org.testng.internal.MethodInvocationHelper$1.runTestMethod(MethodInvocationHelper.java:182)
	at org.springframework.test.context.testng.AbstractTestNGSpringContextTests.run(AbstractTestNGSpringContextTests.java:180)
	at sun.reflect.GeneratedMethodAccessor20.invoke(Unknown Source)
	at sun.reflect.DelegatingMethodAccessorImpl.invoke(DelegatingMethodAccessorImpl.java:43)
	at java.lang.reflect.Method.invoke(Method.java:498)
	at org.testng.internal.MethodInvocationHelper.invokeHookable(MethodInvocationHelper.java:194)
	at org.testng.internal.Invoker.invokeMethod(Invoker.java:707)
	at org.testng.internal.Invoker.invokeTestMethod(Invoker.java:901)
	at org.testng.internal.Invoker.invokeTestMethods(Invoker.java:1231)
	at org.testng.internal.TestMethodWorker.invokeTestMethods(TestMethodWorker.java:127)
	at org.testng.internal.TestMethodWorker.run(TestMethodWorker.java:111)
	at org.testng.internal.thread.ThreadUtil$2.call(ThreadUtil.java:64)
	at java.util.concurrent.FutureTask.run(FutureTask.java:266)
	at java.util.concurrent.ThreadPoolExecutor.runWorker(ThreadPoolExecutor.java:1149)
	at java.util.concurrent.ThreadPoolExecutor$Worker.run(ThreadPoolExecutor.java:624)
	at java.lang.Thread.run(Thread.java:748)
]]>
    </error>
  </testcase> <!-- testGetProductCatalogueLoad -->
  <testcase name="testGetProductCatalogueLoad" time="0.504" classname="in.shark.online.web.test.catalogue.master.TestGetProductCatalogueApiTestNg">
    <error type="java.lang.AssertionError" message="Response time of GetProductCatalogue call more than: 500 expected [true] but found [false]">
      <![CDATA[java.lang.AssertionError: Response time of GetProductCatalogue call more than: 500 expected [true] but found [false]
	at org.testng.Assert.fail(Assert.java:94)
	at org.testng.Assert.failNotEquals(Assert.java:494)
	at org.testng.Assert.assertTrue(Assert.java:42)
	at in.shark.online.web.test.catalogue.master.TestGetProductCatalogueApiTestNg.testGetProductCatalogueLoad(TestGetProductCatalogueApiTestNg.java:74)
	at sun.reflect.NativeMethodAccessorImpl.invoke0(Native Method)
	at sun.reflect.NativeMethodAccessorImpl.invoke(NativeMethodAccessorImpl.java:62)
	at sun.reflect.DelegatingMethodAccessorImpl.invoke(DelegatingMethodAccessorImpl.java:43)
	at java.lang.reflect.Method.invoke(Method.java:498)
	at org.testng.internal.MethodInvocationHelper.invokeMethod(MethodInvocationHelper.java:80)
	at org.testng.internal.MethodInvocationHelper$1.runTestMethod(MethodInvocationHelper.java:182)
	at org.springframework.test.context.testng.AbstractTestNGSpringContextTests.run(AbstractTestNGSpringContextTests.java:180)
	at sun.reflect.GeneratedMethodAccessor20.invoke(Unknown Source)
	at sun.reflect.DelegatingMethodAccessorImpl.invoke(DelegatingMethodAccessorImpl.java:43)
	at java.lang.reflect.Method.invoke(Method.java:498)
	at org.testng.internal.MethodInvocationHelper.invokeHookable(MethodInvocationHelper.java:194)
	at org.testng.internal.Invoker.invokeMethod(Invoker.java:707)
	at org.testng.internal.Invoker.invokeTestMethod(Invoker.java:901)
	at org.testng.internal.Invoker.invokeTestMethods(Invoker.java:1231)
	at org.testng.internal.TestMethodWorker.invokeTestMethods(TestMethodWorker.java:127)
	at org.testng.internal.TestMethodWorker.run(TestMethodWorker.java:111)
	at org.testng.internal.thread.ThreadUtil$2.call(ThreadUtil.java:64)
	at java.util.concurrent.FutureTask.run(FutureTask.java:266)
	at java.util.concurrent.ThreadPoolExecutor.runWorker(ThreadPoolExecutor.java:1149)
	at java.util.concurrent.ThreadPoolExecutor$Worker.run(ThreadPoolExecutor.java:624)
	at java.lang.Thread.run(Thread.java:748)
]]>
    </error>
  </testcase> <!-- testGetProductCatalogueLoad -->
  <testcase name="testGetProductCatalogueLoad" time="0.636" classname="in.shark.online.web.test.catalogue.master.TestGetProductCatalogueApiTestNg">
    <error type="java.lang.AssertionError" message="Response time of GetProductCatalogue call more than: 500 expected [true] but found [false]">
      <![CDATA[java.lang.AssertionError: Response time of GetProductCatalogue call more than: 500 expected [true] but found [false]
	at org.testng.Assert.fail(Assert.java:94)
	at org.testng.Assert.failNotEquals(Assert.java:494)
	at org.testng.Assert.assertTrue(Assert.java:42)
	at in.shark.online.web.test.catalogue.master.TestGetProductCatalogueApiTestNg.testGetProductCatalogueLoad(TestGetProductCatalogueApiTestNg.java:74)
	at sun.reflect.GeneratedMethodAccessor23.invoke(Unknown Source)
	at sun.reflect.DelegatingMethodAccessorImpl.invoke(DelegatingMethodAccessorImpl.java:43)
	at java.lang.reflect.Method.invoke(Method.java:498)
	at org.testng.internal.MethodInvocationHelper.invokeMethod(MethodInvocationHelper.java:80)
	at org.testng.internal.MethodInvocationHelper$1.runTestMethod(MethodInvocationHelper.java:182)
	at org.springframework.test.context.testng.AbstractTestNGSpringContextTests.run(AbstractTestNGSpringContextTests.java:180)
	at sun.reflect.GeneratedMethodAccessor20.invoke(Unknown Source)
	at sun.reflect.DelegatingMethodAccessorImpl.invoke(DelegatingMethodAccessorImpl.java:43)
	at java.lang.reflect.Method.invoke(Method.java:498)
	at org.testng.internal.MethodInvocationHelper.invokeHookable(MethodInvocationHelper.java:194)
	at org.testng.internal.Invoker.invokeMethod(Invoker.java:707)
	at org.testng.internal.Invoker.invokeTestMethod(Invoker.java:901)
	at org.testng.internal.Invoker.invokeTestMethods(Invoker.java:1231)
	at org.testng.internal.TestMethodWorker.invokeTestMethods(TestMethodWorker.java:127)
	at org.testng.internal.TestMethodWorker.run(TestMethodWorker.java:111)
	at org.testng.internal.thread.ThreadUtil$2.call(ThreadUtil.java:64)
	at java.util.concurrent.FutureTask.run(FutureTask.java:266)
	at java.util.concurrent.ThreadPoolExecutor.runWorker(ThreadPoolExecutor.java:1149)
	at java.util.concurrent.ThreadPoolExecutor$Worker.run(ThreadPoolExecutor.java:624)
	at java.lang.Thread.run(Thread.java:748)
]]>
    </error>
  </testcase> <!-- testGetProductCatalogueLoad -->
  <testcase name="testGetProductCatalogueLoad" time="0.356" classname="in.shark.online.web.test.catalogue.master.TestGetProductCatalogueApiTestNg"/>
  <testcase name="testGetProductCatalogueLoad" time="0.383" classname="in.shark.online.web.test.catalogue.master.TestGetProductCatalogueApiTestNg"/>
  <testcase name="testGetProductCatalogueLoad" time="0.404" classname="in.shark.online.web.test.catalogue.master.TestGetProductCatalogueApiTestNg"/>
  <testcase name="testGetProductCatalogueLoad" time="0.386" classname="in.shark.online.web.test.catalogue.master.TestGetProductCatalogueApiTestNg"/>
  <testcase name="testGetProductCatalogueLoad" time="0.414" classname="in.shark.online.web.test.catalogue.master.TestGetProductCatalogueApiTestNg"/>
  <testcase name="testGetProductCatalogueLoad" time="0.336" classname="in.shark.online.web.test.catalogue.master.TestGetProductCatalogueApiTestNg"/>
  <testcase name="testGetProductCatalogueLoad" time="0.372" classname="in.shark.online.web.test.catalogue.master.TestGetProductCatalogueApiTestNg"/>
  <testcase name="testGetProductCatalogueLoad" time="0.383" classname="in.shark.online.web.test.catalogue.master.TestGetProductCatalogueApiTestNg"/>
  <testcase name="testGetProductCatalogueLoad" time="0.349" classname="in.shark.online.web.test.catalogue.master.TestGetProductCatalogueApiTestNg"/>
  <testcase name="testGetProductCatalogueLoad" time="0.263" classname="in.shark.online.web.test.catalogue.master.TestGetProductCatalogueApiTestNg"/>
  <testcase name="testGetProductCatalogueLoad" time="0.386" classname="in.shark.online.web.test.catalogue.master.TestGetProductCatalogueApiTestNg"/>
  <testcase name="testGetProductCatalogueLoad" time="0.385" classname="in.shark.online.web.test.catalogue.master.TestGetProductCatalogueApiTestNg"/>
  <testcase name="testGetProductCatalogueLoad" time="0.359" classname="in.shark.online.web.test.catalogue.master.TestGetProductCatalogueApiTestNg"/>
  <testcase name="testGetProductCatalogueLoad" time="0.415" classname="in.shark.online.web.test.catalogue.master.TestGetProductCatalogueApiTestNg"/>
  <testcase name="testGetProductCatalogueLoad" time="0.683" classname="in.shark.online.web.test.catalogue.master.TestGetProductCatalogueApiTestNg">
    <error type="java.lang.AssertionError" message="Response time of GetProductCatalogue call more than: 500 expected [true] but found [false]">
      <![CDATA[java.lang.AssertionError: Response time of GetProductCatalogue call more than: 500 expected [true] but found [false]
	at org.testng.Assert.fail(Assert.java:94)
	at org.testng.Assert.failNotEquals(Assert.java:494)
	at org.testng.Assert.assertTrue(Assert.java:42)
	at in.shark.online.web.test.catalogue.master.TestGetProductCatalogueApiTestNg.testGetProductCatalogueLoad(TestGetProductCatalogueApiTestNg.java:74)
	at sun.reflect.GeneratedMethodAccessor23.invoke(Unknown Source)
	at sun.reflect.DelegatingMethodAccessorImpl.invoke(DelegatingMethodAccessorImpl.java:43)
	at java.lang.reflect.Method.invoke(Method.java:498)
	at org.testng.internal.MethodInvocationHelper.invokeMethod(MethodInvocationHelper.java:80)
	at org.testng.internal.MethodInvocationHelper$1.runTestMethod(MethodInvocationHelper.java:182)
	at org.springframework.test.context.testng.AbstractTestNGSpringContextTests.run(AbstractTestNGSpringContextTests.java:180)
	at sun.reflect.GeneratedMethodAccessor20.invoke(Unknown Source)
	at sun.reflect.DelegatingMethodAccessorImpl.invoke(DelegatingMethodAccessorImpl.java:43)
	at java.lang.reflect.Method.invoke(Method.java:498)
	at org.testng.internal.MethodInvocationHelper.invokeHookable(MethodInvocationHelper.java:194)
	at org.testng.internal.Invoker.invokeMethod(Invoker.java:707)
	at org.testng.internal.Invoker.invokeTestMethod(Invoker.java:901)
	at org.testng.internal.Invoker.invokeTestMethods(Invoker.java:1231)
	at org.testng.internal.TestMethodWorker.invokeTestMethods(TestMethodWorker.java:127)
	at org.testng.internal.TestMethodWorker.run(TestMethodWorker.java:111)
	at org.testng.internal.thread.ThreadUtil$2.call(ThreadUtil.java:64)
	at java.util.concurrent.FutureTask.run(FutureTask.java:266)
	at java.util.concurrent.ThreadPoolExecutor.runWorker(ThreadPoolExecutor.java:1149)
	at java.util.concurrent.ThreadPoolExecutor$Worker.run(ThreadPoolExecutor.java:624)
	at java.lang.Thread.run(Thread.java:748)
]]>
    </error>
  </testcase> <!-- testGetProductCatalogueLoad -->
  <testcase name="testGetProductCatalogueLoad" time="0.401" classname="in.shark.online.web.test.catalogue.master.TestGetProductCatalogueApiTestNg"/>
  <testcase name="testGetProductCatalogueLoad" time="0.586" classname="in.shark.online.web.test.catalogue.master.TestGetProductCatalogueApiTestNg">
    <error type="java.lang.AssertionError" message="Response time of GetProductCatalogue call more than: 500 expected [true] but found [false]">
      <![CDATA[java.lang.AssertionError: Response time of GetProductCatalogue call more than: 500 expected [true] but found [false]
	at org.testng.Assert.fail(Assert.java:94)
	at org.testng.Assert.failNotEquals(Assert.java:494)
	at org.testng.Assert.assertTrue(Assert.java:42)
	at in.shark.online.web.test.catalogue.master.TestGetProductCatalogueApiTestNg.testGetProductCatalogueLoad(TestGetProductCatalogueApiTestNg.java:74)
	at sun.reflect.GeneratedMethodAccessor23.invoke(Unknown Source)
	at sun.reflect.DelegatingMethodAccessorImpl.invoke(DelegatingMethodAccessorImpl.java:43)
	at java.lang.reflect.Method.invoke(Method.java:498)
	at org.testng.internal.MethodInvocationHelper.invokeMethod(MethodInvocationHelper.java:80)
	at org.testng.internal.MethodInvocationHelper$1.runTestMethod(MethodInvocationHelper.java:182)
	at org.springframework.test.context.testng.AbstractTestNGSpringContextTests.run(AbstractTestNGSpringContextTests.java:180)
	at sun.reflect.GeneratedMethodAccessor20.invoke(Unknown Source)
	at sun.reflect.DelegatingMethodAccessorImpl.invoke(DelegatingMethodAccessorImpl.java:43)
	at java.lang.reflect.Method.invoke(Method.java:498)
	at org.testng.internal.MethodInvocationHelper.invokeHookable(MethodInvocationHelper.java:194)
	at org.testng.internal.Invoker.invokeMethod(Invoker.java:707)
	at org.testng.internal.Invoker.invokeTestMethod(Invoker.java:901)
	at org.testng.internal.Invoker.invokeTestMethods(Invoker.java:1231)
	at org.testng.internal.TestMethodWorker.invokeTestMethods(TestMethodWorker.java:127)
	at org.testng.internal.TestMethodWorker.run(TestMethodWorker.java:111)
	at org.testng.internal.thread.ThreadUtil$2.call(ThreadUtil.java:64)
	at java.util.concurrent.FutureTask.run(FutureTask.java:266)
	at java.util.concurrent.ThreadPoolExecutor.runWorker(ThreadPoolExecutor.java:1149)
	at java.util.concurrent.ThreadPoolExecutor$Worker.run(ThreadPoolExecutor.java:624)
	at java.lang.Thread.run(Thread.java:748)
]]>
    </error>
  </testcase> <!-- testGetProductCatalogueLoad -->
  <testcase name="testGetProductCatalogueLoad" time="0.358" classname="in.shark.online.web.test.catalogue.master.TestGetProductCatalogueApiTestNg"/>
  <testcase name="testGetProductCatalogueLoad" time="0.407" classname="in.shark.online.web.test.catalogue.master.TestGetProductCatalogueApiTestNg"/>
  <testcase name="testGetProductCatalogueLoad" time="0.288" classname="in.shark.online.web.test.catalogue.master.TestGetProductCatalogueApiTestNg"/>
  <testcase name="testGetProductCatalogueLoad" time="0.401" classname="in.shark.online.web.test.catalogue.master.TestGetProductCatalogueApiTestNg"/>
  <testcase name="testGetProductCatalogueLoad" time="0.448" classname="in.shark.online.web.test.catalogue.master.TestGetProductCatalogueApiTestNg"/>
  <testcase name="testGetProductCatalogueLoad" time="0.257" classname="in.shark.online.web.test.catalogue.master.TestGetProductCatalogueApiTestNg"/>
  <testcase name="testGetProductCatalogueLoad" time="0.365" classname="in.shark.online.web.test.catalogue.master.TestGetProductCatalogueApiTestNg"/>
  <testcase name="testGetProductCatalogueLoad" time="0.287" classname="in.shark.online.web.test.catalogue.master.TestGetProductCatalogueApiTestNg"/>
  <testcase name="testGetProductCatalogueLoad" time="0.397" classname="in.shark.online.web.test.catalogue.master.TestGetProductCatalogueApiTestNg"/>
  <testcase name="testGetProductCatalogueLoad" time="0.385" classname="in.shark.online.web.test.catalogue.master.TestGetProductCatalogueApiTestNg"/>
  <testcase name="testGetProductCatalogueLoad" time="0.377" classname="in.shark.online.web.test.catalogue.master.TestGetProductCatalogueApiTestNg"/>
  <testcase name="testGetProductCatalogueLoad" time="0.375" classname="in.shark.online.web.test.catalogue.master.TestGetProductCatalogueApiTestNg"/>
  <testcase name="testGetProductCatalogueLoad" time="0.371" classname="in.shark.online.web.test.catalogue.master.TestGetProductCatalogueApiTestNg"/>
  <testcase name="testGetProductCatalogueLoad" time="0.285" classname="in.shark.online.web.test.catalogue.master.TestGetProductCatalogueApiTestNg"/>
  <testcase name="testGetProductCatalogueLoad" time="0.691" classname="in.shark.online.web.test.catalogue.master.TestGetProductCatalogueApiTestNg">
    <error type="java.lang.AssertionError" message="Response time of GetProductCatalogue call more than: 500 expected [true] but found [false]">
      <![CDATA[java.lang.AssertionError: Response time of GetProductCatalogue call more than: 500 expected [true] but found [false]
	at org.testng.Assert.fail(Assert.java:94)
	at org.testng.Assert.failNotEquals(Assert.java:494)
	at org.testng.Assert.assertTrue(Assert.java:42)
	at in.shark.online.web.test.catalogue.master.TestGetProductCatalogueApiTestNg.testGetProductCatalogueLoad(TestGetProductCatalogueApiTestNg.java:74)
	at sun.reflect.GeneratedMethodAccessor23.invoke(Unknown Source)
	at sun.reflect.DelegatingMethodAccessorImpl.invoke(DelegatingMethodAccessorImpl.java:43)
	at java.lang.reflect.Method.invoke(Method.java:498)
	at org.testng.internal.MethodInvocationHelper.invokeMethod(MethodInvocationHelper.java:80)
	at org.testng.internal.MethodInvocationHelper$1.runTestMethod(MethodInvocationHelper.java:182)
	at org.springframework.test.context.testng.AbstractTestNGSpringContextTests.run(AbstractTestNGSpringContextTests.java:180)
	at sun.reflect.GeneratedMethodAccessor20.invoke(Unknown Source)
	at sun.reflect.DelegatingMethodAccessorImpl.invoke(DelegatingMethodAccessorImpl.java:43)
	at java.lang.reflect.Method.invoke(Method.java:498)
	at org.testng.internal.MethodInvocationHelper.invokeHookable(MethodInvocationHelper.java:194)
	at org.testng.internal.Invoker.invokeMethod(Invoker.java:707)
	at org.testng.internal.Invoker.invokeTestMethod(Invoker.java:901)
	at org.testng.internal.Invoker.invokeTestMethods(Invoker.java:1231)
	at org.testng.internal.TestMethodWorker.invokeTestMethods(TestMethodWorker.java:127)
	at org.testng.internal.TestMethodWorker.run(TestMethodWorker.java:111)
	at org.testng.internal.thread.ThreadUtil$2.call(ThreadUtil.java:64)
	at java.util.concurrent.FutureTask.run(FutureTask.java:266)
	at java.util.concurrent.ThreadPoolExecutor.runWorker(ThreadPoolExecutor.java:1149)
	at java.util.concurrent.ThreadPoolExecutor$Worker.run(ThreadPoolExecutor.java:624)
	at java.lang.Thread.run(Thread.java:748)
]]>
    </error>
  </testcase> <!-- testGetProductCatalogueLoad -->
  <testcase name="testGetProductCatalogueLoad" time="0.309" classname="in.shark.online.web.test.catalogue.master.TestGetProductCatalogueApiTestNg"/>
  <testcase name="testGetProductCatalogueLoad" time="0.432" classname="in.shark.online.web.test.catalogue.master.TestGetProductCatalogueApiTestNg"/>
  <testcase name="testGetProductCatalogueLoad" time="0.409" classname="in.shark.online.web.test.catalogue.master.TestGetProductCatalogueApiTestNg"/>
  <testcase name="testGetProductCatalogueLoad" time="0.442" classname="in.shark.online.web.test.catalogue.master.TestGetProductCatalogueApiTestNg"/>
  <testcase name="testGetProductCatalogueLoad" time="0.356" classname="in.shark.online.web.test.catalogue.master.TestGetProductCatalogueApiTestNg"/>
  <testcase name="testGetProductCatalogueLoad" time="0.501" classname="in.shark.online.web.test.catalogue.master.TestGetProductCatalogueApiTestNg"/>
  <testcase name="testGetProductCatalogueLoad" time="0.459" classname="in.shark.online.web.test.catalogue.master.TestGetProductCatalogueApiTestNg"/>
  <testcase name="testGetProductCatalogueLoad" time="0.357" classname="in.shark.online.web.test.catalogue.master.TestGetProductCatalogueApiTestNg"/>
  <testcase name="testGetProductCatalogueLoad" time="0.416" classname="in.shark.online.web.test.catalogue.master.TestGetProductCatalogueApiTestNg"/>
  <testcase name="testGetProductCatalogueLoad" time="0.310" classname="in.shark.online.web.test.catalogue.master.TestGetProductCatalogueApiTestNg"/>
  <testcase name="testGetProductCatalogueLoad" time="0.351" classname="in.shark.online.web.test.catalogue.master.TestGetProductCatalogueApiTestNg"/>
  <testcase name="testGetProductCatalogueLoad" time="0.409" classname="in.shark.online.web.test.catalogue.master.TestGetProductCatalogueApiTestNg"/>
  <testcase name="testGetProductCatalogueLoad" time="0.447" classname="in.shark.online.web.test.catalogue.master.TestGetProductCatalogueApiTestNg"/>
  <testcase name="testGetProductCatalogueLoad" time="0.537" classname="in.shark.online.web.test.catalogue.master.TestGetProductCatalogueApiTestNg">
    <error type="java.lang.AssertionError" message="Response time of GetProductCatalogue call more than: 500 expected [true] but found [false]">
      <![CDATA[java.lang.AssertionError: Response time of GetProductCatalogue call more than: 500 expected [true] but found [false]
	at org.testng.Assert.fail(Assert.java:94)
	at org.testng.Assert.failNotEquals(Assert.java:494)
	at org.testng.Assert.assertTrue(Assert.java:42)
	at in.shark.online.web.test.catalogue.master.TestGetProductCatalogueApiTestNg.testGetProductCatalogueLoad(TestGetProductCatalogueApiTestNg.java:74)
	at sun.reflect.GeneratedMethodAccessor23.invoke(Unknown Source)
	at sun.reflect.DelegatingMethodAccessorImpl.invoke(DelegatingMethodAccessorImpl.java:43)
	at java.lang.reflect.Method.invoke(Method.java:498)
	at org.testng.internal.MethodInvocationHelper.invokeMethod(MethodInvocationHelper.java:80)
	at org.testng.internal.MethodInvocationHelper$1.runTestMethod(MethodInvocationHelper.java:182)
	at org.springframework.test.context.testng.AbstractTestNGSpringContextTests.run(AbstractTestNGSpringContextTests.java:180)
	at sun.reflect.GeneratedMethodAccessor20.invoke(Unknown Source)
	at sun.reflect.DelegatingMethodAccessorImpl.invoke(DelegatingMethodAccessorImpl.java:43)
	at java.lang.reflect.Method.invoke(Method.java:498)
	at org.testng.internal.MethodInvocationHelper.invokeHookable(MethodInvocationHelper.java:194)
	at org.testng.internal.Invoker.invokeMethod(Invoker.java:707)
	at org.testng.internal.Invoker.invokeTestMethod(Invoker.java:901)
	at org.testng.internal.Invoker.invokeTestMethods(Invoker.java:1231)
	at org.testng.internal.TestMethodWorker.invokeTestMethods(TestMethodWorker.java:127)
	at org.testng.internal.TestMethodWorker.run(TestMethodWorker.java:111)
	at org.testng.internal.thread.ThreadUtil$2.call(ThreadUtil.java:64)
	at java.util.concurrent.FutureTask.run(FutureTask.java:266)
	at java.util.concurrent.ThreadPoolExecutor.runWorker(ThreadPoolExecutor.java:1149)
	at java.util.concurrent.ThreadPoolExecutor$Worker.run(ThreadPoolExecutor.java:624)
	at java.lang.Thread.run(Thread.java:748)
]]>
    </error>
  </testcase> <!-- testGetProductCatalogueLoad -->
  <testcase name="testGetProductCatalogueLoad" time="0.377" classname="in.shark.online.web.test.catalogue.master.TestGetProductCatalogueApiTestNg"/>
  <testcase name="testGetProductCatalogueLoad" time="0.465" classname="in.shark.online.web.test.catalogue.master.TestGetProductCatalogueApiTestNg"/>
  <testcase name="testGetProductCatalogueLoad" time="0.261" classname="in.shark.online.web.test.catalogue.master.TestGetProductCatalogueApiTestNg"/>
  <testcase name="testGetProductCatalogue" time="0.160" classname="in.shark.online.web.test.catalogue.master.TestGetProductCatalogueApiTestNg"/>
  <testcase name="testGetProductCatalogueLoad" time="0.295" classname="in.shark.online.web.test.catalogue.master.TestGetProductCatalogueApiTestNg"/>
  <testcase name="testGetProductCatalogueLoad" time="0.295" classname="in.shark.online.web.test.catalogue.master.TestGetProductCatalogueApiTestNg"/>
  <testcase name="testGetProductCatalogueLoad" time="0.359" classname="in.shark.online.web.test.catalogue.master.TestGetProductCatalogueApiTestNg"/>
  <testcase name="testGetProductCatalogueLoad" time="0.415" classname="in.shark.online.web.test.catalogue.master.TestGetProductCatalogueApiTestNg"/>
  <testcase name="testGetProductCatalogueLoad" time="0.292" classname="in.shark.online.web.test.catalogue.master.TestGetProductCatalogueApiTestNg"/>
  <testcase name="testGetProductCatalogueLoad" time="0.405" classname="in.shark.online.web.test.catalogue.master.TestGetProductCatalogueApiTestNg"/>
  <testcase name="testGetProductCatalogueLoad" time="0.231" classname="in.shark.online.web.test.catalogue.master.TestGetProductCatalogueApiTestNg"/>
  <testcase name="testGetProductCatalogueLoad" time="0.737" classname="in.shark.online.web.test.catalogue.master.TestGetProductCatalogueApiTestNg">
    <error type="java.lang.AssertionError" message="Response time of GetProductCatalogue call more than: 500 expected [true] but found [false]">
      <![CDATA[java.lang.AssertionError: Response time of GetProductCatalogue call more than: 500 expected [true] but found [false]
	at org.testng.Assert.fail(Assert.java:94)
	at org.testng.Assert.failNotEquals(Assert.java:494)
	at org.testng.Assert.assertTrue(Assert.java:42)
	at in.shark.online.web.test.catalogue.master.TestGetProductCatalogueApiTestNg.testGetProductCatalogueLoad(TestGetProductCatalogueApiTestNg.java:74)
	at sun.reflect.GeneratedMethodAccessor23.invoke(Unknown Source)
	at sun.reflect.DelegatingMethodAccessorImpl.invoke(DelegatingMethodAccessorImpl.java:43)
	at java.lang.reflect.Method.invoke(Method.java:498)
	at org.testng.internal.MethodInvocationHelper.invokeMethod(MethodInvocationHelper.java:80)
	at org.testng.internal.MethodInvocationHelper$1.runTestMethod(MethodInvocationHelper.java:182)
	at org.springframework.test.context.testng.AbstractTestNGSpringContextTests.run(AbstractTestNGSpringContextTests.java:180)
	at sun.reflect.GeneratedMethodAccessor20.invoke(Unknown Source)
	at sun.reflect.DelegatingMethodAccessorImpl.invoke(DelegatingMethodAccessorImpl.java:43)
	at java.lang.reflect.Method.invoke(Method.java:498)
	at org.testng.internal.MethodInvocationHelper.invokeHookable(MethodInvocationHelper.java:194)
	at org.testng.internal.Invoker.invokeMethod(Invoker.java:707)
	at org.testng.internal.Invoker.invokeTestMethod(Invoker.java:901)
	at org.testng.internal.Invoker.invokeTestMethods(Invoker.java:1231)
	at org.testng.internal.TestMethodWorker.invokeTestMethods(TestMethodWorker.java:127)
	at org.testng.internal.TestMethodWorker.run(TestMethodWorker.java:111)
	at org.testng.internal.thread.ThreadUtil$2.call(ThreadUtil.java:64)
	at java.util.concurrent.FutureTask.run(FutureTask.java:266)
	at java.util.concurrent.ThreadPoolExecutor.runWorker(ThreadPoolExecutor.java:1149)
	at java.util.concurrent.ThreadPoolExecutor$Worker.run(ThreadPoolExecutor.java:624)
	at java.lang.Thread.run(Thread.java:748)
]]>
    </error>
  </testcase> <!-- testGetProductCatalogueLoad -->
  <testcase name="testGetProductCatalogueLoad" time="0.370" classname="in.shark.online.web.test.catalogue.master.TestGetProductCatalogueApiTestNg"/>
  <testcase name="testGetProductCatalogueLoad" time="0.400" classname="in.shark.online.web.test.catalogue.master.TestGetProductCatalogueApiTestNg"/>
  <testcase name="testGetProductCatalogueLoad" time="0.445" classname="in.shark.online.web.test.catalogue.master.TestGetProductCatalogueApiTestNg"/>
  <testcase name="testGetProductCatalogueLoad" time="0.326" classname="in.shark.online.web.test.catalogue.master.TestGetProductCatalogueApiTestNg"/>
  <testcase name="testGetProductCatalogueLoad" time="0.367" classname="in.shark.online.web.test.catalogue.master.TestGetProductCatalogueApiTestNg"/>
  <testcase name="testGetProductCatalogueLoad" time="0.501" classname="in.shark.online.web.test.catalogue.master.TestGetProductCatalogueApiTestNg">
    <error type="java.lang.AssertionError" message="Response time of GetProductCatalogue call more than: 500 expected [true] but found [false]">
      <![CDATA[java.lang.AssertionError: Response time of GetProductCatalogue call more than: 500 expected [true] but found [false]
	at org.testng.Assert.fail(Assert.java:94)
	at org.testng.Assert.failNotEquals(Assert.java:494)
	at org.testng.Assert.assertTrue(Assert.java:42)
	at in.shark.online.web.test.catalogue.master.TestGetProductCatalogueApiTestNg.testGetProductCatalogueLoad(TestGetProductCatalogueApiTestNg.java:74)
	at sun.reflect.GeneratedMethodAccessor23.invoke(Unknown Source)
	at sun.reflect.DelegatingMethodAccessorImpl.invoke(DelegatingMethodAccessorImpl.java:43)
	at java.lang.reflect.Method.invoke(Method.java:498)
	at org.testng.internal.MethodInvocationHelper.invokeMethod(MethodInvocationHelper.java:80)
	at org.testng.internal.MethodInvocationHelper$1.runTestMethod(MethodInvocationHelper.java:182)
	at org.springframework.test.context.testng.AbstractTestNGSpringContextTests.run(AbstractTestNGSpringContextTests.java:180)
	at sun.reflect.GeneratedMethodAccessor20.invoke(Unknown Source)
	at sun.reflect.DelegatingMethodAccessorImpl.invoke(DelegatingMethodAccessorImpl.java:43)
	at java.lang.reflect.Method.invoke(Method.java:498)
	at org.testng.internal.MethodInvocationHelper.invokeHookable(MethodInvocationHelper.java:194)
	at org.testng.internal.Invoker.invokeMethod(Invoker.java:707)
	at org.testng.internal.Invoker.invokeTestMethod(Invoker.java:901)
	at org.testng.internal.Invoker.invokeTestMethods(Invoker.java:1231)
	at org.testng.internal.TestMethodWorker.invokeTestMethods(TestMethodWorker.java:127)
	at org.testng.internal.TestMethodWorker.run(TestMethodWorker.java:111)
	at org.testng.internal.thread.ThreadUtil$2.call(ThreadUtil.java:64)
	at java.util.concurrent.FutureTask.run(FutureTask.java:266)
	at java.util.concurrent.ThreadPoolExecutor.runWorker(ThreadPoolExecutor.java:1149)
	at java.util.concurrent.ThreadPoolExecutor$Worker.run(ThreadPoolExecutor.java:624)
	at java.lang.Thread.run(Thread.java:748)
]]>
    </error>
  </testcase> <!-- testGetProductCatalogueLoad -->
  <testcase name="testGetProductCatalogueLoad" time="0.329" classname="in.shark.online.web.test.catalogue.master.TestGetProductCatalogueApiTestNg"/>
  <testcase name="testGetProductCatalogueLoad" time="0.473" classname="in.shark.online.web.test.catalogue.master.TestGetProductCatalogueApiTestNg"/>
  <testcase name="testGetProductCatalogueLoad" time="0.449" classname="in.shark.online.web.test.catalogue.master.TestGetProductCatalogueApiTestNg"/>
  <testcase name="testGetProductCatalogueLoad" time="0.328" classname="in.shark.online.web.test.catalogue.master.TestGetProductCatalogueApiTestNg"/>
  <testcase name="testGetProductCatalogueLoad" time="0.314" classname="in.shark.online.web.test.catalogue.master.TestGetProductCatalogueApiTestNg"/>
</testsuite> <!-- in.shark.online.web.test.catalogue.master.TestGetProductCatalogueApiTestNg -->
